        ___
       __H__
 ___ ___[)]_____ ___ ___  {1.9.8#stable}
|_ -| . [(]     | .'| . |
|___|_  [.]_|_|_|__,|  _|
      |_|V...       |_|   https://sqlmap.org

[!] legal disclaimer: Usage of sqlmap for attacking targets without prior mutual consent is illegal. It is the end user's responsibility to obey all applicable local, state and federal laws. Developers assume no liability and are not responsible for any misuse or damage caused by this program

[*] starting @ 19:35:25 /2025-11-08/

[19:35:25] [WARNING] using '/mnt/c/Users/awad/Downloads/pyarmor/auto_PenTest/web_recon_dataset/sqlmap_scan_20251108_193525' as the output directory
[19:35:25] [INFO] fetched random HTTP User-Agent header value 'Mozilla/5.0 (X11; U; Linux x86_64; en-US; rv:1.9.0.7) Gecko/2009032319 Gentoo Firefox/3.0.7' from file '/usr/share/sqlmap/data/txt/user-agents.txt'
do you want to check for the existence of site's sitemap(.xml) [y/N] N
[19:35:25] [INFO] starting crawler for target URL 'https://wealthy-heather.europe1.hackviser.space?query=FUZZ'
[19:35:25] [INFO] searching for links with depth 1
[19:35:26] [INFO] searching for links with depth 2
[19:35:26] [INFO] starting 2 threads
[19:35:27] [INFO] heuristics detected web page charset 'utf-8'
do you want to normalize crawling results [Y/n] Y
do you want to store crawling results to a temporary file for eventual further processing with other tools [y/N] N
[19:35:28] [INFO] found a total of 2 targets
[1/2] Form:
POST https://wealthy-heather.europe1.hackviser.space?query=FUZZ
POST data: query=
do you want to test this form? [Y/n/q] 
> Y
Edit POST data [default: query=] (Warning: blank fields detected): query=
do you want to fill blank fields with random values? [Y/n] Y
[19:35:28] [INFO] using '/mnt/c/Users/awad/Downloads/pyarmor/auto_PenTest/web_recon_dataset/sqlmap_scan_20251108_193525/results-11082025_0735pm.csv' as the CSV results file in multiple targets mode
[19:35:29] [INFO] checking if the target is protected by some kind of WAF/IPS
[19:35:29] [INFO] testing if the target URL content is stable
[19:35:30] [INFO] target URL content is stable
[19:35:30] [INFO] testing if POST parameter 'query' is dynamic
[19:35:30] [WARNING] POST parameter 'query' does not appear to be dynamic
[19:35:31] [WARNING] heuristic (basic) test shows that POST parameter 'query' might not be injectable
[19:35:31] [INFO] testing for SQL injection on POST parameter 'query'
[19:35:31] [INFO] testing 'AND boolean-based blind - WHERE or HAVING clause'
[19:35:32] [WARNING] reflective value(s) found and filtering out
[19:35:44] [INFO] testing 'AND boolean-based blind - WHERE or HAVING clause (subquery - comment)'
[19:35:53] [INFO] testing 'AND boolean-based blind - WHERE or HAVING clause (comment)'
[19:36:00] [INFO] testing 'MySQL RLIKE boolean-based blind - WHERE, HAVING, ORDER BY or GROUP BY clause'
[19:36:12] [INFO] testing 'PostgreSQL AND boolean-based blind - WHERE or HAVING clause (CAST)'
[19:36:23] [INFO] testing 'Oracle AND boolean-based blind - WHERE or HAVING clause (CTXSYS.DRITHSX.SN)'
[19:36:36] [INFO] testing 'SQLite AND boolean-based blind - WHERE, HAVING, GROUP BY or HAVING clause (JSON)'
[19:36:48] [INFO] testing 'Boolean-based blind - Parameter replace (original value)'
[19:36:49] [INFO] testing 'Boolean-based blind - Parameter replace (DUAL)'
[19:36:50] [INFO] testing 'Boolean-based blind - Parameter replace (CASE)'
[19:36:51] [INFO] testing 'MySQL >= 5.0 boolean-based blind - ORDER BY, GROUP BY clause'
[19:36:52] [INFO] testing 'PostgreSQL boolean-based blind - ORDER BY, GROUP BY clause'
[19:36:53] [INFO] testing 'MySQL >= 5.0 AND error-based - WHERE, HAVING, ORDER BY or GROUP BY clause (FLOOR)'
[19:36:58] [INFO] testing 'MySQL >= 5.1 AND error-based - WHERE, HAVING, ORDER BY or GROUP BY clause (EXTRACTVALUE)'
[19:37:04] [INFO] testing 'PostgreSQL AND error-based - WHERE or HAVING clause'
[19:37:10] [INFO] testing 'Microsoft SQL Server/Sybase AND error-based - WHERE or HAVING clause (IN)'
[19:37:16] [INFO] testing 'Microsoft SQL Server/Sybase AND error-based - WHERE or HAVING clause (CONVERT)'
[19:37:22] [INFO] testing 'Microsoft SQL Server/Sybase AND error-based - WHERE or HAVING clause (CONCAT)'
[19:37:28] [INFO] testing 'Oracle AND error-based - WHERE or HAVING clause (XMLType)'
[19:37:34] [INFO] testing 'Oracle AND error-based - WHERE or HAVING clause (UTL_INADDR.GET_HOST_ADDRESS)'
[19:37:40] [INFO] testing 'MySQL >= 5.1 error-based - PROCEDURE ANALYSE (EXTRACTVALUE)'
[19:37:46] [INFO] testing 'MySQL >= 5.0 error-based - Parameter replace (FLOOR)'
[19:37:46] [INFO] testing 'MySQL >= 5.1 error-based - Parameter replace (EXTRACTVALUE)'
[19:37:47] [INFO] testing 'PostgreSQL error-based - Parameter replace'
[19:37:47] [INFO] testing 'Microsoft SQL Server/Sybase error-based - Stacking (EXEC)'
[19:37:51] [INFO] testing 'Generic inline queries'
[19:37:52] [INFO] testing 'MySQL inline queries'
[19:37:52] [INFO] testing 'PostgreSQL inline queries'
[19:37:53] [INFO] testing 'Microsoft SQL Server/Sybase inline queries'
[19:37:53] [INFO] testing 'Oracle inline queries'
[19:37:54] [INFO] testing 'MySQL >= 5.0.12 stacked queries (comment)'
[19:37:58] [INFO] testing 'PostgreSQL > 8.1 stacked queries (comment)'
[19:38:03] [INFO] testing 'PostgreSQL stacked queries (heavy query - comment)'
[19:38:07] [INFO] testing 'Microsoft SQL Server/Sybase stacked queries (comment)'
[19:38:12] [INFO] testing 'Microsoft SQL Server/Sybase stacked queries (DECLARE - comment)'
[19:38:16] [INFO] testing 'Oracle stacked queries (DBMS_PIPE.RECEIVE_MESSAGE - comment)'
[19:38:20] [INFO] testing 'Oracle stacked queries (heavy query - comment)'
[19:38:25] [INFO] testing 'MySQL >= 5.0.12 AND time-based blind (query SLEEP)'
[19:38:30] [INFO] testing 'MySQL >= 5.0.12 AND time-based blind (SLEEP)'
[19:38:37] [INFO] testing 'MySQL < 5.0.12 AND time-based blind (BENCHMARK)'
[19:38:43] [INFO] testing 'MySQL >= 5.0.12 RLIKE time-based blind'
[19:38:49] [INFO] testing 'PostgreSQL > 8.1 AND time-based blind'
[19:38:56] [INFO] testing 'PostgreSQL AND time-based blind (heavy query)'
[19:39:01] [INFO] testing 'Microsoft SQL Server/Sybase time-based blind (IF)'
[19:39:08] [INFO] testing 'Microsoft SQL Server/Sybase AND time-based blind (heavy query)'
[19:39:14] [INFO] testing 'Oracle AND time-based blind'
[19:39:20] [INFO] testing 'Oracle AND time-based blind (heavy query)'
[19:39:25] [INFO] testing 'Informix AND time-based blind (heavy query)'
[19:39:31] [INFO] testing 'MySQL >= 5.0.12 time-based blind - Parameter replace'
it is recommended to perform only basic UNION tests if there is not at least one other (potential) technique found. Do you want to reduce the number of requests? [Y/n] Y
[19:39:32] [INFO] testing 'Generic UNION query (NULL) - 1 to 10 columns'
[19:39:38] [INFO] testing 'MySQL UNION query (NULL) - 1 to 10 columns'
[19:39:43] [WARNING] POST parameter 'query' does not seem to be injectable
[19:39:43] [INFO] testing if GET parameter 'query' is dynamic
[19:39:44] [WARNING] GET parameter 'query' does not appear to be dynamic
[19:39:44] [WARNING] heuristic (basic) test shows that GET parameter 'query' might not be injectable
[19:39:45] [INFO] testing for SQL injection on GET parameter 'query'
[19:39:45] [INFO] testing 'AND boolean-based blind - WHERE or HAVING clause'
[19:39:52] [INFO] testing 'AND boolean-based blind - WHERE or HAVING clause (subquery - comment)'
[19:39:57] [INFO] testing 'AND boolean-based blind - WHERE or HAVING clause (comment)'
[19:40:01] [INFO] testing 'MySQL RLIKE boolean-based blind - WHERE, HAVING, ORDER BY or GROUP BY clause'
[19:40:07] [INFO] testing 'PostgreSQL AND boolean-based blind - WHERE or HAVING clause (CAST)'
[19:40:14] [INFO] testing 'Oracle AND boolean-based blind - WHERE or HAVING clause (CTXSYS.DRITHSX.SN)'
[19:40:20] [INFO] testing 'SQLite AND boolean-based blind - WHERE, HAVING, GROUP BY or HAVING clause (JSON)'
[19:40:27] [INFO] testing 'Boolean-based blind - Parameter replace (original value)'
[19:40:27] [INFO] testing 'Boolean-based blind - Parameter replace (DUAL)'
[19:40:28] [INFO] testing 'Boolean-based blind - Parameter replace (CASE)'
[19:40:28] [INFO] testing 'MySQL >= 5.0 boolean-based blind - ORDER BY, GROUP BY clause'
[19:40:29] [INFO] testing 'PostgreSQL boolean-based blind - ORDER BY, GROUP BY clause'
[19:40:29] [INFO] testing 'MySQL >= 5.0 AND error-based - WHERE, HAVING, ORDER BY or GROUP BY clause (FLOOR)'
[19:40:36] [INFO] testing 'MySQL >= 5.1 AND error-based - WHERE, HAVING, ORDER BY or GROUP BY clause (EXTRACTVALUE)'
[19:40:42] [INFO] testing 'PostgreSQL AND error-based - WHERE or HAVING clause'
[19:40:49] [INFO] testing 'Microsoft SQL Server/Sybase AND error-based - WHERE or HAVING clause (IN)'
[19:40:55] [INFO] testing 'Microsoft SQL Server/Sybase AND error-based - WHERE or HAVING clause (CONVERT)'
[19:41:02] [INFO] testing 'Microsoft SQL Server/Sybase AND error-based - WHERE or HAVING clause (CONCAT)'
[19:41:09] [INFO] testing 'Oracle AND error-based - WHERE or HAVING clause (XMLType)'
[19:41:16] [INFO] testing 'Oracle AND error-based - WHERE or HAVING clause (UTL_INADDR.GET_HOST_ADDRESS)'
[19:41:23] [INFO] testing 'MySQL >= 5.1 error-based - PROCEDURE ANALYSE (EXTRACTVALUE)'
[19:41:29] [INFO] testing 'MySQL >= 5.0 error-based - Parameter replace (FLOOR)'
[19:41:29] [INFO] testing 'MySQL >= 5.1 error-based - Parameter replace (EXTRACTVALUE)'
[19:41:30] [INFO] testing 'PostgreSQL error-based - Parameter replace'
[19:41:31] [INFO] testing 'Microsoft SQL Server/Sybase error-based - Stacking (EXEC)'
[19:41:35] [INFO] testing 'Generic inline queries'
[19:41:36] [INFO] testing 'MySQL inline queries'
[19:41:37] [INFO] testing 'PostgreSQL inline queries'
[19:41:37] [INFO] testing 'Microsoft SQL Server/Sybase inline queries'
[19:41:38] [INFO] testing 'Oracle inline queries'
[19:41:38] [INFO] testing 'MySQL >= 5.0.12 stacked queries (comment)'
[19:41:43] [INFO] testing 'PostgreSQL > 8.1 stacked queries (comment)'
[19:41:48] [INFO] testing 'PostgreSQL stacked queries (heavy query - comment)'
[19:41:53] [INFO] testing 'Microsoft SQL Server/Sybase stacked queries (comment)'
[19:41:58] [INFO] testing 'Microsoft SQL Server/Sybase stacked queries (DECLARE - comment)'
[19:42:03] [INFO] testing 'Oracle stacked queries (DBMS_PIPE.RECEIVE_MESSAGE - comment)'
[19:42:10] [INFO] testing 'Oracle stacked queries (heavy query - comment)'
[19:42:15] [INFO] testing 'MySQL >= 5.0.12 AND time-based blind (query SLEEP)'
[19:42:21] [INFO] testing 'MySQL >= 5.0.12 AND time-based blind (SLEEP)'
[19:42:28] [INFO] testing 'MySQL < 5.0.12 AND time-based blind (BENCHMARK)'
[19:42:34] [INFO] testing 'MySQL >= 5.0.12 RLIKE time-based blind'
[19:42:41] [INFO] testing 'PostgreSQL > 8.1 AND time-based blind'
[19:42:48] [INFO] testing 'PostgreSQL AND time-based blind (heavy query)'
[19:42:55] [INFO] testing 'Microsoft SQL Server/Sybase time-based blind (IF)'
[19:43:01] [INFO] testing 'Microsoft SQL Server/Sybase AND time-based blind (heavy query)'
[19:43:08] [INFO] testing 'Oracle AND time-based blind'
[19:43:15] [INFO] testing 'Oracle AND time-based blind (heavy query)'
[19:43:21] [INFO] testing 'Informix AND time-based blind (heavy query)'
[19:43:28] [INFO] testing 'MySQL >= 5.0.12 time-based blind - Parameter replace'
[19:43:28] [INFO] testing 'Generic UNION query (NULL) - 1 to 10 columns'
[19:43:42] [INFO] testing 'MySQL UNION query (NULL) - 1 to 10 columns'
[19:43:55] [WARNING] GET parameter 'query' does not seem to be injectable
[19:43:55] [ERROR] all tested parameters do not appear to be injectable. Try to increase values for '--level'/'--risk' options if you wish to perform more tests. If you suspect that there is some kind of protection mechanism involved (e.g. WAF) maybe you could try to use option '--tamper' (e.g. '--tamper=space2comment'), skipping to the next target
[19:43:55] [INFO] skipping 'https://wealthy-heather.europe1.hackviser.space?query=FUZZ'
[19:43:55] [INFO] you can find results of scanning in multiple targets mode inside the CSV file '/mnt/c/Users/awad/Downloads/pyarmor/auto_PenTest/web_recon_dataset/sqlmap_scan_20251108_193525/results-11082025_0735pm.csv'

[*] ending @ 19:43:55 /2025-11-08/

