[+] Loaded 41 RCE payloads from C:\Users\awad\Downloads\pyarmor\auto_PenTest\Data\Payloads\rce_payloads.json
[*] Dataset dir: Data
[*] Vuln dataset: Data\Datasets\vulnerability_ml_dataset.csv

============================================================
CHECKING VULNERABILITIES FOR: https://0a26000703f56cbc80de94cc009b0085.web-security-academy.net/
============================================================
[*] Scan ID: 20260311_002635
[*] Results: Data\vuln_scan_20260311_002635
[+] Connected: 200

============================================================
  PHASE 1: PARAMETER EXTRACTION
============================================================

[+] EXTRACTING PARAMETERS: https://0a26000703f56cbc80de94cc009b0085.web-security-academy.net/
    [*] Found: 20 targets (20 GET, 0 POST)
[+] xss_parameters.txt: 7 entries (added 0 new)
[+] sqli_parameters.txt: 7 entries (added 0 new)
[+] rce_parameters.txt: 7 entries (added 0 new)
[+] Merged 1 POST target(s) from rce_parameters.txt

============================================================
  PHASE 2: BUILT-IN VULNERABILITY CHECKS
============================================================

[+] SECURITY HEADERS CHECK
    [!] Missing 6 security headers:
        - Content-Security-Policy (Prevents XSS and data injection)
        - Strict-Transport-Security (Forces HTTPS connections)
        - X-Content-Type-Options (Prevents MIME-type sniffing)
        - X-XSS-Protection (Browser XSS filter)
        - Referrer-Policy (Controls referrer info)
        - Permissions-Policy (Controls browser features)
    [!] Insecure cookie 'session': missing HttpOnly flag

[+] BUILT-IN SQL INJECTION CHECK
    [GET] Queuing tests for param: productId → https://0a26000703f56cbc80de94cc009b0085.web-security-academy.net/product
    [GET] Queuing tests for param: productId → https://0a26000703f56cbc80de94cc009b0085.web-security-academy.net/product
    [GET] Queuing tests for param: productId → https://0a26000703f56cbc80de94cc009b0085.web-security-academy.net/product
    [GET] Queuing tests for param: productId → https://0a26000703f56cbc80de94cc009b0085.web-security-academy.net/product
    [GET] Queuing tests for param: productId → https://0a26000703f56cbc80de94cc009b0085.web-security-academy.net/product
    [GET] Queuing tests for param: productId → https://0a26000703f56cbc80de94cc009b0085.web-security-academy.net/product
    [GET] Queuing tests for param: productId → https://0a26000703f56cbc80de94cc009b0085.web-security-academy.net/product
    [GET] Queuing tests for param: productId → https://0a26000703f56cbc80de94cc009b0085.web-security-academy.net/product
    [GET] Queuing tests for param: productId → https://0a26000703f56cbc80de94cc009b0085.web-security-academy.net/product
    [GET] Queuing tests for param: productId → https://0a26000703f56cbc80de94cc009b0085.web-security-academy.net/product
    [GET] Queuing tests for param: productId → https://0a26000703f56cbc80de94cc009b0085.web-security-academy.net/product
    [GET] Queuing tests for param: productId → https://0a26000703f56cbc80de94cc009b0085.web-security-academy.net/product
    [GET] Queuing tests for param: productId → https://0a26000703f56cbc80de94cc009b0085.web-security-academy.net/product
    [GET] Queuing tests for param: productId → https://0a26000703f56cbc80de94cc009b0085.web-security-academy.net/product
    [GET] Queuing tests for param: productId → https://0a26000703f56cbc80de94cc009b0085.web-security-academy.net/product
    [GET] Queuing tests for param: productId → https://0a26000703f56cbc80de94cc009b0085.web-security-academy.net/product
    [GET] Queuing tests for param: productId → https://0a26000703f56cbc80de94cc009b0085.web-security-academy.net/product
    [GET] Queuing tests for param: productId → https://0a26000703f56cbc80de94cc009b0085.web-security-academy.net/product
    [GET] Queuing tests for param: productId → https://0a26000703f56cbc80de94cc009b0085.web-security-academy.net/product
    [GET] Queuing tests for param: productId → https://0a26000703f56cbc80de94cc009b0085.web-security-academy.net/product
    [*] Refreshed CSRF token 'csrf'
    [POST] Queuing tests for param: username → https://0a26000703f56cbc80de94cc009b0085.web-security-academy.net/login
    [POST] Queuing tests for param: password → https://0a26000703f56cbc80de94cc009b0085.web-security-academy.net/login
        [?] Possible SQLi (Size Diff): username (boolean-based (AND false)) — size diff 7409b
        [?] Possible SQLi (Size Diff): username (boolean-based (OR tautology comment)) — size diff 7409b
        [?] Possible SQLi (Size Diff): username (boolean-based (OR tautology)) — size diff 7409b
        [?] Possible SQLi (Size Diff): username (boolean-based (numeric OR)) — size diff 7409b
        [?] Possible SQLi (Size Diff): username (boolean-based (AND tautology)) — size diff 7409b
        [?] Possible SQLi (Size Diff): username (boolean-based (double quote OR)) — size diff 7409b
        [?] Possible SQLi (Size Diff): password (boolean-based (OR tautology)) — size diff 7409b
        [?] Possible SQLi (Size Diff): password (boolean-based (double quote OR)) — size diff 7409b
        [?] Possible SQLi (Size Diff): password (boolean-based (numeric OR)) — size diff 7409b
        [?] Possible SQLi (Size Diff): password (boolean-based (AND false)) — size diff 7409b
        [?] Possible SQLi (Size Diff): password (boolean-based (OR tautology comment)) — size diff 7409b
        [?] Possible SQLi (Size Diff): password (boolean-based (AND tautology)) — size diff 7409b
    [*] Tested 462 payloads → 2 SQLi finding(s)

============================================================
  PHASE: NATIVE XSS SCANNING (xsstrike)
============================================================

[+] CSP BYPASS SCANNER
    [*] Testing 23 parameter(s) for CSP injection

[+] REFLECTED XSS CHECK
    [*] Tested 483 payloads → 0 Reflected XSS finding(s)

[+] CONTEXT-AWARE REFLECTED XSS CHECK
    [*] Context-aware scan complete → 0 finding(s)

[+] STORED XSS SCANNER
    Target: https://0a26000703f56cbc80de94cc009b0085.web-security-academy.net/
    [*] Found 1 unique POST form(s) with testable params
    [*] Discovered 15 paths for decoupled verification

    [*] Testing form: POST https://0a26000703f56cbc80de94cc009b0085.web-security-academy.net/login
        All fields: ['csrf', 'username', 'password']
        Testable: ['username', 'password']

    [*] Performing decoupled verification across 16 known paths...

    ==================================================
    [STORED XSS RESULTS]  Confirmed=0  Potential=0
    ==================================================

[+] STORED XSS — ANCHOR HREF BYPASS SCAN

[+] STORED XSS SCANNER
    Target: https://0a26000703f56cbc80de94cc009b0085.web-security-academy.net/
    [*] Found 1 unique POST form(s) with testable params
    [*] Discovered 15 paths for decoupled verification

    [*] Testing form: POST https://0a26000703f56cbc80de94cc009b0085.web-security-academy.net/login
        All fields: ['csrf', 'username', 'password']
        Testable: ['username', 'password']

    [*] Performing decoupled verification across 16 known paths...

    ==================================================
    [STORED XSS RESULTS]  Confirmed=0  Potential=0
    ==================================================

[+] STORED XSS — ONCLICK BYPASS SCAN

[+] STORED XSS SCANNER
    Target: https://0a26000703f56cbc80de94cc009b0085.web-security-academy.net/
