        ___
       __H__
 ___ ___[.]_____ ___ ___  {1.9.11#stable}
|_ -| . [)]     | .'| . |
|___|_  [(]_|_|_|__,|  _|
      |_|V...       |_|   https://sqlmap.org

[!] legal disclaimer: Usage of sqlmap for attacking targets without prior mutual consent is illegal. It is the end user's responsibility to obey all applicable local, state and federal laws. Developers assume no liability and are not responsible for any misuse or damage caused by this program

[*] starting @ 23:30:56 /2026-03-03/

[23:30:56] [INFO] fetched random HTTP User-Agent header value 'Mozilla/5.0 (Windows NT 10.0; Win64; x64) AppleWebKit/537.36 (KHTML, like Gecko) Chrome/139.0.0.0 Safari/537.36 AVG/139.0.0.0' from file '/usr/share/sqlmap/data/txt/user-agents.txt'
[23:30:56] [INFO] parsing multiple targets list from 'sqli_parameters.txt'
[23:30:56] [INFO] starting crawler for target URL 'https://riyadhgreen.sa/Home/SendForm?Email=FUZZ' (1/7)
do you want to check for the existence of site's sitemap(.xml) [y/N] N
[23:30:56] [INFO] starting 2 threads
[23:30:56] [INFO] heuristics detected web page charset 'utf-8'
[23:30:57] [WARNING] potential CAPTCHA protection mechanism detected
do you want to normalize crawling results [Y/n] Y
do you want to store crawling results to a temporary file for eventual further processing with other tools [y/N] N
[23:30:57] [INFO] found a total of 2 targets
[1/2] Form:
POST https://riyadhgreen.sa/Home/SendForm
POST data: lang=ar&Email=&Name=&Subject=&Message=&CaptchaInput=&__RequestVerificationToken=CfDJ8KGvccBxkMVPs6_I0Fbu22hRxuPluzvjgHCH_hORrP9-nYskiyizfoya-Arw8SV2dGY1-h-6fjXBn9a8zcgiatFGaYPdIOalCspUXDbMjbpmxZACth_MiH9Aw6Bk4nLbuXgZ-x88A3ZlzFL4LEI9YfA
do you want to test this form? [Y/n/q] 
> Y
Edit POST data [default: lang=ar&Email=&Name=&Subject=&Message=&CaptchaInput=&__RequestVerificationToken=CfDJ8KGvccBxkMVPs6_I0Fbu22hRxuPluzvjgHCH_hORrP9-nYskiyizfoya-Arw8SV2dGY1-h-6fjXBn9a8zcgiatFGaYPdIOalCspUXDbMjbpmxZACth_MiH9Aw6Bk4nLbuXgZ-x88A3ZlzFL4LEI9YfA] (Warning: blank fields detected): lang=ar&Email=&Name=&Subject=&Message=&CaptchaInput=&__RequestVerificationToken=CfDJ8KGvccBxkMVPs6_I0Fbu22hRxuPluzvjgHCH_hORrP9-nYskiyizfoya-Arw8SV2dGY1-h-6fjXBn9a8zcgiatFGaYPdIOalCspUXDbMjbpmxZACth_MiH9Aw6Bk4nLbuXgZ-x88A3ZlzFL4LEI9YfA
do you want to fill blank fields with random values? [Y/n] Y
POST parameter '__RequestVerificationToken' appears to hold anti-CSRF token. Do you want sqlmap to automatically update it in further requests? [y/N] N
[23:30:57] [INFO] using '/home/awad/.local/share/sqlmap/output/results-03032026_1130pm.csv' as the CSV results file in multiple targets mode
[23:30:58] [INFO] heuristics detected web page charset 'utf-8'
[23:30:58] [WARNING] the web server responded with an HTTP error code (500) which could interfere with the results of the tests
[23:30:58] [INFO] checking if the target is protected by some kind of WAF/IPS
[23:30:58] [INFO] testing if the target URL content is stable
[23:30:59] [INFO] target URL content is stable
[23:30:59] [INFO] testing if POST parameter 'lang' is dynamic
[23:30:59] [WARNING] POST parameter 'lang' does not appear to be dynamic
[23:31:00] [WARNING] heuristic (basic) test shows that POST parameter 'lang' might not be injectable
[23:31:01] [INFO] skipping POST parameter 'lang'
[23:31:01] [INFO] testing if POST parameter 'Email' is dynamic
[23:31:01] [WARNING] POST parameter 'Email' does not appear to be dynamic
[23:31:02] [WARNING] heuristic (basic) test shows that POST parameter 'Email' might not be injectable
[23:31:02] [INFO] skipping POST parameter 'Email'
[23:31:02] [INFO] testing if POST parameter 'Name' is dynamic
[23:31:03] [WARNING] POST parameter 'Name' does not appear to be dynamic
[23:31:03] [WARNING] heuristic (basic) test shows that POST parameter 'Name' might not be injectable
[23:31:03] [INFO] skipping POST parameter 'Name'
[23:31:03] [INFO] testing if POST parameter 'Subject' is dynamic
[23:31:04] [WARNING] POST parameter 'Subject' does not appear to be dynamic
[23:31:04] [WARNING] heuristic (basic) test shows that POST parameter 'Subject' might not be injectable
[23:31:04] [INFO] skipping POST parameter 'Subject'
[23:31:04] [INFO] testing if POST parameter 'Message' is dynamic
[23:31:05] [WARNING] POST parameter 'Message' does not appear to be dynamic
[23:31:05] [WARNING] heuristic (basic) test shows that POST parameter 'Message' might not be injectable
[23:31:06] [INFO] skipping POST parameter 'Message'
[23:31:06] [INFO] testing if POST parameter 'CaptchaInput' is dynamic
[23:31:07] [WARNING] POST parameter 'CaptchaInput' does not appear to be dynamic
[23:31:07] [WARNING] heuristic (basic) test shows that POST parameter 'CaptchaInput' might not be injectable
[23:31:08] [INFO] skipping POST parameter 'CaptchaInput'
[23:31:08] [INFO] ignoring POST parameter '__RequestVerificationToken'
[23:31:08] [ERROR] all tested parameters do not appear to be injectable. Try to increase values for '--level'/'--risk' options if you wish to perform more tests. If you suspect that there is some kind of protection mechanism involved (e.g. WAF) maybe you could try to use option '--tamper' (e.g. '--tamper=space2comment'), skipping to the next target
[23:31:08] [WARNING] HTTP error codes detected during run:
500 (Internal Server Error) - 21 times
[2/2] URL:
GET https://riyadhgreen.sa/Home/SendForm?Email=FUZZ
do you want to test this URL? [Y/n/q]
> Y
[23:31:08] [INFO] testing URL 'https://riyadhgreen.sa/Home/SendForm?Email=FUZZ'
[23:31:08] [INFO] heuristics detected web page charset 'utf-8'
[23:31:08] [WARNING] the web server responded with an HTTP error code (500) which could interfere with the results of the tests
[23:31:08] [INFO] checking if the target is protected by some kind of WAF/IPS
[23:31:09] [INFO] testing if the target URL content is stable
[23:31:09] [INFO] target URL content is stable
[23:31:09] [INFO] testing if GET parameter 'Email' is dynamic
[23:31:10] [WARNING] GET parameter 'Email' does not appear to be dynamic
[23:31:10] [WARNING] heuristic (basic) test shows that GET parameter 'Email' might not be injectable
[23:31:11] [INFO] skipping GET parameter 'Email'
[23:31:11] [ERROR] all tested parameters do not appear to be injectable. Try to increase values for '--level'/'--risk' options if you wish to perform more tests. If you suspect that there is some kind of protection mechanism involved (e.g. WAF) maybe you could try to use option '--tamper' (e.g. '--tamper=space2comment'), skipping to the next target
[23:31:11] [WARNING] HTTP error codes detected during run:
500 (Internal Server Error) - 6 times
[23:31:11] [INFO] you can find results of scanning in multiple targets mode inside the CSV file '/home/awad/.local/share/sqlmap/output/results-03032026_1130pm.csv'
[23:31:11] [INFO] starting crawler for target URL 'https://riyadhgreen.sa/Home/SendForm?__RequestVerificationToken=FUZZ' (2/7)
[23:31:11] [INFO] starting 2 threads
[23:31:12] [WARNING] potential CAPTCHA protection mechanism detected
[23:31:12] [INFO] found a total of 2 targets
[1/2] Form:
POST https://riyadhgreen.sa/Home/SendForm
POST data: lang=ar&Email=&Name=&Subject=&Message=&CaptchaInput=&__RequestVerificationToken=CfDJ8KGvccBxkMVPs6_I0Fbu22hHHY-0baIEek6mCc18ubya5pLzGwMd90URDVyID1fb3-RszX6kql8biHPIUfue-EByA0k9bCtj4JNRVXpe9sNmUPJKE8Ri42vBHXzxPRuj2I18Rfm6Aso74pFw-n8ao78
do you want to test this form? [Y/n/q] 
> Y
Edit POST data [default: lang=ar&Email=&Name=&Subject=&Message=&CaptchaInput=&__RequestVerificationToken=CfDJ8KGvccBxkMVPs6_I0Fbu22hHHY-0baIEek6mCc18ubya5pLzGwMd90URDVyID1fb3-RszX6kql8biHPIUfue-EByA0k9bCtj4JNRVXpe9sNmUPJKE8Ri42vBHXzxPRuj2I18Rfm6Aso74pFw-n8ao78] (Warning: blank fields detected): lang=ar&Email=&Name=&Subject=&Message=&CaptchaInput=&__RequestVerificationToken=CfDJ8KGvccBxkMVPs6_I0Fbu22hHHY-0baIEek6mCc18ubya5pLzGwMd90URDVyID1fb3-RszX6kql8biHPIUfue-EByA0k9bCtj4JNRVXpe9sNmUPJKE8Ri42vBHXzxPRuj2I18Rfm6Aso74pFw-n8ao78
do you want to fill blank fields with random values? [Y/n] Y
POST parameter '__RequestVerificationToken' appears to hold anti-CSRF token. Do you want sqlmap to automatically update it in further requests? [y/N] N
[23:31:12] [INFO] heuristics detected web page charset 'utf-8'
[23:31:13] [WARNING] the web server responded with an HTTP error code (500) which could interfere with the results of the tests
[23:31:13] [INFO] testing if the target URL content is stable
[23:31:13] [INFO] target URL content is stable
[23:31:13] [INFO] skipping previously processed POST parameter 'lang'
[23:31:13] [INFO] skipping previously processed POST parameter 'Email'
[23:31:13] [INFO] skipping previously processed POST parameter 'Name'
[23:31:13] [INFO] skipping previously processed POST parameter 'Subject'
[23:31:13] [INFO] skipping previously processed POST parameter 'Message'
[23:31:13] [INFO] skipping previously processed POST parameter 'CaptchaInput'
[23:31:13] [INFO] skipping previously processed POST parameter '__RequestVerificationToken'
[23:31:13] [ERROR] all tested parameters do not appear to be injectable. Try to increase values for '--level'/'--risk' options if you wish to perform more tests. If you suspect that there is some kind of protection mechanism involved (e.g. WAF) maybe you could try to use option '--tamper' (e.g. '--tamper=space2comment'), skipping to the next target
[23:31:13] [WARNING] HTTP error codes detected during run:
500 (Internal Server Error) - 2 times
[2/2] URL:
GET https://riyadhgreen.sa/Home/SendForm?__RequestVerificationToken=FUZZ
do you want to test this URL? [Y/n/q]
> Y
[23:31:13] [INFO] testing URL 'https://riyadhgreen.sa/Home/SendForm?__RequestVerificationToken=FUZZ'
GET parameter '__RequestVerificationToken' appears to hold anti-CSRF token. Do you want sqlmap to automatically update it in further requests? [y/N] N
[23:31:14] [INFO] heuristics detected web page charset 'utf-8'
[23:31:14] [WARNING] the web server responded with an HTTP error code (500) which could interfere with the results of the tests
[23:31:14] [INFO] testing if the target URL content is stable
[23:31:14] [INFO] target URL content is stable
[23:31:14] [INFO] ignoring GET parameter '__RequestVerificationToken'
[23:31:14] [ERROR] all tested parameters do not appear to be injectable. Try to increase values for '--level'/'--risk' options if you wish to perform more tests. If you suspect that there is some kind of protection mechanism involved (e.g. WAF) maybe you could try to use option '--tamper' (e.g. '--tamper=space2comment'), skipping to the next target
[23:31:14] [WARNING] HTTP error codes detected during run:
500 (Internal Server Error) - 2 times
[23:31:14] [INFO] you can find results of scanning in multiple targets mode inside the CSV file '/home/awad/.local/share/sqlmap/output/results-03032026_1130pm.csv'
[23:31:14] [INFO] starting crawler for target URL 'https://riyadhgreen.sa/Home/SendForm?CaptchaInput=FUZZ' (3/7)
[23:31:14] [INFO] starting 2 threads
[23:31:16] [WARNING] potential CAPTCHA protection mechanism detected
[23:31:16] [INFO] found a total of 2 targets
[1/2] Form:
POST https://riyadhgreen.sa/Home/SendForm
POST data: lang=ar&Email=&Name=&Subject=&Message=&CaptchaInput=&__RequestVerificationToken=CfDJ8KGvccBxkMVPs6_I0Fbu22ipUB8S5yWL2jb5KFuwSSszAEv9Ebh0ZkMsukRnKvq8Dj9HNVzjvHsDTI9ORNXtI_mbVGhg1tHSzn7oYO7mNHsfPMibzz24IcqAyFfHlpYb0HYXZUrLUmFfJrRqVQD7_9k
do you want to test this form? [Y/n/q] 
> Y
Edit POST data [default: lang=ar&Email=&Name=&Subject=&Message=&CaptchaInput=&__RequestVerificationToken=CfDJ8KGvccBxkMVPs6_I0Fbu22ipUB8S5yWL2jb5KFuwSSszAEv9Ebh0ZkMsukRnKvq8Dj9HNVzjvHsDTI9ORNXtI_mbVGhg1tHSzn7oYO7mNHsfPMibzz24IcqAyFfHlpYb0HYXZUrLUmFfJrRqVQD7_9k] (Warning: blank fields detected): lang=ar&Email=&Name=&Subject=&Message=&CaptchaInput=&__RequestVerificationToken=CfDJ8KGvccBxkMVPs6_I0Fbu22ipUB8S5yWL2jb5KFuwSSszAEv9Ebh0ZkMsukRnKvq8Dj9HNVzjvHsDTI9ORNXtI_mbVGhg1tHSzn7oYO7mNHsfPMibzz24IcqAyFfHlpYb0HYXZUrLUmFfJrRqVQD7_9k
do you want to fill blank fields with random values? [Y/n] Y
POST parameter '__RequestVerificationToken' appears to hold anti-CSRF token. Do you want sqlmap to automatically update it in further requests? [y/N] N
[23:31:16] [INFO] heuristics detected web page charset 'utf-8'
[23:31:16] [WARNING] the web server responded with an HTTP error code (500) which could interfere with the results of the tests
[23:31:16] [INFO] testing if the target URL content is stable
[23:31:17] [INFO] target URL content is stable
[23:31:17] [INFO] skipping previously processed POST parameter 'lang'
[23:31:17] [INFO] skipping previously processed POST parameter 'Email'
[23:31:17] [INFO] skipping previously processed POST parameter 'Name'
[23:31:17] [INFO] skipping previously processed POST parameter 'Subject'
[23:31:17] [INFO] skipping previously processed POST parameter 'Message'
[23:31:17] [INFO] skipping previously processed POST parameter 'CaptchaInput'
[23:31:17] [INFO] skipping previously processed POST parameter '__RequestVerificationToken'
[23:31:17] [ERROR] all tested parameters do not appear to be injectable. Try to increase values for '--level'/'--risk' options if you wish to perform more tests. If you suspect that there is some kind of protection mechanism involved (e.g. WAF) maybe you could try to use option '--tamper' (e.g. '--tamper=space2comment'), skipping to the next target
[23:31:17] [WARNING] HTTP error codes detected during run:
500 (Internal Server Error) - 2 times
[2/2] URL:
GET https://riyadhgreen.sa/Home/SendForm?CaptchaInput=FUZZ
do you want to test this URL? [Y/n/q]
> Y
[23:31:17] [INFO] testing URL 'https://riyadhgreen.sa/Home/SendForm?CaptchaInput=FUZZ'
[23:31:17] [INFO] heuristics detected web page charset 'utf-8'
[23:31:17] [WARNING] the web server responded with an HTTP error code (500) which could interfere with the results of the tests
[23:31:17] [INFO] testing if the target URL content is stable
[23:31:18] [INFO] target URL content is stable
[23:31:18] [INFO] testing if GET parameter 'CaptchaInput' is dynamic
[23:31:18] [WARNING] GET parameter 'CaptchaInput' does not appear to be dynamic
[23:31:19] [WARNING] heuristic (basic) test shows that GET parameter 'CaptchaInput' might not be injectable
[23:31:20] [INFO] skipping GET parameter 'CaptchaInput'
[23:31:20] [ERROR] all tested parameters do not appear to be injectable. Try to increase values for '--level'/'--risk' options if you wish to perform more tests. If you suspect that there is some kind of protection mechanism involved (e.g. WAF) maybe you could try to use option '--tamper' (e.g. '--tamper=space2comment'), skipping to the next target
[23:31:20] [WARNING] HTTP error codes detected during run:
500 (Internal Server Error) - 5 times
[23:31:20] [INFO] you can find results of scanning in multiple targets mode inside the CSV file '/home/awad/.local/share/sqlmap/output/results-03032026_1130pm.csv'
[23:31:20] [INFO] starting crawler for target URL 'https://riyadhgreen.sa/Home/SendForm?Name=FUZZ' (4/7)
[23:31:20] [INFO] starting 2 threads
[23:31:20] [WARNING] potential CAPTCHA protection mechanism detected
[23:31:21] [INFO] found a total of 2 targets
[1/2] Form:
POST https://riyadhgreen.sa/Home/SendForm
POST data: lang=ar&Email=&Name=&Subject=&Message=&CaptchaInput=&__RequestVerificationToken=CfDJ8KGvccBxkMVPs6_I0Fbu22gTmb_MRZ3V_o7PFs6tkw5wGzhsyJvpkmcHZElNKjgD59gq_p5RNq4JcRC7edUZdcn5CwfhOIbSS8x_ovrcyLcIKEimVqGHJenbUNTQH_iNExeH-B1XadK0-9-yoDasHCM
do you want to test this form? [Y/n/q] 
> Y
Edit POST data [default: lang=ar&Email=&Name=&Subject=&Message=&CaptchaInput=&__RequestVerificationToken=CfDJ8KGvccBxkMVPs6_I0Fbu22gTmb_MRZ3V_o7PFs6tkw5wGzhsyJvpkmcHZElNKjgD59gq_p5RNq4JcRC7edUZdcn5CwfhOIbSS8x_ovrcyLcIKEimVqGHJenbUNTQH_iNExeH-B1XadK0-9-yoDasHCM] (Warning: blank fields detected): lang=ar&Email=&Name=&Subject=&Message=&CaptchaInput=&__RequestVerificationToken=CfDJ8KGvccBxkMVPs6_I0Fbu22gTmb_MRZ3V_o7PFs6tkw5wGzhsyJvpkmcHZElNKjgD59gq_p5RNq4JcRC7edUZdcn5CwfhOIbSS8x_ovrcyLcIKEimVqGHJenbUNTQH_iNExeH-B1XadK0-9-yoDasHCM
do you want to fill blank fields with random values? [Y/n] Y
POST parameter '__RequestVerificationToken' appears to hold anti-CSRF token. Do you want sqlmap to automatically update it in further requests? [y/N] N
[23:31:21] [INFO] heuristics detected web page charset 'utf-8'
[23:31:21] [WARNING] the web server responded with an HTTP error code (500) which could interfere with the results of the tests
[23:31:21] [INFO] testing if the target URL content is stable
[23:31:22] [INFO] target URL content is stable
[23:31:22] [INFO] skipping previously processed POST parameter 'lang'
[23:31:22] [INFO] skipping previously processed POST parameter 'Email'
[23:31:22] [INFO] skipping previously processed POST parameter 'Name'
[23:31:22] [INFO] skipping previously processed POST parameter 'Subject'
[23:31:22] [INFO] skipping previously processed POST parameter 'Message'
[23:31:22] [INFO] skipping previously processed POST parameter 'CaptchaInput'
[23:31:22] [INFO] skipping previously processed POST parameter '__RequestVerificationToken'
[23:31:22] [ERROR] all tested parameters do not appear to be injectable. Try to increase values for '--level'/'--risk' options if you wish to perform more tests. If you suspect that there is some kind of protection mechanism involved (e.g. WAF) maybe you could try to use option '--tamper' (e.g. '--tamper=space2comment'), skipping to the next target
[23:31:22] [WARNING] HTTP error codes detected during run:
500 (Internal Server Error) - 2 times
[2/2] URL:
GET https://riyadhgreen.sa/Home/SendForm?Name=FUZZ
do you want to test this URL? [Y/n/q]
> Y
[23:31:22] [INFO] testing URL 'https://riyadhgreen.sa/Home/SendForm?Name=FUZZ'
[23:31:22] [INFO] heuristics detected web page charset 'utf-8'
[23:31:23] [WARNING] the web server responded with an HTTP error code (500) which could interfere with the results of the tests
[23:31:23] [INFO] testing if the target URL content is stable
[23:31:23] [INFO] target URL content is stable
[23:31:23] [INFO] testing if GET parameter 'Name' is dynamic
[23:31:23] [WARNING] GET parameter 'Name' does not appear to be dynamic
[23:31:24] [WARNING] heuristic (basic) test shows that GET parameter 'Name' might not be injectable
[23:31:25] [INFO] skipping GET parameter 'Name'
[23:31:25] [ERROR] all tested parameters do not appear to be injectable. Try to increase values for '--level'/'--risk' options if you wish to perform more tests. If you suspect that there is some kind of protection mechanism involved (e.g. WAF) maybe you could try to use option '--tamper' (e.g. '--tamper=space2comment'), skipping to the next target
[23:31:25] [WARNING] HTTP error codes detected during run:
500 (Internal Server Error) - 5 times
[23:31:25] [INFO] you can find results of scanning in multiple targets mode inside the CSV file '/home/awad/.local/share/sqlmap/output/results-03032026_1130pm.csv'
[23:31:25] [INFO] starting crawler for target URL 'https://riyadhgreen.sa/Home/SendForm?lang=FUZZ' (5/7)
[23:31:25] [INFO] starting 2 threads
[23:31:26] [WARNING] potential CAPTCHA protection mechanism detected
[23:31:26] [INFO] found a total of 2 targets
[1/2] Form:
POST https://riyadhgreen.sa/Home/SendForm
POST data: lang=ar&Email=&Name=&Subject=&Message=&CaptchaInput=&__RequestVerificationToken=CfDJ8KGvccBxkMVPs6_I0Fbu22hcS3WCj9isETFb0KaYawNNdWDhAGjO9DhlRoSlhmuth5g3_YT6b_UsQz7pPAxeKMe60DI1763t-qKeZ7G8kMBe0pe0fQ6LXSPrtNmD4gWwMDSGwYIk7t4XB2RBvPIk8ks
do you want to test this form? [Y/n/q] 
> Y
Edit POST data [default: lang=ar&Email=&Name=&Subject=&Message=&CaptchaInput=&__RequestVerificationToken=CfDJ8KGvccBxkMVPs6_I0Fbu22hcS3WCj9isETFb0KaYawNNdWDhAGjO9DhlRoSlhmuth5g3_YT6b_UsQz7pPAxeKMe60DI1763t-qKeZ7G8kMBe0pe0fQ6LXSPrtNmD4gWwMDSGwYIk7t4XB2RBvPIk8ks] (Warning: blank fields detected): lang=ar&Email=&Name=&Subject=&Message=&CaptchaInput=&__RequestVerificationToken=CfDJ8KGvccBxkMVPs6_I0Fbu22hcS3WCj9isETFb0KaYawNNdWDhAGjO9DhlRoSlhmuth5g3_YT6b_UsQz7pPAxeKMe60DI1763t-qKeZ7G8kMBe0pe0fQ6LXSPrtNmD4gWwMDSGwYIk7t4XB2RBvPIk8ks
do you want to fill blank fields with random values? [Y/n] Y
POST parameter '__RequestVerificationToken' appears to hold anti-CSRF token. Do you want sqlmap to automatically update it in further requests? [y/N] N
[23:31:26] [INFO] heuristics detected web page charset 'utf-8'
[23:31:27] [WARNING] the web server responded with an HTTP error code (500) which could interfere with the results of the tests
[23:31:27] [INFO] testing if the target URL content is stable
[23:31:28] [INFO] target URL content is stable
[23:31:28] [INFO] skipping previously processed POST parameter 'lang'
[23:31:28] [INFO] skipping previously processed POST parameter 'Email'
[23:31:28] [INFO] skipping previously processed POST parameter 'Name'
[23:31:28] [INFO] skipping previously processed POST parameter 'Subject'
[23:31:28] [INFO] skipping previously processed POST parameter 'Message'
[23:31:28] [INFO] skipping previously processed POST parameter 'CaptchaInput'
[23:31:28] [INFO] skipping previously processed POST parameter '__RequestVerificationToken'
[23:31:28] [ERROR] all tested parameters do not appear to be injectable. Try to increase values for '--level'/'--risk' options if you wish to perform more tests. If you suspect that there is some kind of protection mechanism involved (e.g. WAF) maybe you could try to use option '--tamper' (e.g. '--tamper=space2comment'), skipping to the next target
[23:31:28] [WARNING] HTTP error codes detected during run:
500 (Internal Server Error) - 2 times
[2/2] URL:
GET https://riyadhgreen.sa/Home/SendForm?lang=FUZZ
do you want to test this URL? [Y/n/q]
> Y
[23:31:28] [INFO] testing URL 'https://riyadhgreen.sa/Home/SendForm?lang=FUZZ'
[23:31:28] [INFO] heuristics detected web page charset 'utf-8'
[23:31:28] [WARNING] the web server responded with an HTTP error code (500) which could interfere with the results of the tests
[23:31:28] [INFO] testing if the target URL content is stable
[23:31:29] [INFO] target URL content is stable
[23:31:29] [INFO] testing if GET parameter 'lang' is dynamic
[23:31:29] [WARNING] GET parameter 'lang' does not appear to be dynamic
[23:31:30] [WARNING] heuristic (basic) test shows that GET parameter 'lang' might not be injectable
[23:31:30] [INFO] skipping GET parameter 'lang'
[23:31:30] [ERROR] all tested parameters do not appear to be injectable. Try to increase values for '--level'/'--risk' options if you wish to perform more tests. If you suspect that there is some kind of protection mechanism involved (e.g. WAF) maybe you could try to use option '--tamper' (e.g. '--tamper=space2comment'), skipping to the next target
[23:31:30] [WARNING] HTTP error codes detected during run:
500 (Internal Server Error) - 5 times
[23:31:30] [INFO] you can find results of scanning in multiple targets mode inside the CSV file '/home/awad/.local/share/sqlmap/output/results-03032026_1130pm.csv'
[23:31:30] [INFO] starting crawler for target URL 'https://riyadhgreen.sa/Home/SendForm?Subject=FUZZ' (6/7)
[23:31:31] [INFO] starting 2 threads
[23:31:31] [WARNING] potential CAPTCHA protection mechanism detected
[23:31:32] [INFO] found a total of 2 targets
[1/2] Form:
POST https://riyadhgreen.sa/Home/SendForm
POST data: lang=ar&Email=&Name=&Subject=&Message=&CaptchaInput=&__RequestVerificationToken=CfDJ8KGvccBxkMVPs6_I0Fbu22iij2RwPHPtO8WxJq_yM8Ior97TsBjqLscR3ZFeM2JyNEOElYkEJJyJefxP10DCNFbx3eTSwalxVFLs0WOM4F9Igk2epX6aHQLgvhkO4lHGVb9CBaS9yNyy7ukp3yCvJiM
do you want to test this form? [Y/n/q] 
> Y
Edit POST data [default: lang=ar&Email=&Name=&Subject=&Message=&CaptchaInput=&__RequestVerificationToken=CfDJ8KGvccBxkMVPs6_I0Fbu22iij2RwPHPtO8WxJq_yM8Ior97TsBjqLscR3ZFeM2JyNEOElYkEJJyJefxP10DCNFbx3eTSwalxVFLs0WOM4F9Igk2epX6aHQLgvhkO4lHGVb9CBaS9yNyy7ukp3yCvJiM] (Warning: blank fields detected): lang=ar&Email=&Name=&Subject=&Message=&CaptchaInput=&__RequestVerificationToken=CfDJ8KGvccBxkMVPs6_I0Fbu22iij2RwPHPtO8WxJq_yM8Ior97TsBjqLscR3ZFeM2JyNEOElYkEJJyJefxP10DCNFbx3eTSwalxVFLs0WOM4F9Igk2epX6aHQLgvhkO4lHGVb9CBaS9yNyy7ukp3yCvJiM
do you want to fill blank fields with random values? [Y/n] Y
POST parameter '__RequestVerificationToken' appears to hold anti-CSRF token. Do you want sqlmap to automatically update it in further requests? [y/N] N
[23:31:32] [INFO] heuristics detected web page charset 'utf-8'
[23:31:32] [WARNING] the web server responded with an HTTP error code (500) which could interfere with the results of the tests
[23:31:32] [INFO] testing if the target URL content is stable
[23:31:33] [INFO] target URL content is stable
[23:31:33] [INFO] skipping previously processed POST parameter 'lang'
[23:31:33] [INFO] skipping previously processed POST parameter 'Email'
[23:31:33] [INFO] skipping previously processed POST parameter 'Name'
[23:31:33] [INFO] skipping previously processed POST parameter 'Subject'
[23:31:33] [INFO] skipping previously processed POST parameter 'Message'
[23:31:33] [INFO] skipping previously processed POST parameter 'CaptchaInput'
[23:31:33] [INFO] skipping previously processed POST parameter '__RequestVerificationToken'
[23:31:33] [ERROR] all tested parameters do not appear to be injectable. Try to increase values for '--level'/'--risk' options if you wish to perform more tests. If you suspect that there is some kind of protection mechanism involved (e.g. WAF) maybe you could try to use option '--tamper' (e.g. '--tamper=space2comment'), skipping to the next target
[23:31:33] [WARNING] HTTP error codes detected during run:
500 (Internal Server Error) - 2 times
[2/2] URL:
GET https://riyadhgreen.sa/Home/SendForm?Subject=FUZZ
do you want to test this URL? [Y/n/q]
> Y
[23:31:33] [INFO] testing URL 'https://riyadhgreen.sa/Home/SendForm?Subject=FUZZ'
[23:31:33] [INFO] heuristics detected web page charset 'utf-8'
[23:31:33] [WARNING] the web server responded with an HTTP error code (500) which could interfere with the results of the tests
[23:31:33] [INFO] testing if the target URL content is stable
[23:31:34] [INFO] target URL content is stable
[23:31:34] [INFO] testing if GET parameter 'Subject' is dynamic
[23:31:34] [WARNING] GET parameter 'Subject' does not appear to be dynamic
[23:31:35] [WARNING] heuristic (basic) test shows that GET parameter 'Subject' might not be injectable
[23:31:35] [INFO] skipping GET parameter 'Subject'
[23:31:35] [ERROR] all tested parameters do not appear to be injectable. Try to increase values for '--level'/'--risk' options if you wish to perform more tests. If you suspect that there is some kind of protection mechanism involved (e.g. WAF) maybe you could try to use option '--tamper' (e.g. '--tamper=space2comment'), skipping to the next target
[23:31:35] [WARNING] HTTP error codes detected during run:
500 (Internal Server Error) - 5 times
[23:31:35] [INFO] you can find results of scanning in multiple targets mode inside the CSV file '/home/awad/.local/share/sqlmap/output/results-03032026_1130pm.csv'
[23:31:35] [INFO] starting crawler for target URL 'https://riyadhgreen.sa/Home/SendForm?Message=FUZZ' (7/7)
[23:31:35] [INFO] starting 2 threads
[23:31:36] [WARNING] potential CAPTCHA protection mechanism detected
[23:31:36] [INFO] found a total of 2 targets
[1/2] Form:
POST https://riyadhgreen.sa/Home/SendForm
POST data: lang=ar&Email=&Name=&Subject=&Message=&CaptchaInput=&__RequestVerificationToken=CfDJ8KGvccBxkMVPs6_I0Fbu22g26bj8zspCxOK9xV3jzqhgA52_93mSJjn6i2G3AVBd-wW0PoaeVIh59sa3ksFtB-l6ZNxEIeeoqHe40a2OCJGTGvGsm9AMXFAGmPUrtM4892HN91mHls6D-RTJ9Ag4yo4
do you want to test this form? [Y/n/q] 
> Y
Edit POST data [default: lang=ar&Email=&Name=&Subject=&Message=&CaptchaInput=&__RequestVerificationToken=CfDJ8KGvccBxkMVPs6_I0Fbu22g26bj8zspCxOK9xV3jzqhgA52_93mSJjn6i2G3AVBd-wW0PoaeVIh59sa3ksFtB-l6ZNxEIeeoqHe40a2OCJGTGvGsm9AMXFAGmPUrtM4892HN91mHls6D-RTJ9Ag4yo4] (Warning: blank fields detected): lang=ar&Email=&Name=&Subject=&Message=&CaptchaInput=&__RequestVerificationToken=CfDJ8KGvccBxkMVPs6_I0Fbu22g26bj8zspCxOK9xV3jzqhgA52_93mSJjn6i2G3AVBd-wW0PoaeVIh59sa3ksFtB-l6ZNxEIeeoqHe40a2OCJGTGvGsm9AMXFAGmPUrtM4892HN91mHls6D-RTJ9Ag4yo4
do you want to fill blank fields with random values? [Y/n] Y
POST parameter '__RequestVerificationToken' appears to hold anti-CSRF token. Do you want sqlmap to automatically update it in further requests? [y/N] N
[23:31:37] [INFO] heuristics detected web page charset 'utf-8'
[23:31:37] [WARNING] the web server responded with an HTTP error code (500) which could interfere with the results of the tests
[23:31:37] [INFO] testing if the target URL content is stable
[23:31:37] [INFO] target URL content is stable
[23:31:37] [INFO] skipping previously processed POST parameter 'lang'
[23:31:37] [INFO] skipping previously processed POST parameter 'Email'
[23:31:37] [INFO] skipping previously processed POST parameter 'Name'
[23:31:37] [INFO] skipping previously processed POST parameter 'Subject'
[23:31:37] [INFO] skipping previously processed POST parameter 'Message'
[23:31:37] [INFO] skipping previously processed POST parameter 'CaptchaInput'
[23:31:37] [INFO] skipping previously processed POST parameter '__RequestVerificationToken'
[23:31:37] [ERROR] all tested parameters do not appear to be injectable. Try to increase values for '--level'/'--risk' options if you wish to perform more tests. If you suspect that there is some kind of protection mechanism involved (e.g. WAF) maybe you could try to use option '--tamper' (e.g. '--tamper=space2comment'), skipping to the next target
[23:31:37] [WARNING] HTTP error codes detected during run:
500 (Internal Server Error) - 2 times
[2/2] URL:
GET https://riyadhgreen.sa/Home/SendForm?Message=FUZZ
do you want to test this URL? [Y/n/q]
> Y
[23:31:37] [INFO] testing URL 'https://riyadhgreen.sa/Home/SendForm?Message=FUZZ'
[23:31:38] [INFO] heuristics detected web page charset 'utf-8'
[23:31:38] [WARNING] the web server responded with an HTTP error code (500) which could interfere with the results of the tests
[23:31:38] [INFO] testing if the target URL content is stable
[23:31:39] [INFO] target URL content is stable
[23:31:39] [INFO] testing if GET parameter 'Message' is dynamic
[23:31:39] [WARNING] GET parameter 'Message' does not appear to be dynamic
[23:31:40] [WARNING] heuristic (basic) test shows that GET parameter 'Message' might not be injectable
[23:31:40] [INFO] skipping GET parameter 'Message'
[23:31:40] [ERROR] all tested parameters do not appear to be injectable. Try to increase values for '--level'/'--risk' options if you wish to perform more tests. If you suspect that there is some kind of protection mechanism involved (e.g. WAF) maybe you could try to use option '--tamper' (e.g. '--tamper=space2comment'), skipping to the next target
[23:31:40] [WARNING] HTTP error codes detected during run:
500 (Internal Server Error) - 5 times
[23:31:40] [INFO] you can find results of scanning in multiple targets mode inside the CSV file '/home/awad/.local/share/sqlmap/output/results-03032026_1130pm.csv'

[*] ending @ 23:31:40 /2026-03-03/

