        ___
       __H__
 ___ ___[(]_____ ___ ___  {1.10.2#pip}
|_ -| . [']     | .'| . |
|___|_  [']_|_|_|__,|  _|
      |_|V...       |_|   https://sqlmap.org

[!] legal disclaimer: Usage of sqlmap for attacking targets without prior mutual consent is illegal. It is the end user's responsibility to obey all applicable local, state and federal laws. Developers assume no liability and are not responsible for any misuse or damage caused by this program

[*] starting @ 23:24:04 /2026-02-26/

[23:24:04] [INFO] fetched random HTTP User-Agent header value 'Mozilla/5.0 (Windows NT 10.0; Win64; x64) AppleWebKit/537.36 (KHTML, like Gecko) Chrome/135.0.0.0 Safari/537.36 OPR/120.0.0.0' from file '/mnt/c/Users/awad/Downloads/pyarmor/auto_PenTest/autoPenTest/lib/python3.13/site-packages/sqlmap/data/txt/user-agents.txt'
[23:24:04] [INFO] parsing multiple targets list from 'sqli_parameters.txt'
[23:24:04] [INFO] starting crawler for target URL 'https://emmconsole.stc.com.sa/AirWatch/Login/Login/Login-User?Hash=FUZZ' (1/6)
do you want to check for the existence of site's sitemap(.xml) [y/N] N
[23:24:04] [INFO] starting 2 threads
got a 302 redirect to 'https://emmconsole.stc.com.sa/AirWatch/default.aspx'. Do you want to follow? [Y/n] Y
[23:24:35] [CRITICAL] connection timed out to the target URL. sqlmap is going to retry the request(s)
[23:24:35] [WARNING] if the problem persists please check that the provided target URL is reachable. In case that it is, you can try to rerun with proxy switches ('--proxy', '--proxy-file'...)
[23:25:05] [INFO] starting 5 threads
do you want to normalize crawling results [Y/n] Y
do you want to store crawling results to a temporary file for eventual further processing with other tools [y/N] N
[23:25:07] [INFO] found a total of 5 targets
[1/5] Form:
POST https://emmconsole.stc.com.sa/AirWatch/Login/Login/Login-User
POST data: ReturnUrl=&Hash=&IsPasswordFieldVisible=False&__RequestVerificationToken=vvjzhyC89ARanpyE2xR9vjIcMx-xZsKwQsz_S3buvE9QXapD9YJ1h0dPa_cHrakVGkQtyyI0RfDWFWt-ssOHrCGCMXUgCW6OzfIPhXJQosE1&RememberUsername=true&RememberUsername=false&Login=Next
do you want to test this form? [Y/n/q] 
> Y
Edit POST data [default: ReturnUrl=&Hash=&IsPasswordFieldVisible=False&__RequestVerificationToken=vvjzhyC89ARanpyE2xR9vjIcMx-xZsKwQsz_S3buvE9QXapD9YJ1h0dPa_cHrakVGkQtyyI0RfDWFWt-ssOHrCGCMXUgCW6OzfIPhXJQosE1&RememberUsername=true&RememberUsername=false&Login=Next] (Warning: blank fields detected): ReturnUrl=&Hash=&IsPasswordFieldVisible=False&__RequestVerificationToken=vvjzhyC89ARanpyE2xR9vjIcMx-xZsKwQsz_S3buvE9QXapD9YJ1h0dPa_cHrakVGkQtyyI0RfDWFWt-ssOHrCGCMXUgCW6OzfIPhXJQosE1&RememberUsername=true&RememberUsername=false&Login=Next
do you want to fill blank fields with random values? [Y/n] Y
POST parameter '__RequestVerificationToken' appears to hold anti-CSRF token. Do you want sqlmap to automatically update it in further requests? [y/N] N
[23:25:07] [INFO] using '/home/awad/.local/share/sqlmap/output/results-02262026_1125pm.csv' as the CSV results file in multiple targets mode
got a 302 redirect to 'https://emmconsole.stc.com.sa/AirWatch/'. Do you want to follow? [Y/n] Y
redirect is a result of a POST request. Do you want to resend original POST data to a new location? [Y/n] Y
you have not declared cookie(s), while server wants to set its own ('ASP.NET_SessionId=axqnleg1lvn...50cizbhw41;BIGipServerCS_Servers_Pool=487237824.47873.0000;TS0166ba7c=01687a238cf...f39b7346f3'). Do you want to use those [Y/n] Y
[23:25:12] [INFO] testing if the target URL content is stable
[23:25:17] [WARNING] POST parameter 'ReturnUrl' does not appear to be dynamic
[23:25:22] [WARNING] heuristic (basic) test shows that POST parameter 'ReturnUrl' might not be injectable
[23:25:26] [INFO] testing for SQL injection on POST parameter 'ReturnUrl'
[23:25:26] [INFO] testing 'AND boolean-based blind - WHERE or HAVING clause'
[23:26:24] [INFO] testing 'AND boolean-based blind - WHERE or HAVING clause (subquery - comment)'
[23:27:06] [INFO] testing 'AND boolean-based blind - WHERE or HAVING clause (comment)'
[23:27:44] [INFO] testing 'MySQL RLIKE boolean-based blind - WHERE, HAVING, ORDER BY or GROUP BY clause'
[23:28:42] [INFO] testing 'PostgreSQL AND boolean-based blind - WHERE or HAVING clause (CAST)'
[23:29:40] [INFO] testing 'Oracle AND boolean-based blind - WHERE or HAVING clause (CTXSYS.DRITHSX.SN)'
[23:30:40] [INFO] testing 'SQLite AND boolean-based blind - WHERE, HAVING, GROUP BY or HAVING clause (JSON)'
[23:31:41] [INFO] testing 'Boolean-based blind - Parameter replace (original value)'
[23:31:46] [INFO] testing 'Boolean-based blind - Parameter replace (DUAL)'
[23:31:51] [INFO] testing 'Boolean-based blind - Parameter replace (CASE)'
[23:31:56] [INFO] testing 'MySQL >= 5.0 boolean-based blind - ORDER BY, GROUP BY clause'
[23:32:01] [INFO] testing 'PostgreSQL boolean-based blind - ORDER BY, GROUP BY clause'
[23:32:06] [INFO] testing 'MySQL >= 5.1 AND error-based - WHERE, HAVING, ORDER BY or GROUP BY clause (EXTRACTVALUE)'
[23:33:11] [INFO] testing 'MySQL >= 5.6 AND error-based - WHERE, HAVING, ORDER BY or GROUP BY clause (GTID_SUBSET)'
[23:34:12] [INFO] testing 'PostgreSQL AND error-based - WHERE or HAVING clause'
[23:35:12] [INFO] testing 'Microsoft SQL Server/Sybase AND error-based - WHERE or HAVING clause (IN)'
[23:36:21] [INFO] testing 'Microsoft SQL Server/Sybase AND error-based - WHERE or HAVING clause (CONVERT)'
[23:37:22] [INFO] testing 'Microsoft SQL Server/Sybase AND error-based - WHERE or HAVING clause (CONCAT)'
[23:38:33] [INFO] testing 'Oracle AND error-based - WHERE or HAVING clause (XMLType)'
[23:39:37] [INFO] testing 'Oracle AND error-based - WHERE or HAVING clause (UTL_INADDR.GET_HOST_ADDRESS)'
[23:40:37] [INFO] testing 'MySQL >= 5.1 error-based - PROCEDURE ANALYSE (EXTRACTVALUE)'
[23:41:42] [INFO] testing 'MySQL >= 5.1 error-based - Parameter replace (EXTRACTVALUE)'
[23:41:47] [INFO] testing 'PostgreSQL error-based - Parameter replace'
[23:41:52] [INFO] testing 'Microsoft SQL Server/Sybase error-based - Stacking (EXEC)'
[23:42:37] [INFO] testing 'Generic inline queries'
[23:42:43] [INFO] testing 'MySQL inline queries'
[23:42:48] [INFO] testing 'PostgreSQL inline queries'
[23:42:53] [INFO] testing 'Microsoft SQL Server/Sybase inline queries'
[23:42:59] [INFO] testing 'Oracle inline queries'
[23:43:04] [INFO] testing 'MySQL >= 5.0.12 stacked queries (comment)'
[23:43:04] [CRITICAL] considerable lagging has been detected in connection response(s). Please use as high value for option '--time-sec' as possible (e.g. 10 or more)
[23:43:51] [INFO] testing 'PostgreSQL > 8.1 stacked queries (comment)'
[23:44:38] [INFO] testing 'PostgreSQL stacked queries (heavy query - comment)'
[23:45:25] [INFO] testing 'Microsoft SQL Server/Sybase stacked queries (comment)'
[23:46:12] [INFO] testing 'Microsoft SQL Server/Sybase stacked queries (DECLARE - comment)'
[23:47:03] [INFO] testing 'Oracle stacked queries (DBMS_PIPE.RECEIVE_MESSAGE - comment)'
[23:47:54] [INFO] testing 'Oracle stacked queries (heavy query - comment)'
[23:48:42] [INFO] testing 'MySQL >= 5.0.12 AND time-based blind (query SLEEP)'
[23:50:28] [INFO] testing 'MySQL >= 5.0.12 AND time-based blind (SLEEP)'
[23:51:36] [INFO] testing 'MySQL < 5.0.12 AND time-based blind (BENCHMARK)'
[23:53:06] [INFO] testing 'MySQL >= 5.0.12 RLIKE time-based blind'
[23:54:20] [INFO] testing 'PostgreSQL > 8.1 AND time-based blind'
[23:55:26] [INFO] testing 'PostgreSQL AND time-based blind (heavy query)'
[23:56:35] [INFO] testing 'Microsoft SQL Server/Sybase time-based blind (IF)'
[23:57:41] [INFO] testing 'Microsoft SQL Server/Sybase AND time-based blind (heavy query)'
[23:58:51] [INFO] testing 'Oracle AND time-based blind'
[23:59:57] [INFO] testing 'Oracle AND time-based blind (heavy query)'
[00:01:13] [INFO] testing 'Informix AND time-based blind (heavy query)'
[00:02:31] [INFO] testing 'MySQL >= 5.0.12 time-based blind - Parameter replace'
it is recommended to perform only basic UNION tests if there is not at least one other (potential) technique found. Do you want to reduce the number of requests? [Y/n] Y
[00:02:38] [INFO] testing 'Generic UNION query (NULL) - 1 to 10 columns'
[00:05:19] [INFO] testing 'MySQL UNION query (NULL) - 1 to 10 columns'
[00:07:43] [WARNING] POST parameter 'ReturnUrl' does not seem to be injectable
[00:07:43] [WARNING] POST parameter 'Hash' does not appear to be dynamic
[00:07:49] [WARNING] heuristic (basic) test shows that POST parameter 'Hash' might not be injectable
[00:07:55] [INFO] testing for SQL injection on POST parameter 'Hash'
[00:07:55] [INFO] testing 'AND boolean-based blind - WHERE or HAVING clause'
[00:09:25] [INFO] testing 'AND boolean-based blind - WHERE or HAVING clause (subquery - comment)'
[00:10:20] [INFO] testing 'AND boolean-based blind - WHERE or HAVING clause (comment)'
[00:11:09] [INFO] testing 'MySQL RLIKE boolean-based blind - WHERE, HAVING, ORDER BY or GROUP BY clause'
[00:12:44] [INFO] testing 'PostgreSQL AND boolean-based blind - WHERE or HAVING clause (CAST)'
[00:15:31] [INFO] testing 'Oracle AND boolean-based blind - WHERE or HAVING clause (CTXSYS.DRITHSX.SN)'
[00:16:48] [INFO] testing 'SQLite AND boolean-based blind - WHERE, HAVING, GROUP BY or HAVING clause (JSON)'
[00:18:01] [INFO] testing 'Boolean-based blind - Parameter replace (original value)'
[00:18:07] [INFO] testing 'Boolean-based blind - Parameter replace (DUAL)'
[00:18:13] [INFO] testing 'Boolean-based blind - Parameter replace (CASE)'
[00:18:20] [INFO] testing 'MySQL >= 5.0 boolean-based blind - ORDER BY, GROUP BY clause'
[00:18:27] [INFO] testing 'PostgreSQL boolean-based blind - ORDER BY, GROUP BY clause'
[00:18:34] [INFO] testing 'MySQL >= 5.1 AND error-based - WHERE, HAVING, ORDER BY or GROUP BY clause (EXTRACTVALUE)'
[00:19:48] [INFO] testing 'MySQL >= 5.6 AND error-based - WHERE, HAVING, ORDER BY or GROUP BY clause (GTID_SUBSET)'
[00:21:00] [INFO] testing 'PostgreSQL AND error-based - WHERE or HAVING clause'
[00:22:16] [INFO] testing 'Microsoft SQL Server/Sybase AND error-based - WHERE or HAVING clause (IN)'
[00:23:32] [INFO] testing 'Microsoft SQL Server/Sybase AND error-based - WHERE or HAVING clause (CONVERT)'
[00:24:48] [INFO] testing 'Microsoft SQL Server/Sybase AND error-based - WHERE or HAVING clause (CONCAT)'
[00:26:14] [INFO] testing 'Oracle AND error-based - WHERE or HAVING clause (XMLType)'
[00:27:39] [INFO] testing 'Oracle AND error-based - WHERE or HAVING clause (UTL_INADDR.GET_HOST_ADDRESS)'
[00:29:04] [INFO] testing 'MySQL >= 5.1 error-based - PROCEDURE ANALYSE (EXTRACTVALUE)'
[00:30:27] [INFO] testing 'MySQL >= 5.1 error-based - Parameter replace (EXTRACTVALUE)'
[00:30:34] [INFO] testing 'PostgreSQL error-based - Parameter replace'
[00:30:42] [INFO] testing 'Microsoft SQL Server/Sybase error-based - Stacking (EXEC)'
[00:31:48] [INFO] testing 'Generic inline queries'
[00:31:56] [INFO] testing 'MySQL inline queries'
[00:32:03] [INFO] testing 'PostgreSQL inline queries'
[00:32:11] [INFO] testing 'Microsoft SQL Server/Sybase inline queries'
[00:32:18] [INFO] testing 'Oracle inline queries'
[00:32:25] [INFO] testing 'MySQL >= 5.0.12 stacked queries (comment)'
[00:33:35] [INFO] testing 'PostgreSQL > 8.1 stacked queries (comment)'
[00:34:45] [INFO] testing 'PostgreSQL stacked queries (heavy query - comment)'
[00:36:07] [INFO] testing 'Microsoft SQL Server/Sybase stacked queries (comment)'
[00:37:25] [INFO] testing 'Microsoft SQL Server/Sybase stacked queries (DECLARE - comment)'
[00:38:40] [INFO] testing 'Oracle stacked queries (DBMS_PIPE.RECEIVE_MESSAGE - comment)'
[00:39:50] [INFO] testing 'Oracle stacked queries (heavy query - comment)'
[00:41:05] [INFO] testing 'MySQL >= 5.0.12 AND time-based blind (query SLEEP)'
[00:42:51] [INFO] testing 'MySQL >= 5.0.12 AND time-based blind (SLEEP)'
[00:44:30] [INFO] testing 'MySQL < 5.0.12 AND time-based blind (BENCHMARK)'
[00:46:00] [INFO] testing 'MySQL >= 5.0.12 RLIKE time-based blind'
[00:47:34] [INFO] testing 'PostgreSQL > 8.1 AND time-based blind'
[00:49:09] [INFO] testing 'PostgreSQL AND time-based blind (heavy query)'
[00:50:46] [INFO] testing 'Microsoft SQL Server/Sybase time-based blind (IF)'
[00:52:20] [INFO] testing 'Microsoft SQL Server/Sybase AND time-based blind (heavy query)'
[00:53:53] [INFO] testing 'Oracle AND time-based blind'
[00:55:19] [INFO] testing 'Oracle AND time-based blind (heavy query)'
[00:56:45] [INFO] testing 'Informix AND time-based blind (heavy query)'
[00:58:07] [INFO] testing 'MySQL >= 5.0.12 time-based blind - Parameter replace'
[00:58:14] [INFO] testing 'Generic UNION query (NULL) - 1 to 10 columns'
[01:01:04] [INFO] testing 'MySQL UNION query (NULL) - 1 to 10 columns'
[01:03:51] [WARNING] POST parameter 'Hash' does not seem to be injectable
[01:03:51] [WARNING] POST parameter 'IsPasswordFieldVisible' does not appear to be dynamic
[01:03:58] [WARNING] heuristic (basic) test shows that POST parameter 'IsPasswordFieldVisible' might not be injectable
[01:04:05] [INFO] testing for SQL injection on POST parameter 'IsPasswordFieldVisible'
[01:04:05] [INFO] testing 'AND boolean-based blind - WHERE or HAVING clause'
[01:05:30] [INFO] testing 'AND boolean-based blind - WHERE or HAVING clause (subquery - comment)'
[01:06:34] [INFO] testing 'AND boolean-based blind - WHERE or HAVING clause (comment)'
[01:07:31] [INFO] testing 'MySQL RLIKE boolean-based blind - WHERE, HAVING, ORDER BY or GROUP BY clause'
[01:08:57] [INFO] testing 'PostgreSQL AND boolean-based blind - WHERE or HAVING clause (CAST)'
[01:10:23] [INFO] testing 'Oracle AND boolean-based blind - WHERE or HAVING clause (CTXSYS.DRITHSX.SN)'
[01:11:49] [INFO] testing 'SQLite AND boolean-based blind - WHERE, HAVING, GROUP BY or HAVING clause (JSON)'
[01:13:15] [INFO] testing 'Boolean-based blind - Parameter replace (original value)'
[01:13:22] [INFO] testing 'Boolean-based blind - Parameter replace (DUAL)'
[01:13:31] [INFO] testing 'Boolean-based blind - Parameter replace (CASE)'
[01:13:37] [INFO] testing 'MySQL >= 5.0 boolean-based blind - ORDER BY, GROUP BY clause'
[01:13:45] [INFO] testing 'PostgreSQL boolean-based blind - ORDER BY, GROUP BY clause'
[01:13:52] [INFO] testing 'MySQL >= 5.1 AND error-based - WHERE, HAVING, ORDER BY or GROUP BY clause (EXTRACTVALUE)'
[01:15:25] [INFO] testing 'MySQL >= 5.6 AND error-based - WHERE, HAVING, ORDER BY or GROUP BY clause (GTID_SUBSET)'
/mnt/c/Users/awad/Downloads/pyarmor/auto_PenTest/script/run_sqlmap.sh: line 35: --smart: command not found
