        ___
       __H__
 ___ ___[)]_____ ___ ___  {1.9.8#stable}
|_ -| . [']     | .'| . |
|___|_  [,]_|_|_|__,|  _|
      |_|V...       |_|   https://sqlmap.org

[!] legal disclaimer: Usage of sqlmap for attacking targets without prior mutual consent is illegal. It is the end user's responsibility to obey all applicable local, state and federal laws. Developers assume no liability and are not responsible for any misuse or damage caused by this program

[*] starting @ 20:45:33 /2025-11-12/

[20:45:33] [WARNING] using '/mnt/c/Users/awad/Downloads/pyarmor/auto_PenTest/web_recon_dataset/sqlmap_scan_20251112_204532' as the output directory
[20:45:33] [INFO] fetched random HTTP User-Agent header value 'Mozilla/5.0 (Windows; U; Windows NT 6.0; zh-CN; rv:1.9.2.6) Gecko/20100625 Firefox/3.6.6 GTB7.1' from file '/usr/share/sqlmap/data/txt/user-agents.txt'
do you want to check for the existence of site's sitemap(.xml) [y/N] N
[20:45:33] [INFO] starting crawler for target URL 'https://kaltokan.com/?s=FUZZ'
[20:45:33] [INFO] searching for links with depth 1
[20:45:33] [INFO] starting 2 threads
[20:45:35] [INFO] searching for links with depth 2
[20:45:35] [INFO] starting 5 threads
do you want to normalize crawling results [Y/n] Y
do you want to store crawling results to a temporary file for eventual further processing with other tools [y/N] N
[20:45:52] [INFO] found a total of 7 targets
[1/7] Form:
POST https://kaltokan.com/
POST data: wpst_user_or_email=&action=wpst_reset_password&password-security=df427510c6&_wp_http_referer=%2F
do you want to test this form? [Y/n/q] 
> Y
Edit POST data [default: wpst_user_or_email=&action=wpst_reset_password&password-security=df427510c6&_wp_http_referer=%2F] (Warning: blank fields detected): wpst_user_or_email=&action=wpst_reset_password&password-security=df427510c6&_wp_http_referer=/
do you want to fill blank fields with random values? [Y/n] Y
[20:45:52] [INFO] using '/mnt/c/Users/awad/Downloads/pyarmor/auto_PenTest/web_recon_dataset/sqlmap_scan_20251112_204532/results-11122025_0845pm.csv' as the CSV results file in multiple targets mode
[20:45:53] [INFO] checking if the target is protected by some kind of WAF/IPS
[20:45:55] [WARNING] reflective value(s) found and filtering out
[20:45:55] [INFO] testing if the target URL content is stable
[20:45:56] [WARNING] target URL content is not stable (i.e. content differs). sqlmap will base the page comparison on a sequence matcher. If no dynamic nor injectable parameters are detected, or in case of junk results, refer to user's manual paragraph 'Page comparison'
how do you want to proceed? [(C)ontinue/(s)tring/(r)egex/(q)uit] C
[20:45:56] [INFO] testing if POST parameter 'wpst_user_or_email' is dynamic
[20:45:58] [WARNING] POST parameter 'wpst_user_or_email' does not appear to be dynamic
[20:45:59] [WARNING] heuristic (basic) test shows that POST parameter 'wpst_user_or_email' might not be injectable
[20:46:00] [INFO] testing for SQL injection on POST parameter 'wpst_user_or_email'
[20:46:00] [INFO] testing 'AND boolean-based blind - WHERE or HAVING clause'
[20:46:30] [INFO] testing 'AND boolean-based blind - WHERE or HAVING clause (subquery - comment)'
[20:46:50] [INFO] testing 'AND boolean-based blind - WHERE or HAVING clause (comment)'
[20:47:09] [INFO] testing 'MySQL RLIKE boolean-based blind - WHERE, HAVING, ORDER BY or GROUP BY clause'
[20:47:38] [INFO] testing 'PostgreSQL AND boolean-based blind - WHERE or HAVING clause (CAST)'
[20:48:08] [INFO] testing 'Oracle AND boolean-based blind - WHERE or HAVING clause (CTXSYS.DRITHSX.SN)'
[20:48:36] [INFO] testing 'SQLite AND boolean-based blind - WHERE, HAVING, GROUP BY or HAVING clause (JSON)'
[20:49:04] [INFO] testing 'Boolean-based blind - Parameter replace (original value)'
[20:49:07] [INFO] testing 'Boolean-based blind - Parameter replace (DUAL)'
[20:49:09] [INFO] testing 'Boolean-based blind - Parameter replace (CASE)'
[20:49:11] [INFO] testing 'MySQL >= 5.0 boolean-based blind - ORDER BY, GROUP BY clause'
[20:49:14] [INFO] testing 'PostgreSQL boolean-based blind - ORDER BY, GROUP BY clause'
[20:49:16] [INFO] testing 'MySQL >= 5.0 AND error-based - WHERE, HAVING, ORDER BY or GROUP BY clause (FLOOR)'
[20:49:26] [INFO] testing 'MySQL >= 5.1 AND error-based - WHERE, HAVING, ORDER BY or GROUP BY clause (EXTRACTVALUE)'
[20:49:34] [INFO] testing 'PostgreSQL AND error-based - WHERE or HAVING clause'
[20:49:43] [INFO] testing 'Microsoft SQL Server/Sybase AND error-based - WHERE or HAVING clause (IN)'
[20:49:52] [INFO] testing 'Microsoft SQL Server/Sybase AND error-based - WHERE or HAVING clause (CONVERT)'
[20:50:01] [INFO] testing 'Microsoft SQL Server/Sybase AND error-based - WHERE or HAVING clause (CONCAT)'
[20:50:11] [INFO] testing 'Oracle AND error-based - WHERE or HAVING clause (XMLType)'
[20:50:20] [INFO] testing 'Oracle AND error-based - WHERE or HAVING clause (UTL_INADDR.GET_HOST_ADDRESS)'
[20:50:29] [INFO] testing 'MySQL >= 5.1 error-based - PROCEDURE ANALYSE (EXTRACTVALUE)'
[20:50:39] [INFO] testing 'MySQL >= 5.0 error-based - Parameter replace (FLOOR)'
[20:50:40] [INFO] testing 'MySQL >= 5.1 error-based - Parameter replace (EXTRACTVALUE)'
[20:50:41] [INFO] testing 'PostgreSQL error-based - Parameter replace'
[20:50:41] [INFO] testing 'Microsoft SQL Server/Sybase error-based - Stacking (EXEC)'
[20:50:48] [INFO] testing 'Generic inline queries'
[20:50:48] [INFO] testing 'MySQL inline queries'
[20:50:49] [INFO] testing 'PostgreSQL inline queries'
[20:50:50] [INFO] testing 'Microsoft SQL Server/Sybase inline queries'
[20:50:51] [INFO] testing 'Oracle inline queries'
[20:50:51] [INFO] testing 'MySQL >= 5.0.12 stacked queries (comment)'
[20:50:58] [INFO] testing 'PostgreSQL > 8.1 stacked queries (comment)'
[20:51:05] [INFO] testing 'PostgreSQL stacked queries (heavy query - comment)'
[20:51:12] [INFO] testing 'Microsoft SQL Server/Sybase stacked queries (comment)'
[20:51:19] [INFO] testing 'Microsoft SQL Server/Sybase stacked queries (DECLARE - comment)'
[20:51:26] [INFO] testing 'Oracle stacked queries (DBMS_PIPE.RECEIVE_MESSAGE - comment)'
[20:51:33] [INFO] testing 'Oracle stacked queries (heavy query - comment)'
[20:51:40] [INFO] testing 'MySQL >= 5.0.12 AND time-based blind (query SLEEP)'
[20:51:49] [INFO] testing 'MySQL >= 5.0.12 AND time-based blind (SLEEP)'
[20:51:58] [INFO] testing 'MySQL < 5.0.12 AND time-based blind (BENCHMARK)'
[20:52:07] [INFO] testing 'MySQL >= 5.0.12 RLIKE time-based blind'
[20:52:16] [INFO] testing 'PostgreSQL > 8.1 AND time-based blind'
[20:52:25] [INFO] testing 'PostgreSQL AND time-based blind (heavy query)'
[20:52:34] [INFO] testing 'Microsoft SQL Server/Sybase time-based blind (IF)'
[20:52:43] [INFO] testing 'Microsoft SQL Server/Sybase AND time-based blind (heavy query)'
[20:52:51] [INFO] testing 'Oracle AND time-based blind'
[20:53:00] [INFO] testing 'Oracle AND time-based blind (heavy query)'
[20:53:09] [INFO] testing 'Informix AND time-based blind (heavy query)'
[20:53:20] [INFO] testing 'MySQL >= 5.0.12 time-based blind - Parameter replace'
it is recommended to perform only basic UNION tests if there is not at least one other (potential) technique found. Do you want to reduce the number of requests? [Y/n] Y
[20:53:21] [INFO] testing 'Generic UNION query (NULL) - 1 to 10 columns'
[20:53:40] [INFO] testing 'MySQL UNION query (NULL) - 1 to 10 columns'
[20:53:59] [WARNING] POST parameter 'wpst_user_or_email' does not seem to be injectable
[20:53:59] [INFO] testing if POST parameter 'action' is dynamic
[20:54:00] [WARNING] POST parameter 'action' does not appear to be dynamic
[20:54:01] [WARNING] heuristic (basic) test shows that POST parameter 'action' might not be injectable
[20:54:02] [INFO] testing for SQL injection on POST parameter 'action'
[20:54:02] [INFO] testing 'AND boolean-based blind - WHERE or HAVING clause'
[20:54:30] [INFO] testing 'AND boolean-based blind - WHERE or HAVING clause (subquery - comment)'
[20:54:50] [INFO] testing 'AND boolean-based blind - WHERE or HAVING clause (comment)'
[20:55:08] [INFO] testing 'MySQL RLIKE boolean-based blind - WHERE, HAVING, ORDER BY or GROUP BY clause'
[20:55:35] [INFO] testing 'PostgreSQL AND boolean-based blind - WHERE or HAVING clause (CAST)'
[20:56:03] [INFO] testing 'Oracle AND boolean-based blind - WHERE or HAVING clause (CTXSYS.DRITHSX.SN)'
[20:56:32] [INFO] testing 'SQLite AND boolean-based blind - WHERE, HAVING, GROUP BY or HAVING clause (JSON)'
[20:57:00] [INFO] testing 'Boolean-based blind - Parameter replace (original value)'
[20:57:02] [INFO] testing 'Boolean-based blind - Parameter replace (DUAL)'
[20:57:05] [INFO] testing 'Boolean-based blind - Parameter replace (CASE)'
[20:57:07] [INFO] testing 'MySQL >= 5.0 boolean-based blind - ORDER BY, GROUP BY clause'
[20:57:09] [INFO] testing 'PostgreSQL boolean-based blind - ORDER BY, GROUP BY clause'
[20:57:11] [INFO] testing 'MySQL >= 5.0 AND error-based - WHERE, HAVING, ORDER BY or GROUP BY clause (FLOOR)'
[20:57:20] [INFO] testing 'MySQL >= 5.1 AND error-based - WHERE, HAVING, ORDER BY or GROUP BY clause (EXTRACTVALUE)'
[20:57:29] [INFO] testing 'PostgreSQL AND error-based - WHERE or HAVING clause'
[20:57:38] [INFO] testing 'Microsoft SQL Server/Sybase AND error-based - WHERE or HAVING clause (IN)'
[20:57:47] [INFO] testing 'Microsoft SQL Server/Sybase AND error-based - WHERE or HAVING clause (CONVERT)'
[20:57:56] [INFO] testing 'Microsoft SQL Server/Sybase AND error-based - WHERE or HAVING clause (CONCAT)'
[20:58:05] [INFO] testing 'Oracle AND error-based - WHERE or HAVING clause (XMLType)'
[20:58:13] [INFO] testing 'Oracle AND error-based - WHERE or HAVING clause (UTL_INADDR.GET_HOST_ADDRESS)'
[20:58:22] [INFO] testing 'MySQL >= 5.1 error-based - PROCEDURE ANALYSE (EXTRACTVALUE)'
[20:58:31] [INFO] testing 'MySQL >= 5.0 error-based - Parameter replace (FLOOR)'
[20:58:32] [INFO] testing 'MySQL >= 5.1 error-based - Parameter replace (EXTRACTVALUE)'
[20:58:32] [INFO] testing 'PostgreSQL error-based - Parameter replace'
[20:58:33] [INFO] testing 'Microsoft SQL Server/Sybase error-based - Stacking (EXEC)'
[20:58:40] [INFO] testing 'Generic inline queries'
[20:58:41] [INFO] testing 'MySQL inline queries'
[20:58:41] [INFO] testing 'PostgreSQL inline queries'
[20:58:42] [INFO] testing 'Microsoft SQL Server/Sybase inline queries'
[20:58:43] [INFO] testing 'Oracle inline queries'
[20:58:44] [INFO] testing 'MySQL >= 5.0.12 stacked queries (comment)'
[20:58:50] [INFO] testing 'PostgreSQL > 8.1 stacked queries (comment)'
[20:58:57] [INFO] testing 'PostgreSQL stacked queries (heavy query - comment)'
[20:59:04] [INFO] testing 'Microsoft SQL Server/Sybase stacked queries (comment)'
[20:59:10] [INFO] testing 'Microsoft SQL Server/Sybase stacked queries (DECLARE - comment)'
[20:59:16] [INFO] testing 'Oracle stacked queries (DBMS_PIPE.RECEIVE_MESSAGE - comment)'
[20:59:23] [INFO] testing 'Oracle stacked queries (heavy query - comment)'
[20:59:30] [INFO] testing 'MySQL >= 5.0.12 AND time-based blind (query SLEEP)'
[20:59:39] [INFO] testing 'MySQL >= 5.0.12 AND time-based blind (SLEEP)'
[20:59:48] [INFO] testing 'MySQL < 5.0.12 AND time-based blind (BENCHMARK)'
[20:59:57] [INFO] testing 'MySQL >= 5.0.12 RLIKE time-based blind'
[21:00:05] [INFO] testing 'PostgreSQL > 8.1 AND time-based blind'
[21:00:14] [INFO] testing 'PostgreSQL AND time-based blind (heavy query)'
[21:00:23] [INFO] testing 'Microsoft SQL Server/Sybase time-based blind (IF)'
[21:00:34] [INFO] testing 'Microsoft SQL Server/Sybase AND time-based blind (heavy query)'
[21:00:42] [INFO] testing 'Oracle AND time-based blind'
[21:00:51] [INFO] testing 'Oracle AND time-based blind (heavy query)'
[21:01:00] [INFO] testing 'Informix AND time-based blind (heavy query)'
[21:01:09] [INFO] testing 'MySQL >= 5.0.12 time-based blind - Parameter replace'
[21:01:10] [INFO] testing 'Generic UNION query (NULL) - 1 to 10 columns'
[21:01:28] [INFO] testing 'MySQL UNION query (NULL) - 1 to 10 columns'
[21:01:47] [WARNING] POST parameter 'action' does not seem to be injectable
[21:01:47] [INFO] testing if POST parameter 'password-security' is dynamic
[21:01:48] [WARNING] POST parameter 'password-security' does not appear to be dynamic
[21:01:49] [WARNING] heuristic (basic) test shows that POST parameter 'password-security' might not be injectable
[21:01:49] [INFO] testing for SQL injection on POST parameter 'password-security'
[21:01:49] [INFO] testing 'AND boolean-based blind - WHERE or HAVING clause'
[21:02:18] [INFO] testing 'AND boolean-based blind - WHERE or HAVING clause (subquery - comment)'
[21:02:38] [INFO] testing 'AND boolean-based blind - WHERE or HAVING clause (comment)'
[21:02:56] [INFO] testing 'MySQL RLIKE boolean-based blind - WHERE, HAVING, ORDER BY or GROUP BY clause'
[21:03:24] [INFO] testing 'PostgreSQL AND boolean-based blind - WHERE or HAVING clause (CAST)'
[21:03:52] [INFO] testing 'Oracle AND boolean-based blind - WHERE or HAVING clause (CTXSYS.DRITHSX.SN)'
[21:04:20] [INFO] testing 'SQLite AND boolean-based blind - WHERE, HAVING, GROUP BY or HAVING clause (JSON)'
[21:04:48] [INFO] testing 'Boolean-based blind - Parameter replace (original value)'
[21:04:50] [INFO] testing 'Boolean-based blind - Parameter replace (DUAL)'
[21:04:53] [INFO] testing 'Boolean-based blind - Parameter replace (CASE)'
[21:04:55] [INFO] testing 'MySQL >= 5.0 boolean-based blind - ORDER BY, GROUP BY clause'
[21:04:58] [INFO] testing 'PostgreSQL boolean-based blind - ORDER BY, GROUP BY clause'
[21:05:00] [INFO] testing 'MySQL >= 5.0 AND error-based - WHERE, HAVING, ORDER BY or GROUP BY clause (FLOOR)'
[21:05:09] [INFO] testing 'MySQL >= 5.1 AND error-based - WHERE, HAVING, ORDER BY or GROUP BY clause (EXTRACTVALUE)'
[21:05:18] [INFO] testing 'PostgreSQL AND error-based - WHERE or HAVING clause'
[21:05:27] [INFO] testing 'Microsoft SQL Server/Sybase AND error-based - WHERE or HAVING clause (IN)'
[21:05:36] [INFO] testing 'Microsoft SQL Server/Sybase AND error-based - WHERE or HAVING clause (CONVERT)'
[21:05:46] [INFO] testing 'Microsoft SQL Server/Sybase AND error-based - WHERE or HAVING clause (CONCAT)'
[21:06:01] [INFO] testing 'Oracle AND error-based - WHERE or HAVING clause (XMLType)'
[21:06:10] [INFO] testing 'Oracle AND error-based - WHERE or HAVING clause (UTL_INADDR.GET_HOST_ADDRESS)'
[21:06:19] [INFO] testing 'MySQL >= 5.1 error-based - PROCEDURE ANALYSE (EXTRACTVALUE)'
[21:06:28] [INFO] testing 'MySQL >= 5.0 error-based - Parameter replace (FLOOR)'
[21:06:29] [INFO] testing 'MySQL >= 5.1 error-based - Parameter replace (EXTRACTVALUE)'
[21:06:30] [INFO] testing 'PostgreSQL error-based - Parameter replace'
[21:06:31] [INFO] testing 'Microsoft SQL Server/Sybase error-based - Stacking (EXEC)'
[21:06:37] [INFO] testing 'Generic inline queries'
[21:06:38] [INFO] testing 'MySQL inline queries'
[21:06:39] [INFO] testing 'PostgreSQL inline queries'
[21:06:39] [INFO] testing 'Microsoft SQL Server/Sybase inline queries'
[21:06:40] [INFO] testing 'Oracle inline queries'
[21:06:41] [INFO] testing 'MySQL >= 5.0.12 stacked queries (comment)'
[21:06:47] [INFO] testing 'PostgreSQL > 8.1 stacked queries (comment)'
[21:06:54] [INFO] testing 'PostgreSQL stacked queries (heavy query - comment)'
[21:07:01] [INFO] testing 'Microsoft SQL Server/Sybase stacked queries (comment)'
[21:07:07] [INFO] testing 'Microsoft SQL Server/Sybase stacked queries (DECLARE - comment)'
[21:07:14] [INFO] testing 'Oracle stacked queries (DBMS_PIPE.RECEIVE_MESSAGE - comment)'
[21:07:21] [INFO] testing 'Oracle stacked queries (heavy query - comment)'
[21:07:27] [INFO] testing 'MySQL >= 5.0.12 AND time-based blind (query SLEEP)'
[21:07:36] [INFO] testing 'MySQL >= 5.0.12 AND time-based blind (SLEEP)'
[21:07:45] [INFO] testing 'MySQL < 5.0.12 AND time-based blind (BENCHMARK)'
[21:07:54] [INFO] testing 'MySQL >= 5.0.12 RLIKE time-based blind'
[21:08:03] [INFO] testing 'PostgreSQL > 8.1 AND time-based blind'
[21:08:12] [INFO] testing 'PostgreSQL AND time-based blind (heavy query)'
[21:08:20] [INFO] testing 'Microsoft SQL Server/Sybase time-based blind (IF)'
[21:08:30] [INFO] testing 'Microsoft SQL Server/Sybase AND time-based blind (heavy query)'
[21:08:39] [INFO] testing 'Oracle AND time-based blind'
[21:08:48] [INFO] testing 'Oracle AND time-based blind (heavy query)'
[21:08:57] [INFO] testing 'Informix AND time-based blind (heavy query)'
[21:09:05] [INFO] testing 'MySQL >= 5.0.12 time-based blind - Parameter replace'
[21:09:06] [INFO] testing 'Generic UNION query (NULL) - 1 to 10 columns'
[21:09:24] [INFO] testing 'MySQL UNION query (NULL) - 1 to 10 columns'
[21:09:42] [WARNING] POST parameter 'password-security' does not seem to be injectable
[21:09:42] [INFO] testing if POST parameter '_wp_http_referer' is dynamic
[21:09:43] [WARNING] POST parameter '_wp_http_referer' does not appear to be dynamic
[21:09:44] [WARNING] heuristic (basic) test shows that POST parameter '_wp_http_referer' might not be injectable
[21:09:44] [INFO] testing for SQL injection on POST parameter '_wp_http_referer'
[21:09:44] [INFO] testing 'AND boolean-based blind - WHERE or HAVING clause'
[21:10:11] [INFO] testing 'AND boolean-based blind - WHERE or HAVING clause (subquery - comment)'
[21:10:32] [INFO] testing 'AND boolean-based blind - WHERE or HAVING clause (comment)'
[21:10:49] [INFO] testing 'MySQL RLIKE boolean-based blind - WHERE, HAVING, ORDER BY or GROUP BY clause'
[21:11:20] [INFO] testing 'PostgreSQL AND boolean-based blind - WHERE or HAVING clause (CAST)'
[21:11:48] [INFO] testing 'Oracle AND boolean-based blind - WHERE or HAVING clause (CTXSYS.DRITHSX.SN)'
[21:12:15] [INFO] testing 'SQLite AND boolean-based blind - WHERE, HAVING, GROUP BY or HAVING clause (JSON)'
[21:12:42] [INFO] testing 'Boolean-based blind - Parameter replace (original value)'
[21:12:44] [INFO] testing 'Boolean-based blind - Parameter replace (DUAL)'
[21:12:46] [INFO] testing 'Boolean-based blind - Parameter replace (CASE)'
[21:12:49] [INFO] testing 'MySQL >= 5.0 boolean-based blind - ORDER BY, GROUP BY clause'
[21:12:51] [INFO] testing 'PostgreSQL boolean-based blind - ORDER BY, GROUP BY clause'
[21:12:53] [INFO] testing 'MySQL >= 5.0 AND error-based - WHERE, HAVING, ORDER BY or GROUP BY clause (FLOOR)'
[21:13:02] [INFO] testing 'MySQL >= 5.1 AND error-based - WHERE, HAVING, ORDER BY or GROUP BY clause (EXTRACTVALUE)'
[21:13:11] [INFO] testing 'PostgreSQL AND error-based - WHERE or HAVING clause'
[21:13:20] [INFO] testing 'Microsoft SQL Server/Sybase AND error-based - WHERE or HAVING clause (IN)'
[21:13:29] [INFO] testing 'Microsoft SQL Server/Sybase AND error-based - WHERE or HAVING clause (CONVERT)'
[21:13:37] [INFO] testing 'Microsoft SQL Server/Sybase AND error-based - WHERE or HAVING clause (CONCAT)'
[21:13:46] [INFO] testing 'Oracle AND error-based - WHERE or HAVING clause (XMLType)'
[21:13:54] [INFO] testing 'Oracle AND error-based - WHERE or HAVING clause (UTL_INADDR.GET_HOST_ADDRESS)'
[21:14:03] [INFO] testing 'MySQL >= 5.1 error-based - PROCEDURE ANALYSE (EXTRACTVALUE)'
[21:14:12] [INFO] testing 'MySQL >= 5.0 error-based - Parameter replace (FLOOR)'
[21:14:13] [INFO] testing 'MySQL >= 5.1 error-based - Parameter replace (EXTRACTVALUE)'
[21:14:14] [INFO] testing 'PostgreSQL error-based - Parameter replace'
[21:14:14] [INFO] testing 'Microsoft SQL Server/Sybase error-based - Stacking (EXEC)'
[21:14:21] [INFO] testing 'Generic inline queries'
[21:14:21] [INFO] testing 'MySQL inline queries'
[21:14:22] [INFO] testing 'PostgreSQL inline queries'
[21:14:23] [INFO] testing 'Microsoft SQL Server/Sybase inline queries'
[21:14:24] [INFO] testing 'Oracle inline queries'
[21:14:24] [INFO] testing 'MySQL >= 5.0.12 stacked queries (comment)'
[21:14:31] [INFO] testing 'PostgreSQL > 8.1 stacked queries (comment)'
[21:14:38] [INFO] testing 'PostgreSQL stacked queries (heavy query - comment)'
[21:14:44] [INFO] testing 'Microsoft SQL Server/Sybase stacked queries (comment)'
[21:14:50] [INFO] testing 'Microsoft SQL Server/Sybase stacked queries (DECLARE - comment)'
[21:14:57] [INFO] testing 'Oracle stacked queries (DBMS_PIPE.RECEIVE_MESSAGE - comment)'
[21:15:04] [INFO] testing 'Oracle stacked queries (heavy query - comment)'
[21:15:10] [INFO] testing 'MySQL >= 5.0.12 AND time-based blind (query SLEEP)'
[21:15:21] [INFO] testing 'MySQL >= 5.0.12 AND time-based blind (SLEEP)'
[21:15:30] [INFO] testing 'MySQL < 5.0.12 AND time-based blind (BENCHMARK)'
[21:15:39] [INFO] testing 'MySQL >= 5.0.12 RLIKE time-based blind'
[21:15:48] [INFO] testing 'PostgreSQL > 8.1 AND time-based blind'
[21:15:57] [INFO] testing 'PostgreSQL AND time-based blind (heavy query)'
[21:16:05] [INFO] testing 'Microsoft SQL Server/Sybase time-based blind (IF)'
[21:16:14] [INFO] testing 'Microsoft SQL Server/Sybase AND time-based blind (heavy query)'
[21:16:24] [INFO] testing 'Oracle AND time-based blind'
[21:16:33] [INFO] testing 'Oracle AND time-based blind (heavy query)'
[21:16:42] [INFO] testing 'Informix AND time-based blind (heavy query)'
[21:16:51] [INFO] testing 'MySQL >= 5.0.12 time-based blind - Parameter replace'
[21:16:51] [INFO] testing 'Generic UNION query (NULL) - 1 to 10 columns'
[21:17:10] [INFO] testing 'MySQL UNION query (NULL) - 1 to 10 columns'
[21:17:29] [WARNING] POST parameter '_wp_http_referer' does not seem to be injectable
[21:17:29] [ERROR] all tested parameters do not appear to be injectable. Try to increase values for '--level'/'--risk' options if you wish to perform more tests. If you suspect that there is some kind of protection mechanism involved (e.g. WAF) maybe you could try to use option '--tamper' (e.g. '--tamper=space2comment'), skipping to the next target
[2/7] Form:
POST https://kaltokan.com/
POST data: wpst_user_login=&wpst_user_pass=&action=wpst_login_member&login-security=df427510c6&_wp_http_referer=%2F
do you want to test this form? [Y/n/q] 
> Y
Edit POST data [default: wpst_user_login=&wpst_user_pass=&action=wpst_login_member&login-security=df427510c6&_wp_http_referer=%2F] (Warning: blank fields detected): wpst_user_login=&wpst_user_pass=&action=wpst_login_member&login-security=df427510c6&_wp_http_referer=/
do you want to fill blank fields with random values? [Y/n] Y
[21:17:30] [INFO] checking if the target is protected by some kind of WAF/IPS
[21:17:32] [WARNING] reflective value(s) found and filtering out
[21:17:32] [INFO] testing if the target URL content is stable
[21:17:33] [WARNING] target URL content is not stable (i.e. content differs). sqlmap will base the page comparison on a sequence matcher. If no dynamic nor injectable parameters are detected, or in case of junk results, refer to user's manual paragraph 'Page comparison'
how do you want to proceed? [(C)ontinue/(s)tring/(r)egex/(q)uit] C
[21:17:33] [INFO] testing if POST parameter 'wpst_user_login' is dynamic
[21:17:34] [WARNING] POST parameter 'wpst_user_login' does not appear to be dynamic
[21:17:36] [WARNING] heuristic (basic) test shows that POST parameter 'wpst_user_login' might not be injectable
[21:17:37] [INFO] testing for SQL injection on POST parameter 'wpst_user_login'
[21:17:37] [INFO] testing 'AND boolean-based blind - WHERE or HAVING clause'
[21:18:08] [INFO] testing 'AND boolean-based blind - WHERE or HAVING clause (subquery - comment)'
[21:18:33] [INFO] testing 'AND boolean-based blind - WHERE or HAVING clause (comment)'
[21:18:51] [INFO] testing 'MySQL RLIKE boolean-based blind - WHERE, HAVING, ORDER BY or GROUP BY clause'
[21:19:20] [INFO] testing 'PostgreSQL AND boolean-based blind - WHERE or HAVING clause (CAST)'
[21:19:47] [INFO] testing 'Oracle AND boolean-based blind - WHERE or HAVING clause (CTXSYS.DRITHSX.SN)'
[21:20:15] [INFO] testing 'SQLite AND boolean-based blind - WHERE, HAVING, GROUP BY or HAVING clause (JSON)'
[21:20:42] [INFO] testing 'Boolean-based blind - Parameter replace (original value)'
[21:20:44] [INFO] testing 'Boolean-based blind - Parameter replace (DUAL)'
[21:20:47] [INFO] testing 'Boolean-based blind - Parameter replace (CASE)'
[21:20:49] [INFO] testing 'MySQL >= 5.0 boolean-based blind - ORDER BY, GROUP BY clause'
[21:20:51] [INFO] testing 'PostgreSQL boolean-based blind - ORDER BY, GROUP BY clause'
[21:20:54] [INFO] testing 'MySQL >= 5.0 AND error-based - WHERE, HAVING, ORDER BY or GROUP BY clause (FLOOR)'
[21:21:02] [INFO] testing 'MySQL >= 5.1 AND error-based - WHERE, HAVING, ORDER BY or GROUP BY clause (EXTRACTVALUE)'
[21:21:11] [INFO] testing 'PostgreSQL AND error-based - WHERE or HAVING clause'
[21:21:20] [INFO] testing 'Microsoft SQL Server/Sybase AND error-based - WHERE or HAVING clause (IN)'
[21:21:29] [INFO] testing 'Microsoft SQL Server/Sybase AND error-based - WHERE or HAVING clause (CONVERT)'
[21:21:37] [INFO] testing 'Microsoft SQL Server/Sybase AND error-based - WHERE or HAVING clause (CONCAT)'
[21:21:46] [INFO] testing 'Oracle AND error-based - WHERE or HAVING clause (XMLType)'
[21:21:55] [INFO] testing 'Oracle AND error-based - WHERE or HAVING clause (UTL_INADDR.GET_HOST_ADDRESS)'
[21:22:04] [INFO] testing 'MySQL >= 5.1 error-based - PROCEDURE ANALYSE (EXTRACTVALUE)'
[21:22:12] [INFO] testing 'MySQL >= 5.0 error-based - Parameter replace (FLOOR)'
[21:22:13] [INFO] testing 'MySQL >= 5.1 error-based - Parameter replace (EXTRACTVALUE)'
[21:22:14] [INFO] testing 'PostgreSQL error-based - Parameter replace'
[21:22:15] [INFO] testing 'Microsoft SQL Server/Sybase error-based - Stacking (EXEC)'
[21:22:21] [INFO] testing 'Generic inline queries'
[21:22:22] [INFO] testing 'MySQL inline queries'
[21:22:23] [INFO] testing 'PostgreSQL inline queries'
[21:22:23] [INFO] testing 'Microsoft SQL Server/Sybase inline queries'
[21:22:24] [INFO] testing 'Oracle inline queries'
[21:22:25] [INFO] testing 'MySQL >= 5.0.12 stacked queries (comment)'
[21:22:31] [INFO] testing 'PostgreSQL > 8.1 stacked queries (comment)'
[21:22:38] [INFO] testing 'PostgreSQL stacked queries (heavy query - comment)'
[21:22:44] [INFO] testing 'Microsoft SQL Server/Sybase stacked queries (comment)'
[21:22:51] [INFO] testing 'Microsoft SQL Server/Sybase stacked queries (DECLARE - comment)'
[21:22:57] [INFO] testing 'Oracle stacked queries (DBMS_PIPE.RECEIVE_MESSAGE - comment)'
[21:23:04] [INFO] testing 'Oracle stacked queries (heavy query - comment)'
[21:23:12] [INFO] testing 'MySQL >= 5.0.12 AND time-based blind (query SLEEP)'
[21:23:20] [INFO] testing 'MySQL >= 5.0.12 AND time-based blind (SLEEP)'
[21:23:29] [INFO] testing 'MySQL < 5.0.12 AND time-based blind (BENCHMARK)'
[21:23:38] [INFO] testing 'MySQL >= 5.0.12 RLIKE time-based blind'
[21:23:47] [INFO] testing 'PostgreSQL > 8.1 AND time-based blind'
[21:23:56] [INFO] testing 'PostgreSQL AND time-based blind (heavy query)'
[21:24:04] [INFO] testing 'Microsoft SQL Server/Sybase time-based blind (IF)'
[21:24:13] [INFO] testing 'Microsoft SQL Server/Sybase AND time-based blind (heavy query)'
[21:24:22] [INFO] testing 'Oracle AND time-based blind'
[21:24:30] [INFO] testing 'Oracle AND time-based blind (heavy query)'
[21:24:39] [INFO] testing 'Informix AND time-based blind (heavy query)'
[21:24:48] [INFO] testing 'MySQL >= 5.0.12 time-based blind - Parameter replace'
it is recommended to perform only basic UNION tests if there is not at least one other (potential) technique found. Do you want to reduce the number of requests? [Y/n] Y
[21:24:49] [INFO] testing 'Generic UNION query (NULL) - 1 to 10 columns'
[21:25:07] [INFO] testing 'MySQL UNION query (NULL) - 1 to 10 columns'
[21:25:25] [WARNING] POST parameter 'wpst_user_login' does not seem to be injectable
[21:25:25] [INFO] testing if POST parameter 'wpst_user_pass' is dynamic
[21:25:26] [WARNING] POST parameter 'wpst_user_pass' does not appear to be dynamic
[21:25:27] [WARNING] heuristic (basic) test shows that POST parameter 'wpst_user_pass' might not be injectable
[21:25:28] [INFO] testing for SQL injection on POST parameter 'wpst_user_pass'
[21:25:28] [INFO] testing 'AND boolean-based blind - WHERE or HAVING clause'
[21:25:55] [INFO] testing 'AND boolean-based blind - WHERE or HAVING clause (subquery - comment)'
[21:26:15] [INFO] testing 'AND boolean-based blind - WHERE or HAVING clause (comment)'
[21:26:33] [INFO] testing 'MySQL RLIKE boolean-based blind - WHERE, HAVING, ORDER BY or GROUP BY clause'
[21:26:59] [INFO] testing 'PostgreSQL AND boolean-based blind - WHERE or HAVING clause (CAST)'
[21:27:26] [INFO] testing 'Oracle AND boolean-based blind - WHERE or HAVING clause (CTXSYS.DRITHSX.SN)'
[21:27:54] [INFO] testing 'SQLite AND boolean-based blind - WHERE, HAVING, GROUP BY or HAVING clause (JSON)'
[21:28:20] [INFO] testing 'Boolean-based blind - Parameter replace (original value)'
[21:28:22] [INFO] testing 'Boolean-based blind - Parameter replace (DUAL)'
[21:28:25] [INFO] testing 'Boolean-based blind - Parameter replace (CASE)'
[21:28:27] [INFO] testing 'MySQL >= 5.0 boolean-based blind - ORDER BY, GROUP BY clause'
[21:28:29] [INFO] testing 'PostgreSQL boolean-based blind - ORDER BY, GROUP BY clause'
[21:28:31] [INFO] testing 'MySQL >= 5.0 AND error-based - WHERE, HAVING, ORDER BY or GROUP BY clause (FLOOR)'
[21:28:39] [INFO] testing 'MySQL >= 5.1 AND error-based - WHERE, HAVING, ORDER BY or GROUP BY clause (EXTRACTVALUE)'
[21:28:48] [INFO] testing 'PostgreSQL AND error-based - WHERE or HAVING clause'
[21:28:57] [INFO] testing 'Microsoft SQL Server/Sybase AND error-based - WHERE or HAVING clause (IN)'
[21:29:05] [INFO] testing 'Microsoft SQL Server/Sybase AND error-based - WHERE or HAVING clause (CONVERT)'
[21:29:14] [INFO] testing 'Microsoft SQL Server/Sybase AND error-based - WHERE or HAVING clause (CONCAT)'
[21:29:23] [INFO] testing 'Oracle AND error-based - WHERE or HAVING clause (XMLType)'
[21:29:31] [INFO] testing 'Oracle AND error-based - WHERE or HAVING clause (UTL_INADDR.GET_HOST_ADDRESS)'
[21:29:40] [INFO] testing 'MySQL >= 5.1 error-based - PROCEDURE ANALYSE (EXTRACTVALUE)'
[21:29:49] [INFO] testing 'MySQL >= 5.0 error-based - Parameter replace (FLOOR)'
[21:29:50] [INFO] testing 'MySQL >= 5.1 error-based - Parameter replace (EXTRACTVALUE)'
[21:29:51] [INFO] testing 'PostgreSQL error-based - Parameter replace'
[21:29:51] [INFO] testing 'Microsoft SQL Server/Sybase error-based - Stacking (EXEC)'
[21:29:58] [INFO] testing 'Generic inline queries'
[21:29:59] [INFO] testing 'MySQL inline queries'
[21:29:59] [INFO] testing 'PostgreSQL inline queries'
[21:30:00] [INFO] testing 'Microsoft SQL Server/Sybase inline queries'
[21:30:01] [INFO] testing 'Oracle inline queries'
[21:30:01] [INFO] testing 'MySQL >= 5.0.12 stacked queries (comment)'
[21:30:08] [INFO] testing 'PostgreSQL > 8.1 stacked queries (comment)'
[21:30:15] [INFO] testing 'PostgreSQL stacked queries (heavy query - comment)'
[21:30:21] [INFO] testing 'Microsoft SQL Server/Sybase stacked queries (comment)'
[21:30:28] [INFO] testing 'Microsoft SQL Server/Sybase stacked queries (DECLARE - comment)'
[21:30:35] [INFO] testing 'Oracle stacked queries (DBMS_PIPE.RECEIVE_MESSAGE - comment)'
[21:30:41] [INFO] testing 'Oracle stacked queries (heavy query - comment)'
[21:30:47] [INFO] testing 'MySQL >= 5.0.12 AND time-based blind (query SLEEP)'
[21:30:56] [INFO] testing 'MySQL >= 5.0.12 AND time-based blind (SLEEP)'
[21:31:04] [INFO] testing 'MySQL < 5.0.12 AND time-based blind (BENCHMARK)'
[21:31:13] [INFO] testing 'MySQL >= 5.0.12 RLIKE time-based blind'
[21:31:21] [INFO] testing 'PostgreSQL > 8.1 AND time-based blind'
[21:31:30] [INFO] testing 'PostgreSQL AND time-based blind (heavy query)'
[21:31:38] [INFO] testing 'Microsoft SQL Server/Sybase time-based blind (IF)'
[21:31:47] [INFO] testing 'Microsoft SQL Server/Sybase AND time-based blind (heavy query)'
[21:31:55] [INFO] testing 'Oracle AND time-based blind'
[21:32:04] [INFO] testing 'Oracle AND time-based blind (heavy query)'
[21:32:12] [INFO] testing 'Informix AND time-based blind (heavy query)'
[21:32:21] [INFO] testing 'MySQL >= 5.0.12 time-based blind - Parameter replace'
[21:32:22] [INFO] testing 'Generic UNION query (NULL) - 1 to 10 columns'
[21:32:39] [INFO] testing 'MySQL UNION query (NULL) - 1 to 10 columns'
[21:32:57] [WARNING] POST parameter 'wpst_user_pass' does not seem to be injectable
[21:32:57] [INFO] skipping previously processed POST parameter 'action'
[21:32:57] [INFO] testing if POST parameter 'login-security' is dynamic
[21:32:58] [WARNING] POST parameter 'login-security' does not appear to be dynamic
[21:32:59] [WARNING] heuristic (basic) test shows that POST parameter 'login-security' might not be injectable
[21:32:59] [INFO] testing for SQL injection on POST parameter 'login-security'
[21:32:59] [INFO] testing 'AND boolean-based blind - WHERE or HAVING clause'
[21:33:26] [INFO] testing 'AND boolean-based blind - WHERE or HAVING clause (subquery - comment)'
[21:33:46] [INFO] testing 'AND boolean-based blind - WHERE or HAVING clause (comment)'
[21:34:03] [INFO] testing 'MySQL RLIKE boolean-based blind - WHERE, HAVING, ORDER BY or GROUP BY clause'
[21:34:30] [INFO] testing 'PostgreSQL AND boolean-based blind - WHERE or HAVING clause (CAST)'
[21:34:56] [INFO] testing 'Oracle AND boolean-based blind - WHERE or HAVING clause (CTXSYS.DRITHSX.SN)'
[21:35:23] [INFO] testing 'SQLite AND boolean-based blind - WHERE, HAVING, GROUP BY or HAVING clause (JSON)'
[21:35:50] [INFO] testing 'Boolean-based blind - Parameter replace (original value)'
[21:35:53] [INFO] testing 'Boolean-based blind - Parameter replace (DUAL)'
[21:35:55] [INFO] testing 'Boolean-based blind - Parameter replace (CASE)'
[21:35:57] [INFO] testing 'MySQL >= 5.0 boolean-based blind - ORDER BY, GROUP BY clause'
[21:35:59] [INFO] testing 'PostgreSQL boolean-based blind - ORDER BY, GROUP BY clause'
[21:36:01] [INFO] testing 'MySQL >= 5.0 AND error-based - WHERE, HAVING, ORDER BY or GROUP BY clause (FLOOR)'
[21:36:10] [INFO] testing 'MySQL >= 5.1 AND error-based - WHERE, HAVING, ORDER BY or GROUP BY clause (EXTRACTVALUE)'
[21:36:18] [INFO] testing 'PostgreSQL AND error-based - WHERE or HAVING clause'
[21:36:27] [INFO] testing 'Microsoft SQL Server/Sybase AND error-based - WHERE or HAVING clause (IN)'
[21:36:36] [INFO] testing 'Microsoft SQL Server/Sybase AND error-based - WHERE or HAVING clause (CONVERT)'
[21:36:45] [INFO] testing 'Microsoft SQL Server/Sybase AND error-based - WHERE or HAVING clause (CONCAT)'
[21:36:53] [INFO] testing 'Oracle AND error-based - WHERE or HAVING clause (XMLType)'
[21:37:02] [INFO] testing 'Oracle AND error-based - WHERE or HAVING clause (UTL_INADDR.GET_HOST_ADDRESS)'
[21:37:10] [INFO] testing 'MySQL >= 5.1 error-based - PROCEDURE ANALYSE (EXTRACTVALUE)'
[21:37:19] [INFO] testing 'MySQL >= 5.0 error-based - Parameter replace (FLOOR)'
[21:37:20] [INFO] testing 'MySQL >= 5.1 error-based - Parameter replace (EXTRACTVALUE)'
[21:37:21] [INFO] testing 'PostgreSQL error-based - Parameter replace'
[21:37:21] [INFO] testing 'Microsoft SQL Server/Sybase error-based - Stacking (EXEC)'
[21:37:28] [INFO] testing 'Generic inline queries'
[21:37:29] [INFO] testing 'MySQL inline queries'
[21:37:29] [INFO] testing 'PostgreSQL inline queries'
[21:37:30] [INFO] testing 'Microsoft SQL Server/Sybase inline queries'
[21:37:31] [INFO] testing 'Oracle inline queries'
[21:37:32] [INFO] testing 'MySQL >= 5.0.12 stacked queries (comment)'
[21:37:38] [INFO] testing 'PostgreSQL > 8.1 stacked queries (comment)'
[21:37:45] [INFO] testing 'PostgreSQL stacked queries (heavy query - comment)'
[21:37:51] [INFO] testing 'Microsoft SQL Server/Sybase stacked queries (comment)'
[21:37:58] [INFO] testing 'Microsoft SQL Server/Sybase stacked queries (DECLARE - comment)'
[21:38:04] [INFO] testing 'Oracle stacked queries (DBMS_PIPE.RECEIVE_MESSAGE - comment)'
[21:38:11] [INFO] testing 'Oracle stacked queries (heavy query - comment)'
[21:38:17] [INFO] testing 'MySQL >= 5.0.12 AND time-based blind (query SLEEP)'
[21:38:25] [INFO] testing 'MySQL >= 5.0.12 AND time-based blind (SLEEP)'
[21:38:34] [INFO] testing 'MySQL < 5.0.12 AND time-based blind (BENCHMARK)'
[21:38:42] [INFO] testing 'MySQL >= 5.0.12 RLIKE time-based blind'
[21:38:50] [INFO] testing 'PostgreSQL > 8.1 AND time-based blind'
[21:38:59] [INFO] testing 'PostgreSQL AND time-based blind (heavy query)'
[21:39:09] [INFO] testing 'Microsoft SQL Server/Sybase time-based blind (IF)'
[21:39:18] [INFO] testing 'Microsoft SQL Server/Sybase AND time-based blind (heavy query)'
[21:39:27] [INFO] testing 'Oracle AND time-based blind'
[21:39:35] [INFO] testing 'Oracle AND time-based blind (heavy query)'
[21:39:44] [INFO] testing 'Informix AND time-based blind (heavy query)'
[21:39:53] [INFO] testing 'MySQL >= 5.0.12 time-based blind - Parameter replace'
[21:39:53] [INFO] testing 'Generic UNION query (NULL) - 1 to 10 columns'
[21:40:11] [INFO] testing 'MySQL UNION query (NULL) - 1 to 10 columns'
[21:40:28] [WARNING] POST parameter 'login-security' does not seem to be injectable
[21:40:28] [INFO] skipping previously processed POST parameter '_wp_http_referer'
[21:40:28] [ERROR] all tested parameters do not appear to be injectable. Try to increase values for '--level'/'--risk' options if you wish to perform more tests. If you suspect that there is some kind of protection mechanism involved (e.g. WAF) maybe you could try to use option '--tamper' (e.g. '--tamper=space2comment'), skipping to the next target
[3/7] Form:
GET https://kaltokan.com/?s=Search...
do you want to test this form? [Y/n/q] 
> Y
Edit GET data [default: s=Search...]: s=Search...
[21:40:30] [INFO] checking if the target is protected by some kind of WAF/IPS
[21:40:31] [WARNING] reflective value(s) found and filtering out
[21:40:31] [INFO] testing if the target URL content is stable
[21:40:33] [WARNING] target URL content is not stable (i.e. content differs). sqlmap will base the page comparison on a sequence matcher. If no dynamic nor injectable parameters are detected, or in case of junk results, refer to user's manual paragraph 'Page comparison'
how do you want to proceed? [(C)ontinue/(s)tring/(r)egex/(q)uit] C
[21:40:33] [INFO] testing if GET parameter 's' is dynamic
[21:40:34] [WARNING] GET parameter 's' does not appear to be dynamic
[21:40:35] [WARNING] heuristic (basic) test shows that GET parameter 's' might not be injectable
[21:40:36] [INFO] testing for SQL injection on GET parameter 's'
[21:40:36] [INFO] testing 'AND boolean-based blind - WHERE or HAVING clause'
[21:40:53] [INFO] testing 'AND boolean-based blind - WHERE or HAVING clause (subquery - comment)'
[21:41:04] [INFO] testing 'AND boolean-based blind - WHERE or HAVING clause (comment)'
[21:41:14] [INFO] testing 'MySQL RLIKE boolean-based blind - WHERE, HAVING, ORDER BY or GROUP BY clause'
[21:41:28] [INFO] testing 'PostgreSQL AND boolean-based blind - WHERE or HAVING clause (CAST)'
[21:41:43] [INFO] testing 'Oracle AND boolean-based blind - WHERE or HAVING clause (CTXSYS.DRITHSX.SN)'
[21:41:58] [INFO] testing 'SQLite AND boolean-based blind - WHERE, HAVING, GROUP BY or HAVING clause (JSON)'
[21:42:13] [INFO] testing 'Boolean-based blind - Parameter replace (original value)'
[21:42:15] [INFO] testing 'Boolean-based blind - Parameter replace (DUAL)'
[21:42:16] [INFO] testing 'Boolean-based blind - Parameter replace (CASE)'
[21:42:17] [INFO] testing 'MySQL >= 5.0 boolean-based blind - ORDER BY, GROUP BY clause'
[21:42:18] [INFO] testing 'PostgreSQL boolean-based blind - ORDER BY, GROUP BY clause'
[21:42:19] [INFO] testing 'MySQL >= 5.0 AND error-based - WHERE, HAVING, ORDER BY or GROUP BY clause (FLOOR)'
[21:42:27] [INFO] testing 'MySQL >= 5.1 AND error-based - WHERE, HAVING, ORDER BY or GROUP BY clause (EXTRACTVALUE)'
[21:42:34] [INFO] testing 'PostgreSQL AND error-based - WHERE or HAVING clause'
[21:42:41] [INFO] testing 'Microsoft SQL Server/Sybase AND error-based - WHERE or HAVING clause (IN)'
[21:42:49] [INFO] testing 'Microsoft SQL Server/Sybase AND error-based - WHERE or HAVING clause (CONVERT)'
[21:42:57] [INFO] testing 'Microsoft SQL Server/Sybase AND error-based - WHERE or HAVING clause (CONCAT)'
[21:43:04] [INFO] testing 'Oracle AND error-based - WHERE or HAVING clause (XMLType)'
[21:43:12] [INFO] testing 'Oracle AND error-based - WHERE or HAVING clause (UTL_INADDR.GET_HOST_ADDRESS)'
[21:43:19] [INFO] testing 'MySQL >= 5.1 error-based - PROCEDURE ANALYSE (EXTRACTVALUE)'
[21:43:26] [INFO] testing 'MySQL >= 5.0 error-based - Parameter replace (FLOOR)'
[21:43:27] [INFO] testing 'MySQL >= 5.1 error-based - Parameter replace (EXTRACTVALUE)'
[21:43:28] [INFO] testing 'PostgreSQL error-based - Parameter replace'
[21:43:28] [INFO] testing 'Microsoft SQL Server/Sybase error-based - Stacking (EXEC)'
[21:43:33] [INFO] testing 'Generic inline queries'
[21:43:34] [INFO] testing 'MySQL inline queries'
[21:43:35] [INFO] testing 'PostgreSQL inline queries'
[21:43:36] [INFO] testing 'Microsoft SQL Server/Sybase inline queries'
[21:43:36] [INFO] testing 'Oracle inline queries'
[21:43:37] [INFO] testing 'MySQL >= 5.0.12 stacked queries (comment)'
[21:43:43] [INFO] testing 'PostgreSQL > 8.1 stacked queries (comment)'
[21:43:49] [INFO] testing 'PostgreSQL stacked queries (heavy query - comment)'
[21:43:54] [INFO] testing 'Microsoft SQL Server/Sybase stacked queries (comment)'
[21:44:00] [INFO] testing 'Microsoft SQL Server/Sybase stacked queries (DECLARE - comment)'
[21:44:06] [INFO] testing 'Oracle stacked queries (DBMS_PIPE.RECEIVE_MESSAGE - comment)'
[21:44:13] [INFO] testing 'Oracle stacked queries (heavy query - comment)'
[21:44:19] [INFO] testing 'MySQL >= 5.0.12 AND time-based blind (query SLEEP)'
[21:44:26] [INFO] testing 'MySQL >= 5.0.12 AND time-based blind (SLEEP)'
[21:44:34] [INFO] testing 'MySQL < 5.0.12 AND time-based blind (BENCHMARK)'
[21:44:44] [INFO] testing 'MySQL >= 5.0.12 RLIKE time-based blind'
[21:44:51] [INFO] testing 'PostgreSQL > 8.1 AND time-based blind'
[21:44:59] [INFO] testing 'PostgreSQL AND time-based blind (heavy query)'
[21:45:07] [INFO] testing 'Microsoft SQL Server/Sybase time-based blind (IF)'
[21:45:14] [INFO] testing 'Microsoft SQL Server/Sybase AND time-based blind (heavy query)'
[21:45:22] [INFO] testing 'Oracle AND time-based blind'
[21:45:30] [INFO] testing 'Oracle AND time-based blind (heavy query)'
[21:45:38] [INFO] testing 'Informix AND time-based blind (heavy query)'
[21:45:46] [INFO] testing 'MySQL >= 5.0.12 time-based blind - Parameter replace'
it is recommended to perform only basic UNION tests if there is not at least one other (potential) technique found. Do you want to reduce the number of requests? [Y/n] Y
[21:45:46] [INFO] testing 'Generic UNION query (NULL) - 1 to 10 columns'
[21:45:48] [INFO] 'ORDER BY' technique appears to be usable. This should reduce the time needed to find the right number of query columns. Automatically extending the range for current UNION query injection technique test
[21:47:15] [INFO] target URL appears to have 999 columns in query
[21:47:15] [WARNING] applying generic concatenation (CONCAT)
injection not exploitable with NULL values. Do you want to try with a random integer value for option '--union-char'? [Y/n] Y
