        ___
       __H__
 ___ ___[,]_____ ___ ___  {1.10.2#pip}
|_ -| . [(]     | .'| . |
|___|_  [']_|_|_|__,|  _|
      |_|V...       |_|   https://sqlmap.org

[!] legal disclaimer: Usage of sqlmap for attacking targets without prior mutual consent is illegal. It is the end user's responsibility to obey all applicable local, state and federal laws. Developers assume no liability and are not responsible for any misuse or damage caused by this program

[*] starting @ 21:21:45 /2026-02-24/

[21:21:45] [WARNING] using '/mnt/c/Users/awad/Downloads/pyarmor/auto_PenTest/web_recon_dataset/sqlmap_scan_20260224_212136' as the output directory
[21:21:45] [INFO] fetched random HTTP User-Agent header value 'Mozilla/5.0 (X11; Linux x86_64) AppleWebKit/537.36 (KHTML, like Gecko) Chrome/138.0.0.0 Safari/537.36' from file '/mnt/c/Users/awad/Downloads/pyarmor/auto_PenTest/autoPenTest/lib/python3.13/site-packages/sqlmap/data/txt/user-agents.txt'
do you want to check for the existence of site's sitemap(.xml) [y/N] N
[21:21:45] [INFO] starting crawler for target URL 'https://ipsar.chi.gov.sa/?id=FUZZ'
[21:21:45] [INFO] searching for links with depth 1
[21:21:45] [INFO] starting 2 threads
[21:23:45] [CRITICAL] connection exception detected ('can't establish SSL connection'). skipping URL 'https://ipsar.chi.gov.sa/?id=FUZZ'
[21:23:45] [CRITICAL] connection exception detected ('can't establish SSL connection'). skipping URL 'https://ipsar.chi.gov.sa'
do you want to normalize crawling results [Y/n] Y
do you want to store crawling results to a temporary file for eventual further processing with other tools [y/N] N
[1/1] URL:
GET https://ipsar.chi.gov.sa/?id=FUZZ
do you want to test this URL? [Y/n/q]
> Y
[21:23:45] [INFO] testing URL 'https://ipsar.chi.gov.sa/?id=FUZZ'
[21:23:45] [INFO] using '/mnt/c/Users/awad/Downloads/pyarmor/auto_PenTest/web_recon_dataset/sqlmap_scan_20260224_212136/results-02242026_0923pm.csv' as the CSV results file in multiple targets mode
[21:25:15] [ERROR] can't establish SSL connection, skipping to the next target
[21:25:15] [INFO] you can find results of scanning in multiple targets mode inside the CSV file '/mnt/c/Users/awad/Downloads/pyarmor/auto_PenTest/web_recon_dataset/sqlmap_scan_20260224_212136/results-02242026_0923pm.csv'

[*] ending @ 21:25:15 /2026-02-24/

