        ___
       __H__
 ___ ___[']_____ ___ ___  {1.9.11#stable}
|_ -| . [']     | .'| . |
|___|_  [.]_|_|_|__,|  _|
      |_|V...       |_|   https://sqlmap.org

[!] legal disclaimer: Usage of sqlmap for attacking targets without prior mutual consent is illegal. It is the end user's responsibility to obey all applicable local, state and federal laws. Developers assume no liability and are not responsible for any misuse or damage caused by this program

[*] starting @ 23:49:31 /2026-03-01/

[23:49:31] [INFO] fetched random HTTP User-Agent header value 'Mozilla/5.0 (X11; Linux x86_64) AppleWebKit/537.36 (KHTML, like Gecko) Chrome/134.0.0.0 Safari/537.36' from file '/usr/share/sqlmap/data/txt/user-agents.txt'
[23:49:31] [INFO] parsing multiple targets list from 'sqli_parameters.txt'
[23:49:31] [INFO] starting crawler for target URL 'https://sa.trip.com/?id=FUZZ' (1/11)
do you want to check for the existence of site's sitemap(.xml) [y/N] N
[23:49:31] [INFO] starting 2 threads
[23:49:45] [CRITICAL] WAF/IPS identified as 'Kona Site Defender (Akamai Technologies)'
[23:49:45] [CRITICAL] connection timed out to the target URL. sqlmap is going to retry the request(s)
[23:49:45] [WARNING] if the problem persists please check that the provided target URL is reachable. In case that it is, you can try to rerun with proxy switches ('--proxy', '--proxy-file'...)
do you want to normalize crawling results [Y/n] Y
do you want to store crawling results to a temporary file for eventual further processing with other tools [y/N] N
[1/1] URL:
GET https://sa.trip.com/?id=FUZZ
do you want to test this URL? [Y/n/q]
> Y
[23:49:49] [INFO] testing URL 'https://sa.trip.com/?id=FUZZ'
[23:49:49] [INFO] using '/home/awad/.local/share/sqlmap/output/results-03012026_1149pm.csv' as the CSV results file in multiple targets mode
[23:49:54] [CRITICAL] WAF/IPS identified as 'Kona Site Defender (Akamai Technologies)'
[23:49:54] [WARNING] potential permission problems detected ('Access Denied')
[23:49:54] [WARNING] the web server responded with an HTTP error code (403) which could interfere with the results of the tests
[23:49:54] [INFO] testing if the target URL content is stable
[23:49:55] [WARNING] target URL content is not stable (i.e. content differs). sqlmap will base the page comparison on a sequence matcher. If no dynamic nor injectable parameters are detected, or in case of junk results, refer to user's manual paragraph 'Page comparison'
how do you want to proceed? [(C)ontinue/(s)tring/(r)egex/(q)uit] C
[23:49:55] [INFO] searching for dynamic content
[23:49:55] [INFO] dynamic content marked for removal (2 regions)
[23:49:58] [INFO] testing if GET parameter 'id' is dynamic
[23:49:59] [WARNING] GET parameter 'id' does not appear to be dynamic
[23:49:59] [WARNING] heuristic (basic) test shows that GET parameter 'id' might not be injectable
[23:50:00] [INFO] skipping GET parameter 'id'
[23:50:00] [ERROR] all tested parameters do not appear to be injectable. Try to increase values for '--level'/'--risk' options if you wish to perform more tests. You can give it a go with the switch '--text-only' if the target page has a low percentage of textual content (~72.03% of page content is text). If you suspect that there is some kind of protection mechanism involved (e.g. WAF) maybe you could try to use option '--tamper' (e.g. '--tamper=space2comment'), skipping to the next target
[23:50:00] [WARNING] HTTP error codes detected during run:
403 (Forbidden) - 6 times
[23:50:00] [INFO] you can find results of scanning in multiple targets mode inside the CSV file '/home/awad/.local/share/sqlmap/output/results-03012026_1149pm.csv'
[23:50:00] [INFO] starting crawler for target URL 'https://sa.trip.com/?search=FUZZ' (2/11)
[23:50:00] [INFO] starting 2 threads
[1/1] URL:
GET https://sa.trip.com/?search=FUZZ
do you want to test this URL? [Y/n/q]
> Y
[23:50:00] [INFO] testing URL 'https://sa.trip.com/?search=FUZZ'
[23:50:01] [CRITICAL] WAF/IPS identified as 'Kona Site Defender (Akamai Technologies)'
[23:50:01] [WARNING] potential permission problems detected ('Access Denied')
[23:50:01] [WARNING] the web server responded with an HTTP error code (403) which could interfere with the results of the tests
[23:50:01] [INFO] testing if the target URL content is stable
[23:50:02] [WARNING] target URL content is not stable (i.e. content differs). sqlmap will base the page comparison on a sequence matcher. If no dynamic nor injectable parameters are detected, or in case of junk results, refer to user's manual paragraph 'Page comparison'
how do you want to proceed? [(C)ontinue/(s)tring/(r)egex/(q)uit] C
[23:50:02] [INFO] searching for dynamic content
[23:50:02] [INFO] dynamic content marked for removal (1 region)
[23:50:02] [INFO] testing if GET parameter 'search' is dynamic
[23:50:03] [WARNING] GET parameter 'search' does not appear to be dynamic
[23:50:03] [WARNING] heuristic (basic) test shows that GET parameter 'search' might not be injectable
[23:50:04] [INFO] skipping GET parameter 'search'
[23:50:04] [ERROR] all tested parameters do not appear to be injectable. Try to increase values for '--level'/'--risk' options if you wish to perform more tests. You can give it a go with the switch '--text-only' if the target page has a low percentage of textual content (~72.03% of page content is text). If you suspect that there is some kind of protection mechanism involved (e.g. WAF) maybe you could try to use option '--tamper' (e.g. '--tamper=space2comment'), skipping to the next target
[23:50:04] [WARNING] HTTP error codes detected during run:
403 (Forbidden) - 6 times
[23:50:04] [INFO] you can find results of scanning in multiple targets mode inside the CSV file '/home/awad/.local/share/sqlmap/output/results-03012026_1149pm.csv'
[23:50:04] [INFO] starting crawler for target URL 'https://sa.trip.com/?q=FUZZ' (3/11)
[23:50:04] [INFO] starting 2 threads
[1/1] URL:
GET https://sa.trip.com/?q=FUZZ
do you want to test this URL? [Y/n/q]
> Y
[23:50:05] [INFO] testing URL 'https://sa.trip.com/?q=FUZZ'
[23:50:05] [CRITICAL] WAF/IPS identified as 'Kona Site Defender (Akamai Technologies)'
[23:50:05] [WARNING] potential permission problems detected ('Access Denied')
[23:50:05] [WARNING] the web server responded with an HTTP error code (403) which could interfere with the results of the tests
[23:50:05] [INFO] testing if the target URL content is stable
[23:50:06] [WARNING] target URL content is not stable (i.e. content differs). sqlmap will base the page comparison on a sequence matcher. If no dynamic nor injectable parameters are detected, or in case of junk results, refer to user's manual paragraph 'Page comparison'
how do you want to proceed? [(C)ontinue/(s)tring/(r)egex/(q)uit] C
[23:50:06] [INFO] searching for dynamic content
[23:50:06] [INFO] dynamic content marked for removal (2 regions)
[23:50:06] [CRITICAL] target URL content appears to be heavily dynamic. sqlmap is going to retry the request(s)
[23:50:07] [INFO] dynamic content marked for removal (1 region)
[23:50:10] [INFO] testing if GET parameter 'q' is dynamic
[23:50:11] [WARNING] GET parameter 'q' does not appear to be dynamic
[23:50:11] [INFO] skipping GET parameter 'q'
[23:50:11] [ERROR] all tested parameters do not appear to be injectable. Try to increase values for '--level'/'--risk' options if you wish to perform more tests. You can give it a go with the switch '--text-only' if the target page has a low percentage of textual content (~72.03% of page content is text). If you suspect that there is some kind of protection mechanism involved (e.g. WAF) maybe you could try to use option '--tamper' (e.g. '--tamper=space2comment'), skipping to the next target
[23:50:11] [WARNING] HTTP error codes detected during run:
403 (Forbidden) - 7 times
[23:50:11] [INFO] you can find results of scanning in multiple targets mode inside the CSV file '/home/awad/.local/share/sqlmap/output/results-03012026_1149pm.csv'
[23:50:11] [INFO] starting crawler for target URL 'https://sa.trip.com/?query=FUZZ' (4/11)
[23:50:11] [INFO] starting 2 threads
[1/1] URL:
GET https://sa.trip.com/?query=FUZZ
do you want to test this URL? [Y/n/q]
> Y
[23:50:12] [INFO] testing URL 'https://sa.trip.com/?query=FUZZ'
[23:50:13] [CRITICAL] WAF/IPS identified as 'Kona Site Defender (Akamai Technologies)'
[23:50:13] [WARNING] potential permission problems detected ('Access Denied')
[23:50:13] [WARNING] the web server responded with an HTTP error code (403) which could interfere with the results of the tests
[23:50:13] [INFO] testing if the target URL content is stable
[23:50:13] [WARNING] target URL content is not stable (i.e. content differs). sqlmap will base the page comparison on a sequence matcher. If no dynamic nor injectable parameters are detected, or in case of junk results, refer to user's manual paragraph 'Page comparison'
how do you want to proceed? [(C)ontinue/(s)tring/(r)egex/(q)uit] C
[23:50:13] [INFO] searching for dynamic content
[23:50:13] [INFO] dynamic content marked for removal (1 region)
[23:50:14] [CRITICAL] target URL content appears to be heavily dynamic. sqlmap is going to retry the request(s)
[23:50:15] [INFO] testing if GET parameter 'query' is dynamic
[23:50:16] [WARNING] GET parameter 'query' does not appear to be dynamic
[23:50:16] [INFO] skipping GET parameter 'query'
[23:50:16] [ERROR] all tested parameters do not appear to be injectable. Try to increase values for '--level'/'--risk' options if you wish to perform more tests. You can give it a go with the switch '--text-only' if the target page has a low percentage of textual content (~72.03% of page content is text). If you suspect that there is some kind of protection mechanism involved (e.g. WAF) maybe you could try to use option '--tamper' (e.g. '--tamper=space2comment'), skipping to the next target
[23:50:16] [WARNING] HTTP error codes detected during run:
403 (Forbidden) - 7 times
[23:50:16] [INFO] you can find results of scanning in multiple targets mode inside the CSV file '/home/awad/.local/share/sqlmap/output/results-03012026_1149pm.csv'
[23:50:16] [INFO] starting crawler for target URL 'https://sa.trip.com/?page=FUZZ' (5/11)
[23:50:16] [INFO] starting 2 threads
[1/1] URL:
GET https://sa.trip.com/?page=FUZZ
do you want to test this URL? [Y/n/q]
> Y
[23:50:17] [INFO] testing URL 'https://sa.trip.com/?page=FUZZ'
[23:50:18] [CRITICAL] WAF/IPS identified as 'Kona Site Defender (Akamai Technologies)'
[23:50:18] [WARNING] potential permission problems detected ('Access Denied')
[23:50:18] [WARNING] the web server responded with an HTTP error code (403) which could interfere with the results of the tests
[23:50:18] [INFO] testing if the target URL content is stable
[23:50:19] [WARNING] target URL content is not stable (i.e. content differs). sqlmap will base the page comparison on a sequence matcher. If no dynamic nor injectable parameters are detected, or in case of junk results, refer to user's manual paragraph 'Page comparison'
how do you want to proceed? [(C)ontinue/(s)tring/(r)egex/(q)uit] C
[23:50:19] [INFO] testing if GET parameter 'page' is dynamic
[23:50:19] [INFO] GET parameter 'page' appears to be dynamic
[23:50:20] [WARNING] heuristic (basic) test shows that GET parameter 'page' might not be injectable
[23:50:21] [INFO] skipping GET parameter 'page'
[23:50:21] [ERROR] all tested parameters do not appear to be injectable. Try to increase values for '--level'/'--risk' options if you wish to perform more tests. If you suspect that there is some kind of protection mechanism involved (e.g. WAF) maybe you could try to use option '--tamper' (e.g. '--tamper=space2comment'), skipping to the next target
[23:50:21] [WARNING] HTTP error codes detected during run:
403 (Forbidden) - 5 times
[23:50:21] [INFO] you can find results of scanning in multiple targets mode inside the CSV file '/home/awad/.local/share/sqlmap/output/results-03012026_1149pm.csv'
[23:50:21] [INFO] starting crawler for target URL 'https://sa.trip.com/?user=FUZZ' (6/11)
[23:50:21] [INFO] starting 2 threads
[1/1] URL:
GET https://sa.trip.com/?user=FUZZ
do you want to test this URL? [Y/n/q]
> Y
[23:50:22] [INFO] testing URL 'https://sa.trip.com/?user=FUZZ'
[23:50:23] [CRITICAL] WAF/IPS identified as 'Kona Site Defender (Akamai Technologies)'
[23:50:23] [WARNING] potential permission problems detected ('Access Denied')
[23:50:23] [WARNING] the web server responded with an HTTP error code (403) which could interfere with the results of the tests
[23:50:23] [INFO] testing if the target URL content is stable
[23:50:24] [WARNING] target URL content is not stable (i.e. content differs). sqlmap will base the page comparison on a sequence matcher. If no dynamic nor injectable parameters are detected, or in case of junk results, refer to user's manual paragraph 'Page comparison'
how do you want to proceed? [(C)ontinue/(s)tring/(r)egex/(q)uit] C
[23:50:24] [INFO] searching for dynamic content
[23:50:24] [INFO] dynamic content marked for removal (1 region)
[23:50:26] [INFO] testing if GET parameter 'user' is dynamic
[23:50:26] [WARNING] GET parameter 'user' does not appear to be dynamic
[23:50:27] [WARNING] heuristic (basic) test shows that GET parameter 'user' might not be injectable
[23:50:27] [INFO] skipping GET parameter 'user'
[23:50:27] [ERROR] all tested parameters do not appear to be injectable. Try to increase values for '--level'/'--risk' options if you wish to perform more tests. You can give it a go with the switch '--text-only' if the target page has a low percentage of textual content (~72.03% of page content is text). If you suspect that there is some kind of protection mechanism involved (e.g. WAF) maybe you could try to use option '--tamper' (e.g. '--tamper=space2comment'), skipping to the next target
[23:50:27] [WARNING] HTTP error codes detected during run:
403 (Forbidden) - 6 times
[23:50:27] [INFO] you can find results of scanning in multiple targets mode inside the CSV file '/home/awad/.local/share/sqlmap/output/results-03012026_1149pm.csv'
[23:50:27] [INFO] starting crawler for target URL 'https://sa.trip.com/?name=FUZZ' (7/11)
[23:50:27] [INFO] starting 2 threads
[1/1] URL:
GET https://sa.trip.com/?name=FUZZ
do you want to test this URL? [Y/n/q]
> Y
[23:50:28] [INFO] testing URL 'https://sa.trip.com/?name=FUZZ'
[23:50:30] [CRITICAL] WAF/IPS identified as 'Kona Site Defender (Akamai Technologies)'
[23:50:30] [WARNING] potential permission problems detected ('Access Denied')
[23:50:30] [WARNING] the web server responded with an HTTP error code (403) which could interfere with the results of the tests
[23:50:30] [INFO] testing if the target URL content is stable
[23:50:31] [WARNING] target URL content is not stable (i.e. content differs). sqlmap will base the page comparison on a sequence matcher. If no dynamic nor injectable parameters are detected, or in case of junk results, refer to user's manual paragraph 'Page comparison'
how do you want to proceed? [(C)ontinue/(s)tring/(r)egex/(q)uit] C
[23:50:31] [INFO] searching for dynamic content
[23:50:31] [INFO] dynamic content marked for removal (1 region)
[23:50:32] [INFO] testing if GET parameter 'name' is dynamic
[23:50:32] [WARNING] GET parameter 'name' does not appear to be dynamic
[23:50:33] [WARNING] heuristic (basic) test shows that GET parameter 'name' might not be injectable
[23:50:34] [INFO] skipping GET parameter 'name'
[23:50:34] [ERROR] all tested parameters do not appear to be injectable. Try to increase values for '--level'/'--risk' options if you wish to perform more tests. You can give it a go with the switch '--text-only' if the target page has a low percentage of textual content (~72.03% of page content is text). If you suspect that there is some kind of protection mechanism involved (e.g. WAF) maybe you could try to use option '--tamper' (e.g. '--tamper=space2comment'), skipping to the next target
[23:50:34] [WARNING] HTTP error codes detected during run:
403 (Forbidden) - 6 times
[23:50:34] [INFO] you can find results of scanning in multiple targets mode inside the CSV file '/home/awad/.local/share/sqlmap/output/results-03012026_1149pm.csv'
[23:50:34] [INFO] starting crawler for target URL 'https://sa.trip.com/?cat=FUZZ' (8/11)
[23:50:34] [INFO] starting 2 threads
[1/1] URL:
GET https://sa.trip.com/?cat=FUZZ
do you want to test this URL? [Y/n/q]
> Y
[23:50:35] [INFO] testing URL 'https://sa.trip.com/?cat=FUZZ'
[23:50:36] [CRITICAL] WAF/IPS identified as 'Kona Site Defender (Akamai Technologies)'
[23:50:36] [WARNING] potential permission problems detected ('Access Denied')
[23:50:36] [WARNING] the web server responded with an HTTP error code (403) which could interfere with the results of the tests
[23:50:36] [INFO] testing if the target URL content is stable
[23:50:36] [WARNING] target URL content is not stable (i.e. content differs). sqlmap will base the page comparison on a sequence matcher. If no dynamic nor injectable parameters are detected, or in case of junk results, refer to user's manual paragraph 'Page comparison'
how do you want to proceed? [(C)ontinue/(s)tring/(r)egex/(q)uit] C
[23:50:36] [INFO] searching for dynamic content
[23:50:36] [INFO] dynamic content marked for removal (1 region)
[23:50:37] [INFO] testing if GET parameter 'cat' is dynamic
[23:50:37] [WARNING] GET parameter 'cat' does not appear to be dynamic
[23:50:38] [WARNING] heuristic (basic) test shows that GET parameter 'cat' might not be injectable
[23:50:39] [INFO] skipping GET parameter 'cat'
[23:50:39] [ERROR] all tested parameters do not appear to be injectable. Try to increase values for '--level'/'--risk' options if you wish to perform more tests. You can give it a go with the switch '--text-only' if the target page has a low percentage of textual content (~72.03% of page content is text). If you suspect that there is some kind of protection mechanism involved (e.g. WAF) maybe you could try to use option '--tamper' (e.g. '--tamper=space2comment'), skipping to the next target
[23:50:39] [WARNING] HTTP error codes detected during run:
403 (Forbidden) - 6 times
[23:50:39] [INFO] you can find results of scanning in multiple targets mode inside the CSV file '/home/awad/.local/share/sqlmap/output/results-03012026_1149pm.csv'
[23:50:39] [INFO] starting crawler for target URL 'https://sa.trip.com/?file=FUZZ' (9/11)
[23:50:39] [INFO] starting 2 threads
[1/1] URL:
GET https://sa.trip.com/?file=FUZZ
do you want to test this URL? [Y/n/q]
> Y
[23:50:40] [INFO] testing URL 'https://sa.trip.com/?file=FUZZ'
[23:50:40] [CRITICAL] WAF/IPS identified as 'Kona Site Defender (Akamai Technologies)'
[23:50:40] [WARNING] potential permission problems detected ('Access Denied')
[23:50:40] [WARNING] the web server responded with an HTTP error code (403) which could interfere with the results of the tests
[23:50:40] [INFO] testing if the target URL content is stable
[23:50:41] [WARNING] target URL content is not stable (i.e. content differs). sqlmap will base the page comparison on a sequence matcher. If no dynamic nor injectable parameters are detected, or in case of junk results, refer to user's manual paragraph 'Page comparison'
how do you want to proceed? [(C)ontinue/(s)tring/(r)egex/(q)uit] C
[23:50:41] [INFO] testing if GET parameter 'file' is dynamic
[23:50:42] [INFO] GET parameter 'file' appears to be dynamic
[23:50:42] [WARNING] heuristic (basic) test shows that GET parameter 'file' might not be injectable
[23:50:43] [INFO] skipping GET parameter 'file'
[23:50:43] [ERROR] all tested parameters do not appear to be injectable. Try to increase values for '--level'/'--risk' options if you wish to perform more tests. If you suspect that there is some kind of protection mechanism involved (e.g. WAF) maybe you could try to use option '--tamper' (e.g. '--tamper=space2comment'), skipping to the next target
[23:50:43] [WARNING] HTTP error codes detected during run:
403 (Forbidden) - 5 times
[23:50:43] [INFO] you can find results of scanning in multiple targets mode inside the CSV file '/home/awad/.local/share/sqlmap/output/results-03012026_1149pm.csv'
[23:50:43] [INFO] starting crawler for target URL 'https://sa.trip.com/?cmd=FUZZ' (10/11)
[23:50:43] [INFO] starting 2 threads
[1/1] URL:
GET https://sa.trip.com/?cmd=FUZZ
do you want to test this URL? [Y/n/q]
> Y
[23:50:44] [INFO] testing URL 'https://sa.trip.com/?cmd=FUZZ'
[23:50:44] [CRITICAL] WAF/IPS identified as 'Kona Site Defender (Akamai Technologies)'
[23:50:44] [WARNING] potential permission problems detected ('Access Denied')
[23:50:44] [WARNING] the web server responded with an HTTP error code (403) which could interfere with the results of the tests
[23:50:44] [INFO] testing if the target URL content is stable
[23:50:45] [WARNING] target URL content is not stable (i.e. content differs). sqlmap will base the page comparison on a sequence matcher. If no dynamic nor injectable parameters are detected, or in case of junk results, refer to user's manual paragraph 'Page comparison'
how do you want to proceed? [(C)ontinue/(s)tring/(r)egex/(q)uit] C
[23:50:45] [INFO] searching for dynamic content
[23:50:45] [INFO] dynamic content marked for removal (1 region)
[23:50:45] [INFO] testing if GET parameter 'cmd' is dynamic
[23:50:46] [WARNING] GET parameter 'cmd' does not appear to be dynamic
[23:50:47] [WARNING] heuristic (basic) test shows that GET parameter 'cmd' might not be injectable
[23:50:48] [INFO] skipping GET parameter 'cmd'
[23:50:48] [ERROR] all tested parameters do not appear to be injectable. Try to increase values for '--level'/'--risk' options if you wish to perform more tests. You can give it a go with the switch '--text-only' if the target page has a low percentage of textual content (~72.03% of page content is text). If you suspect that there is some kind of protection mechanism involved (e.g. WAF) maybe you could try to use option '--tamper' (e.g. '--tamper=space2comment'), skipping to the next target
[23:50:48] [WARNING] HTTP error codes detected during run:
403 (Forbidden) - 6 times
[23:50:48] [INFO] you can find results of scanning in multiple targets mode inside the CSV file '/home/awad/.local/share/sqlmap/output/results-03012026_1149pm.csv'
[23:50:48] [INFO] starting crawler for target URL 'https://sa.trip.com/?action=FUZZ' (11/11)
[23:50:48] [INFO] starting 2 threads
[1/1] URL:
GET https://sa.trip.com/?action=FUZZ
do you want to test this URL? [Y/n/q]
> Y
[23:50:49] [INFO] testing URL 'https://sa.trip.com/?action=FUZZ'
[23:50:50] [CRITICAL] WAF/IPS identified as 'Kona Site Defender (Akamai Technologies)'
[23:50:50] [WARNING] potential permission problems detected ('Access Denied')
[23:50:50] [WARNING] the web server responded with an HTTP error code (403) which could interfere with the results of the tests
[23:50:50] [INFO] testing if the target URL content is stable
[23:50:51] [WARNING] target URL content is not stable (i.e. content differs). sqlmap will base the page comparison on a sequence matcher. If no dynamic nor injectable parameters are detected, or in case of junk results, refer to user's manual paragraph 'Page comparison'
how do you want to proceed? [(C)ontinue/(s)tring/(r)egex/(q)uit] C
[23:50:51] [INFO] searching for dynamic content
[23:50:51] [INFO] dynamic content marked for removal (1 region)
[23:50:51] [CRITICAL] target URL content appears to be heavily dynamic. sqlmap is going to retry the request(s)
[23:50:52] [WARNING] target URL content appears to be too dynamic. Switching to '--text-only' 
[23:50:52] [INFO] testing if GET parameter 'action' is dynamic
[23:50:53] [INFO] GET parameter 'action' appears to be dynamic
[23:50:53] [INFO] skipping GET parameter 'action'
[23:50:53] [ERROR] all tested parameters do not appear to be injectable. Try to increase values for '--level'/'--risk' options if you wish to perform more tests. If you suspect that there is some kind of protection mechanism involved (e.g. WAF) maybe you could try to use option '--tamper' (e.g. '--tamper=space2comment'), skipping to the next target
[23:50:53] [WARNING] HTTP error codes detected during run:
403 (Forbidden) - 7 times
[23:50:53] [INFO] you can find results of scanning in multiple targets mode inside the CSV file '/home/awad/.local/share/sqlmap/output/results-03012026_1149pm.csv'

[*] ending @ 23:50:53 /2026-03-01/

