        ___
       __H__
 ___ ___["]_____ ___ ___  {1.10.2#pip}
|_ -| . [(]     | .'| . |
|___|_  [.]_|_|_|__,|  _|
      |_|V...       |_|   https://sqlmap.org

[!] legal disclaimer: Usage of sqlmap for attacking targets without prior mutual consent is illegal. It is the end user's responsibility to obey all applicable local, state and federal laws. Developers assume no liability and are not responsible for any misuse or damage caused by this program

[*] starting @ 23:55:13 /2026-02-23/

[23:55:13] [WARNING] using '/mnt/c/Users/awad/Downloads/pyarmor/auto_PenTest/web_recon_dataset/sqlmap_scan_20260223_235508' as the output directory
[23:55:13] [INFO] fetched random HTTP User-Agent header value 'Mozilla/5.0 (Macintosh; Intel Mac OS X 10_15_7) AppleWebKit/605.1.15 (KHTML, like Gecko) Version/17.4.1 Safari/605.1.15' from file '/mnt/c/Users/awad/Downloads/pyarmor/auto_PenTest/autoPenTest/lib/python3.13/site-packages/sqlmap/data/txt/user-agents.txt'
do you want to check for the existence of site's sitemap(.xml) [y/N] N
[23:55:13] [INFO] starting crawler for target URL 'https://www.diriyahcompany.sa/?user=FUZZ'
[23:55:13] [INFO] searching for links with depth 1
[23:55:13] [INFO] starting 2 threads
got a 308 redirect to 'https://www.diriyahcompany.sa/en'. Do you want to follow? [Y/n] Y
[23:55:14] [CRITICAL] unable to connect to the target URL. sqlmap is going to retry the request(s)
[23:55:14] [CRITICAL] unable to connect to the target URL. sqlmap is going to retry the request(s)
[23:55:14] [WARNING] if the problem persists please check that the provided target URL is reachable. In case that it is, you can try to rerun with proxy switches ('--proxy', '--proxy-file'...)
[23:55:16] [CRITICAL] unable to connect to the target URL
[23:55:16] [CRITICAL] unable to connect to the target URL
do you want to normalize crawling results [Y/n] Y
do you want to store crawling results to a temporary file for eventual further processing with other tools [y/N] N
[1/1] URL:
GET https://www.diriyahcompany.sa/?user=FUZZ
do you want to test this URL? [Y/n/q]
> Y
[23:55:16] [INFO] testing URL 'https://www.diriyahcompany.sa/?user=FUZZ'
[23:55:16] [INFO] using '/mnt/c/Users/awad/Downloads/pyarmor/auto_PenTest/web_recon_dataset/sqlmap_scan_20260223_235508/results-02232026_1155pm.csv' as the CSV results file in multiple targets mode
got a 308 redirect to 'https://www.diriyahcompany.sa/?user=fuzz'. Do you want to follow? [Y/n] Y
[23:55:17] [CRITICAL] unable to connect to the target URL. sqlmap is going to retry the request(s)
[23:55:17] [WARNING] if the problem persists please check that the provided target URL is reachable. In case that it is, you can try to rerun with proxy switches ('--proxy', '--proxy-file'...)
[23:55:19] [ERROR] unable to connect to the target URL, skipping to the next target
[23:55:19] [INFO] you can find results of scanning in multiple targets mode inside the CSV file '/mnt/c/Users/awad/Downloads/pyarmor/auto_PenTest/web_recon_dataset/sqlmap_scan_20260223_235508/results-02232026_1155pm.csv'

[*] ending @ 23:55:19 /2026-02-23/

