        ___
       __H__
 ___ ___[,]_____ ___ ___  {1.9.11#stable}
|_ -| . [']     | .'| . |
|___|_  [.]_|_|_|__,|  _|
      |_|V...       |_|   https://sqlmap.org

[!] legal disclaimer: Usage of sqlmap for attacking targets without prior mutual consent is illegal. It is the end user's responsibility to obey all applicable local, state and federal laws. Developers assume no liability and are not responsible for any misuse or damage caused by this program

[*] starting @ 23:02:13 /2026-03-03/

[23:02:13] [INFO] fetched random HTTP User-Agent header value 'Mozilla/5.0 (Windows NT 10.0; Win64; x64) AppleWebKit/537.36 (KHTML, like Gecko) Chrome/139.0.0.0 Safari/537.36 Avast/139.0.0.0' from file '/usr/share/sqlmap/data/txt/user-agents.txt'
[23:02:13] [INFO] parsing multiple targets list from 'sqli_parameters.txt'
[23:02:13] [INFO] starting crawler for target URL 'http://neon.tech/?id=FUZZ' (1/11)
do you want to check for the existence of site's sitemap(.xml) [y/N] N
[23:02:13] [INFO] starting 2 threads
got a 308 redirect to 'https://neon.tech/?id=FUZZ'. Do you want to follow? [Y/n] Y
do you want to normalize crawling results [Y/n] Y
do you want to store crawling results to a temporary file for eventual further processing with other tools [y/N] N
[23:02:16] [INFO] found a total of 2 targets
[1/2] URL:
GET http://neon.tech/?id=FUZZ
do you want to test this URL? [Y/n/q]
> Y
[23:02:16] [INFO] testing URL 'http://neon.tech/?id=FUZZ'
[23:02:16] [INFO] using '/home/awad/.local/share/sqlmap/output/results-03032026_1102pm.csv' as the CSV results file in multiple targets mode
got a 308 redirect to 'https://neon.tech/?id=FUZZ'. Do you want to follow? [Y/n] Y
[23:02:18] [INFO] checking if the target is protected by some kind of WAF/IPS
[23:02:18] [WARNING] reflective value(s) found and filtering out
[23:02:18] [CRITICAL] heuristics detected that the target is protected by some kind of WAF/IPS
are you sure that you want to continue with further target testing? [Y/n] Y
[23:02:18] [WARNING] please consider usage of tamper scripts (option '--tamper')
[23:02:18] [INFO] testing if the target URL content is stable
[23:02:19] [WARNING] GET parameter 'id' does not appear to be dynamic
[23:02:21] [WARNING] heuristic (basic) test shows that GET parameter 'id' might not be injectable
[23:02:25] [INFO] skipping GET parameter 'id'
[23:02:25] [ERROR] all tested parameters do not appear to be injectable. Try to increase values for '--level'/'--risk' options if you wish to perform more tests. If you suspect that there is some kind of protection mechanism involved (e.g. WAF) maybe you could try to use option '--tamper' (e.g. '--tamper=space2comment'), skipping to the next target
[23:02:25] [WARNING] HTTP error codes detected during run:
403 (Forbidden) - 1 times
[2/2] URL:
GET https://neon.tech/_next/image?url=/_next/static/media/left-pattern.4be4da5e.png&w=2048&q=100&dpl=dpl_C4PDDKkwePiKJ5gGNdT4HCTb5PJ4
do you want to test this URL? [Y/n/q]
> Y
[23:02:25] [INFO] testing URL 'https://neon.tech/_next/image?url=/_next/static/media/left-pattern.4be4da5e.png&w=2048&q=100&dpl=dpl_C4PDDKkwePiKJ5gGNdT4HCTb5PJ4'
got a 308 redirect to 'https://neon.com/_next/image?url=%2F_next%2Fstatic%2Fmedia%2Fleft-pattern.4be4da5e.png&w=2048&q=100'. Do you want to follow? [Y/n] Y
[23:02:26] [INFO] checking if the target is protected by some kind of WAF/IPS
[23:02:26] [WARNING] reflective value(s) found and filtering out
[23:02:26] [CRITICAL] heuristics detected that the target is protected by some kind of WAF/IPS
are you sure that you want to continue with further target testing? [Y/n] Y
[23:02:26] [WARNING] please consider usage of tamper scripts (option '--tamper')
[23:02:26] [INFO] testing if the target URL content is stable
[23:02:27] [WARNING] GET parameter 'url' does not appear to be dynamic
[23:02:28] [WARNING] heuristic (basic) test shows that GET parameter 'url' might not be injectable
[23:02:29] [INFO] skipping GET parameter 'url'
[23:02:29] [WARNING] GET parameter 'w' does not appear to be dynamic
[23:02:29] [WARNING] heuristic (basic) test shows that GET parameter 'w' might not be injectable
[23:02:30] [INFO] skipping GET parameter 'w'
[23:02:30] [WARNING] GET parameter 'q' does not appear to be dynamic
[23:02:31] [WARNING] heuristic (basic) test shows that GET parameter 'q' might not be injectable
[23:02:31] [INFO] skipping GET parameter 'q'
[23:02:31] [WARNING] GET parameter 'dpl' does not appear to be dynamic
[23:02:32] [WARNING] heuristic (basic) test shows that GET parameter 'dpl' might not be injectable
[23:02:32] [INFO] skipping GET parameter 'dpl'
[23:02:32] [ERROR] all tested parameters do not appear to be injectable. Try to increase values for '--level'/'--risk' options if you wish to perform more tests. If you suspect that there is some kind of protection mechanism involved (e.g. WAF) maybe you could try to use option '--tamper' (e.g. '--tamper=space2comment'), skipping to the next target
[23:02:32] [WARNING] HTTP error codes detected during run:
403 (Forbidden) - 1 times
[23:02:32] [INFO] you can find results of scanning in multiple targets mode inside the CSV file '/home/awad/.local/share/sqlmap/output/results-03032026_1102pm.csv'
[23:02:32] [INFO] starting crawler for target URL 'http://neon.tech/?search=FUZZ' (2/11)
[23:02:32] [INFO] starting 2 threads
[23:02:33] [CRITICAL] unable to connect to the target URL. sqlmap is going to retry the request(s)
[23:02:33] [WARNING] if the problem persists please try to lower the number of used threads (option '--threads')
[23:02:34] [INFO] found a total of 2 targets
[1/2] URL:
GET http://neon.tech/?search=FUZZ
do you want to test this URL? [Y/n/q]
> Y
[23:02:34] [INFO] testing URL 'http://neon.tech/?search=FUZZ'
got a 308 redirect to 'https://neon.tech/?search=FUZZ'. Do you want to follow? [Y/n] Y
[23:02:36] [INFO] checking if the target is protected by some kind of WAF/IPS
[23:02:36] [WARNING] reflective value(s) found and filtering out
[23:02:36] [CRITICAL] heuristics detected that the target is protected by some kind of WAF/IPS
are you sure that you want to continue with further target testing? [Y/n] Y
[23:02:36] [WARNING] please consider usage of tamper scripts (option '--tamper')
[23:02:36] [INFO] testing if the target URL content is stable
[23:02:38] [WARNING] GET parameter 'search' does not appear to be dynamic
[23:02:39] [WARNING] heuristic (basic) test shows that GET parameter 'search' might not be injectable
[23:02:43] [INFO] skipping GET parameter 'search'
[23:02:43] [ERROR] all tested parameters do not appear to be injectable. Try to increase values for '--level'/'--risk' options if you wish to perform more tests. If you suspect that there is some kind of protection mechanism involved (e.g. WAF) maybe you could try to use option '--tamper' (e.g. '--tamper=space2comment'), skipping to the next target
[23:02:43] [WARNING] HTTP error codes detected during run:
403 (Forbidden) - 1 times
[23:02:43] [INFO] skipping 'https://neon.tech/_next/image?url=/_next/static/media/left-pattern.4be4da5e.png&w=2048&q=100&dpl=dpl_C4PDDKkwePiKJ5gGNdT4HCTb5PJ4'
[23:02:43] [INFO] you can find results of scanning in multiple targets mode inside the CSV file '/home/awad/.local/share/sqlmap/output/results-03032026_1102pm.csv'
[23:02:43] [INFO] starting crawler for target URL 'http://neon.tech/?q=FUZZ' (3/11)
[23:02:43] [INFO] starting 2 threads
got a 308 redirect to 'https://neon.tech/'. Do you want to follow? [Y/n] Y
[23:02:45] [INFO] found a total of 2 targets
[1/2] URL:
GET http://neon.tech/?q=FUZZ
do you want to test this URL? [Y/n/q]
> Y
[23:02:45] [INFO] testing URL 'http://neon.tech/?q=FUZZ'
got a 308 redirect to 'https://neon.tech/?q=FUZZ'. Do you want to follow? [Y/n] Y
[23:02:47] [CRITICAL] previous heuristics detected that the target is protected by some kind of WAF/IPS
[23:02:47] [INFO] testing if the target URL content is stable
[23:02:48] [WARNING] GET parameter 'q' does not appear to be dynamic
[23:02:49] [WARNING] heuristic (basic) test shows that GET parameter 'q' might not be injectable
[23:02:53] [INFO] skipping GET parameter 'q'
[23:02:53] [ERROR] all tested parameters do not appear to be injectable. Try to increase values for '--level'/'--risk' options if you wish to perform more tests. If you suspect that there is some kind of protection mechanism involved (e.g. WAF) maybe you could try to use option '--tamper' (e.g. '--tamper=space2comment'), skipping to the next target
[23:02:53] [INFO] skipping 'https://neon.tech/_next/image?url=/_next/static/media/left-pattern.4be4da5e.png&w=2048&q=100&dpl=dpl_C4PDDKkwePiKJ5gGNdT4HCTb5PJ4'
[23:02:53] [INFO] you can find results of scanning in multiple targets mode inside the CSV file '/home/awad/.local/share/sqlmap/output/results-03032026_1102pm.csv'
[23:02:53] [INFO] starting crawler for target URL 'http://neon.tech/?query=FUZZ' (4/11)
[23:02:53] [INFO] starting 2 threads
got a 308 redirect to 'https://neon.tech/?query=FUZZ'. Do you want to follow? [Y/n] Y
[23:02:55] [INFO] found a total of 2 targets
[1/2] URL:
GET http://neon.tech/?query=FUZZ
do you want to test this URL? [Y/n/q]
> Y
[23:02:55] [INFO] testing URL 'http://neon.tech/?query=FUZZ'
got a 308 redirect to 'https://neon.tech/?query=FUZZ'. Do you want to follow? [Y/n] Y
[23:02:56] [CRITICAL] previous heuristics detected that the target is protected by some kind of WAF/IPS
[23:02:56] [INFO] testing if the target URL content is stable
[23:02:58] [WARNING] GET parameter 'query' does not appear to be dynamic
[23:02:59] [WARNING] heuristic (basic) test shows that GET parameter 'query' might not be injectable
[23:03:03] [INFO] skipping GET parameter 'query'
[23:03:03] [ERROR] all tested parameters do not appear to be injectable. Try to increase values for '--level'/'--risk' options if you wish to perform more tests. If you suspect that there is some kind of protection mechanism involved (e.g. WAF) maybe you could try to use option '--tamper' (e.g. '--tamper=space2comment'), skipping to the next target
[23:03:03] [INFO] skipping 'https://neon.tech/_next/image?url=/_next/static/media/left-pattern.4be4da5e.png&w=2048&q=100&dpl=dpl_C4PDDKkwePiKJ5gGNdT4HCTb5PJ4'
[23:03:03] [INFO] you can find results of scanning in multiple targets mode inside the CSV file '/home/awad/.local/share/sqlmap/output/results-03032026_1102pm.csv'
[23:03:03] [INFO] starting crawler for target URL 'http://neon.tech/?page=FUZZ' (5/11)
[23:03:03] [INFO] starting 2 threads
got a 308 redirect to 'https://neon.tech/'. Do you want to follow? [Y/n] Y
[23:03:05] [INFO] found a total of 2 targets
[1/2] URL:
GET http://neon.tech/?page=FUZZ
do you want to test this URL? [Y/n/q]
> Y
[23:03:05] [INFO] testing URL 'http://neon.tech/?page=FUZZ'
[23:03:15] [CRITICAL] connection timed out to the target URL. sqlmap is going to retry the request(s)
[23:03:15] [WARNING] if the problem persists please check that the provided target URL is reachable. In case that it is, you can try to rerun with proxy switches ('--proxy', '--proxy-file'...)
got a 308 redirect to 'https://neon.tech/?page=FUZZ'. Do you want to follow? [Y/n] Y
[23:03:17] [CRITICAL] previous heuristics detected that the target is protected by some kind of WAF/IPS
[23:03:17] [INFO] testing if the target URL content is stable
[23:03:18] [WARNING] GET parameter 'page' does not appear to be dynamic
[23:03:20] [WARNING] heuristic (basic) test shows that GET parameter 'page' might not be injectable
[23:03:23] [INFO] skipping GET parameter 'page'
[23:03:23] [ERROR] all tested parameters do not appear to be injectable. Try to increase values for '--level'/'--risk' options if you wish to perform more tests. If you suspect that there is some kind of protection mechanism involved (e.g. WAF) maybe you could try to use option '--tamper' (e.g. '--tamper=space2comment'), skipping to the next target
[23:03:23] [INFO] skipping 'https://neon.tech/_next/image?url=/_next/static/media/left-pattern.4be4da5e.png&w=2048&q=100&dpl=dpl_C4PDDKkwePiKJ5gGNdT4HCTb5PJ4'
[23:03:23] [INFO] you can find results of scanning in multiple targets mode inside the CSV file '/home/awad/.local/share/sqlmap/output/results-03032026_1102pm.csv'
[23:03:23] [INFO] starting crawler for target URL 'http://neon.tech/?user=FUZZ' (6/11)
[23:03:23] [INFO] starting 2 threads
got a 308 redirect to 'https://neon.tech/'. Do you want to follow? [Y/n] Y
[23:03:26] [INFO] found a total of 2 targets
[1/2] URL:
GET http://neon.tech/?user=FUZZ
do you want to test this URL? [Y/n/q]
> Y
[23:03:26] [INFO] testing URL 'http://neon.tech/?user=FUZZ'
got a 308 redirect to 'https://neon.tech/?user=FUZZ'. Do you want to follow? [Y/n] Y
[23:03:27] [CRITICAL] previous heuristics detected that the target is protected by some kind of WAF/IPS
[23:03:27] [INFO] testing if the target URL content is stable
[23:03:29] [WARNING] GET parameter 'user' does not appear to be dynamic
[23:03:30] [WARNING] heuristic (basic) test shows that GET parameter 'user' might not be injectable
[23:03:33] [INFO] skipping GET parameter 'user'
[23:03:33] [ERROR] all tested parameters do not appear to be injectable. Try to increase values for '--level'/'--risk' options if you wish to perform more tests. If you suspect that there is some kind of protection mechanism involved (e.g. WAF) maybe you could try to use option '--tamper' (e.g. '--tamper=space2comment'), skipping to the next target
[23:03:33] [INFO] skipping 'https://neon.tech/_next/image?url=/_next/static/media/left-pattern.4be4da5e.png&w=2048&q=100&dpl=dpl_C4PDDKkwePiKJ5gGNdT4HCTb5PJ4'
[23:03:33] [INFO] you can find results of scanning in multiple targets mode inside the CSV file '/home/awad/.local/share/sqlmap/output/results-03032026_1102pm.csv'
[23:03:33] [INFO] starting crawler for target URL 'http://neon.tech/?name=FUZZ' (7/11)
[23:03:33] [INFO] starting 2 threads
got a 308 redirect to 'https://neon.tech/'. Do you want to follow? [Y/n] Y
[23:03:36] [INFO] found a total of 2 targets
[1/2] URL:
GET http://neon.tech/?name=FUZZ
do you want to test this URL? [Y/n/q]
> Y
[23:03:36] [INFO] testing URL 'http://neon.tech/?name=FUZZ'
got a 308 redirect to 'https://neon.tech/?name=FUZZ'. Do you want to follow? [Y/n] Y
[23:03:37] [CRITICAL] previous heuristics detected that the target is protected by some kind of WAF/IPS
[23:03:37] [INFO] testing if the target URL content is stable
[23:03:38] [WARNING] GET parameter 'name' does not appear to be dynamic
[23:03:40] [WARNING] heuristic (basic) test shows that GET parameter 'name' might not be injectable
[23:03:43] [INFO] skipping GET parameter 'name'
[23:03:43] [ERROR] all tested parameters do not appear to be injectable. Try to increase values for '--level'/'--risk' options if you wish to perform more tests. If you suspect that there is some kind of protection mechanism involved (e.g. WAF) maybe you could try to use option '--tamper' (e.g. '--tamper=space2comment'), skipping to the next target
[23:03:43] [INFO] skipping 'https://neon.tech/_next/image?url=/_next/static/media/left-pattern.4be4da5e.png&w=2048&q=100&dpl=dpl_C4PDDKkwePiKJ5gGNdT4HCTb5PJ4'
[23:03:43] [INFO] you can find results of scanning in multiple targets mode inside the CSV file '/home/awad/.local/share/sqlmap/output/results-03032026_1102pm.csv'
[23:03:43] [INFO] starting crawler for target URL 'http://neon.tech/?cat=FUZZ' (8/11)
[23:03:43] [INFO] starting 2 threads
got a 308 redirect to 'https://neon.tech/?cat=FUZZ'. Do you want to follow? [Y/n] Y
[23:03:46] [INFO] found a total of 2 targets
[1/2] URL:
GET http://neon.tech/?cat=FUZZ
do you want to test this URL? [Y/n/q]
> Y
[23:03:46] [INFO] testing URL 'http://neon.tech/?cat=FUZZ'
got a 308 redirect to 'https://neon.tech/?cat=FUZZ'. Do you want to follow? [Y/n] Y
[23:03:47] [CRITICAL] previous heuristics detected that the target is protected by some kind of WAF/IPS
[23:03:47] [INFO] testing if the target URL content is stable
[23:03:48] [WARNING] GET parameter 'cat' does not appear to be dynamic
[23:03:50] [WARNING] heuristic (basic) test shows that GET parameter 'cat' might not be injectable
[23:03:53] [INFO] skipping GET parameter 'cat'
[23:03:53] [ERROR] all tested parameters do not appear to be injectable. Try to increase values for '--level'/'--risk' options if you wish to perform more tests. If you suspect that there is some kind of protection mechanism involved (e.g. WAF) maybe you could try to use option '--tamper' (e.g. '--tamper=space2comment'), skipping to the next target
[23:03:53] [INFO] skipping 'https://neon.tech/_next/image?url=/_next/static/media/left-pattern.4be4da5e.png&w=2048&q=100&dpl=dpl_C4PDDKkwePiKJ5gGNdT4HCTb5PJ4'
[23:03:53] [INFO] you can find results of scanning in multiple targets mode inside the CSV file '/home/awad/.local/share/sqlmap/output/results-03032026_1102pm.csv'
[23:03:53] [INFO] starting crawler for target URL 'http://neon.tech/?file=FUZZ' (9/11)
[23:03:53] [INFO] starting 2 threads
got a 308 redirect to 'https://neon.tech/?file=FUZZ'. Do you want to follow? [Y/n] Y
[23:03:56] [INFO] found a total of 2 targets
[1/2] URL:
GET http://neon.tech/?file=FUZZ
do you want to test this URL? [Y/n/q]
> Y
[23:03:56] [INFO] testing URL 'http://neon.tech/?file=FUZZ'
got a 308 redirect to 'https://neon.tech/?file=FUZZ'. Do you want to follow? [Y/n] Y
[23:03:57] [CRITICAL] previous heuristics detected that the target is protected by some kind of WAF/IPS
[23:03:57] [INFO] testing if the target URL content is stable
[23:03:58] [WARNING] GET parameter 'file' does not appear to be dynamic
[23:04:00] [WARNING] heuristic (basic) test shows that GET parameter 'file' might not be injectable
[23:04:03] [INFO] skipping GET parameter 'file'
[23:04:03] [ERROR] all tested parameters do not appear to be injectable. Try to increase values for '--level'/'--risk' options if you wish to perform more tests. If you suspect that there is some kind of protection mechanism involved (e.g. WAF) maybe you could try to use option '--tamper' (e.g. '--tamper=space2comment'), skipping to the next target
[23:04:03] [INFO] skipping 'https://neon.tech/_next/image?url=/_next/static/media/left-pattern.4be4da5e.png&w=2048&q=100&dpl=dpl_C4PDDKkwePiKJ5gGNdT4HCTb5PJ4'
[23:04:03] [INFO] you can find results of scanning in multiple targets mode inside the CSV file '/home/awad/.local/share/sqlmap/output/results-03032026_1102pm.csv'
[23:04:03] [INFO] starting crawler for target URL 'http://neon.tech/?cmd=FUZZ' (10/11)
[23:04:03] [INFO] starting 2 threads
got a 308 redirect to 'https://neon.tech/'. Do you want to follow? [Y/n] Y
[23:04:06] [INFO] found a total of 2 targets
[1/2] URL:
GET http://neon.tech/?cmd=FUZZ
do you want to test this URL? [Y/n/q]
> Y
[23:04:06] [INFO] testing URL 'http://neon.tech/?cmd=FUZZ'
got a 308 redirect to 'https://neon.tech/?cmd=FUZZ'. Do you want to follow? [Y/n] Y
[23:04:07] [CRITICAL] previous heuristics detected that the target is protected by some kind of WAF/IPS
[23:04:07] [INFO] testing if the target URL content is stable
[23:04:08] [WARNING] GET parameter 'cmd' does not appear to be dynamic
[23:04:10] [WARNING] heuristic (basic) test shows that GET parameter 'cmd' might not be injectable
[23:04:13] [INFO] skipping GET parameter 'cmd'
[23:04:13] [ERROR] all tested parameters do not appear to be injectable. Try to increase values for '--level'/'--risk' options if you wish to perform more tests. If you suspect that there is some kind of protection mechanism involved (e.g. WAF) maybe you could try to use option '--tamper' (e.g. '--tamper=space2comment'), skipping to the next target
[23:04:13] [INFO] skipping 'https://neon.tech/_next/image?url=/_next/static/media/left-pattern.4be4da5e.png&w=2048&q=100&dpl=dpl_C4PDDKkwePiKJ5gGNdT4HCTb5PJ4'
[23:04:13] [INFO] you can find results of scanning in multiple targets mode inside the CSV file '/home/awad/.local/share/sqlmap/output/results-03032026_1102pm.csv'
[23:04:13] [INFO] starting crawler for target URL 'http://neon.tech/?action=FUZZ' (11/11)
[23:04:13] [INFO] starting 2 threads
got a 308 redirect to 'https://neon.tech/?action=FUZZ'. Do you want to follow? [Y/n] Y
[23:04:16] [INFO] found a total of 2 targets
[1/2] URL:
GET http://neon.tech/?action=FUZZ
do you want to test this URL? [Y/n/q]
> Y
[23:04:16] [INFO] testing URL 'http://neon.tech/?action=FUZZ'
got a 308 redirect to 'https://neon.tech/?action=FUZZ'. Do you want to follow? [Y/n] Y
[23:04:18] [CRITICAL] previous heuristics detected that the target is protected by some kind of WAF/IPS
[23:04:18] [INFO] testing if the target URL content is stable
[23:04:19] [WARNING] GET parameter 'action' does not appear to be dynamic
[23:04:21] [WARNING] heuristic (basic) test shows that GET parameter 'action' might not be injectable
[23:04:24] [INFO] skipping GET parameter 'action'
[23:04:24] [ERROR] all tested parameters do not appear to be injectable. Try to increase values for '--level'/'--risk' options if you wish to perform more tests. If you suspect that there is some kind of protection mechanism involved (e.g. WAF) maybe you could try to use option '--tamper' (e.g. '--tamper=space2comment'), skipping to the next target
[23:04:24] [INFO] skipping 'https://neon.tech/_next/image?url=/_next/static/media/left-pattern.4be4da5e.png&w=2048&q=100&dpl=dpl_C4PDDKkwePiKJ5gGNdT4HCTb5PJ4'
[23:04:24] [INFO] you can find results of scanning in multiple targets mode inside the CSV file '/home/awad/.local/share/sqlmap/output/results-03032026_1102pm.csv'

[*] ending @ 23:04:24 /2026-03-03/

