        ___
       __H__
 ___ ___[,]_____ ___ ___  {1.9.11#stable}
|_ -| . [(]     | .'| . |
|___|_  [,]_|_|_|__,|  _|
      |_|V...       |_|   https://sqlmap.org

[!] legal disclaimer: Usage of sqlmap for attacking targets without prior mutual consent is illegal. It is the end user's responsibility to obey all applicable local, state and federal laws. Developers assume no liability and are not responsible for any misuse or damage caused by this program

[*] starting @ 22:41:51 /2026-03-03/

[22:41:51] [INFO] fetched random HTTP User-Agent header value 'Mozilla/5.0 (Windows NT 10.0; Win64; x64) AppleWebKit/537.36 (KHTML, like Gecko) Chrome/124.0.0.0 Safari/537.36' from file '/usr/share/sqlmap/data/txt/user-agents.txt'
[22:41:51] [INFO] parsing multiple targets list from 'sqli_parameters.txt'
[22:41:51] [INFO] starting crawler for target URL 'https://stripchat.com?id=FUZZ' (1/4)
do you want to check for the existence of site's sitemap(.xml) [y/N] N
[22:41:52] [CRITICAL] connection exception detected ('can't establish SSL connection'). skipping URL 'https://stripchat.com?id=FUZZ'
do you want to normalize crawling results [Y/n] Y
do you want to store crawling results to a temporary file for eventual further processing with other tools [y/N] N
[1/1] URL:
GET https://stripchat.com?id=FUZZ
do you want to test this URL? [Y/n/q]
> Y
[22:41:52] [INFO] testing URL 'https://stripchat.com?id=FUZZ'
[22:41:52] [INFO] using '/home/awad/.local/share/sqlmap/output/results-03032026_1041pm.csv' as the CSV results file in multiple targets mode
[22:41:52] [ERROR] host 'stripchat.com' does not exist, skipping to the next target
[22:41:52] [INFO] you can find results of scanning in multiple targets mode inside the CSV file '/home/awad/.local/share/sqlmap/output/results-03032026_1041pm.csv'
[22:41:52] [INFO] starting crawler for target URL 'https://stripchat.com?search=FUZZ' (2/4)
[22:41:52] [CRITICAL] connection exception detected ('can't establish SSL connection'). skipping URL 'https://stripchat.com?search=FUZZ'
[1/1] URL:
GET https://stripchat.com?search=FUZZ
do you want to test this URL? [Y/n/q]
> Y
[22:41:52] [INFO] testing URL 'https://stripchat.com?search=FUZZ'
[22:41:52] [ERROR] host 'stripchat.com' does not exist, skipping to the next target
[22:41:52] [INFO] you can find results of scanning in multiple targets mode inside the CSV file '/home/awad/.local/share/sqlmap/output/results-03032026_1041pm.csv'
[22:41:52] [INFO] starting crawler for target URL 'https://stripchat.com?q=FUZZ' (3/4)
