        ___
       __H__
 ___ ___[(]_____ ___ ___  {1.10.2#pip}
|_ -| . [']     | .'| . |
|___|_  [,]_|_|_|__,|  _|
      |_|V...       |_|   https://sqlmap.org

[!] legal disclaimer: Usage of sqlmap for attacking targets without prior mutual consent is illegal. It is the end user's responsibility to obey all applicable local, state and federal laws. Developers assume no liability and are not responsible for any misuse or damage caused by this program

[*] starting @ 22:59:27 /2026-02-24/

[22:59:27] [WARNING] using '/mnt/c/Users/awad/Downloads/pyarmor/auto_PenTest/web_recon_dataset/sqlmap_scan_20260224_225922' as the output directory
[22:59:27] [INFO] fetched random HTTP User-Agent header value 'Mozilla/5.0 (Macintosh; Intel Mac OS X 10_15_7) AppleWebKit/605.1.15 (KHTML, like Gecko) Version/17.14 Safari/605.1.15' from file '/mnt/c/Users/awad/Downloads/pyarmor/auto_PenTest/autoPenTest/lib/python3.13/site-packages/sqlmap/data/txt/user-agents.txt'
do you want to check for the existence of site's sitemap(.xml) [y/N] N
[22:59:27] [INFO] starting crawler for target URL 'https://wallet.tg/?search=FUZZ'
[22:59:27] [INFO] searching for links with depth 1
[22:59:27] [INFO] starting 2 threads
[22:59:30] [INFO] searching for links with depth 2
[22:59:30] [INFO] starting 5 threads
[22:59:32] [WARNING] it appears that you have been blocked by the target server
got a 308 redirect to 'https://wallet.tg/docs/xstocks-terms'. Do you want to follow? [Y/n] Y
[22:59:33] [CRITICAL] unable to connect to the target URL. sqlmap is going to retry the request(s)
[22:59:33] [WARNING] if the problem persists please check that the provided target URL is reachable. In case that it is, you can try to rerun with proxy switches ('--proxy', '--proxy-file'...)
[22:59:40] [CRITICAL] unable to connect to the target URL
do you want to normalize crawling results [Y/n] Y
do you want to store crawling results to a temporary file for eventual further processing with other tools [y/N] N
[1/1] URL:
GET https://wallet.tg/?search=FUZZ
do you want to test this URL? [Y/n/q]
> Y
[22:59:40] [INFO] testing URL 'https://wallet.tg/?search=FUZZ'
[22:59:40] [INFO] using '/mnt/c/Users/awad/Downloads/pyarmor/auto_PenTest/web_recon_dataset/sqlmap_scan_20260224_225922/results-02242026_1059pm.csv' as the CSV results file in multiple targets mode
you have not declared cookie(s), while server wants to set its own ('__cf_bm=_j_d73ySWSh...JazY8NoJ5m'). Do you want to use those [Y/n] Y
[22:59:41] [INFO] checking if the target is protected by some kind of WAF/IPS
[22:59:42] [CRITICAL] WAF/IPS identified as 'CloudFlare'
are you sure that you want to continue with further target testing? [Y/n] Y
[22:59:42] [WARNING] please consider usage of tamper scripts (option '--tamper')
[22:59:42] [INFO] testing if the target URL content is stable
[22:59:43] [WARNING] target URL content is not stable (i.e. content differs). sqlmap will base the page comparison on a sequence matcher. If no dynamic nor injectable parameters are detected, or in case of junk results, refer to user's manual paragraph 'Page comparison'
how do you want to proceed? [(C)ontinue/(s)tring/(r)egex/(q)uit] C
[22:59:43] [INFO] testing if GET parameter 'search' is dynamic
[22:59:45] [WARNING] GET parameter 'search' does not appear to be dynamic
[22:59:46] [WARNING] heuristic (basic) test shows that GET parameter 'search' might not be injectable
[22:59:47] [INFO] testing for SQL injection on GET parameter 'search'
[22:59:47] [INFO] testing 'AND boolean-based blind - WHERE or HAVING clause'
[23:00:02] [INFO] testing 'AND boolean-based blind - WHERE or HAVING clause (subquery - comment)'
[23:00:10] [INFO] testing 'AND boolean-based blind - WHERE or HAVING clause (comment)'
[23:00:18] [INFO] testing 'MySQL RLIKE boolean-based blind - WHERE, HAVING, ORDER BY or GROUP BY clause'
[23:00:30] [INFO] testing 'PostgreSQL AND boolean-based blind - WHERE or HAVING clause (CAST)'
[23:00:41] [INFO] testing 'Oracle AND boolean-based blind - WHERE or HAVING clause (CTXSYS.DRITHSX.SN)'
[23:00:52] [INFO] testing 'SQLite AND boolean-based blind - WHERE, HAVING, GROUP BY or HAVING clause (JSON)'
[23:01:03] [INFO] testing 'Boolean-based blind - Parameter replace (original value)'
[23:01:04] [INFO] testing 'Boolean-based blind - Parameter replace (DUAL)'
[23:01:05] [INFO] testing 'Boolean-based blind - Parameter replace (CASE)'
[23:01:06] [INFO] testing 'MySQL >= 5.0 boolean-based blind - ORDER BY, GROUP BY clause'
[23:01:08] [INFO] testing 'PostgreSQL boolean-based blind - ORDER BY, GROUP BY clause'
[23:01:09] [INFO] testing 'MySQL >= 5.1 AND error-based - WHERE, HAVING, ORDER BY or GROUP BY clause (EXTRACTVALUE)'
[23:01:15] [INFO] testing 'MySQL >= 5.6 AND error-based - WHERE, HAVING, ORDER BY or GROUP BY clause (GTID_SUBSET)'
[23:01:21] [INFO] testing 'PostgreSQL AND error-based - WHERE or HAVING clause'
[23:01:27] [INFO] testing 'Microsoft SQL Server/Sybase AND error-based - WHERE or HAVING clause (IN)'
[23:01:34] [INFO] testing 'Microsoft SQL Server/Sybase AND error-based - WHERE or HAVING clause (CONVERT)'
[23:01:39] [INFO] testing 'Microsoft SQL Server/Sybase AND error-based - WHERE or HAVING clause (CONCAT)'
[23:01:45] [INFO] testing 'Oracle AND error-based - WHERE or HAVING clause (XMLType)'
[23:01:51] [INFO] testing 'Oracle AND error-based - WHERE or HAVING clause (UTL_INADDR.GET_HOST_ADDRESS)'
[23:01:57] [INFO] testing 'MySQL >= 5.1 error-based - PROCEDURE ANALYSE (EXTRACTVALUE)'
[23:02:02] [INFO] testing 'MySQL >= 5.1 error-based - Parameter replace (EXTRACTVALUE)'
[23:02:03] [INFO] testing 'PostgreSQL error-based - Parameter replace'
[23:02:03] [INFO] testing 'Microsoft SQL Server/Sybase error-based - Stacking (EXEC)'
[23:02:08] [INFO] testing 'Generic inline queries'
[23:02:08] [INFO] testing 'MySQL inline queries'
[23:02:09] [INFO] testing 'PostgreSQL inline queries'
[23:02:09] [INFO] testing 'Microsoft SQL Server/Sybase inline queries'
[23:02:10] [INFO] testing 'Oracle inline queries'
[23:02:11] [INFO] testing 'MySQL >= 5.0.12 stacked queries (comment)'
[23:02:16] [INFO] testing 'PostgreSQL > 8.1 stacked queries (comment)'
[23:02:20] [INFO] testing 'PostgreSQL stacked queries (heavy query - comment)'
[23:02:25] [INFO] testing 'Microsoft SQL Server/Sybase stacked queries (comment)'
[23:02:31] [INFO] testing 'Microsoft SQL Server/Sybase stacked queries (DECLARE - comment)'
[23:02:36] [INFO] testing 'Oracle stacked queries (DBMS_PIPE.RECEIVE_MESSAGE - comment)'
[23:02:40] [INFO] testing 'Oracle stacked queries (heavy query - comment)'
[23:02:45] [INFO] testing 'MySQL >= 5.0.12 AND time-based blind (query SLEEP)'
[23:02:51] [INFO] testing 'MySQL >= 5.0.12 AND time-based blind (SLEEP)'
[23:02:57] [INFO] testing 'MySQL < 5.0.12 AND time-based blind (BENCHMARK)'
[23:03:03] [INFO] testing 'MySQL >= 5.0.12 RLIKE time-based blind'
[23:03:10] [INFO] testing 'PostgreSQL > 8.1 AND time-based blind'
[23:03:16] [INFO] testing 'PostgreSQL AND time-based blind (heavy query)'
[23:03:23] [INFO] testing 'Microsoft SQL Server/Sybase time-based blind (IF)'
[23:03:29] [INFO] testing 'Microsoft SQL Server/Sybase AND time-based blind (heavy query)'
[23:03:36] [INFO] testing 'Oracle AND time-based blind'
[23:03:42] [INFO] testing 'Oracle AND time-based blind (heavy query)'
[23:03:48] [INFO] testing 'Informix AND time-based blind (heavy query)'
[23:03:55] [INFO] testing 'MySQL >= 5.0.12 time-based blind - Parameter replace'
it is recommended to perform only basic UNION tests if there is not at least one other (potential) technique found. Do you want to reduce the number of requests? [Y/n] Y
[23:03:55] [INFO] testing 'Generic UNION query (NULL) - 1 to 10 columns'
[23:04:10] [INFO] testing 'MySQL UNION query (NULL) - 1 to 10 columns'
[23:04:25] [WARNING] GET parameter 'search' does not seem to be injectable
[23:04:25] [ERROR] all tested parameters do not appear to be injectable. Try to increase values for '--level'/'--risk' options if you wish to perform more tests. If you suspect that there is some kind of protection mechanism involved (e.g. WAF) maybe you could try to use option '--tamper' (e.g. '--tamper=space2comment'), skipping to the next target
[23:04:25] [WARNING] HTTP error codes detected during run:
403 (Forbidden) - 442 times
[23:04:25] [INFO] you can find results of scanning in multiple targets mode inside the CSV file '/mnt/c/Users/awad/Downloads/pyarmor/auto_PenTest/web_recon_dataset/sqlmap_scan_20260224_225922/results-02242026_1059pm.csv'

[*] ending @ 23:04:25 /2026-02-24/

