        ___
       __H__
 ___ ___[(]_____ ___ ___  {1.10.2#pip}
|_ -| . ["]     | .'| . |
|___|_  [']_|_|_|__,|  _|
      |_|V...       |_|   https://sqlmap.org

[!] legal disclaimer: Usage of sqlmap for attacking targets without prior mutual consent is illegal. It is the end user's responsibility to obey all applicable local, state and federal laws. Developers assume no liability and are not responsible for any misuse or damage caused by this program

[*] starting @ 00:10:40 /2026-02-26/

[00:10:40] [WARNING] using '/mnt/c/Users/awad/Downloads/pyarmor/auto_PenTest/web_recon_dataset/sqlmap_scan_20260226_001035' as the output directory
[00:10:40] [INFO] fetched random HTTP User-Agent header value 'Mozilla/5.0 (Windows NT 10.0; Win64; x64) AppleWebKit/537.36 (KHTML, like Gecko) Chrome/139.0.7258.5 Safari/537.36' from file '/mnt/c/Users/awad/Downloads/pyarmor/auto_PenTest/autoPenTest/lib/python3.13/site-packages/sqlmap/data/txt/user-agents.txt'
do you want to check for the existence of site's sitemap(.xml) [y/N] N
[00:10:40] [INFO] starting crawler for target URL 'https://filesos.stc.com.sa/?search=FUZZ'
[00:10:40] [INFO] searching for links with depth 1
[00:10:40] [INFO] starting 2 threads
got a 302 redirect to 'https://filesos.stc.com.sa/op/generate.aspx'. Do you want to follow? [Y/n] Y
[00:10:41] [INFO] searching for links with depth 2
[00:10:41] [INFO] starting 3 threads
do you want to normalize crawling results [Y/n] Y
do you want to store crawling results to a temporary file for eventual further processing with other tools [y/N] N
[00:10:42] [INFO] found a total of 2 targets
[1/2] URL:
GET https://filesos.stc.com.sa/?search=FUZZ
do you want to test this URL? [Y/n/q]
> Y
[00:10:42] [INFO] testing URL 'https://filesos.stc.com.sa/?search=FUZZ'
[00:10:42] [INFO] using '/mnt/c/Users/awad/Downloads/pyarmor/auto_PenTest/web_recon_dataset/sqlmap_scan_20260226_001035/results-02262026_1210am.csv' as the CSV results file in multiple targets mode
got a 302 redirect to 'https://filesos.stc.com.sa/op/generate.aspx'. Do you want to follow? [Y/n] Y
you have not declared cookie(s), while server wants to set its own ('cookiesession1=678B76AD769...FFAAEC53F2'). Do you want to use those [Y/n] Y
[00:10:43] [INFO] checking if the target is protected by some kind of WAF/IPS
[00:10:43] [CRITICAL] heuristics detected that the target is protected by some kind of WAF/IPS
are you sure that you want to continue with further target testing? [Y/n] Y
[00:10:43] [WARNING] please consider usage of tamper scripts (option '--tamper')
[00:10:43] [INFO] testing if the target URL content is stable
[00:10:44] [WARNING] GET parameter 'search' does not appear to be dynamic
[00:10:45] [WARNING] heuristic (basic) test shows that GET parameter 'search' might not be injectable
[00:10:45] [INFO] testing for SQL injection on GET parameter 'search'
[00:10:45] [INFO] testing 'AND boolean-based blind - WHERE or HAVING clause'
[00:10:54] [INFO] testing 'AND boolean-based blind - WHERE or HAVING clause (subquery - comment)'
[00:11:01] [INFO] testing 'AND boolean-based blind - WHERE or HAVING clause (comment)'
[00:11:06] [INFO] testing 'MySQL RLIKE boolean-based blind - WHERE, HAVING, ORDER BY or GROUP BY clause'
[00:11:14] [INFO] testing 'PostgreSQL AND boolean-based blind - WHERE or HAVING clause (CAST)'
[00:11:22] [INFO] testing 'Oracle AND boolean-based blind - WHERE or HAVING clause (CTXSYS.DRITHSX.SN)'
[00:11:30] [INFO] testing 'SQLite AND boolean-based blind - WHERE, HAVING, GROUP BY or HAVING clause (JSON)'
[00:11:37] [INFO] testing 'Boolean-based blind - Parameter replace (original value)'
[00:11:38] [INFO] testing 'Boolean-based blind - Parameter replace (DUAL)'
[00:11:38] [INFO] testing 'Boolean-based blind - Parameter replace (CASE)'
[00:11:39] [INFO] testing 'MySQL >= 5.0 boolean-based blind - ORDER BY, GROUP BY clause'
[00:11:39] [INFO] testing 'PostgreSQL boolean-based blind - ORDER BY, GROUP BY clause'
[00:11:40] [INFO] testing 'MySQL >= 5.1 AND error-based - WHERE, HAVING, ORDER BY or GROUP BY clause (EXTRACTVALUE)'
[00:11:44] [INFO] testing 'MySQL >= 5.6 AND error-based - WHERE, HAVING, ORDER BY or GROUP BY clause (GTID_SUBSET)'
[00:11:48] [INFO] testing 'PostgreSQL AND error-based - WHERE or HAVING clause'
[00:11:53] [INFO] testing 'Microsoft SQL Server/Sybase AND error-based - WHERE or HAVING clause (IN)'
[00:11:56] [INFO] testing 'Microsoft SQL Server/Sybase AND error-based - WHERE or HAVING clause (CONVERT)'
[00:12:01] [INFO] testing 'Microsoft SQL Server/Sybase AND error-based - WHERE or HAVING clause (CONCAT)'
[00:12:04] [INFO] testing 'Oracle AND error-based - WHERE or HAVING clause (XMLType)'
[00:12:08] [INFO] testing 'Oracle AND error-based - WHERE or HAVING clause (UTL_INADDR.GET_HOST_ADDRESS)'
[00:12:12] [INFO] testing 'MySQL >= 5.1 error-based - PROCEDURE ANALYSE (EXTRACTVALUE)'
[00:12:17] [INFO] testing 'MySQL >= 5.1 error-based - Parameter replace (EXTRACTVALUE)'
[00:12:17] [INFO] testing 'PostgreSQL error-based - Parameter replace'
[00:12:18] [INFO] testing 'Microsoft SQL Server/Sybase error-based - Stacking (EXEC)'
[00:12:21] [INFO] testing 'Generic inline queries'
[00:12:21] [INFO] testing 'MySQL inline queries'
[00:12:22] [INFO] testing 'PostgreSQL inline queries'
[00:12:22] [INFO] testing 'Microsoft SQL Server/Sybase inline queries'
[00:12:23] [INFO] testing 'Oracle inline queries'
[00:12:23] [INFO] testing 'MySQL >= 5.0.12 stacked queries (comment)'
[00:12:26] [INFO] testing 'PostgreSQL > 8.1 stacked queries (comment)'
[00:12:29] [INFO] testing 'PostgreSQL stacked queries (heavy query - comment)'
[00:12:31] [INFO] testing 'Microsoft SQL Server/Sybase stacked queries (comment)'
[00:12:34] [INFO] testing 'Microsoft SQL Server/Sybase stacked queries (DECLARE - comment)'
[00:12:37] [INFO] testing 'Oracle stacked queries (DBMS_PIPE.RECEIVE_MESSAGE - comment)'
[00:12:40] [INFO] testing 'Oracle stacked queries (heavy query - comment)'
[00:12:43] [INFO] testing 'MySQL >= 5.0.12 AND time-based blind (query SLEEP)'
[00:12:46] [INFO] testing 'MySQL >= 5.0.12 AND time-based blind (SLEEP)'
[00:12:50] [INFO] testing 'MySQL < 5.0.12 AND time-based blind (BENCHMARK)'
[00:12:54] [INFO] testing 'MySQL >= 5.0.12 RLIKE time-based blind'
[00:12:58] [INFO] testing 'PostgreSQL > 8.1 AND time-based blind'
[00:13:02] [INFO] testing 'PostgreSQL AND time-based blind (heavy query)'
[00:13:06] [INFO] testing 'Microsoft SQL Server/Sybase time-based blind (IF)'
[00:13:11] [INFO] testing 'Microsoft SQL Server/Sybase AND time-based blind (heavy query)'
[00:13:16] [INFO] testing 'Oracle AND time-based blind'
[00:13:20] [INFO] testing 'Oracle AND time-based blind (heavy query)'
[00:13:23] [INFO] testing 'Informix AND time-based blind (heavy query)'
[00:13:28] [INFO] testing 'MySQL >= 5.0.12 time-based blind - Parameter replace'
it is recommended to perform only basic UNION tests if there is not at least one other (potential) technique found. Do you want to reduce the number of requests? [Y/n] Y
[00:13:28] [INFO] testing 'Generic UNION query (NULL) - 1 to 10 columns'
[00:13:32] [INFO] testing 'MySQL UNION query (NULL) - 1 to 10 columns'
[00:13:37] [WARNING] GET parameter 'search' does not seem to be injectable
[00:13:37] [ERROR] all tested parameters do not appear to be injectable. Try to increase values for '--level'/'--risk' options if you wish to perform more tests. If you suspect that there is some kind of protection mechanism involved (e.g. WAF) maybe you could try to use option '--tamper' (e.g. '--tamper=space2comment'), skipping to the next target
[00:13:37] [WARNING] HTTP error codes detected during run:
500 (Internal Server Error) - 505 times
[2/2] URL:
GET https://filesos.stc.com.sa/op/embed.aspx?src=\\servername\path1\path2\file
do you want to test this URL? [Y/n/q]
> Y
[00:13:37] [INFO] testing URL 'https://filesos.stc.com.sa/op/embed.aspx?src=\\servername\path1\path2\file'
[00:13:37] [WARNING] the web server responded with an HTTP error code (500) which could interfere with the results of the tests
[00:13:37] [INFO] checking if the target is protected by some kind of WAF/IPS
[00:13:38] [INFO] testing if the target URL content is stable
[00:13:38] [WARNING] target URL content is not stable (i.e. content differs). sqlmap will base the page comparison on a sequence matcher. If no dynamic nor injectable parameters are detected, or in case of junk results, refer to user's manual paragraph 'Page comparison'
how do you want to proceed? [(C)ontinue/(s)tring/(r)egex/(q)uit] C
[00:13:38] [INFO] testing if GET parameter 'src' is dynamic
[00:13:39] [INFO] GET parameter 'src' appears to be dynamic
[00:13:39] [WARNING] heuristic (basic) test shows that GET parameter 'src' might not be injectable
[00:13:40] [INFO] testing for SQL injection on GET parameter 'src'
[00:13:40] [INFO] testing 'AND boolean-based blind - WHERE or HAVING clause'
[00:13:54] [INFO] testing 'AND boolean-based blind - WHERE or HAVING clause (subquery - comment)'
[00:14:03] [INFO] testing 'AND boolean-based blind - WHERE or HAVING clause (comment)'
[00:14:13] [INFO] testing 'MySQL RLIKE boolean-based blind - WHERE, HAVING, ORDER BY or GROUP BY clause'
[00:14:25] [INFO] testing 'PostgreSQL AND boolean-based blind - WHERE or HAVING clause (CAST)'
[00:14:37] [INFO] testing 'Oracle AND boolean-based blind - WHERE or HAVING clause (CTXSYS.DRITHSX.SN)'
[00:14:50] [INFO] testing 'SQLite AND boolean-based blind - WHERE, HAVING, GROUP BY or HAVING clause (JSON)'
[00:15:02] [INFO] testing 'Boolean-based blind - Parameter replace (original value)'
[00:15:03] [INFO] testing 'Boolean-based blind - Parameter replace (DUAL)'
[00:15:04] [INFO] testing 'Boolean-based blind - Parameter replace (CASE)'
[00:15:05] [INFO] testing 'MySQL >= 5.0 boolean-based blind - ORDER BY, GROUP BY clause'
[00:15:06] [INFO] testing 'PostgreSQL boolean-based blind - ORDER BY, GROUP BY clause'
[00:15:07] [INFO] testing 'MySQL >= 5.1 AND error-based - WHERE, HAVING, ORDER BY or GROUP BY clause (EXTRACTVALUE)'
[00:15:11] [INFO] testing 'MySQL >= 5.6 AND error-based - WHERE, HAVING, ORDER BY or GROUP BY clause (GTID_SUBSET)'
[00:15:16] [INFO] testing 'PostgreSQL AND error-based - WHERE or HAVING clause'
[00:15:20] [INFO] testing 'Microsoft SQL Server/Sybase AND error-based - WHERE or HAVING clause (IN)'
[00:15:25] [INFO] testing 'Microsoft SQL Server/Sybase AND error-based - WHERE or HAVING clause (CONVERT)'
[00:15:28] [INFO] testing 'Microsoft SQL Server/Sybase AND error-based - WHERE or HAVING clause (CONCAT)'
[00:15:32] [INFO] testing 'Oracle AND error-based - WHERE or HAVING clause (XMLType)'
[00:15:37] [INFO] testing 'Oracle AND error-based - WHERE or HAVING clause (UTL_INADDR.GET_HOST_ADDRESS)'
[00:15:40] [INFO] testing 'MySQL >= 5.1 error-based - PROCEDURE ANALYSE (EXTRACTVALUE)'
[00:15:44] [INFO] testing 'MySQL >= 5.1 error-based - Parameter replace (EXTRACTVALUE)'
[00:15:44] [INFO] testing 'PostgreSQL error-based - Parameter replace'
[00:15:45] [INFO] testing 'Microsoft SQL Server/Sybase error-based - Stacking (EXEC)'
[00:15:48] [INFO] testing 'Generic inline queries'
[00:15:49] [INFO] testing 'MySQL inline queries'
[00:15:49] [INFO] testing 'PostgreSQL inline queries'
[00:15:49] [INFO] testing 'Microsoft SQL Server/Sybase inline queries'
[00:15:50] [INFO] testing 'Oracle inline queries'
[00:15:50] [INFO] testing 'MySQL >= 5.0.12 stacked queries (comment)'
[00:15:53] [INFO] testing 'PostgreSQL > 8.1 stacked queries (comment)'
[00:15:56] [INFO] testing 'PostgreSQL stacked queries (heavy query - comment)'
[00:15:59] [INFO] testing 'Microsoft SQL Server/Sybase stacked queries (comment)'
[00:16:02] [INFO] testing 'Microsoft SQL Server/Sybase stacked queries (DECLARE - comment)'
[00:16:05] [INFO] testing 'Oracle stacked queries (DBMS_PIPE.RECEIVE_MESSAGE - comment)'
[00:16:08] [INFO] testing 'Oracle stacked queries (heavy query - comment)'
[00:16:13] [INFO] testing 'MySQL >= 5.0.12 AND time-based blind (query SLEEP)'
[00:16:16] [INFO] testing 'MySQL >= 5.0.12 AND time-based blind (SLEEP)'
[00:16:20] [INFO] testing 'MySQL < 5.0.12 AND time-based blind (BENCHMARK)'
[00:16:24] [INFO] testing 'MySQL >= 5.0.12 RLIKE time-based blind'
[00:16:28] [INFO] testing 'PostgreSQL > 8.1 AND time-based blind'
[00:16:33] [INFO] testing 'PostgreSQL AND time-based blind (heavy query)'
[00:16:37] [INFO] testing 'Microsoft SQL Server/Sybase time-based blind (IF)'
[00:16:41] [INFO] testing 'Microsoft SQL Server/Sybase AND time-based blind (heavy query)'
[00:16:44] [INFO] testing 'Oracle AND time-based blind'
[00:16:48] [INFO] testing 'Oracle AND time-based blind (heavy query)'
[00:16:53] [INFO] testing 'Informix AND time-based blind (heavy query)'
[00:16:56] [INFO] testing 'MySQL >= 5.0.12 time-based blind - Parameter replace'
it is recommended to perform only basic UNION tests if there is not at least one other (potential) technique found. Do you want to reduce the number of requests? [Y/n] Y
[00:16:57] [INFO] testing 'Generic UNION query (NULL) - 1 to 10 columns'
[00:17:05] [INFO] testing 'MySQL UNION query (NULL) - 1 to 10 columns'
[00:17:14] [WARNING] GET parameter 'src' does not seem to be injectable
[00:17:14] [ERROR] all tested parameters do not appear to be injectable. Try to increase values for '--level'/'--risk' options if you wish to perform more tests. Please retry with the switch '--text-only' (along with --technique=BU) as this case looks like a perfect candidate (low textual content along with inability of comparison engine to detect at least one dynamic parameter). If you suspect that there is some kind of protection mechanism involved (e.g. WAF) maybe you could try to use option '--tamper' (e.g. '--tamper=space2comment'), skipping to the next target
[00:17:14] [WARNING] HTTP error codes detected during run:
500 (Internal Server Error) - 620 times
[00:17:14] [INFO] you can find results of scanning in multiple targets mode inside the CSV file '/mnt/c/Users/awad/Downloads/pyarmor/auto_PenTest/web_recon_dataset/sqlmap_scan_20260226_001035/results-02262026_1210am.csv'

[*] ending @ 00:17:14 /2026-02-26/

