        ___
       __H__
 ___ ___[,]_____ ___ ___  {1.9.11#stable}
|_ -| . [']     | .'| . |
|___|_  [)]_|_|_|__,|  _|
      |_|V...       |_|   https://sqlmap.org

[!] legal disclaimer: Usage of sqlmap for attacking targets without prior mutual consent is illegal. It is the end user's responsibility to obey all applicable local, state and federal laws. Developers assume no liability and are not responsible for any misuse or damage caused by this program

[*] starting @ 23:21:39 /2026-03-03/

[23:21:39] [INFO] fetched random HTTP User-Agent header value 'Mozilla/5.0 (X11; Linux x86_64) AppleWebKit/537.36 Chrome/116.0.0.0 Safari/537.36' from file '/usr/share/sqlmap/data/txt/user-agents.txt'
[23:21:39] [INFO] parsing multiple targets list from 'sqli_parameters.txt'
[23:21:39] [INFO] starting crawler for target URL 'http://lightspark.com/?id=FUZZ' (1/11)
do you want to check for the existence of site's sitemap(.xml) [y/N] N
[23:21:39] [INFO] starting 2 threads
got a 308 redirect to 'https://lightspark.com/'. Do you want to follow? [Y/n] Y
do you want to normalize crawling results [Y/n] Y
do you want to store crawling results to a temporary file for eventual further processing with other tools [y/N] N
[1/1] URL:
GET http://lightspark.com/?id=FUZZ
do you want to test this URL? [Y/n/q]
> Y
[23:21:41] [INFO] testing URL 'http://lightspark.com/?id=FUZZ'
[23:21:41] [INFO] using '/home/awad/.local/share/sqlmap/output/results-03032026_1121pm.csv' as the CSV results file in multiple targets mode
got a 308 redirect to 'https://lightspark.com/?id=FUZZ'. Do you want to follow? [Y/n] Y
[23:21:43] [INFO] testing if the target URL content is stable
[23:21:44] [WARNING] GET parameter 'id' does not appear to be dynamic
[23:21:46] [WARNING] heuristic (basic) test shows that GET parameter 'id' might not be injectable
[23:21:47] [INFO] skipping GET parameter 'id'
[23:21:47] [ERROR] all tested parameters do not appear to be injectable. Try to increase values for '--level'/'--risk' options if you wish to perform more tests. If you suspect that there is some kind of protection mechanism involved (e.g. WAF) maybe you could try to use option '--tamper' (e.g. '--tamper=space2comment'), skipping to the next target
[23:21:47] [INFO] you can find results of scanning in multiple targets mode inside the CSV file '/home/awad/.local/share/sqlmap/output/results-03032026_1121pm.csv'
[23:21:47] [INFO] starting crawler for target URL 'http://lightspark.com/?search=FUZZ' (2/11)
[23:21:47] [INFO] starting 2 threads
[1/1] URL:
GET http://lightspark.com/?search=FUZZ
do you want to test this URL? [Y/n/q]
> Y
[23:21:49] [INFO] testing URL 'http://lightspark.com/?search=FUZZ'
got a 308 redirect to 'https://lightspark.com/?search=FUZZ'. Do you want to follow? [Y/n] Y
[23:21:50] [INFO] testing if the target URL content is stable
[23:21:51] [WARNING] GET parameter 'search' does not appear to be dynamic
[23:21:52] [WARNING] heuristic (basic) test shows that GET parameter 'search' might not be injectable
[23:21:53] [INFO] skipping GET parameter 'search'
[23:21:53] [ERROR] all tested parameters do not appear to be injectable. Try to increase values for '--level'/'--risk' options if you wish to perform more tests. If you suspect that there is some kind of protection mechanism involved (e.g. WAF) maybe you could try to use option '--tamper' (e.g. '--tamper=space2comment'), skipping to the next target
[23:21:53] [INFO] you can find results of scanning in multiple targets mode inside the CSV file '/home/awad/.local/share/sqlmap/output/results-03032026_1121pm.csv'
[23:21:53] [INFO] starting crawler for target URL 'http://lightspark.com/?q=FUZZ' (3/11)
[23:21:53] [INFO] starting 2 threads
[1/1] URL:
GET http://lightspark.com/?q=FUZZ
do you want to test this URL? [Y/n/q]
> Y
[23:21:55] [INFO] testing URL 'http://lightspark.com/?q=FUZZ'
got a 308 redirect to 'https://lightspark.com/?q=FUZZ'. Do you want to follow? [Y/n] Y
[23:21:56] [INFO] testing if the target URL content is stable
[23:21:57] [WARNING] GET parameter 'q' does not appear to be dynamic
[23:21:58] [WARNING] heuristic (basic) test shows that GET parameter 'q' might not be injectable
[23:21:59] [INFO] skipping GET parameter 'q'
[23:21:59] [ERROR] all tested parameters do not appear to be injectable. Try to increase values for '--level'/'--risk' options if you wish to perform more tests. If you suspect that there is some kind of protection mechanism involved (e.g. WAF) maybe you could try to use option '--tamper' (e.g. '--tamper=space2comment'), skipping to the next target
[23:21:59] [INFO] you can find results of scanning in multiple targets mode inside the CSV file '/home/awad/.local/share/sqlmap/output/results-03032026_1121pm.csv'
[23:21:59] [INFO] starting crawler for target URL 'http://lightspark.com/?query=FUZZ' (4/11)
[23:21:59] [INFO] starting 2 threads
[1/1] URL:
GET http://lightspark.com/?query=FUZZ
do you want to test this URL? [Y/n/q]
> Y
[23:22:01] [INFO] testing URL 'http://lightspark.com/?query=FUZZ'
got a 308 redirect to 'https://lightspark.com/?query=FUZZ'. Do you want to follow? [Y/n] Y
[23:22:02] [INFO] testing if the target URL content is stable
[23:22:03] [WARNING] GET parameter 'query' does not appear to be dynamic
[23:22:04] [WARNING] heuristic (basic) test shows that GET parameter 'query' might not be injectable
[23:22:06] [INFO] skipping GET parameter 'query'
[23:22:06] [ERROR] all tested parameters do not appear to be injectable. Try to increase values for '--level'/'--risk' options if you wish to perform more tests. If you suspect that there is some kind of protection mechanism involved (e.g. WAF) maybe you could try to use option '--tamper' (e.g. '--tamper=space2comment'), skipping to the next target
[23:22:06] [INFO] you can find results of scanning in multiple targets mode inside the CSV file '/home/awad/.local/share/sqlmap/output/results-03032026_1121pm.csv'
[23:22:06] [INFO] starting crawler for target URL 'http://lightspark.com/?page=FUZZ' (5/11)
[23:22:06] [INFO] starting 2 threads
[1/1] URL:
GET http://lightspark.com/?page=FUZZ
do you want to test this URL? [Y/n/q]
> Y
[23:22:07] [INFO] testing URL 'http://lightspark.com/?page=FUZZ'
got a 308 redirect to 'https://lightspark.com/?page=FUZZ'. Do you want to follow? [Y/n] Y
[23:22:08] [INFO] testing if the target URL content is stable
[23:22:10] [WARNING] GET parameter 'page' does not appear to be dynamic
[23:22:11] [WARNING] heuristic (basic) test shows that GET parameter 'page' might not be injectable
[23:22:12] [INFO] skipping GET parameter 'page'
[23:22:12] [ERROR] all tested parameters do not appear to be injectable. Try to increase values for '--level'/'--risk' options if you wish to perform more tests. If you suspect that there is some kind of protection mechanism involved (e.g. WAF) maybe you could try to use option '--tamper' (e.g. '--tamper=space2comment'), skipping to the next target
[23:22:12] [INFO] you can find results of scanning in multiple targets mode inside the CSV file '/home/awad/.local/share/sqlmap/output/results-03032026_1121pm.csv'
[23:22:12] [INFO] starting crawler for target URL 'http://lightspark.com/?user=FUZZ' (6/11)
[23:22:12] [INFO] starting 2 threads
[1/1] URL:
GET http://lightspark.com/?user=FUZZ
do you want to test this URL? [Y/n/q]
> Y
[23:22:14] [INFO] testing URL 'http://lightspark.com/?user=FUZZ'
got a 308 redirect to 'https://lightspark.com/?user=FUZZ'. Do you want to follow? [Y/n] Y
[23:22:15] [INFO] testing if the target URL content is stable
[23:22:16] [WARNING] GET parameter 'user' does not appear to be dynamic
[23:22:17] [WARNING] heuristic (basic) test shows that GET parameter 'user' might not be injectable
[23:22:18] [INFO] skipping GET parameter 'user'
[23:22:18] [ERROR] all tested parameters do not appear to be injectable. Try to increase values for '--level'/'--risk' options if you wish to perform more tests. If you suspect that there is some kind of protection mechanism involved (e.g. WAF) maybe you could try to use option '--tamper' (e.g. '--tamper=space2comment'), skipping to the next target
[23:22:18] [INFO] you can find results of scanning in multiple targets mode inside the CSV file '/home/awad/.local/share/sqlmap/output/results-03032026_1121pm.csv'
[23:22:18] [INFO] starting crawler for target URL 'http://lightspark.com/?name=FUZZ' (7/11)
[23:22:18] [INFO] starting 2 threads
[1/1] URL:
GET http://lightspark.com/?name=FUZZ
do you want to test this URL? [Y/n/q]
> Y
[23:22:20] [INFO] testing URL 'http://lightspark.com/?name=FUZZ'
got a 308 redirect to 'https://lightspark.com/?name=FUZZ'. Do you want to follow? [Y/n] Y
[23:22:21] [INFO] testing if the target URL content is stable
[23:22:22] [WARNING] GET parameter 'name' does not appear to be dynamic
[23:22:23] [WARNING] heuristic (basic) test shows that GET parameter 'name' might not be injectable
[23:22:24] [INFO] skipping GET parameter 'name'
[23:22:24] [ERROR] all tested parameters do not appear to be injectable. Try to increase values for '--level'/'--risk' options if you wish to perform more tests. If you suspect that there is some kind of protection mechanism involved (e.g. WAF) maybe you could try to use option '--tamper' (e.g. '--tamper=space2comment'), skipping to the next target
[23:22:24] [INFO] you can find results of scanning in multiple targets mode inside the CSV file '/home/awad/.local/share/sqlmap/output/results-03032026_1121pm.csv'
[23:22:24] [INFO] starting crawler for target URL 'http://lightspark.com/?cat=FUZZ' (8/11)
[23:22:24] [INFO] starting 2 threads
[1/1] URL:
GET http://lightspark.com/?cat=FUZZ
do you want to test this URL? [Y/n/q]
> Y
[23:22:26] [INFO] testing URL 'http://lightspark.com/?cat=FUZZ'
got a 308 redirect to 'https://lightspark.com/?cat=FUZZ'. Do you want to follow? [Y/n] Y
[23:22:27] [INFO] testing if the target URL content is stable
[23:22:28] [WARNING] GET parameter 'cat' does not appear to be dynamic
[23:22:29] [WARNING] heuristic (basic) test shows that GET parameter 'cat' might not be injectable
[23:22:31] [INFO] skipping GET parameter 'cat'
[23:22:31] [ERROR] all tested parameters do not appear to be injectable. Try to increase values for '--level'/'--risk' options if you wish to perform more tests. If you suspect that there is some kind of protection mechanism involved (e.g. WAF) maybe you could try to use option '--tamper' (e.g. '--tamper=space2comment'), skipping to the next target
[23:22:31] [INFO] you can find results of scanning in multiple targets mode inside the CSV file '/home/awad/.local/share/sqlmap/output/results-03032026_1121pm.csv'
[23:22:31] [INFO] starting crawler for target URL 'http://lightspark.com/?file=FUZZ' (9/11)
[23:22:31] [INFO] starting 2 threads
[1/1] URL:
GET http://lightspark.com/?file=FUZZ
do you want to test this URL? [Y/n/q]
> Y
[23:22:32] [INFO] testing URL 'http://lightspark.com/?file=FUZZ'
got a 308 redirect to 'https://lightspark.com/?file=FUZZ'. Do you want to follow? [Y/n] Y
[23:22:33] [INFO] testing if the target URL content is stable
[23:22:34] [WARNING] GET parameter 'file' does not appear to be dynamic
[23:22:35] [WARNING] heuristic (basic) test shows that GET parameter 'file' might not be injectable
[23:22:37] [INFO] skipping GET parameter 'file'
[23:22:37] [ERROR] all tested parameters do not appear to be injectable. Try to increase values for '--level'/'--risk' options if you wish to perform more tests. If you suspect that there is some kind of protection mechanism involved (e.g. WAF) maybe you could try to use option '--tamper' (e.g. '--tamper=space2comment'), skipping to the next target
[23:22:37] [INFO] you can find results of scanning in multiple targets mode inside the CSV file '/home/awad/.local/share/sqlmap/output/results-03032026_1121pm.csv'
[23:22:37] [INFO] starting crawler for target URL 'http://lightspark.com/?cmd=FUZZ' (10/11)
[23:22:37] [INFO] starting 2 threads
[1/1] URL:
GET http://lightspark.com/?cmd=FUZZ
do you want to test this URL? [Y/n/q]
> Y
[23:22:39] [INFO] testing URL 'http://lightspark.com/?cmd=FUZZ'
got a 308 redirect to 'https://lightspark.com/?cmd=FUZZ'. Do you want to follow? [Y/n] Y
[23:22:40] [INFO] testing if the target URL content is stable
[23:22:41] [WARNING] GET parameter 'cmd' does not appear to be dynamic
[23:22:42] [WARNING] heuristic (basic) test shows that GET parameter 'cmd' might not be injectable
[23:22:43] [INFO] skipping GET parameter 'cmd'
[23:22:43] [ERROR] all tested parameters do not appear to be injectable. Try to increase values for '--level'/'--risk' options if you wish to perform more tests. If you suspect that there is some kind of protection mechanism involved (e.g. WAF) maybe you could try to use option '--tamper' (e.g. '--tamper=space2comment'), skipping to the next target
[23:22:43] [INFO] you can find results of scanning in multiple targets mode inside the CSV file '/home/awad/.local/share/sqlmap/output/results-03032026_1121pm.csv'
[23:22:43] [INFO] starting crawler for target URL 'http://lightspark.com/?action=FUZZ' (11/11)
[23:22:43] [INFO] starting 2 threads
[1/1] URL:
GET http://lightspark.com/?action=FUZZ
do you want to test this URL? [Y/n/q]
> Y
[23:22:45] [INFO] testing URL 'http://lightspark.com/?action=FUZZ'
got a 308 redirect to 'https://lightspark.com/?action=FUZZ'. Do you want to follow? [Y/n] Y
[23:22:46] [INFO] testing if the target URL content is stable
[23:22:47] [WARNING] GET parameter 'action' does not appear to be dynamic
[23:22:49] [WARNING] heuristic (basic) test shows that GET parameter 'action' might not be injectable
[23:22:50] [INFO] skipping GET parameter 'action'
[23:22:50] [ERROR] all tested parameters do not appear to be injectable. Try to increase values for '--level'/'--risk' options if you wish to perform more tests. If you suspect that there is some kind of protection mechanism involved (e.g. WAF) maybe you could try to use option '--tamper' (e.g. '--tamper=space2comment'), skipping to the next target
[23:22:50] [INFO] you can find results of scanning in multiple targets mode inside the CSV file '/home/awad/.local/share/sqlmap/output/results-03032026_1121pm.csv'

[*] ending @ 23:22:50 /2026-03-03/

