        ___
       __H__
 ___ ___[(]_____ ___ ___  {1.9.11#stable}
|_ -| . [)]     | .'| . |
|___|_  [,]_|_|_|__,|  _|
      |_|V...       |_|   https://sqlmap.org

[!] legal disclaimer: Usage of sqlmap for attacking targets without prior mutual consent is illegal. It is the end user's responsibility to obey all applicable local, state and federal laws. Developers assume no liability and are not responsible for any misuse or damage caused by this program

[*] starting @ 23:31:57 /2026-03-01/

[23:31:57] [INFO] fetched random HTTP User-Agent header value 'Mozilla/5.0 (X11; Linux x86_64) AppleWebKit/537.36 (KHTML, like Gecko) Chrome/138.0.0.0 Safari/537.36 Edg/138.0.0.0' from file '/usr/share/sqlmap/data/txt/user-agents.txt'
[23:31:57] [INFO] parsing multiple targets list from 'sqli_parameters.txt'
[23:31:57] [INFO] starting crawler for target URL 'https://www.epicgames.com/?id=FUZZ' (1/11)
do you want to check for the existence of site's sitemap(.xml) [y/N] N
[23:31:57] [INFO] starting 2 threads
do you want to normalize crawling results [Y/n] Y
do you want to store crawling results to a temporary file for eventual further processing with other tools [y/N] N
[1/1] URL:
GET https://www.epicgames.com/?id=FUZZ
do you want to test this URL? [Y/n/q]
> Y
[23:31:58] [INFO] testing URL 'https://www.epicgames.com/?id=FUZZ'
[23:31:58] [INFO] using '/home/awad/.local/share/sqlmap/output/results-03012026_1131pm.csv' as the CSV results file in multiple targets mode
[23:31:58] [WARNING] the web server responded with an HTTP error code (403) which could interfere with the results of the tests
you have not declared cookie(s), while server wants to set its own ('__cf_bm=6uDJRL4MY3....iWmv0KGIbg'). Do you want to use those [Y/n] Y
[23:31:58] [INFO] checking if the target is protected by some kind of WAF/IPS
[23:32:00] [WARNING] reflective value(s) found and filtering out
[23:32:00] [INFO] testing if the target URL content is stable
[23:32:07] [WARNING] target URL content is not stable (i.e. content differs). sqlmap will base the page comparison on a sequence matcher. If no dynamic nor injectable parameters are detected, or in case of junk results, refer to user's manual paragraph 'Page comparison'
how do you want to proceed? [(C)ontinue/(s)tring/(r)egex/(q)uit] C
[23:32:07] [INFO] testing if GET parameter 'id' is dynamic
[23:32:14] [WARNING] GET parameter 'id' does not appear to be dynamic
[23:32:16] [WARNING] heuristic (basic) test shows that GET parameter 'id' might not be injectable
[23:32:19] [INFO] skipping GET parameter 'id'
[23:32:19] [ERROR] all tested parameters do not appear to be injectable. Try to increase values for '--level'/'--risk' options if you wish to perform more tests. Please retry with the switch '--text-only' (along with --technique=BU) as this case looks like a perfect candidate (low textual content along with inability of comparison engine to detect at least one dynamic parameter). If you suspect that there is some kind of protection mechanism involved (e.g. WAF) maybe you could try to use option '--tamper' (e.g. '--tamper=space2comment'), skipping to the next target
[23:32:19] [WARNING] HTTP error codes detected during run:
403 (Forbidden) - 6 times
[23:32:19] [INFO] you can find results of scanning in multiple targets mode inside the CSV file '/home/awad/.local/share/sqlmap/output/results-03012026_1131pm.csv'
[23:32:19] [INFO] starting crawler for target URL 'https://www.epicgames.com/?search=FUZZ' (2/11)
[23:32:19] [INFO] starting 2 threads
[1/1] URL:
GET https://www.epicgames.com/?search=FUZZ
do you want to test this URL? [Y/n/q]
> Y
[23:32:25] [INFO] testing URL 'https://www.epicgames.com/?search=FUZZ'
[23:32:26] [WARNING] the web server responded with an HTTP error code (403) which could interfere with the results of the tests
[23:32:26] [INFO] testing if the target URL content is stable
[23:32:27] [WARNING] target URL content is not stable (i.e. content differs). sqlmap will base the page comparison on a sequence matcher. If no dynamic nor injectable parameters are detected, or in case of junk results, refer to user's manual paragraph 'Page comparison'
how do you want to proceed? [(C)ontinue/(s)tring/(r)egex/(q)uit] C
[23:32:27] [INFO] testing if GET parameter 'search' is dynamic
[23:32:27] [WARNING] GET parameter 'search' does not appear to be dynamic
[23:32:28] [WARNING] heuristic (basic) test shows that GET parameter 'search' might not be injectable
[23:32:29] [INFO] skipping GET parameter 'search'
[23:32:29] [ERROR] all tested parameters do not appear to be injectable. Try to increase values for '--level'/'--risk' options if you wish to perform more tests. Please retry with the switch '--text-only' (along with --technique=BU) as this case looks like a perfect candidate (low textual content along with inability of comparison engine to detect at least one dynamic parameter). If you suspect that there is some kind of protection mechanism involved (e.g. WAF) maybe you could try to use option '--tamper' (e.g. '--tamper=space2comment'), skipping to the next target
[23:32:29] [WARNING] HTTP error codes detected during run:
403 (Forbidden) - 5 times
[23:32:29] [INFO] you can find results of scanning in multiple targets mode inside the CSV file '/home/awad/.local/share/sqlmap/output/results-03012026_1131pm.csv'
[23:32:29] [INFO] starting crawler for target URL 'https://www.epicgames.com/?q=FUZZ' (3/11)
[23:32:29] [INFO] starting 2 threads
[1/1] URL:
GET https://www.epicgames.com/?q=FUZZ
do you want to test this URL? [Y/n/q]
> Y
[23:32:33] [INFO] testing URL 'https://www.epicgames.com/?q=FUZZ'
[23:32:34] [WARNING] the web server responded with an HTTP error code (403) which could interfere with the results of the tests
[23:32:34] [INFO] testing if the target URL content is stable
[23:32:35] [WARNING] target URL content is not stable (i.e. content differs). sqlmap will base the page comparison on a sequence matcher. If no dynamic nor injectable parameters are detected, or in case of junk results, refer to user's manual paragraph 'Page comparison'
how do you want to proceed? [(C)ontinue/(s)tring/(r)egex/(q)uit] C
[23:32:35] [INFO] testing if GET parameter 'q' is dynamic
[23:32:36] [WARNING] GET parameter 'q' does not appear to be dynamic
[23:32:38] [WARNING] heuristic (basic) test shows that GET parameter 'q' might not be injectable
[23:32:39] [INFO] skipping GET parameter 'q'
[23:32:39] [ERROR] all tested parameters do not appear to be injectable. Try to increase values for '--level'/'--risk' options if you wish to perform more tests. Please retry with the switch '--text-only' (along with --technique=BU) as this case looks like a perfect candidate (low textual content along with inability of comparison engine to detect at least one dynamic parameter). If you suspect that there is some kind of protection mechanism involved (e.g. WAF) maybe you could try to use option '--tamper' (e.g. '--tamper=space2comment'), skipping to the next target
[23:32:39] [WARNING] HTTP error codes detected during run:
403 (Forbidden) - 5 times
[23:32:39] [INFO] you can find results of scanning in multiple targets mode inside the CSV file '/home/awad/.local/share/sqlmap/output/results-03012026_1131pm.csv'
[23:32:39] [INFO] starting crawler for target URL 'https://www.epicgames.com/?query=FUZZ' (4/11)
[23:32:39] [INFO] starting 2 threads
[1/1] URL:
GET https://www.epicgames.com/?query=FUZZ
do you want to test this URL? [Y/n/q]
> Y
[23:32:43] [INFO] testing URL 'https://www.epicgames.com/?query=FUZZ'
[23:32:45] [WARNING] the web server responded with an HTTP error code (403) which could interfere with the results of the tests
[23:32:45] [INFO] testing if the target URL content is stable
[23:32:46] [WARNING] target URL content is not stable (i.e. content differs). sqlmap will base the page comparison on a sequence matcher. If no dynamic nor injectable parameters are detected, or in case of junk results, refer to user's manual paragraph 'Page comparison'
how do you want to proceed? [(C)ontinue/(s)tring/(r)egex/(q)uit] C
[23:32:46] [INFO] testing if GET parameter 'query' is dynamic
[23:32:47] [WARNING] GET parameter 'query' does not appear to be dynamic
[23:32:48] [WARNING] heuristic (basic) test shows that GET parameter 'query' might not be injectable
[23:32:49] [INFO] skipping GET parameter 'query'
[23:32:49] [ERROR] all tested parameters do not appear to be injectable. Try to increase values for '--level'/'--risk' options if you wish to perform more tests. Please retry with the switch '--text-only' (along with --technique=BU) as this case looks like a perfect candidate (low textual content along with inability of comparison engine to detect at least one dynamic parameter). If you suspect that there is some kind of protection mechanism involved (e.g. WAF) maybe you could try to use option '--tamper' (e.g. '--tamper=space2comment'), skipping to the next target
[23:32:49] [WARNING] HTTP error codes detected during run:
403 (Forbidden) - 5 times
[23:32:49] [INFO] you can find results of scanning in multiple targets mode inside the CSV file '/home/awad/.local/share/sqlmap/output/results-03012026_1131pm.csv'
[23:32:49] [INFO] starting crawler for target URL 'https://www.epicgames.com/?page=FUZZ' (5/11)
[23:32:49] [INFO] starting 2 threads
[1/1] URL:
GET https://www.epicgames.com/?page=FUZZ
do you want to test this URL? [Y/n/q]
> Y
[23:32:53] [INFO] testing URL 'https://www.epicgames.com/?page=FUZZ'
[23:32:54] [WARNING] the web server responded with an HTTP error code (403) which could interfere with the results of the tests
[23:32:54] [INFO] testing if the target URL content is stable
[23:32:55] [WARNING] target URL content is not stable (i.e. content differs). sqlmap will base the page comparison on a sequence matcher. If no dynamic nor injectable parameters are detected, or in case of junk results, refer to user's manual paragraph 'Page comparison'
how do you want to proceed? [(C)ontinue/(s)tring/(r)egex/(q)uit] C
[23:32:55] [INFO] testing if GET parameter 'page' is dynamic
[23:32:56] [WARNING] GET parameter 'page' does not appear to be dynamic
[23:32:57] [WARNING] heuristic (basic) test shows that GET parameter 'page' might not be injectable
[23:33:00] [INFO] skipping GET parameter 'page'
[23:33:00] [ERROR] all tested parameters do not appear to be injectable. Try to increase values for '--level'/'--risk' options if you wish to perform more tests. Please retry with the switch '--text-only' (along with --technique=BU) as this case looks like a perfect candidate (low textual content along with inability of comparison engine to detect at least one dynamic parameter). If you suspect that there is some kind of protection mechanism involved (e.g. WAF) maybe you could try to use option '--tamper' (e.g. '--tamper=space2comment'), skipping to the next target
[23:33:00] [WARNING] HTTP error codes detected during run:
403 (Forbidden) - 5 times
[23:33:00] [INFO] you can find results of scanning in multiple targets mode inside the CSV file '/home/awad/.local/share/sqlmap/output/results-03012026_1131pm.csv'
[23:33:00] [INFO] starting crawler for target URL 'https://www.epicgames.com/?user=FUZZ' (6/11)
[23:33:00] [INFO] starting 2 threads
[1/1] URL:
GET https://www.epicgames.com/?user=FUZZ
do you want to test this URL? [Y/n/q]
> Y
[23:33:06] [INFO] testing URL 'https://www.epicgames.com/?user=FUZZ'
[23:33:08] [WARNING] the web server responded with an HTTP error code (403) which could interfere with the results of the tests
[23:33:08] [INFO] testing if the target URL content is stable
[23:33:09] [WARNING] target URL content is not stable (i.e. content differs). sqlmap will base the page comparison on a sequence matcher. If no dynamic nor injectable parameters are detected, or in case of junk results, refer to user's manual paragraph 'Page comparison'
how do you want to proceed? [(C)ontinue/(s)tring/(r)egex/(q)uit] C
[23:33:09] [INFO] testing if GET parameter 'user' is dynamic
[23:33:09] [WARNING] GET parameter 'user' does not appear to be dynamic
[23:33:11] [WARNING] heuristic (basic) test shows that GET parameter 'user' might not be injectable
[23:33:12] [INFO] skipping GET parameter 'user'
[23:33:12] [ERROR] all tested parameters do not appear to be injectable. Try to increase values for '--level'/'--risk' options if you wish to perform more tests. Please retry with the switch '--text-only' (along with --technique=BU) as this case looks like a perfect candidate (low textual content along with inability of comparison engine to detect at least one dynamic parameter). If you suspect that there is some kind of protection mechanism involved (e.g. WAF) maybe you could try to use option '--tamper' (e.g. '--tamper=space2comment'), skipping to the next target
[23:33:12] [WARNING] HTTP error codes detected during run:
403 (Forbidden) - 5 times
[23:33:12] [INFO] you can find results of scanning in multiple targets mode inside the CSV file '/home/awad/.local/share/sqlmap/output/results-03012026_1131pm.csv'
[23:33:12] [INFO] starting crawler for target URL 'https://www.epicgames.com/?name=FUZZ' (7/11)
[23:33:12] [INFO] starting 2 threads
[1/1] URL:
GET https://www.epicgames.com/?name=FUZZ
do you want to test this URL? [Y/n/q]
> Y
[23:33:16] [INFO] testing URL 'https://www.epicgames.com/?name=FUZZ'
[23:33:20] [WARNING] the web server responded with an HTTP error code (403) which could interfere with the results of the tests
[23:33:20] [INFO] testing if the target URL content is stable
[23:33:22] [WARNING] target URL content is not stable (i.e. content differs). sqlmap will base the page comparison on a sequence matcher. If no dynamic nor injectable parameters are detected, or in case of junk results, refer to user's manual paragraph 'Page comparison'
how do you want to proceed? [(C)ontinue/(s)tring/(r)egex/(q)uit] C
[23:33:22] [INFO] testing if GET parameter 'name' is dynamic
[23:33:23] [WARNING] GET parameter 'name' does not appear to be dynamic
[23:33:24] [WARNING] heuristic (basic) test shows that GET parameter 'name' might not be injectable
[23:33:25] [INFO] skipping GET parameter 'name'
[23:33:25] [ERROR] all tested parameters do not appear to be injectable. Try to increase values for '--level'/'--risk' options if you wish to perform more tests. Please retry with the switch '--text-only' (along with --technique=BU) as this case looks like a perfect candidate (low textual content along with inability of comparison engine to detect at least one dynamic parameter). If you suspect that there is some kind of protection mechanism involved (e.g. WAF) maybe you could try to use option '--tamper' (e.g. '--tamper=space2comment'), skipping to the next target
[23:33:25] [WARNING] HTTP error codes detected during run:
403 (Forbidden) - 5 times
[23:33:25] [INFO] you can find results of scanning in multiple targets mode inside the CSV file '/home/awad/.local/share/sqlmap/output/results-03012026_1131pm.csv'
[23:33:25] [INFO] starting crawler for target URL 'https://www.epicgames.com/?cat=FUZZ' (8/11)
[23:33:25] [INFO] starting 2 threads
[1/1] URL:
GET https://www.epicgames.com/?cat=FUZZ
do you want to test this URL? [Y/n/q]
> Y
[23:33:30] [INFO] testing URL 'https://www.epicgames.com/?cat=FUZZ'
[23:33:30] [WARNING] the web server responded with an HTTP error code (403) which could interfere with the results of the tests
[23:33:30] [INFO] testing if the target URL content is stable
[23:33:31] [WARNING] target URL content is not stable (i.e. content differs). sqlmap will base the page comparison on a sequence matcher. If no dynamic nor injectable parameters are detected, or in case of junk results, refer to user's manual paragraph 'Page comparison'
how do you want to proceed? [(C)ontinue/(s)tring/(r)egex/(q)uit] C
[23:33:31] [INFO] testing if GET parameter 'cat' is dynamic
[23:33:33] [WARNING] GET parameter 'cat' does not appear to be dynamic
[23:33:36] [WARNING] heuristic (basic) test shows that GET parameter 'cat' might not be injectable
[23:33:37] [INFO] skipping GET parameter 'cat'
[23:33:37] [ERROR] all tested parameters do not appear to be injectable. Try to increase values for '--level'/'--risk' options if you wish to perform more tests. Please retry with the switch '--text-only' (along with --technique=BU) as this case looks like a perfect candidate (low textual content along with inability of comparison engine to detect at least one dynamic parameter). If you suspect that there is some kind of protection mechanism involved (e.g. WAF) maybe you could try to use option '--tamper' (e.g. '--tamper=space2comment'), skipping to the next target
[23:33:37] [WARNING] HTTP error codes detected during run:
403 (Forbidden) - 5 times
[23:33:37] [INFO] you can find results of scanning in multiple targets mode inside the CSV file '/home/awad/.local/share/sqlmap/output/results-03012026_1131pm.csv'
[23:33:37] [INFO] starting crawler for target URL 'https://www.epicgames.com/?file=FUZZ' (9/11)
[23:33:37] [INFO] starting 2 threads
[1/1] URL:
GET https://www.epicgames.com/?file=FUZZ
do you want to test this URL? [Y/n/q]
> Y
[23:33:41] [INFO] testing URL 'https://www.epicgames.com/?file=FUZZ'
[23:33:42] [WARNING] the web server responded with an HTTP error code (403) which could interfere with the results of the tests
[23:33:42] [INFO] testing if the target URL content is stable
[23:33:42] [WARNING] target URL content is not stable (i.e. content differs). sqlmap will base the page comparison on a sequence matcher. If no dynamic nor injectable parameters are detected, or in case of junk results, refer to user's manual paragraph 'Page comparison'
how do you want to proceed? [(C)ontinue/(s)tring/(r)egex/(q)uit] C
[23:33:42] [INFO] testing if GET parameter 'file' is dynamic
[23:33:43] [WARNING] GET parameter 'file' does not appear to be dynamic
[23:33:44] [WARNING] heuristic (basic) test shows that GET parameter 'file' might not be injectable
[23:33:45] [INFO] skipping GET parameter 'file'
[23:33:45] [ERROR] all tested parameters do not appear to be injectable. Try to increase values for '--level'/'--risk' options if you wish to perform more tests. Please retry with the switch '--text-only' (along with --technique=BU) as this case looks like a perfect candidate (low textual content along with inability of comparison engine to detect at least one dynamic parameter). If you suspect that there is some kind of protection mechanism involved (e.g. WAF) maybe you could try to use option '--tamper' (e.g. '--tamper=space2comment'), skipping to the next target
[23:33:45] [WARNING] HTTP error codes detected during run:
403 (Forbidden) - 5 times
[23:33:45] [INFO] you can find results of scanning in multiple targets mode inside the CSV file '/home/awad/.local/share/sqlmap/output/results-03012026_1131pm.csv'
[23:33:45] [INFO] starting crawler for target URL 'https://www.epicgames.com/?cmd=FUZZ' (10/11)
[23:33:45] [INFO] starting 2 threads
[1/1] URL:
GET https://www.epicgames.com/?cmd=FUZZ
do you want to test this URL? [Y/n/q]
> Y
[23:33:49] [INFO] testing URL 'https://www.epicgames.com/?cmd=FUZZ'
[23:33:50] [WARNING] the web server responded with an HTTP error code (403) which could interfere with the results of the tests
[23:33:50] [INFO] testing if the target URL content is stable
[23:33:51] [WARNING] target URL content is not stable (i.e. content differs). sqlmap will base the page comparison on a sequence matcher. If no dynamic nor injectable parameters are detected, or in case of junk results, refer to user's manual paragraph 'Page comparison'
how do you want to proceed? [(C)ontinue/(s)tring/(r)egex/(q)uit] C
[23:33:51] [INFO] testing if GET parameter 'cmd' is dynamic
got a 301 redirect to 'https://store.epicgames.com/?cmd=5903'. Do you want to follow? [Y/n] Y
[23:33:53] [WARNING] GET parameter 'cmd' does not appear to be dynamic
[23:33:54] [WARNING] heuristic (basic) test shows that GET parameter 'cmd' might not be injectable
[23:33:56] [INFO] skipping GET parameter 'cmd'
[23:33:56] [ERROR] all tested parameters do not appear to be injectable. Try to increase values for '--level'/'--risk' options if you wish to perform more tests. Please retry with the switch '--text-only' (along with --technique=BU) as this case looks like a perfect candidate (low textual content along with inability of comparison engine to detect at least one dynamic parameter). If you suspect that there is some kind of protection mechanism involved (e.g. WAF) maybe you could try to use option '--tamper' (e.g. '--tamper=space2comment'), skipping to the next target
[23:33:56] [WARNING] HTTP error codes detected during run:
403 (Forbidden) - 4 times
[23:33:56] [INFO] you can find results of scanning in multiple targets mode inside the CSV file '/home/awad/.local/share/sqlmap/output/results-03012026_1131pm.csv'
[23:33:56] [INFO] starting crawler for target URL 'https://www.epicgames.com/?action=FUZZ' (11/11)
[23:33:56] [INFO] starting 2 threads
[1/1] URL:
GET https://www.epicgames.com/?action=FUZZ
do you want to test this URL? [Y/n/q]
> Y
[23:34:00] [INFO] testing URL 'https://www.epicgames.com/?action=FUZZ'
[23:34:01] [WARNING] the web server responded with an HTTP error code (403) which could interfere with the results of the tests
[23:34:01] [INFO] testing if the target URL content is stable
[23:34:09] [WARNING] target URL content is not stable (i.e. content differs). sqlmap will base the page comparison on a sequence matcher. If no dynamic nor injectable parameters are detected, or in case of junk results, refer to user's manual paragraph 'Page comparison'
how do you want to proceed? [(C)ontinue/(s)tring/(r)egex/(q)uit] C
[23:34:09] [INFO] testing if GET parameter 'action' is dynamic
[23:34:11] [WARNING] GET parameter 'action' does not appear to be dynamic
[23:34:14] [WARNING] heuristic (basic) test shows that GET parameter 'action' might not be injectable
[23:34:15] [INFO] skipping GET parameter 'action'
[23:34:15] [ERROR] all tested parameters do not appear to be injectable. Try to increase values for '--level'/'--risk' options if you wish to perform more tests. Please retry with the switch '--text-only' (along with --technique=BU) as this case looks like a perfect candidate (low textual content along with inability of comparison engine to detect at least one dynamic parameter). If you suspect that there is some kind of protection mechanism involved (e.g. WAF) maybe you could try to use option '--tamper' (e.g. '--tamper=space2comment'), skipping to the next target
[23:34:15] [WARNING] HTTP error codes detected during run:
403 (Forbidden) - 5 times
[23:34:15] [INFO] you can find results of scanning in multiple targets mode inside the CSV file '/home/awad/.local/share/sqlmap/output/results-03012026_1131pm.csv'

[*] ending @ 23:34:15 /2026-03-01/

