Running: dalfox url "https://0a6e007f04f01eab80af03f800b600e2.web-security-academy.net/post/comment" --batch --random-agent --silence --timeout 60 --cookie session=Q4r3UVlSApbQ3MNht6Pt9UEP6fpKdq3w -d csrf=R1kGVN4qPbdNlP8dcPG2eRhICMZiqVCc&postId=9&comment=test&name=test&email=test&website=FUZZ
Running: dalfox url "https://0a6e007f04f01eab80af03f800b600e2.web-security-academy.net/post/comment" --batch --random-agent --silence --timeout 60 --cookie session=Q4r3UVlSApbQ3MNht6Pt9UEP6fpKdq3w -d csrf=FUZZ&postId=3&comment=test&name=test&email=test&website=test
Running: dalfox url "https://0a6e007f04f01eab80af03f800b600e2.web-security-academy.net/post/comment" --batch --random-agent --silence --timeout 60 --cookie session=Q4r3UVlSApbQ3MNht6Pt9UEP6fpKdq3w -d csrf=R1kGVN4qPbdNlP8dcPG2eRhICMZiqVCc&postId=10&comment=FUZZ&name=test&email=test&website=test
Running: dalfox url "https://0a6e007f04f01eab80af03f800b600e2.web-security-academy.net/post/comment" --batch --random-agent --silence --timeout 60 --cookie session=Q4r3UVlSApbQ3MNht6Pt9UEP6fpKdq3w -d csrf=R1kGVN4qPbdNlP8dcPG2eRhICMZiqVCc&postId=5&comment=FUZZ&name=test&email=test&website=test
Running: dalfox url "https://0a6e007f04f01eab80af03f800b600e2.web-security-academy.net/post/comment" --batch --random-agent --silence --timeout 60 --cookie session=Q4r3UVlSApbQ3MNht6Pt9UEP6fpKdq3w -d csrf=R1kGVN4qPbdNlP8dcPG2eRhICMZiqVCc&postId=7&comment=FUZZ&name=test&email=test&website=test
Running: dalfox url "https://0a6e007f04f01eab80af03f800b600e2.web-security-academy.net/post/comment" --batch --random-agent --silence --timeout 60 --cookie session=Q4r3UVlSApbQ3MNht6Pt9UEP6fpKdq3w -d csrf=R1kGVN4qPbdNlP8dcPG2eRhICMZiqVCc&postId=6&comment=test&name=FUZZ&email=test&website=test
Running: dalfox url "https://0a6e007f04f01eab80af03f800b600e2.web-security-academy.net/post/comment" --batch --random-agent --silence --timeout 60 --cookie session=Q4r3UVlSApbQ3MNht6Pt9UEP6fpKdq3w -d csrf=R1kGVN4qPbdNlP8dcPG2eRhICMZiqVCc&postId=7&comment=test&name=test&email=test&website=FUZZ
Running: dalfox url "https://0a6e007f04f01eab80af03f800b600e2.web-security-academy.net/post/comment" --batch --random-agent --silence --timeout 60 --cookie session=Q4r3UVlSApbQ3MNht6Pt9UEP6fpKdq3w -d csrf=R1kGVN4qPbdNlP8dcPG2eRhICMZiqVCc&postId=10&comment=test&name=test&email=FUZZ&website=test
Running: dalfox url "https://0a6e007f04f01eab80af03f800b600e2.web-security-academy.net/post/comment" --batch --random-agent --silence --timeout 60 --cookie session=Q4r3UVlSApbQ3MNht6Pt9UEP6fpKdq3w -d csrf=FUZZ&postId=5&comment=test&name=test&email=test&website=test
Running: dalfox url "https://0a6e007f04f01eab80af03f800b600e2.web-security-academy.net/post/comment" --batch --random-agent --silence --timeout 60 --cookie session=Q4r3UVlSApbQ3MNht6Pt9UEP6fpKdq3w -d csrf=R1kGVN4qPbdNlP8dcPG2eRhICMZiqVCc&postId=FUZZ&comment=test&name=test&email=test&website=test
Running: dalfox url "https://0a6e007f04f01eab80af03f800b600e2.web-security-academy.net/post/comment" --batch --random-agent --silence --timeout 60 --cookie session=Q4r3UVlSApbQ3MNht6Pt9UEP6fpKdq3w -d csrf=R1kGVN4qPbdNlP8dcPG2eRhICMZiqVCc&postId=6&comment=test&name=test&email=FUZZ&website=test
Running: dalfox url "https://0a6e007f04f01eab80af03f800b600e2.web-security-academy.net/post/comment" --batch --random-agent --silence --timeout 60 --cookie session=Q4r3UVlSApbQ3MNht6Pt9UEP6fpKdq3w -d csrf=R1kGVN4qPbdNlP8dcPG2eRhICMZiqVCc&postId=7&comment=test&name=test&email=FUZZ&website=test
Running: dalfox url "https://0a6e007f04f01eab80af03f800b600e2.web-security-academy.net/post/comment" --batch --random-agent --silence --timeout 60 --cookie session=Q4r3UVlSApbQ3MNht6Pt9UEP6fpKdq3w -d csrf=R1kGVN4qPbdNlP8dcPG2eRhICMZiqVCc&postId=3&comment=test&name=test&email=test&website=FUZZ
Running: dalfox url "https://0a6e007f04f01eab80af03f800b600e2.web-security-academy.net/post/comment" --batch --random-agent --silence --timeout 60 --cookie session=Q4r3UVlSApbQ3MNht6Pt9UEP6fpKdq3w -d csrf=R1kGVN4qPbdNlP8dcPG2eRhICMZiqVCc&postId=8&comment=test&name=FUZZ&email=test&website=test
Running: dalfox url "https://0a6e007f04f01eab80af03f800b600e2.web-security-academy.net/post/comment" --batch --random-agent --silence --timeout 60 --cookie session=Q4r3UVlSApbQ3MNht6Pt9UEP6fpKdq3w -d csrf=R1kGVN4qPbdNlP8dcPG2eRhICMZiqVCc&postId=2&comment=FUZZ&name=test&email=test&website=test
Running: dalfox url "https://0a6e007f04f01eab80af03f800b600e2.web-security-academy.net/post/comment" --batch --random-agent --silence --timeout 60 --cookie session=Q4r3UVlSApbQ3MNht6Pt9UEP6fpKdq3w -d csrf=R1kGVN4qPbdNlP8dcPG2eRhICMZiqVCc&postId=9&comment=test&name=test&email=FUZZ&website=test
Running: dalfox url "https://0a6e007f04f01eab80af03f800b600e2.web-security-academy.net/post/comment" --batch --random-agent --silence --timeout 60 --cookie session=Q4r3UVlSApbQ3MNht6Pt9UEP6fpKdq3w -d csrf=R1kGVN4qPbdNlP8dcPG2eRhICMZiqVCc&postId=3&comment=FUZZ&name=test&email=test&website=test
Running: dalfox url "https://0a6e007f04f01eab80af03f800b600e2.web-security-academy.net/post/comment" --batch --random-agent --silence --timeout 60 --cookie session=Q4r3UVlSApbQ3MNht6Pt9UEP6fpKdq3w -d csrf=R1kGVN4qPbdNlP8dcPG2eRhICMZiqVCc&postId=4&comment=test&name=test&email=test&website=FUZZ
Running: dalfox url "https://0a6e007f04f01eab80af03f800b600e2.web-security-academy.net/post/comment" --batch --random-agent --silence --timeout 60 --cookie session=Q4r3UVlSApbQ3MNht6Pt9UEP6fpKdq3w -d csrf=FUZZ&postId=9&comment=test&name=test&email=test&website=test
Running: dalfox url "https://0a6e007f04f01eab80af03f800b600e2.web-security-academy.net/post/comment" --batch --random-agent --silence --timeout 60 --cookie session=Q4r3UVlSApbQ3MNht6Pt9UEP6fpKdq3w -d csrf=FUZZ&postId=10&comment=test&name=test&email=test&website=test
Running: dalfox url "https://0a6e007f04f01eab80af03f800b600e2.web-security-academy.net/post/comment" --batch --random-agent --silence --timeout 60 --cookie session=Q4r3UVlSApbQ3MNht6Pt9UEP6fpKdq3w -d csrf=R1kGVN4qPbdNlP8dcPG2eRhICMZiqVCc&postId=1&comment=test&name=test&email=FUZZ&website=test
Running: dalfox url "https://0a6e007f04f01eab80af03f800b600e2.web-security-academy.net/post?postId=FUZZ" --batch --random-agent --silence --timeout 60 --cookie session=Q4r3UVlSApbQ3MNht6Pt9UEP6fpKdq3w
Running: dalfox url "https://0a6e007f04f01eab80af03f800b600e2.web-security-academy.net/post/comment" --batch --random-agent --silence --timeout 60 --cookie session=Q4r3UVlSApbQ3MNht6Pt9UEP6fpKdq3w -d csrf=FUZZ&postId=6&comment=test&name=test&email=test&website=test
Running: dalfox url "https://0a6e007f04f01eab80af03f800b600e2.web-security-academy.net/post/comment" --batch --random-agent --silence --timeout 60 --cookie session=Q4r3UVlSApbQ3MNht6Pt9UEP6fpKdq3w -d csrf=R1kGVN4qPbdNlP8dcPG2eRhICMZiqVCc&postId=2&comment=test&name=test&email=FUZZ&website=test
Running: dalfox url "https://0a6e007f04f01eab80af03f800b600e2.web-security-academy.net/post/comment" --batch --random-agent --silence --timeout 60 --cookie session=Q4r3UVlSApbQ3MNht6Pt9UEP6fpKdq3w -d csrf=R1kGVN4qPbdNlP8dcPG2eRhICMZiqVCc&postId=4&comment=FUZZ&name=test&email=test&website=test
Running: dalfox url "https://0a6e007f04f01eab80af03f800b600e2.web-security-academy.net/post/comment" --batch --random-agent --silence --timeout 60 --cookie session=Q4r3UVlSApbQ3MNht6Pt9UEP6fpKdq3w -d csrf=R1kGVN4qPbdNlP8dcPG2eRhICMZiqVCc&postId=9&comment=test&name=FUZZ&email=test&website=test
Running: dalfox url "https://0a6e007f04f01eab80af03f800b600e2.web-security-academy.net/post/comment" --batch --random-agent --silence --timeout 60 --cookie session=Q4r3UVlSApbQ3MNht6Pt9UEP6fpKdq3w -d csrf=FUZZ&postId=1&comment=test&name=test&email=test&website=test
Running: dalfox url "https://0a6e007f04f01eab80af03f800b600e2.web-security-academy.net/post/comment" --batch --random-agent --silence --timeout 60 --cookie session=Q4r3UVlSApbQ3MNht6Pt9UEP6fpKdq3w -d csrf=R1kGVN4qPbdNlP8dcPG2eRhICMZiqVCc&postId=1&comment=test&name=test&email=test&website=FUZZ
Running: dalfox url "https://0a6e007f04f01eab80af03f800b600e2.web-security-academy.net/post/comment" --batch --random-agent --silence --timeout 60 --cookie session=Q4r3UVlSApbQ3MNht6Pt9UEP6fpKdq3w -d csrf=R1kGVN4qPbdNlP8dcPG2eRhICMZiqVCc&postId=8&comment=test&name=test&email=test&website=FUZZ
Running: dalfox url "https://0a6e007f04f01eab80af03f800b600e2.web-security-academy.net/post/comment" --batch --random-agent --silence --timeout 60 --cookie session=Q4r3UVlSApbQ3MNht6Pt9UEP6fpKdq3w -d csrf=R1kGVN4qPbdNlP8dcPG2eRhICMZiqVCc&postId=3&comment=test&name=FUZZ&email=test&website=test
Running: dalfox url "https://0a6e007f04f01eab80af03f800b600e2.web-security-academy.net/post/comment" --batch --random-agent --silence --timeout 60 --cookie session=Q4r3UVlSApbQ3MNht6Pt9UEP6fpKdq3w -d csrf=R1kGVN4qPbdNlP8dcPG2eRhICMZiqVCc&postId=7&comment=test&name=FUZZ&email=test&website=test
Running: dalfox url "https://0a6e007f04f01eab80af03f800b600e2.web-security-academy.net/post/comment" --batch --random-agent --silence --timeout 60 --cookie session=Q4r3UVlSApbQ3MNht6Pt9UEP6fpKdq3w -d csrf=R1kGVN4qPbdNlP8dcPG2eRhICMZiqVCc&postId=8&comment=test&name=test&email=FUZZ&website=test
Running: dalfox url "https://0a6e007f04f01eab80af03f800b600e2.web-security-academy.net/post/comment" --batch --random-agent --silence --timeout 60 --cookie session=Q4r3UVlSApbQ3MNht6Pt9UEP6fpKdq3w -d csrf=R1kGVN4qPbdNlP8dcPG2eRhICMZiqVCc&postId=6&comment=FUZZ&name=test&email=test&website=test
Running: dalfox url "https://0a6e007f04f01eab80af03f800b600e2.web-security-academy.net/post/comment" --batch --random-agent --silence --timeout 60 --cookie session=Q4r3UVlSApbQ3MNht6Pt9UEP6fpKdq3w -d csrf=FUZZ&postId=4&comment=test&name=test&email=test&website=test
Running: dalfox url "https://0a6e007f04f01eab80af03f800b600e2.web-security-academy.net/post/comment" --batch --random-agent --silence --timeout 60 --cookie session=Q4r3UVlSApbQ3MNht6Pt9UEP6fpKdq3w -d csrf=R1kGVN4qPbdNlP8dcPG2eRhICMZiqVCc&postId=4&comment=test&name=test&email=FUZZ&website=test
Running: dalfox url "https://0a6e007f04f01eab80af03f800b600e2.web-security-academy.net/post/comment" --batch --random-agent --silence --timeout 60 --cookie session=Q4r3UVlSApbQ3MNht6Pt9UEP6fpKdq3w -d csrf=R1kGVN4qPbdNlP8dcPG2eRhICMZiqVCc&postId=6&comment=test&name=test&email=test&website=FUZZ
Running: dalfox url "https://0a6e007f04f01eab80af03f800b600e2.web-security-academy.net/post/comment" --batch --random-agent --silence --timeout 60 --cookie session=Q4r3UVlSApbQ3MNht6Pt9UEP6fpKdq3w -d csrf=R1kGVN4qPbdNlP8dcPG2eRhICMZiqVCc&postId=1&comment=test&name=FUZZ&email=test&website=test
Running: dalfox url "https://0a6e007f04f01eab80af03f800b600e2.web-security-academy.net/post/comment" --batch --random-agent --silence --timeout 60 --cookie session=Q4r3UVlSApbQ3MNht6Pt9UEP6fpKdq3w -d csrf=R1kGVN4qPbdNlP8dcPG2eRhICMZiqVCc&postId=1&comment=FUZZ&name=test&email=test&website=test
Running: dalfox url "https://0a6e007f04f01eab80af03f800b600e2.web-security-academy.net/post/comment" --batch --random-agent --silence --timeout 60 --cookie session=Q4r3UVlSApbQ3MNht6Pt9UEP6fpKdq3w -d csrf=R1kGVN4qPbdNlP8dcPG2eRhICMZiqVCc&postId=3&comment=test&name=test&email=FUZZ&website=test
Running: dalfox url "https://0a6e007f04f01eab80af03f800b600e2.web-security-academy.net/post/comment" --batch --random-agent --silence --timeout 60 --cookie session=Q4r3UVlSApbQ3MNht6Pt9UEP6fpKdq3w -d csrf=R1kGVN4qPbdNlP8dcPG2eRhICMZiqVCc&postId=4&comment=test&name=FUZZ&email=test&website=test
Running: dalfox url "https://0a6e007f04f01eab80af03f800b600e2.web-security-academy.net/post/comment" --batch --random-agent --silence --timeout 60 --cookie session=Q4r3UVlSApbQ3MNht6Pt9UEP6fpKdq3w -d csrf=R1kGVN4qPbdNlP8dcPG2eRhICMZiqVCc&postId=9&comment=FUZZ&name=test&email=test&website=test
Running: dalfox url "https://0a6e007f04f01eab80af03f800b600e2.web-security-academy.net/post/comment" --batch --random-agent --silence --timeout 60 --cookie session=Q4r3UVlSApbQ3MNht6Pt9UEP6fpKdq3w -d csrf=FUZZ&postId=8&comment=test&name=test&email=test&website=test
Running: dalfox url "https://0a6e007f04f01eab80af03f800b600e2.web-security-academy.net/post/comment" --batch --random-agent --silence --timeout 60 --cookie session=Q4r3UVlSApbQ3MNht6Pt9UEP6fpKdq3w -d csrf=R1kGVN4qPbdNlP8dcPG2eRhICMZiqVCc&postId=2&comment=test&name=test&email=test&website=FUZZ
Running: dalfox url "https://0a6e007f04f01eab80af03f800b600e2.web-security-academy.net/post/comment" --batch --random-agent --silence --timeout 60 --cookie session=Q4r3UVlSApbQ3MNht6Pt9UEP6fpKdq3w -d csrf=R1kGVN4qPbdNlP8dcPG2eRhICMZiqVCc&postId=10&comment=test&name=test&email=test&website=FUZZ
Running: dalfox url "https://0a6e007f04f01eab80af03f800b600e2.web-security-academy.net/post/comment" --batch --random-agent --silence --timeout 60 --cookie session=Q4r3UVlSApbQ3MNht6Pt9UEP6fpKdq3w -d csrf=R1kGVN4qPbdNlP8dcPG2eRhICMZiqVCc&postId=5&comment=test&name=test&email=FUZZ&website=test
Running: dalfox url "https://0a6e007f04f01eab80af03f800b600e2.web-security-academy.net/post/comment" --batch --random-agent --silence --timeout 60 --cookie session=Q4r3UVlSApbQ3MNht6Pt9UEP6fpKdq3w -d csrf=R1kGVN4qPbdNlP8dcPG2eRhICMZiqVCc&postId=10&comment=test&name=FUZZ&email=test&website=test
Running: dalfox url "https://0a6e007f04f01eab80af03f800b600e2.web-security-academy.net/post/comment" --batch --random-agent --silence --timeout 60 --cookie session=Q4r3UVlSApbQ3MNht6Pt9UEP6fpKdq3w -d csrf=FUZZ&postId=2&comment=test&name=test&email=test&website=test
Running: dalfox url "https://0a6e007f04f01eab80af03f800b600e2.web-security-academy.net/post/comment" --batch --random-agent --silence --timeout 60 --cookie session=Q4r3UVlSApbQ3MNht6Pt9UEP6fpKdq3w -d csrf=R1kGVN4qPbdNlP8dcPG2eRhICMZiqVCc&postId=5&comment=test&name=test&email=test&website=FUZZ
Running: dalfox url "https://0a6e007f04f01eab80af03f800b600e2.web-security-academy.net/post/comment" --batch --random-agent --silence --timeout 60 --cookie session=Q4r3UVlSApbQ3MNht6Pt9UEP6fpKdq3w -d csrf=R1kGVN4qPbdNlP8dcPG2eRhICMZiqVCc&postId=2&comment=test&name=FUZZ&email=test&website=test
Running: dalfox url "https://0a6e007f04f01eab80af03f800b600e2.web-security-academy.net/post/comment" --batch --random-agent --silence --timeout 60 --cookie session=Q4r3UVlSApbQ3MNht6Pt9UEP6fpKdq3w -d csrf=R1kGVN4qPbdNlP8dcPG2eRhICMZiqVCc&postId=8&comment=FUZZ&name=test&email=test&website=test
Running: dalfox url "https://0a6e007f04f01eab80af03f800b600e2.web-security-academy.net/post/comment" --batch --random-agent --silence --timeout 60 --cookie session=Q4r3UVlSApbQ3MNht6Pt9UEP6fpKdq3w -d csrf=FUZZ&postId=7&comment=test&name=test&email=test&website=test
Running: dalfox url "https://0a6e007f04f01eab80af03f800b600e2.web-security-academy.net/post/comment" --batch --random-agent --silence --timeout 60 --cookie session=Q4r3UVlSApbQ3MNht6Pt9UEP6fpKdq3w -d csrf=R1kGVN4qPbdNlP8dcPG2eRhICMZiqVCc&postId=5&comment=test&name=FUZZ&email=test&website=test
