        ___
       __H__
 ___ ___[,]_____ ___ ___  {1.9.11#stable}
|_ -| . [.]     | .'| . |
|___|_  [)]_|_|_|__,|  _|
      |_|V...       |_|   https://sqlmap.org

[!] legal disclaimer: Usage of sqlmap for attacking targets without prior mutual consent is illegal. It is the end user's responsibility to obey all applicable local, state and federal laws. Developers assume no liability and are not responsible for any misuse or damage caused by this program

[*] starting @ 22:50:32 /2026-03-01/

[22:50:32] [INFO] fetched random HTTP User-Agent header value 'Mozilla/5.0 (Macintosh; Intel Mac OS X 10.15; rv:140.0) Gecko/20100101 Firefox/140.0' from file '/usr/share/sqlmap/data/txt/user-agents.txt'
[22:50:32] [INFO] parsing multiple targets list from 'sqli_parameters.txt'
[22:50:33] [INFO] starting crawler for target URL 'https://eero.com/?id=FUZZ' (1/11)
do you want to check for the existence of site's sitemap(.xml) [y/N] N
[22:50:33] [INFO] starting 2 threads
do you want to normalize crawling results [Y/n] Y
do you want to store crawling results to a temporary file for eventual further processing with other tools [y/N] N
[1/1] URL:
GET https://eero.com/?id=FUZZ
do you want to test this URL? [Y/n/q]
> Y
[22:50:34] [INFO] testing URL 'https://eero.com/?id=FUZZ'
[22:50:34] [INFO] using '/home/awad/.local/share/sqlmap/output/results-03012026_1050pm.csv' as the CSV results file in multiple targets mode
[22:50:35] [INFO] testing if the target URL content is stable
[22:50:36] [ERROR] there was an error checking the stability of page because of lack of content. Please check the page request results (and probable errors) by using higher verbosity levels
[22:50:36] [INFO] testing if GET parameter 'id' is dynamic
[22:50:37] [WARNING] GET parameter 'id' does not appear to be dynamic
[22:50:38] [WARNING] heuristic (basic) test shows that GET parameter 'id' might not be injectable
[22:50:39] [INFO] skipping GET parameter 'id'
[22:50:39] [ERROR] all tested parameters do not appear to be injectable. Try to increase values for '--level'/'--risk' options if you wish to perform more tests. If you suspect that there is some kind of protection mechanism involved (e.g. WAF) maybe you could try to use option '--tamper' (e.g. '--tamper=space2comment'), skipping to the next target
[22:50:39] [INFO] you can find results of scanning in multiple targets mode inside the CSV file '/home/awad/.local/share/sqlmap/output/results-03012026_1050pm.csv'
[22:50:39] [INFO] starting crawler for target URL 'https://eero.com/?search=FUZZ' (2/11)
[22:50:39] [INFO] starting 2 threads
[1/1] URL:
GET https://eero.com/?search=FUZZ
do you want to test this URL? [Y/n/q]
> Y
[22:50:40] [INFO] testing URL 'https://eero.com/?search=FUZZ'
[22:50:41] [INFO] testing if the target URL content is stable
[22:50:42] [ERROR] there was an error checking the stability of page because of lack of content. Please check the page request results (and probable errors) by using higher verbosity levels
[22:50:42] [INFO] testing if GET parameter 'search' is dynamic
[22:50:43] [WARNING] GET parameter 'search' does not appear to be dynamic
[22:50:44] [WARNING] heuristic (basic) test shows that GET parameter 'search' might not be injectable
[22:50:45] [INFO] skipping GET parameter 'search'
[22:50:45] [ERROR] all tested parameters do not appear to be injectable. Try to increase values for '--level'/'--risk' options if you wish to perform more tests. If you suspect that there is some kind of protection mechanism involved (e.g. WAF) maybe you could try to use option '--tamper' (e.g. '--tamper=space2comment'), skipping to the next target
[22:50:45] [INFO] you can find results of scanning in multiple targets mode inside the CSV file '/home/awad/.local/share/sqlmap/output/results-03012026_1050pm.csv'
[22:50:45] [INFO] starting crawler for target URL 'https://eero.com/?q=FUZZ' (3/11)
[22:50:45] [INFO] starting 2 threads
[1/1] URL:
GET https://eero.com/?q=FUZZ
do you want to test this URL? [Y/n/q]
> Y
[22:50:46] [INFO] testing URL 'https://eero.com/?q=FUZZ'
[22:50:47] [INFO] testing if the target URL content is stable
[22:50:49] [ERROR] there was an error checking the stability of page because of lack of content. Please check the page request results (and probable errors) by using higher verbosity levels
[22:50:49] [INFO] testing if GET parameter 'q' is dynamic
[22:50:50] [WARNING] GET parameter 'q' does not appear to be dynamic
[22:50:51] [WARNING] heuristic (basic) test shows that GET parameter 'q' might not be injectable
[22:50:52] [INFO] skipping GET parameter 'q'
[22:50:52] [ERROR] all tested parameters do not appear to be injectable. Try to increase values for '--level'/'--risk' options if you wish to perform more tests. If you suspect that there is some kind of protection mechanism involved (e.g. WAF) maybe you could try to use option '--tamper' (e.g. '--tamper=space2comment'), skipping to the next target
[22:50:52] [INFO] you can find results of scanning in multiple targets mode inside the CSV file '/home/awad/.local/share/sqlmap/output/results-03012026_1050pm.csv'
[22:50:52] [INFO] starting crawler for target URL 'https://eero.com/?query=FUZZ' (4/11)
[22:50:52] [INFO] starting 2 threads
[1/1] URL:
GET https://eero.com/?query=FUZZ
do you want to test this URL? [Y/n/q]
> Y
[22:50:53] [INFO] testing URL 'https://eero.com/?query=FUZZ'
[22:50:54] [INFO] testing if the target URL content is stable
[22:50:55] [ERROR] there was an error checking the stability of page because of lack of content. Please check the page request results (and probable errors) by using higher verbosity levels
[22:50:55] [INFO] testing if GET parameter 'query' is dynamic
[22:50:56] [WARNING] GET parameter 'query' does not appear to be dynamic
[22:50:57] [WARNING] heuristic (basic) test shows that GET parameter 'query' might not be injectable
[22:50:58] [INFO] skipping GET parameter 'query'
[22:50:58] [ERROR] all tested parameters do not appear to be injectable. Try to increase values for '--level'/'--risk' options if you wish to perform more tests. If you suspect that there is some kind of protection mechanism involved (e.g. WAF) maybe you could try to use option '--tamper' (e.g. '--tamper=space2comment'), skipping to the next target
[22:50:58] [INFO] you can find results of scanning in multiple targets mode inside the CSV file '/home/awad/.local/share/sqlmap/output/results-03012026_1050pm.csv'
[22:50:58] [INFO] starting crawler for target URL 'https://eero.com/?page=FUZZ' (5/11)
[22:50:58] [INFO] starting 2 threads
[1/1] URL:
GET https://eero.com/?page=FUZZ
do you want to test this URL? [Y/n/q]
> Y
[22:51:00] [INFO] testing URL 'https://eero.com/?page=FUZZ'
[22:51:01] [INFO] testing if the target URL content is stable
[22:51:02] [ERROR] there was an error checking the stability of page because of lack of content. Please check the page request results (and probable errors) by using higher verbosity levels
[22:51:02] [INFO] testing if GET parameter 'page' is dynamic
[22:51:03] [WARNING] GET parameter 'page' does not appear to be dynamic
[22:51:04] [WARNING] heuristic (basic) test shows that GET parameter 'page' might not be injectable
[22:51:05] [INFO] skipping GET parameter 'page'
[22:51:05] [ERROR] all tested parameters do not appear to be injectable. Try to increase values for '--level'/'--risk' options if you wish to perform more tests. If you suspect that there is some kind of protection mechanism involved (e.g. WAF) maybe you could try to use option '--tamper' (e.g. '--tamper=space2comment'), skipping to the next target
[22:51:05] [INFO] you can find results of scanning in multiple targets mode inside the CSV file '/home/awad/.local/share/sqlmap/output/results-03012026_1050pm.csv'
[22:51:05] [INFO] starting crawler for target URL 'https://eero.com/?user=FUZZ' (6/11)
[22:51:05] [INFO] starting 2 threads
[1/1] URL:
GET https://eero.com/?user=FUZZ
do you want to test this URL? [Y/n/q]
> Y
[22:51:06] [INFO] testing URL 'https://eero.com/?user=FUZZ'
[22:51:07] [INFO] testing if the target URL content is stable
[22:51:08] [ERROR] there was an error checking the stability of page because of lack of content. Please check the page request results (and probable errors) by using higher verbosity levels
[22:51:08] [INFO] testing if GET parameter 'user' is dynamic
[22:51:09] [WARNING] GET parameter 'user' does not appear to be dynamic
[22:51:10] [WARNING] heuristic (basic) test shows that GET parameter 'user' might not be injectable
[22:51:11] [INFO] skipping GET parameter 'user'
[22:51:11] [ERROR] all tested parameters do not appear to be injectable. Try to increase values for '--level'/'--risk' options if you wish to perform more tests. If you suspect that there is some kind of protection mechanism involved (e.g. WAF) maybe you could try to use option '--tamper' (e.g. '--tamper=space2comment'), skipping to the next target
[22:51:11] [INFO] you can find results of scanning in multiple targets mode inside the CSV file '/home/awad/.local/share/sqlmap/output/results-03012026_1050pm.csv'
[22:51:11] [INFO] starting crawler for target URL 'https://eero.com/?name=FUZZ' (7/11)
[22:51:11] [INFO] starting 2 threads
[1/1] URL:
GET https://eero.com/?name=FUZZ
do you want to test this URL? [Y/n/q]
> Y
[22:51:13] [INFO] testing URL 'https://eero.com/?name=FUZZ'
[22:51:14] [INFO] testing if the target URL content is stable
[22:51:15] [ERROR] there was an error checking the stability of page because of lack of content. Please check the page request results (and probable errors) by using higher verbosity levels
[22:51:15] [INFO] testing if GET parameter 'name' is dynamic
[22:51:16] [WARNING] GET parameter 'name' does not appear to be dynamic
[22:51:17] [WARNING] heuristic (basic) test shows that GET parameter 'name' might not be injectable
[22:51:17] [INFO] skipping GET parameter 'name'
[22:51:17] [ERROR] all tested parameters do not appear to be injectable. Try to increase values for '--level'/'--risk' options if you wish to perform more tests. If you suspect that there is some kind of protection mechanism involved (e.g. WAF) maybe you could try to use option '--tamper' (e.g. '--tamper=space2comment'), skipping to the next target
[22:51:17] [INFO] you can find results of scanning in multiple targets mode inside the CSV file '/home/awad/.local/share/sqlmap/output/results-03012026_1050pm.csv'
[22:51:17] [INFO] starting crawler for target URL 'https://eero.com/?cat=FUZZ' (8/11)
[22:51:17] [INFO] starting 2 threads
[1/1] URL:
GET https://eero.com/?cat=FUZZ
do you want to test this URL? [Y/n/q]
> Y
[22:51:19] [INFO] testing URL 'https://eero.com/?cat=FUZZ'
[22:51:20] [INFO] testing if the target URL content is stable
[22:51:21] [ERROR] there was an error checking the stability of page because of lack of content. Please check the page request results (and probable errors) by using higher verbosity levels
[22:51:21] [INFO] testing if GET parameter 'cat' is dynamic
[22:51:22] [WARNING] GET parameter 'cat' does not appear to be dynamic
[22:51:23] [WARNING] heuristic (basic) test shows that GET parameter 'cat' might not be injectable
[22:51:23] [INFO] skipping GET parameter 'cat'
[22:51:23] [ERROR] all tested parameters do not appear to be injectable. Try to increase values for '--level'/'--risk' options if you wish to perform more tests. If you suspect that there is some kind of protection mechanism involved (e.g. WAF) maybe you could try to use option '--tamper' (e.g. '--tamper=space2comment'), skipping to the next target
[22:51:23] [INFO] you can find results of scanning in multiple targets mode inside the CSV file '/home/awad/.local/share/sqlmap/output/results-03012026_1050pm.csv'
[22:51:23] [INFO] starting crawler for target URL 'https://eero.com/?file=FUZZ' (9/11)
[22:51:23] [INFO] starting 2 threads
[1/1] URL:
GET https://eero.com/?file=FUZZ
do you want to test this URL? [Y/n/q]
> Y
[22:51:25] [INFO] testing URL 'https://eero.com/?file=FUZZ'
[22:51:26] [INFO] testing if the target URL content is stable
[22:51:27] [ERROR] there was an error checking the stability of page because of lack of content. Please check the page request results (and probable errors) by using higher verbosity levels
[22:51:27] [INFO] testing if GET parameter 'file' is dynamic
[22:51:28] [WARNING] GET parameter 'file' does not appear to be dynamic
[22:51:29] [WARNING] heuristic (basic) test shows that GET parameter 'file' might not be injectable
[22:51:30] [INFO] skipping GET parameter 'file'
[22:51:30] [ERROR] all tested parameters do not appear to be injectable. Try to increase values for '--level'/'--risk' options if you wish to perform more tests. If you suspect that there is some kind of protection mechanism involved (e.g. WAF) maybe you could try to use option '--tamper' (e.g. '--tamper=space2comment'), skipping to the next target
[22:51:30] [INFO] you can find results of scanning in multiple targets mode inside the CSV file '/home/awad/.local/share/sqlmap/output/results-03012026_1050pm.csv'
[22:51:30] [INFO] starting crawler for target URL 'https://eero.com/?cmd=FUZZ' (10/11)
[22:51:30] [INFO] starting 2 threads
[1/1] URL:
GET https://eero.com/?cmd=FUZZ
do you want to test this URL? [Y/n/q]
> Y
[22:51:31] [INFO] testing URL 'https://eero.com/?cmd=FUZZ'
[22:51:32] [INFO] testing if the target URL content is stable
[22:51:33] [ERROR] there was an error checking the stability of page because of lack of content. Please check the page request results (and probable errors) by using higher verbosity levels
[22:51:33] [INFO] testing if GET parameter 'cmd' is dynamic
[22:51:34] [WARNING] GET parameter 'cmd' does not appear to be dynamic
[22:51:35] [WARNING] heuristic (basic) test shows that GET parameter 'cmd' might not be injectable
[22:51:36] [INFO] skipping GET parameter 'cmd'
[22:51:36] [ERROR] all tested parameters do not appear to be injectable. Try to increase values for '--level'/'--risk' options if you wish to perform more tests. If you suspect that there is some kind of protection mechanism involved (e.g. WAF) maybe you could try to use option '--tamper' (e.g. '--tamper=space2comment'), skipping to the next target
[22:51:36] [INFO] you can find results of scanning in multiple targets mode inside the CSV file '/home/awad/.local/share/sqlmap/output/results-03012026_1050pm.csv'
[22:51:36] [INFO] starting crawler for target URL 'https://eero.com/?action=FUZZ' (11/11)
[22:51:36] [INFO] starting 2 threads
[1/1] URL:
GET https://eero.com/?action=FUZZ
do you want to test this URL? [Y/n/q]
> Y
[22:51:38] [INFO] testing URL 'https://eero.com/?action=FUZZ'
[22:51:39] [INFO] testing if the target URL content is stable
[22:51:40] [ERROR] there was an error checking the stability of page because of lack of content. Please check the page request results (and probable errors) by using higher verbosity levels
[22:51:40] [INFO] testing if GET parameter 'action' is dynamic
[22:51:41] [WARNING] GET parameter 'action' does not appear to be dynamic
[22:51:42] [WARNING] heuristic (basic) test shows that GET parameter 'action' might not be injectable
[22:51:43] [INFO] skipping GET parameter 'action'
[22:51:43] [ERROR] all tested parameters do not appear to be injectable. Try to increase values for '--level'/'--risk' options if you wish to perform more tests. If you suspect that there is some kind of protection mechanism involved (e.g. WAF) maybe you could try to use option '--tamper' (e.g. '--tamper=space2comment'), skipping to the next target
[22:51:43] [INFO] you can find results of scanning in multiple targets mode inside the CSV file '/home/awad/.local/share/sqlmap/output/results-03012026_1050pm.csv'

[*] ending @ 22:51:43 /2026-03-01/

