        ___
       __H__
 ___ ___[.]_____ ___ ___  {1.10.2#pip}
|_ -| . ["]     | .'| . |
|___|_  [)]_|_|_|__,|  _|
      |_|V...       |_|   https://sqlmap.org

[!] legal disclaimer: Usage of sqlmap for attacking targets without prior mutual consent is illegal. It is the end user's responsibility to obey all applicable local, state and federal laws. Developers assume no liability and are not responsible for any misuse or damage caused by this program

[*] starting @ 21:27:44 /2026-02-24/

[21:27:44] [WARNING] using '/mnt/c/Users/awad/Downloads/pyarmor/auto_PenTest/web_recon_dataset/sqlmap_scan_20260224_212734' as the output directory
[21:27:44] [INFO] fetched random HTTP User-Agent header value 'Mozilla/5.0 (Macintosh; Intel Mac OS X 10_15_7) AppleWebKit/537.36 (KHTML, like Gecko) Chrome/139.0.0.0 Safari/537.36 Edg/139.0.0.0' from file '/mnt/c/Users/awad/Downloads/pyarmor/auto_PenTest/autoPenTest/lib/python3.13/site-packages/sqlmap/data/txt/user-agents.txt'
do you want to check for the existence of site's sitemap(.xml) [y/N] N
[21:27:44] [INFO] starting crawler for target URL 'https://ipsar.chi.gov.sa/?q=FUZZ'
[21:27:44] [INFO] searching for links with depth 1
[21:27:44] [INFO] starting 2 threads
do you want to normalize crawling results [Y/n] Y
do you want to store crawling results to a temporary file for eventual further processing with other tools [y/N] N
[1/1] URL:
GET https://ipsar.chi.gov.sa/?q=FUZZ
do you want to test this URL? [Y/n/q]
> Y
[21:27:44] [INFO] testing URL 'https://ipsar.chi.gov.sa/?q=FUZZ'
[21:27:44] [INFO] using '/mnt/c/Users/awad/Downloads/pyarmor/auto_PenTest/web_recon_dataset/sqlmap_scan_20260224_212734/results-02242026_0927pm.csv' as the CSV results file in multiple targets mode
you have not declared cookie(s), while server wants to set its own ('Session_cookie=!dEbUzh/fRB...zmCTWzOr1Q==;TS019ac98a=0199f481e39...1a23992e86'). Do you want to use those [Y/n] Y
[21:27:45] [INFO] checking if the target is protected by some kind of WAF/IPS
[21:27:45] [CRITICAL] WAF/IPS identified as 'Application Security Manager (F5 Networks)'
are you sure that you want to continue with further target testing? [Y/n] Y
[21:27:45] [WARNING] please consider usage of tamper scripts (option '--tamper')
[21:27:45] [INFO] testing if the target URL content is stable
[21:27:45] [INFO] target URL content is stable
[21:27:45] [INFO] testing if GET parameter 'q' is dynamic
[21:27:45] [WARNING] GET parameter 'q' does not appear to be dynamic
[21:27:46] [WARNING] heuristic (basic) test shows that GET parameter 'q' might not be injectable
[21:27:46] [INFO] testing for SQL injection on GET parameter 'q'
[21:27:46] [INFO] testing 'AND boolean-based blind - WHERE or HAVING clause'
[21:27:50] [INFO] testing 'AND boolean-based blind - WHERE or HAVING clause (subquery - comment)'
[21:27:52] [INFO] testing 'AND boolean-based blind - WHERE or HAVING clause (comment)'
[21:27:54] [INFO] testing 'MySQL RLIKE boolean-based blind - WHERE, HAVING, ORDER BY or GROUP BY clause'
[21:27:57] [INFO] testing 'PostgreSQL AND boolean-based blind - WHERE or HAVING clause (CAST)'
[21:28:02] [INFO] testing 'Oracle AND boolean-based blind - WHERE or HAVING clause (CTXSYS.DRITHSX.SN)'
[21:28:05] [INFO] testing 'SQLite AND boolean-based blind - WHERE, HAVING, GROUP BY or HAVING clause (JSON)'
[21:28:08] [INFO] testing 'Boolean-based blind - Parameter replace (original value)'
[21:28:08] [INFO] testing 'Boolean-based blind - Parameter replace (DUAL)'
[21:28:08] [INFO] testing 'Boolean-based blind - Parameter replace (CASE)'
[21:28:09] [INFO] testing 'MySQL >= 5.0 boolean-based blind - ORDER BY, GROUP BY clause'
[21:28:09] [INFO] testing 'PostgreSQL boolean-based blind - ORDER BY, GROUP BY clause'
[21:28:09] [INFO] testing 'MySQL >= 5.1 AND error-based - WHERE, HAVING, ORDER BY or GROUP BY clause (EXTRACTVALUE)'
