        ___
       __H__
 ___ ___[(]_____ ___ ___  {1.9.11#stable}
|_ -| . ["]     | .'| . |
|___|_  [(]_|_|_|__,|  _|
      |_|V...       |_|   https://sqlmap.org

[!] legal disclaimer: Usage of sqlmap for attacking targets without prior mutual consent is illegal. It is the end user's responsibility to obey all applicable local, state and federal laws. Developers assume no liability and are not responsible for any misuse or damage caused by this program

[*] starting @ 23:56:30 /2026-02-27/

[23:56:30] [INFO] fetched random HTTP User-Agent header value 'Mozilla/5.0 (Macintosh; Intel Mac OS X 10_15_7) AppleWebKit/605.1.15 (KHTML, like Gecko) Version/17.8.1 Safari/605.1.15' from file '/usr/share/sqlmap/data/txt/user-agents.txt'
[23:56:30] [INFO] parsing multiple targets list from 'sqli_parameters.txt'
[23:56:30] [INFO] starting crawler for target URL 'https://www.paypal.com/ae/home?locale.x=FUZZ' (1/2)
do you want to check for the existence of site's sitemap(.xml) [y/N] N
[23:56:30] [INFO] starting 2 threads
[23:56:40] [CRITICAL] connection timed out to the target URL. sqlmap is going to retry the request(s)
[23:56:40] [WARNING] if the problem persists please check that the provided target URL is reachable. In case that it is, you can try to rerun with proxy switches ('--proxy', '--proxy-file'...)
[23:56:40] [CRITICAL] connection timed out to the target URL. sqlmap is going to retry the request(s)
[23:56:50] [CRITICAL] connection timed out to the target URL
[23:56:50] [CRITICAL] connection timed out to the target URL
do you want to normalize crawling results [Y/n] Y
do you want to store crawling results to a temporary file for eventual further processing with other tools [y/N] N
[1/1] URL:
GET https://www.paypal.com/ae/home?locale.x=FUZZ
do you want to test this URL? [Y/n/q]
> Y
[23:56:50] [INFO] testing URL 'https://www.paypal.com/ae/home?locale.x=FUZZ'
[23:56:50] [INFO] using '/home/awad/.local/share/sqlmap/output/results-02272026_1156pm.csv' as the CSV results file in multiple targets mode
[23:57:01] [CRITICAL] connection timed out to the target URL. sqlmap is going to retry the request(s)
[23:57:01] [WARNING] if the problem persists please check that the provided target URL is reachable. In case that it is, you can try to rerun with proxy switches ('--proxy', '--proxy-file'...)
[23:57:11] [ERROR] connection timed out to the target URL, skipping to the next target
[23:57:11] [INFO] you can find results of scanning in multiple targets mode inside the CSV file '/home/awad/.local/share/sqlmap/output/results-02272026_1156pm.csv'
[23:57:11] [INFO] starting crawler for target URL 'https://www.paypal.com/ae/home?tab=FUZZ' (2/2)
[23:57:11] [INFO] starting 2 threads
[23:57:21] [CRITICAL] connection timed out to the target URL. sqlmap is going to retry the request(s)
[23:57:21] [CRITICAL] connection timed out to the target URL. sqlmap is going to retry the request(s)
[23:57:31] [CRITICAL] connection timed out to the target URL
[23:57:31] [CRITICAL] connection timed out to the target URL
[1/1] URL:
GET https://www.paypal.com/ae/home?tab=FUZZ
do you want to test this URL? [Y/n/q]
> Y
[23:57:31] [INFO] testing URL 'https://www.paypal.com/ae/home?tab=FUZZ'
[23:57:42] [CRITICAL] connection timed out to the target URL. sqlmap is going to retry the request(s)
[23:57:42] [WARNING] if the problem persists please check that the provided target URL is reachable. In case that it is, you can try to rerun with proxy switches ('--proxy', '--proxy-file'...)
[23:57:52] [ERROR] connection timed out to the target URL, skipping to the next target
[23:57:52] [INFO] you can find results of scanning in multiple targets mode inside the CSV file '/home/awad/.local/share/sqlmap/output/results-02272026_1156pm.csv'

[*] ending @ 23:57:52 /2026-02-27/

