Running: dalfox url "https://0abb00b00379d3bb85b43797004d00d0.web-security-academy.net/post/comment" --batch --random-agent --silence --timeout 60 --cookie session=B2AiAGGL66ItLMTKTl6ZZjlphtFBFrQu -d csrf=MbcP0r0kYf8Rp7pvTgMSW1i5JLRCvfl3&postId=9&comment=test&name=FUZZ&email=test&website=test
Running: dalfox url "https://0abb00b00379d3bb85b43797004d00d0.web-security-academy.net/post/comment" --batch --random-agent --silence --timeout 60 --cookie session=B2AiAGGL66ItLMTKTl6ZZjlphtFBFrQu -d csrf=MbcP0r0kYf8Rp7pvTgMSW1i5JLRCvfl3&postId=2&comment=test&name=test&email=FUZZ&website=test
Running: dalfox url "https://0abb00b00379d3bb85b43797004d00d0.web-security-academy.net/post/comment" --batch --random-agent --silence --timeout 60 --cookie session=B2AiAGGL66ItLMTKTl6ZZjlphtFBFrQu -d csrf=MbcP0r0kYf8Rp7pvTgMSW1i5JLRCvfl3&postId=8&comment=test&name=test&email=FUZZ&website=test
Running: dalfox url "https://0abb00b00379d3bb85b43797004d00d0.web-security-academy.net/post/comment" --batch --random-agent --silence --timeout 60 --cookie session=B2AiAGGL66ItLMTKTl6ZZjlphtFBFrQu -d csrf=FUZZ&postId=2&comment=test&name=test&email=test&website=test
Running: dalfox url "https://0abb00b00379d3bb85b43797004d00d0.web-security-academy.net/post/comment" --batch --random-agent --silence --timeout 60 --cookie session=B2AiAGGL66ItLMTKTl6ZZjlphtFBFrQu -d csrf=MbcP0r0kYf8Rp7pvTgMSW1i5JLRCvfl3&postId=2&comment=FUZZ&name=test&email=test&website=test
Running: dalfox url "https://0abb00b00379d3bb85b43797004d00d0.web-security-academy.net/post/comment" --batch --random-agent --silence --timeout 60 --cookie session=B2AiAGGL66ItLMTKTl6ZZjlphtFBFrQu -d csrf=MbcP0r0kYf8Rp7pvTgMSW1i5JLRCvfl3&postId=6&comment=test&name=FUZZ&email=test&website=test
Running: dalfox url "https://0abb00b00379d3bb85b43797004d00d0.web-security-academy.net/post/comment" --batch --random-agent --silence --timeout 60 --cookie session=B2AiAGGL66ItLMTKTl6ZZjlphtFBFrQu -d csrf=MbcP0r0kYf8Rp7pvTgMSW1i5JLRCvfl3&postId=5&comment=test&name=test&email=test&website=FUZZ
Running: dalfox url "https://0abb00b00379d3bb85b43797004d00d0.web-security-academy.net/post/comment" --batch --random-agent --silence --timeout 60 --cookie session=B2AiAGGL66ItLMTKTl6ZZjlphtFBFrQu -d csrf=MbcP0r0kYf8Rp7pvTgMSW1i5JLRCvfl3&postId=2&comment=test&name=FUZZ&email=test&website=test
Running: dalfox url "https://0abb00b00379d3bb85b43797004d00d0.web-security-academy.net/post/comment" --batch --random-agent --silence --timeout 60 --cookie session=B2AiAGGL66ItLMTKTl6ZZjlphtFBFrQu -d csrf=MbcP0r0kYf8Rp7pvTgMSW1i5JLRCvfl3&postId=4&comment=test&name=FUZZ&email=test&website=test
Running: dalfox url "https://0abb00b00379d3bb85b43797004d00d0.web-security-academy.net/post/comment" --batch --random-agent --silence --timeout 60 --cookie session=B2AiAGGL66ItLMTKTl6ZZjlphtFBFrQu -d csrf=MbcP0r0kYf8Rp7pvTgMSW1i5JLRCvfl3&postId=3&comment=FUZZ&name=test&email=test&website=test
Running: dalfox url "https://0abb00b00379d3bb85b43797004d00d0.web-security-academy.net/post/comment" --batch --random-agent --silence --timeout 60 --cookie session=B2AiAGGL66ItLMTKTl6ZZjlphtFBFrQu -d csrf=MbcP0r0kYf8Rp7pvTgMSW1i5JLRCvfl3&postId=3&comment=test&name=test&email=FUZZ&website=test
Running: dalfox url "https://0abb00b00379d3bb85b43797004d00d0.web-security-academy.net/post/comment" --batch --random-agent --silence --timeout 60 --cookie session=B2AiAGGL66ItLMTKTl6ZZjlphtFBFrQu -d csrf=MbcP0r0kYf8Rp7pvTgMSW1i5JLRCvfl3&postId=10&comment=test&name=test&email=FUZZ&website=test
Running: dalfox url "https://0abb00b00379d3bb85b43797004d00d0.web-security-academy.net/post/comment" --batch --random-agent --silence --timeout 60 --cookie session=B2AiAGGL66ItLMTKTl6ZZjlphtFBFrQu -d csrf=MbcP0r0kYf8Rp7pvTgMSW1i5JLRCvfl3&postId=8&comment=test&name=FUZZ&email=test&website=test
Running: dalfox url "https://0abb00b00379d3bb85b43797004d00d0.web-security-academy.net/post/comment" --batch --random-agent --silence --timeout 60 --cookie session=B2AiAGGL66ItLMTKTl6ZZjlphtFBFrQu -d csrf=MbcP0r0kYf8Rp7pvTgMSW1i5JLRCvfl3&postId=7&comment=test&name=test&email=FUZZ&website=test
Running: dalfox url "https://0abb00b00379d3bb85b43797004d00d0.web-security-academy.net/post/comment" --batch --random-agent --silence --timeout 60 --cookie session=B2AiAGGL66ItLMTKTl6ZZjlphtFBFrQu -d csrf=MbcP0r0kYf8Rp7pvTgMSW1i5JLRCvfl3&postId=6&comment=test&name=test&email=test&website=FUZZ
Running: dalfox url "https://0abb00b00379d3bb85b43797004d00d0.web-security-academy.net/post/comment" --batch --random-agent --silence --timeout 60 --cookie session=B2AiAGGL66ItLMTKTl6ZZjlphtFBFrQu -d csrf=MbcP0r0kYf8Rp7pvTgMSW1i5JLRCvfl3&postId=5&comment=test&name=FUZZ&email=test&website=test
Running: dalfox url "https://0abb00b00379d3bb85b43797004d00d0.web-security-academy.net/post/comment" --batch --random-agent --silence --timeout 60 --cookie session=B2AiAGGL66ItLMTKTl6ZZjlphtFBFrQu -d csrf=MbcP0r0kYf8Rp7pvTgMSW1i5JLRCvfl3&postId=9&comment=test&name=test&email=FUZZ&website=test
Running: dalfox url "https://0abb00b00379d3bb85b43797004d00d0.web-security-academy.net/post/comment" --batch --random-agent --silence --timeout 60 --cookie session=B2AiAGGL66ItLMTKTl6ZZjlphtFBFrQu -d csrf=MbcP0r0kYf8Rp7pvTgMSW1i5JLRCvfl3&postId=10&comment=test&name=FUZZ&email=test&website=test
Running: dalfox url "https://0abb00b00379d3bb85b43797004d00d0.web-security-academy.net/post/comment" --batch --random-agent --silence --timeout 60 --cookie session=B2AiAGGL66ItLMTKTl6ZZjlphtFBFrQu -d csrf=MbcP0r0kYf8Rp7pvTgMSW1i5JLRCvfl3&postId=4&comment=FUZZ&name=test&email=test&website=test
Running: dalfox url "https://0abb00b00379d3bb85b43797004d00d0.web-security-academy.net/post/comment" --batch --random-agent --silence --timeout 60 --cookie session=B2AiAGGL66ItLMTKTl6ZZjlphtFBFrQu -d csrf=FUZZ&postId=6&comment=test&name=test&email=test&website=test
Running: dalfox url "https://0abb00b00379d3bb85b43797004d00d0.web-security-academy.net/post/comment" --batch --random-agent --silence --timeout 60 --cookie session=B2AiAGGL66ItLMTKTl6ZZjlphtFBFrQu -d csrf=MbcP0r0kYf8Rp7pvTgMSW1i5JLRCvfl3&postId=10&comment=test&name=test&email=test&website=FUZZ
Running: dalfox url "https://0abb00b00379d3bb85b43797004d00d0.web-security-academy.net/post/comment" --batch --random-agent --silence --timeout 60 --cookie session=B2AiAGGL66ItLMTKTl6ZZjlphtFBFrQu -d csrf=MbcP0r0kYf8Rp7pvTgMSW1i5JLRCvfl3&postId=7&comment=FUZZ&name=test&email=test&website=test
Running: dalfox url "https://0abb00b00379d3bb85b43797004d00d0.web-security-academy.net/post/comment" --batch --random-agent --silence --timeout 60 --cookie session=B2AiAGGL66ItLMTKTl6ZZjlphtFBFrQu -d csrf=MbcP0r0kYf8Rp7pvTgMSW1i5JLRCvfl3&postId=8&comment=FUZZ&name=test&email=test&website=test
Running: dalfox url "https://0abb00b00379d3bb85b43797004d00d0.web-security-academy.net/post/comment" --batch --random-agent --silence --timeout 60 --cookie session=B2AiAGGL66ItLMTKTl6ZZjlphtFBFrQu -d csrf=MbcP0r0kYf8Rp7pvTgMSW1i5JLRCvfl3&postId=1&comment=test&name=FUZZ&email=test&website=test
Running: dalfox url "https://0abb00b00379d3bb85b43797004d00d0.web-security-academy.net/post?postId=FUZZ" --batch --random-agent --silence --timeout 60 --cookie session=B2AiAGGL66ItLMTKTl6ZZjlphtFBFrQu
Running: dalfox url "https://0abb00b00379d3bb85b43797004d00d0.web-security-academy.net/post/comment" --batch --random-agent --silence --timeout 60 --cookie session=B2AiAGGL66ItLMTKTl6ZZjlphtFBFrQu -d csrf=MbcP0r0kYf8Rp7pvTgMSW1i5JLRCvfl3&postId=1&comment=test&name=test&email=test&website=FUZZ
Running: dalfox url "https://0abb00b00379d3bb85b43797004d00d0.web-security-academy.net/post/comment" --batch --random-agent --silence --timeout 60 --cookie session=B2AiAGGL66ItLMTKTl6ZZjlphtFBFrQu -d csrf=FUZZ&postId=7&comment=test&name=test&email=test&website=test
Running: dalfox url "https://0abb00b00379d3bb85b43797004d00d0.web-security-academy.net/post/comment" --batch --random-agent --silence --timeout 60 --cookie session=B2AiAGGL66ItLMTKTl6ZZjlphtFBFrQu -d csrf=FUZZ&postId=10&comment=test&name=test&email=test&website=test
Running: dalfox url "https://0abb00b00379d3bb85b43797004d00d0.web-security-academy.net/post/comment" --batch --random-agent --silence --timeout 60 --cookie session=B2AiAGGL66ItLMTKTl6ZZjlphtFBFrQu -d csrf=MbcP0r0kYf8Rp7pvTgMSW1i5JLRCvfl3&postId=4&comment=test&name=test&email=FUZZ&website=test
Running: dalfox url "https://0abb00b00379d3bb85b43797004d00d0.web-security-academy.net/post/comment" --batch --random-agent --silence --timeout 60 --cookie session=B2AiAGGL66ItLMTKTl6ZZjlphtFBFrQu -d csrf=MbcP0r0kYf8Rp7pvTgMSW1i5JLRCvfl3&postId=6&comment=FUZZ&name=test&email=test&website=test
Running: dalfox url "https://0abb00b00379d3bb85b43797004d00d0.web-security-academy.net/post/comment" --batch --random-agent --silence --timeout 60 --cookie session=B2AiAGGL66ItLMTKTl6ZZjlphtFBFrQu -d csrf=MbcP0r0kYf8Rp7pvTgMSW1i5JLRCvfl3&postId=9&comment=test&name=test&email=test&website=FUZZ
Running: dalfox url "https://0abb00b00379d3bb85b43797004d00d0.web-security-academy.net/post/comment" --batch --random-agent --silence --timeout 60 --cookie session=B2AiAGGL66ItLMTKTl6ZZjlphtFBFrQu -d csrf=MbcP0r0kYf8Rp7pvTgMSW1i5JLRCvfl3&postId=3&comment=test&name=test&email=test&website=FUZZ
Running: dalfox url "https://0abb00b00379d3bb85b43797004d00d0.web-security-academy.net/post/comment" --batch --random-agent --silence --timeout 60 --cookie session=B2AiAGGL66ItLMTKTl6ZZjlphtFBFrQu -d csrf=MbcP0r0kYf8Rp7pvTgMSW1i5JLRCvfl3&postId=7&comment=test&name=FUZZ&email=test&website=test
Running: dalfox url "https://0abb00b00379d3bb85b43797004d00d0.web-security-academy.net/post/comment" --batch --random-agent --silence --timeout 60 --cookie session=B2AiAGGL66ItLMTKTl6ZZjlphtFBFrQu -d csrf=MbcP0r0kYf8Rp7pvTgMSW1i5JLRCvfl3&postId=6&comment=test&name=test&email=FUZZ&website=test
Running: dalfox url "https://0abb00b00379d3bb85b43797004d00d0.web-security-academy.net/post/comment" --batch --random-agent --silence --timeout 60 --cookie session=B2AiAGGL66ItLMTKTl6ZZjlphtFBFrQu -d csrf=MbcP0r0kYf8Rp7pvTgMSW1i5JLRCvfl3&postId=FUZZ&comment=test&name=test&email=test&website=test
Running: dalfox url "https://0abb00b00379d3bb85b43797004d00d0.web-security-academy.net/post/comment" --batch --random-agent --silence --timeout 60 --cookie session=B2AiAGGL66ItLMTKTl6ZZjlphtFBFrQu -d csrf=MbcP0r0kYf8Rp7pvTgMSW1i5JLRCvfl3&postId=1&comment=test&name=test&email=FUZZ&website=test
Running: dalfox url "https://0abb00b00379d3bb85b43797004d00d0.web-security-academy.net/post/comment" --batch --random-agent --silence --timeout 60 --cookie session=B2AiAGGL66ItLMTKTl6ZZjlphtFBFrQu -d csrf=MbcP0r0kYf8Rp7pvTgMSW1i5JLRCvfl3&postId=5&comment=FUZZ&name=test&email=test&website=test
Running: dalfox url "https://0abb00b00379d3bb85b43797004d00d0.web-security-academy.net/post/comment" --batch --random-agent --silence --timeout 60 --cookie session=B2AiAGGL66ItLMTKTl6ZZjlphtFBFrQu -d csrf=FUZZ&postId=8&comment=test&name=test&email=test&website=test
Running: dalfox url "https://0abb00b00379d3bb85b43797004d00d0.web-security-academy.net/post/comment" --batch --random-agent --silence --timeout 60 --cookie session=B2AiAGGL66ItLMTKTl6ZZjlphtFBFrQu -d csrf=MbcP0r0kYf8Rp7pvTgMSW1i5JLRCvfl3&postId=9&comment=FUZZ&name=test&email=test&website=test
Running: dalfox url "https://0abb00b00379d3bb85b43797004d00d0.web-security-academy.net/post/comment" --batch --random-agent --silence --timeout 60 --cookie session=B2AiAGGL66ItLMTKTl6ZZjlphtFBFrQu -d csrf=FUZZ&postId=5&comment=test&name=test&email=test&website=test
Running: dalfox url "https://0abb00b00379d3bb85b43797004d00d0.web-security-academy.net/post/comment" --batch --random-agent --silence --timeout 60 --cookie session=B2AiAGGL66ItLMTKTl6ZZjlphtFBFrQu -d csrf=MbcP0r0kYf8Rp7pvTgMSW1i5JLRCvfl3&postId=7&comment=test&name=test&email=test&website=FUZZ
Running: dalfox url "https://0abb00b00379d3bb85b43797004d00d0.web-security-academy.net/post/comment" --batch --random-agent --silence --timeout 60 --cookie session=B2AiAGGL66ItLMTKTl6ZZjlphtFBFrQu -d csrf=MbcP0r0kYf8Rp7pvTgMSW1i5JLRCvfl3&postId=4&comment=test&name=test&email=test&website=FUZZ
Running: dalfox url "https://0abb00b00379d3bb85b43797004d00d0.web-security-academy.net/post/comment" --batch --random-agent --silence --timeout 60 --cookie session=B2AiAGGL66ItLMTKTl6ZZjlphtFBFrQu -d csrf=FUZZ&postId=1&comment=test&name=test&email=test&website=test
Running: dalfox url "https://0abb00b00379d3bb85b43797004d00d0.web-security-academy.net/post/comment" --batch --random-agent --silence --timeout 60 --cookie session=B2AiAGGL66ItLMTKTl6ZZjlphtFBFrQu -d csrf=MbcP0r0kYf8Rp7pvTgMSW1i5JLRCvfl3&postId=2&comment=test&name=test&email=test&website=FUZZ
Running: dalfox url "https://0abb00b00379d3bb85b43797004d00d0.web-security-academy.net/post/comment" --batch --random-agent --silence --timeout 60 --cookie session=B2AiAGGL66ItLMTKTl6ZZjlphtFBFrQu -d csrf=FUZZ&postId=3&comment=test&name=test&email=test&website=test
Running: dalfox url "https://0abb00b00379d3bb85b43797004d00d0.web-security-academy.net/post/comment" --batch --random-agent --silence --timeout 60 --cookie session=B2AiAGGL66ItLMTKTl6ZZjlphtFBFrQu -d csrf=FUZZ&postId=9&comment=test&name=test&email=test&website=test
Running: dalfox url "https://0abb00b00379d3bb85b43797004d00d0.web-security-academy.net/post/comment" --batch --random-agent --silence --timeout 60 --cookie session=B2AiAGGL66ItLMTKTl6ZZjlphtFBFrQu -d csrf=FUZZ&postId=4&comment=test&name=test&email=test&website=test
Running: dalfox url "https://0abb00b00379d3bb85b43797004d00d0.web-security-academy.net/post/comment" --batch --random-agent --silence --timeout 60 --cookie session=B2AiAGGL66ItLMTKTl6ZZjlphtFBFrQu -d csrf=MbcP0r0kYf8Rp7pvTgMSW1i5JLRCvfl3&postId=3&comment=test&name=FUZZ&email=test&website=test
Running: dalfox url "https://0abb00b00379d3bb85b43797004d00d0.web-security-academy.net/post/comment" --batch --random-agent --silence --timeout 60 --cookie session=B2AiAGGL66ItLMTKTl6ZZjlphtFBFrQu -d csrf=MbcP0r0kYf8Rp7pvTgMSW1i5JLRCvfl3&postId=8&comment=test&name=test&email=test&website=FUZZ
Running: dalfox url "https://0abb00b00379d3bb85b43797004d00d0.web-security-academy.net/post/comment" --batch --random-agent --silence --timeout 60 --cookie session=B2AiAGGL66ItLMTKTl6ZZjlphtFBFrQu -d csrf=MbcP0r0kYf8Rp7pvTgMSW1i5JLRCvfl3&postId=10&comment=FUZZ&name=test&email=test&website=test
Running: dalfox url "https://0abb00b00379d3bb85b43797004d00d0.web-security-academy.net/post/comment" --batch --random-agent --silence --timeout 60 --cookie session=B2AiAGGL66ItLMTKTl6ZZjlphtFBFrQu -d csrf=MbcP0r0kYf8Rp7pvTgMSW1i5JLRCvfl3&postId=5&comment=test&name=test&email=FUZZ&website=test
Running: dalfox url "https://0abb00b00379d3bb85b43797004d00d0.web-security-academy.net/post/comment" --batch --random-agent --silence --timeout 60 --cookie session=B2AiAGGL66ItLMTKTl6ZZjlphtFBFrQu -d csrf=MbcP0r0kYf8Rp7pvTgMSW1i5JLRCvfl3&postId=1&comment=FUZZ&name=test&email=test&website=test
