        ___
       __H__
 ___ ___["]_____ ___ ___  {1.10.2#pip}
|_ -| . [.]     | .'| . |
|___|_  [(]_|_|_|__,|  _|
      |_|V...       |_|   https://sqlmap.org

[!] legal disclaimer: Usage of sqlmap for attacking targets without prior mutual consent is illegal. It is the end user's responsibility to obey all applicable local, state and federal laws. Developers assume no liability and are not responsible for any misuse or damage caused by this program

[*] starting @ 23:04:29 /2026-02-24/

[23:04:29] [WARNING] using '/mnt/c/Users/awad/Downloads/pyarmor/auto_PenTest/web_recon_dataset/sqlmap_scan_20260224_230425' as the output directory
[23:04:29] [INFO] fetched random HTTP User-Agent header value 'Mozilla/5.0 (Macintosh; Intel Mac OS X 10_15_6) AppleWebKit/605.1.15 (KHTML, like Gecko) Version/15.4 Safari/605.1.15' from file '/mnt/c/Users/awad/Downloads/pyarmor/auto_PenTest/autoPenTest/lib/python3.13/site-packages/sqlmap/data/txt/user-agents.txt'
do you want to check for the existence of site's sitemap(.xml) [y/N] N
[23:04:29] [INFO] starting crawler for target URL 'https://wallet.tg/?q=FUZZ'
[23:04:29] [INFO] searching for links with depth 1
[23:04:29] [INFO] starting 2 threads
[23:04:31] [INFO] searching for links with depth 2
[23:04:31] [INFO] starting 5 threads
got a 308 redirect to 'https://wallet.tg/docs/xstocks-terms'. Do you want to follow? [Y/n] Y
[23:04:33] [CRITICAL] unable to connect to the target URL. sqlmap is going to retry the request(s)
[23:04:33] [WARNING] if the problem persists please check that the provided target URL is reachable. In case that it is, you can try to rerun with proxy switches ('--proxy', '--proxy-file'...)
[23:04:36] [WARNING] it appears that you have been blocked by the target server
[23:04:41] [CRITICAL] unable to connect to the target URL
do you want to normalize crawling results [Y/n] Y
do you want to store crawling results to a temporary file for eventual further processing with other tools [y/N] N
[1/1] URL:
GET https://wallet.tg/?q=FUZZ
do you want to test this URL? [Y/n/q]
> Y
[23:04:41] [INFO] testing URL 'https://wallet.tg/?q=FUZZ'
[23:04:41] [INFO] using '/mnt/c/Users/awad/Downloads/pyarmor/auto_PenTest/web_recon_dataset/sqlmap_scan_20260224_230425/results-02242026_1104pm.csv' as the CSV results file in multiple targets mode
you have not declared cookie(s), while server wants to set its own ('__cf_bm=4tSiGIB_1Fb...N0sxWZs3K8'). Do you want to use those [Y/n] Y
[23:04:42] [INFO] checking if the target is protected by some kind of WAF/IPS
[23:04:42] [CRITICAL] WAF/IPS identified as 'CloudFlare'
are you sure that you want to continue with further target testing? [Y/n] Y
[23:04:42] [WARNING] please consider usage of tamper scripts (option '--tamper')
[23:04:42] [INFO] testing if the target URL content is stable
[23:04:43] [WARNING] target URL content is not stable (i.e. content differs). sqlmap will base the page comparison on a sequence matcher. If no dynamic nor injectable parameters are detected, or in case of junk results, refer to user's manual paragraph 'Page comparison'
how do you want to proceed? [(C)ontinue/(s)tring/(r)egex/(q)uit] C
[23:04:44] [INFO] testing if GET parameter 'q' is dynamic
[23:04:45] [WARNING] GET parameter 'q' does not appear to be dynamic
[23:04:46] [WARNING] heuristic (basic) test shows that GET parameter 'q' might not be injectable
[23:04:47] [INFO] testing for SQL injection on GET parameter 'q'
[23:04:47] [INFO] testing 'AND boolean-based blind - WHERE or HAVING clause'
[23:05:01] [INFO] testing 'AND boolean-based blind - WHERE or HAVING clause (subquery - comment)'
[23:05:10] [INFO] testing 'AND boolean-based blind - WHERE or HAVING clause (comment)'
[23:05:18] [INFO] testing 'MySQL RLIKE boolean-based blind - WHERE, HAVING, ORDER BY or GROUP BY clause'
[23:05:29] [INFO] testing 'PostgreSQL AND boolean-based blind - WHERE or HAVING clause (CAST)'
[23:05:41] [INFO] testing 'Oracle AND boolean-based blind - WHERE or HAVING clause (CTXSYS.DRITHSX.SN)'
[23:05:53] [INFO] testing 'SQLite AND boolean-based blind - WHERE, HAVING, GROUP BY or HAVING clause (JSON)'
[23:06:04] [INFO] testing 'Boolean-based blind - Parameter replace (original value)'
[23:06:05] [INFO] testing 'Boolean-based blind - Parameter replace (DUAL)'
[23:06:06] [INFO] testing 'Boolean-based blind - Parameter replace (CASE)'
[23:06:08] [INFO] testing 'MySQL >= 5.0 boolean-based blind - ORDER BY, GROUP BY clause'
[23:06:09] [INFO] testing 'PostgreSQL boolean-based blind - ORDER BY, GROUP BY clause'
[23:06:10] [INFO] testing 'MySQL >= 5.1 AND error-based - WHERE, HAVING, ORDER BY or GROUP BY clause (EXTRACTVALUE)'
[23:06:16] [INFO] testing 'MySQL >= 5.6 AND error-based - WHERE, HAVING, ORDER BY or GROUP BY clause (GTID_SUBSET)'
[23:06:22] [INFO] testing 'PostgreSQL AND error-based - WHERE or HAVING clause'
[23:06:27] [INFO] testing 'Microsoft SQL Server/Sybase AND error-based - WHERE or HAVING clause (IN)'
[23:06:33] [INFO] testing 'Microsoft SQL Server/Sybase AND error-based - WHERE or HAVING clause (CONVERT)'
[23:06:38] [INFO] testing 'Microsoft SQL Server/Sybase AND error-based - WHERE or HAVING clause (CONCAT)'
[23:06:44] [INFO] testing 'Oracle AND error-based - WHERE or HAVING clause (XMLType)'
[23:06:50] [INFO] testing 'Oracle AND error-based - WHERE or HAVING clause (UTL_INADDR.GET_HOST_ADDRESS)'
[23:06:56] [INFO] testing 'MySQL >= 5.1 error-based - PROCEDURE ANALYSE (EXTRACTVALUE)'
[23:07:02] [INFO] testing 'MySQL >= 5.1 error-based - Parameter replace (EXTRACTVALUE)'
[23:07:02] [INFO] testing 'PostgreSQL error-based - Parameter replace'
[23:07:03] [INFO] testing 'Microsoft SQL Server/Sybase error-based - Stacking (EXEC)'
[23:07:08] [INFO] testing 'Generic inline queries'
[23:07:08] [INFO] testing 'MySQL inline queries'
[23:07:09] [INFO] testing 'PostgreSQL inline queries'
[23:07:09] [INFO] testing 'Microsoft SQL Server/Sybase inline queries'
[23:07:10] [INFO] testing 'Oracle inline queries'
[23:07:10] [INFO] testing 'MySQL >= 5.0.12 stacked queries (comment)'
[23:07:16] [INFO] testing 'PostgreSQL > 8.1 stacked queries (comment)'
[23:07:20] [INFO] testing 'PostgreSQL stacked queries (heavy query - comment)'
[23:07:25] [INFO] testing 'Microsoft SQL Server/Sybase stacked queries (comment)'
[23:07:30] [INFO] testing 'Microsoft SQL Server/Sybase stacked queries (DECLARE - comment)'
[23:07:35] [INFO] testing 'Oracle stacked queries (DBMS_PIPE.RECEIVE_MESSAGE - comment)'
[23:07:39] [INFO] testing 'Oracle stacked queries (heavy query - comment)'
[23:07:44] [INFO] testing 'MySQL >= 5.0.12 AND time-based blind (query SLEEP)'
[23:07:50] [INFO] testing 'MySQL >= 5.0.12 AND time-based blind (SLEEP)'
[23:07:56] [INFO] testing 'MySQL < 5.0.12 AND time-based blind (BENCHMARK)'
[23:08:02] [INFO] testing 'MySQL >= 5.0.12 RLIKE time-based blind'
[23:08:08] [INFO] testing 'PostgreSQL > 8.1 AND time-based blind'
[23:08:13] [INFO] testing 'PostgreSQL AND time-based blind (heavy query)'
[23:08:20] [INFO] testing 'Microsoft SQL Server/Sybase time-based blind (IF)'
[23:08:26] [INFO] testing 'Microsoft SQL Server/Sybase AND time-based blind (heavy query)'
