        ___
       __H__
 ___ ___[,]_____ ___ ___  {1.10.2#pip}
|_ -| . [)]     | .'| . |
|___|_  ["]_|_|_|__,|  _|
      |_|V...       |_|   https://sqlmap.org

[!] legal disclaimer: Usage of sqlmap for attacking targets without prior mutual consent is illegal. It is the end user's responsibility to obey all applicable local, state and federal laws. Developers assume no liability and are not responsible for any misuse or damage caused by this program

[*] starting @ 23:01:46 /2026-02-19/

[23:01:46] [WARNING] using '/mnt/c/Users/awad/Downloads/pyarmor/auto_PenTest/web_recon_dataset/sqlmap_scan_20260219_230142' as the output directory
[23:01:46] [INFO] fetched random HTTP User-Agent header value 'Mozilla/5.0 (Macintosh; Intel Mac OS X 10_15_7) AppleWebKit/537.36 (KHTML, like Gecko) Chrome/134.0.0.0 Safari/537.36' from file '/mnt/c/Users/awad/Downloads/pyarmor/auto_PenTest/autoPenTest/lib/python3.13/site-packages/sqlmap/data/txt/user-agents.txt'
do you want to check for the existence of site's sitemap(.xml) [y/N] N
[23:01:46] [INFO] starting crawler for target URL 'https://cloud.stc.com.sa/?user=FUZZ'
[23:01:46] [INFO] searching for links with depth 1
[23:01:46] [INFO] starting 2 threads
[23:01:46] [WARNING] turning off pre-connect mechanism because of connection reset(s)
[23:01:46] [CRITICAL] connection reset to the target URL. sqlmap is going to retry the request(s)
[23:01:46] [WARNING] if the problem persists please check that the provided target URL is reachable. In case that it is, you can try to rerun with proxy switches ('--proxy', '--proxy-file'...)
[23:01:46] [CRITICAL] connection reset to the target URL. sqlmap is going to retry the request(s)
[23:01:49] [CRITICAL] connection reset to the target URL
[23:01:49] [CRITICAL] connection reset to the target URL
do you want to normalize crawling results [Y/n] Y
do you want to store crawling results to a temporary file for eventual further processing with other tools [y/N] N
[1/1] URL:
GET https://cloud.stc.com.sa/?user=FUZZ
do you want to test this URL? [Y/n/q]
> Y
[23:01:49] [INFO] testing URL 'https://cloud.stc.com.sa/?user=FUZZ'
[23:01:49] [INFO] using '/mnt/c/Users/awad/Downloads/pyarmor/auto_PenTest/web_recon_dataset/sqlmap_scan_20260219_230142/results-02192026_1101pm.csv' as the CSV results file in multiple targets mode
[23:01:50] [CRITICAL] connection reset to the target URL. sqlmap is going to retry the request(s)
[23:01:50] [WARNING] if the problem persists please check that the provided target URL is reachable. In case that it is, you can try to rerun with proxy switches ('--proxy', '--proxy-file'...)
[23:01:52] [ERROR] connection reset to the target URL, skipping to the next target
[23:01:52] [INFO] you can find results of scanning in multiple targets mode inside the CSV file '/mnt/c/Users/awad/Downloads/pyarmor/auto_PenTest/web_recon_dataset/sqlmap_scan_20260219_230142/results-02192026_1101pm.csv'

[*] ending @ 23:01:52 /2026-02-19/

