        ___
       __H__
 ___ ___[(]_____ ___ ___  {1.10.2#pip}
|_ -| . [(]     | .'| . |
|___|_  [']_|_|_|__,|  _|
      |_|V...       |_|   https://sqlmap.org

[!] legal disclaimer: Usage of sqlmap for attacking targets without prior mutual consent is illegal. It is the end user's responsibility to obey all applicable local, state and federal laws. Developers assume no liability and are not responsible for any misuse or damage caused by this program

[*] starting @ 23:26:32 /2026-02-24/

[23:26:32] [WARNING] using '/mnt/c/Users/awad/Downloads/pyarmor/auto_PenTest/web_recon_dataset/sqlmap_scan_20260224_232628' as the output directory
[23:26:32] [INFO] fetched random HTTP User-Agent header value 'Mozilla/5.0 (Macintosh; Intel Mac OS X 10_15_6) AppleWebKit/605.1.15 (KHTML, like Gecko) Version/15.4 Safari/605.1.15' from file '/mnt/c/Users/awad/Downloads/pyarmor/auto_PenTest/autoPenTest/lib/python3.13/site-packages/sqlmap/data/txt/user-agents.txt'
do you want to check for the existence of site's sitemap(.xml) [y/N] N
[23:26:32] [INFO] starting crawler for target URL 'https://wallet.tg/?query=FUZZ'
[23:26:32] [INFO] searching for links with depth 1
[23:26:32] [INFO] starting 2 threads
[23:26:34] [INFO] searching for links with depth 2
[23:26:34] [INFO] starting 5 threads
[23:26:36] [WARNING] it appears that you have been blocked by the target server
got a 308 redirect to 'https://wallet.tg/docs/xstocks-terms'. Do you want to follow? [Y/n] Y
[23:26:36] [CRITICAL] unable to connect to the target URL. sqlmap is going to retry the request(s)
[23:26:36] [WARNING] if the problem persists please check that the provided target URL is reachable. In case that it is, you can try to rerun with proxy switches ('--proxy', '--proxy-file'...)
[23:26:43] [CRITICAL] unable to connect to the target URL
do you want to normalize crawling results [Y/n] Y
do you want to store crawling results to a temporary file for eventual further processing with other tools [y/N] N
[1/1] URL:
GET https://wallet.tg/?query=FUZZ
do you want to test this URL? [Y/n/q]
> Y
[23:26:43] [INFO] testing URL 'https://wallet.tg/?query=FUZZ'
[23:26:43] [INFO] using '/mnt/c/Users/awad/Downloads/pyarmor/auto_PenTest/web_recon_dataset/sqlmap_scan_20260224_232628/results-02242026_1126pm.csv' as the CSV results file in multiple targets mode
you have not declared cookie(s), while server wants to set its own ('__cf_bm=0vEX._YakOF...LiycYsuh_2'). Do you want to use those [Y/n] Y
[23:26:44] [INFO] checking if the target is protected by some kind of WAF/IPS
[23:26:45] [CRITICAL] WAF/IPS identified as 'CloudFlare'
are you sure that you want to continue with further target testing? [Y/n] Y
[23:26:45] [WARNING] please consider usage of tamper scripts (option '--tamper')
[23:26:45] [INFO] testing if the target URL content is stable
[23:26:46] [WARNING] target URL content is not stable (i.e. content differs). sqlmap will base the page comparison on a sequence matcher. If no dynamic nor injectable parameters are detected, or in case of junk results, refer to user's manual paragraph 'Page comparison'
how do you want to proceed? [(C)ontinue/(s)tring/(r)egex/(q)uit] C
[23:26:46] [INFO] testing if GET parameter 'query' is dynamic
[23:26:47] [WARNING] GET parameter 'query' does not appear to be dynamic
[23:26:48] [WARNING] heuristic (basic) test shows that GET parameter 'query' might not be injectable
[23:26:49] [INFO] testing for SQL injection on GET parameter 'query'
[23:26:49] [INFO] testing 'AND boolean-based blind - WHERE or HAVING clause'
