        ___
       __H__
 ___ ___["]_____ ___ ___  {1.9.8#stable}
|_ -| . [.]     | .'| . |
|___|_  [(]_|_|_|__,|  _|
      |_|V...       |_|   https://sqlmap.org

[!] legal disclaimer: Usage of sqlmap for attacking targets without prior mutual consent is illegal. It is the end user's responsibility to obey all applicable local, state and federal laws. Developers assume no liability and are not responsible for any misuse or damage caused by this program

[*] starting @ 20:18:23 /2025-11-13/

[20:18:23] [WARNING] using '/mnt/c/Users/awad/Downloads/pyarmor/auto_PenTest/web_recon_dataset/sqlmap_scan_20251113_201823' as the output directory
[20:18:23] [INFO] fetched random HTTP User-Agent header value 'Opera/9.21 (Windows NT 5.1; U; fr)' from file '/usr/share/sqlmap/data/txt/user-agents.txt'
do you want to check for the existence of site's sitemap(.xml) [y/N] N
[20:18:23] [INFO] starting crawler for target URL 'http://google.com?id=FUZZ'
[20:18:23] [INFO] searching for links with depth 1
got a 301 redirect to 'http://www.google.com/?id=FUZZ'. Do you want to follow? [Y/n] Y
do you want to normalize crawling results [Y/n] Y
do you want to store crawling results to a temporary file for eventual further processing with other tools [y/N] N
[1/1] URL:
GET http://google.com?id=FUZZ
do you want to test this URL? [Y/n/q]
> Y
[20:18:26] [INFO] testing URL 'http://google.com?id=FUZZ'
[20:18:26] [INFO] using '/mnt/c/Users/awad/Downloads/pyarmor/auto_PenTest/web_recon_dataset/sqlmap_scan_20251113_201823/results-11132025_0818pm.csv' as the CSV results file in multiple targets mode
got a 301 redirect to 'http://www.google.com/?id=FUZZ'. Do you want to follow? [Y/n] Y
[20:18:28] [WARNING] potential permission problems detected ('Access denied')
you have not declared cookie(s), while server wants to set its own ('AEC=AaJma5uixpu...xMFkHl9T_Y;NID=526=dAUGSTBfEoG...7tcaX0sMoA'). Do you want to use those [Y/n] Y
[20:18:28] [INFO] checking if the target is protected by some kind of WAF/IPS
[20:18:30] [INFO] testing if the target URL content is stable
[20:18:32] [WARNING] GET parameter 'id' does not appear to be dynamic
[20:18:34] [WARNING] heuristic (basic) test shows that GET parameter 'id' might not be injectable
[20:18:36] [INFO] testing for SQL injection on GET parameter 'id'
[20:18:36] [INFO] testing 'AND boolean-based blind - WHERE or HAVING clause'
[20:19:14] [INFO] testing 'AND boolean-based blind - WHERE or HAVING clause (subquery - comment)'
[20:21:16] [INFO] testing 'AND boolean-based blind - WHERE or HAVING clause (comment)'
[20:23:24] [INFO] testing 'MySQL RLIKE boolean-based blind - WHERE, HAVING, ORDER BY or GROUP BY clause'
[20:26:29] [INFO] testing 'PostgreSQL AND boolean-based blind - WHERE or HAVING clause (CAST)'
[20:29:31] [INFO] testing 'Oracle AND boolean-based blind - WHERE or HAVING clause (CTXSYS.DRITHSX.SN)'
[20:32:36] [INFO] testing 'SQLite AND boolean-based blind - WHERE, HAVING, GROUP BY or HAVING clause (JSON)'
[20:35:35] [INFO] testing 'Boolean-based blind - Parameter replace (original value)'
[20:35:52] [INFO] testing 'Boolean-based blind - Parameter replace (DUAL)'
[20:36:06] [INFO] testing 'Boolean-based blind - Parameter replace (CASE)'
[20:36:18] [INFO] testing 'MySQL >= 5.0 boolean-based blind - ORDER BY, GROUP BY clause'
[20:36:36] [INFO] testing 'PostgreSQL boolean-based blind - ORDER BY, GROUP BY clause'
[20:36:52] [INFO] testing 'MySQL >= 5.0 AND error-based - WHERE, HAVING, ORDER BY or GROUP BY clause (FLOOR)'
[20:37:33] [INFO] testing 'MySQL >= 5.1 AND error-based - WHERE, HAVING, ORDER BY or GROUP BY clause (EXTRACTVALUE)'
[20:37:43] [INFO] testing 'PostgreSQL AND error-based - WHERE or HAVING clause'
[20:37:53] [INFO] testing 'Microsoft SQL Server/Sybase AND error-based - WHERE or HAVING clause (IN)'
[20:38:03] [INFO] testing 'Microsoft SQL Server/Sybase AND error-based - WHERE or HAVING clause (CONVERT)'
[20:38:33] [INFO] testing 'Microsoft SQL Server/Sybase AND error-based - WHERE or HAVING clause (CONCAT)'
[20:39:32] [INFO] testing 'Oracle AND error-based - WHERE or HAVING clause (XMLType)'
[20:40:35] [INFO] testing 'Oracle AND error-based - WHERE or HAVING clause (UTL_INADDR.GET_HOST_ADDRESS)'
[20:41:36] [INFO] testing 'MySQL >= 5.1 error-based - PROCEDURE ANALYSE (EXTRACTVALUE)'
[20:42:41] [INFO] testing 'MySQL >= 5.0 error-based - Parameter replace (FLOOR)'
[20:42:46] [INFO] testing 'MySQL >= 5.1 error-based - Parameter replace (EXTRACTVALUE)'
[20:42:51] [INFO] testing 'PostgreSQL error-based - Parameter replace'
[20:42:56] [INFO] testing 'Microsoft SQL Server/Sybase error-based - Stacking (EXEC)'
[20:43:42] [INFO] testing 'Generic inline queries'
[20:43:46] [INFO] testing 'MySQL inline queries'
[20:43:51] [INFO] testing 'PostgreSQL inline queries'
[20:43:57] [INFO] testing 'Microsoft SQL Server/Sybase inline queries'
[20:44:01] [INFO] testing 'Oracle inline queries'
[20:44:07] [INFO] testing 'MySQL >= 5.0.12 stacked queries (comment)'
[20:44:07] [CRITICAL] considerable lagging has been detected in connection response(s). Please use as high value for option '--time-sec' as possible (e.g. 10 or more)
[20:44:46] [INFO] testing 'PostgreSQL > 8.1 stacked queries (comment)'
[20:45:34] [INFO] testing 'PostgreSQL stacked queries (heavy query - comment)'
[20:46:24] [INFO] testing 'Microsoft SQL Server/Sybase stacked queries (comment)'
[20:47:11] [INFO] testing 'Microsoft SQL Server/Sybase stacked queries (DECLARE - comment)'
[20:48:04] [INFO] testing 'Oracle stacked queries (DBMS_PIPE.RECEIVE_MESSAGE - comment)'
[20:48:54] [INFO] testing 'Oracle stacked queries (heavy query - comment)'
[20:49:38] [INFO] testing 'MySQL >= 5.0.12 AND time-based blind (query SLEEP)'
[20:50:40] [INFO] testing 'MySQL >= 5.0.12 AND time-based blind (SLEEP)'
[20:51:46] [INFO] testing 'MySQL < 5.0.12 AND time-based blind (BENCHMARK)'
[20:52:49] [INFO] testing 'MySQL >= 5.0.12 RLIKE time-based blind'
[20:53:49] [INFO] testing 'PostgreSQL > 8.1 AND time-based blind'
[20:54:54] [INFO] testing 'PostgreSQL AND time-based blind (heavy query)'
