        ___
       __H__
 ___ ___[']_____ ___ ___  {1.9.11#stable}
|_ -| . [)]     | .'| . |
|___|_  [']_|_|_|__,|  _|
      |_|V...       |_|   https://sqlmap.org

[!] legal disclaimer: Usage of sqlmap for attacking targets without prior mutual consent is illegal. It is the end user's responsibility to obey all applicable local, state and federal laws. Developers assume no liability and are not responsible for any misuse or damage caused by this program

[*] starting @ 17:06:21 /2026-03-01/

[17:06:21] [INFO] fetched random HTTP User-Agent header value 'Mozilla/5.0 (Windows NT 10.0; Win64; x64; rv:141.0) Gecko/20100101 Firefox/141.0' from file '/usr/share/sqlmap/data/txt/user-agents.txt'
[17:06:21] [INFO] parsing multiple targets list from 'sqli_parameters.txt'
[17:06:21] [INFO] starting crawler for target URL 'https://stripe.com/lp/vertical-saas-benchmark-2025?utm_medium=FUZZ' (1/5)
do you want to check for the existence of site's sitemap(.xml) [y/N] N
[17:06:21] [INFO] starting 2 threads
do you want to normalize crawling results [Y/n] Y
do you want to store crawling results to a temporary file for eventual further processing with other tools [y/N] N
[17:06:24] [INFO] found a total of 3 targets
[1/3] Form:
POST https://stripe.com/-api/form
POST data: analytics_cid=&analytics_event_id=&formId=2082&cms_marketo_unique_id=page_url&mostRecentLanguage=en&FF_UTM_Campaign_First_Click__c=Undefined&FF_UTM_Campaign_Last_Click__c=Undefined&FF_UTM_Content_First_Click__c=Undefined&FF_UTM_Content_Last_Click__c=Undefined&FF_UTM_Medium_First_Click__c=Direct&FF_UTM_Medium_Last_Click__c=Direct&FF_UTM_Source_First_Click__c=direct&FF_UTM_Source_Last_Click__c=direct&FF_UTM_Term_First_Click__c=Undefined&FF_UTM_Term_Last_Click__c=Undefined&FF_Conversion_Page__c=Undefined&FF_Conversion_Date__c=null&Referrer_URL__c=Undefined&firstName=&lastName=&email=&website=&company=&Job_Level_Form__c=C-level&Job_Function_Form__c=Chief%20Executive%20Officer&Country__c=AF&marketingOptIn=1
do you want to test this form? [Y/n/q] 
> Y
Edit POST data [default: analytics_cid=&analytics_event_id=&formId=2082&cms_marketo_unique_id=page_url&mostRecentLanguage=en&FF_UTM_Campaign_First_Click__c=Undefined&FF_UTM_Campaign_Last_Click__c=Undefined&FF_UTM_Content_First_Click__c=Undefined&FF_UTM_Content_Last_Click__c=Undefined&FF_UTM_Medium_First_Click__c=Direct&FF_UTM_Medium_Last_Click__c=Direct&FF_UTM_Source_First_Click__c=direct&FF_UTM_Source_Last_Click__c=direct&FF_UTM_Term_First_Click__c=Undefined&FF_UTM_Term_Last_Click__c=Undefined&FF_Conversion_Page__c=Undefined&FF_Conversion_Date__c=null&Referrer_URL__c=Undefined&firstName=&lastName=&email=&website=&company=&Job_Level_Form__c=C-level&Job_Function_Form__c=Chief%20Executive%20Officer&Country__c=AF&marketingOptIn=1] (Warning: blank fields detected): analytics_cid=&analytics_event_id=&formId=2082&cms_marketo_unique_id=page_url&mostRecentLanguage=en&FF_UTM_Campaign_First_Click__c=Undefined&FF_UTM_Campaign_Last_Click__c=Undefined&FF_UTM_Content_First_Click__c=Undefined&FF_UTM_Content_Last_Click__c=Undefined&FF_UTM_Medium_First_Click__c=Direct&FF_UTM_Medium_Last_Click__c=Direct&FF_UTM_Source_First_Click__c=direct&FF_UTM_Source_Last_Click__c=direct&FF_UTM_Term_First_Click__c=Undefined&FF_UTM_Term_Last_Click__c=Undefined&FF_Conversion_Page__c=Undefined&FF_Conversion_Date__c=null&Referrer_URL__c=Undefined&firstName=&lastName=&email=&website=&company=&Job_Level_Form__c=C-level&Job_Function_Form__c=Chief Executive Officer&Country__c=AF&marketingOptIn=1
do you want to fill blank fields with random values? [Y/n] Y
[17:06:24] [INFO] using '/home/awad/.local/share/sqlmap/output/results-03012026_0506pm.csv' as the CSV results file in multiple targets mode
[17:06:25] [WARNING] the web server responded with an HTTP error code (400) which could interfere with the results of the tests
[17:06:25] [INFO] checking if the target is protected by some kind of WAF/IPS
[17:06:27] [INFO] testing if the target URL content is stable
[17:06:28] [INFO] target URL content is stable
[17:06:28] [INFO] testing if POST parameter 'analytics_cid' is dynamic
[17:06:31] [WARNING] POST parameter 'analytics_cid' does not appear to be dynamic
[17:06:32] [WARNING] heuristic (basic) test shows that POST parameter 'analytics_cid' might not be injectable
[17:06:33] [INFO] skipping POST parameter 'analytics_cid'
[17:06:33] [INFO] testing if POST parameter 'analytics_event_id' is dynamic
[17:06:41] [WARNING] POST parameter 'analytics_event_id' does not appear to be dynamic
[17:06:42] [WARNING] heuristic (basic) test shows that POST parameter 'analytics_event_id' might not be injectable
[17:06:42] [INFO] skipping POST parameter 'analytics_event_id'
[17:06:42] [INFO] testing if POST parameter 'formId' is dynamic
[17:06:43] [WARNING] POST parameter 'formId' does not appear to be dynamic
[17:06:44] [WARNING] heuristic (basic) test shows that POST parameter 'formId' might not be injectable
[17:06:45] [INFO] skipping POST parameter 'formId'
[17:06:45] [INFO] testing if POST parameter 'cms_marketo_unique_id' is dynamic
[17:06:46] [WARNING] POST parameter 'cms_marketo_unique_id' does not appear to be dynamic
[17:06:53] [WARNING] heuristic (basic) test shows that POST parameter 'cms_marketo_unique_id' might not be injectable
[17:06:54] [INFO] skipping POST parameter 'cms_marketo_unique_id'
[17:06:54] [INFO] testing if POST parameter 'mostRecentLanguage' is dynamic
[17:06:55] [INFO] POST parameter 'mostRecentLanguage' appears to be dynamic
[17:06:56] [WARNING] heuristic (basic) test shows that POST parameter 'mostRecentLanguage' might not be injectable
[17:06:56] [INFO] skipping POST parameter 'mostRecentLanguage'
[17:06:56] [INFO] testing if POST parameter 'FF_UTM_Campaign_First_Click__c' is dynamic
[17:06:57] [INFO] POST parameter 'FF_UTM_Campaign_First_Click__c' appears to be dynamic
[17:06:58] [WARNING] heuristic (basic) test shows that POST parameter 'FF_UTM_Campaign_First_Click__c' might not be injectable
[17:07:01] [INFO] skipping POST parameter 'FF_UTM_Campaign_First_Click__c'
[17:07:01] [INFO] testing if POST parameter 'FF_UTM_Campaign_Last_Click__c' is dynamic
[17:07:05] [WARNING] POST parameter 'FF_UTM_Campaign_Last_Click__c' does not appear to be dynamic
[17:07:06] [WARNING] heuristic (basic) test shows that POST parameter 'FF_UTM_Campaign_Last_Click__c' might not be injectable
[17:07:07] [INFO] skipping POST parameter 'FF_UTM_Campaign_Last_Click__c'
[17:07:07] [INFO] testing if POST parameter 'FF_UTM_Content_First_Click__c' is dynamic
[17:07:08] [INFO] POST parameter 'FF_UTM_Content_First_Click__c' appears to be dynamic
[17:07:16] [WARNING] heuristic (basic) test shows that POST parameter 'FF_UTM_Content_First_Click__c' might not be injectable
[17:07:17] [INFO] skipping POST parameter 'FF_UTM_Content_First_Click__c'
[17:07:17] [INFO] testing if POST parameter 'FF_UTM_Content_Last_Click__c' is dynamic
[17:07:18] [INFO] POST parameter 'FF_UTM_Content_Last_Click__c' appears to be dynamic
[17:07:19] [WARNING] heuristic (basic) test shows that POST parameter 'FF_UTM_Content_Last_Click__c' might not be injectable
[17:07:20] [INFO] skipping POST parameter 'FF_UTM_Content_Last_Click__c'
[17:07:20] [INFO] testing if POST parameter 'FF_UTM_Medium_First_Click__c' is dynamic
[17:07:21] [INFO] POST parameter 'FF_UTM_Medium_First_Click__c' appears to be dynamic
[17:07:28] [WARNING] heuristic (basic) test shows that POST parameter 'FF_UTM_Medium_First_Click__c' might not be injectable
[17:07:30] [INFO] skipping POST parameter 'FF_UTM_Medium_First_Click__c'
[17:07:30] [INFO] testing if POST parameter 'FF_UTM_Medium_Last_Click__c' is dynamic
[17:07:30] [INFO] POST parameter 'FF_UTM_Medium_Last_Click__c' appears to be dynamic
[17:07:31] [WARNING] heuristic (basic) test shows that POST parameter 'FF_UTM_Medium_Last_Click__c' might not be injectable
[17:07:32] [INFO] skipping POST parameter 'FF_UTM_Medium_Last_Click__c'
[17:07:32] [INFO] testing if POST parameter 'FF_UTM_Source_First_Click__c' is dynamic
[17:07:33] [INFO] POST parameter 'FF_UTM_Source_First_Click__c' appears to be dynamic
[17:07:34] [WARNING] heuristic (basic) test shows that POST parameter 'FF_UTM_Source_First_Click__c' might not be injectable
[17:07:35] [INFO] skipping POST parameter 'FF_UTM_Source_First_Click__c'
[17:07:35] [INFO] testing if POST parameter 'FF_UTM_Source_Last_Click__c' is dynamic
[17:07:36] [INFO] POST parameter 'FF_UTM_Source_Last_Click__c' appears to be dynamic
[17:07:37] [WARNING] heuristic (basic) test shows that POST parameter 'FF_UTM_Source_Last_Click__c' might not be injectable
[17:07:38] [INFO] skipping POST parameter 'FF_UTM_Source_Last_Click__c'
[17:07:38] [INFO] testing if POST parameter 'FF_UTM_Term_First_Click__c' is dynamic
[17:07:38] [INFO] POST parameter 'FF_UTM_Term_First_Click__c' appears to be dynamic
[17:07:39] [WARNING] heuristic (basic) test shows that POST parameter 'FF_UTM_Term_First_Click__c' might not be injectable
[17:07:40] [INFO] skipping POST parameter 'FF_UTM_Term_First_Click__c'
[17:07:40] [INFO] testing if POST parameter 'FF_UTM_Term_Last_Click__c' is dynamic
[17:07:41] [INFO] POST parameter 'FF_UTM_Term_Last_Click__c' appears to be dynamic
[17:07:42] [WARNING] heuristic (basic) test shows that POST parameter 'FF_UTM_Term_Last_Click__c' might not be injectable
[17:07:43] [INFO] skipping POST parameter 'FF_UTM_Term_Last_Click__c'
[17:07:43] [INFO] testing if POST parameter 'FF_Conversion_Page__c' is dynamic
[17:07:44] [INFO] POST parameter 'FF_Conversion_Page__c' appears to be dynamic
[17:07:44] [WARNING] heuristic (basic) test shows that POST parameter 'FF_Conversion_Page__c' might not be injectable
[17:07:45] [INFO] skipping POST parameter 'FF_Conversion_Page__c'
[17:07:45] [INFO] testing if POST parameter 'FF_Conversion_Date__c' is dynamic
[17:07:46] [INFO] POST parameter 'FF_Conversion_Date__c' appears to be dynamic
[17:07:47] [WARNING] heuristic (basic) test shows that POST parameter 'FF_Conversion_Date__c' might not be injectable
[17:07:47] [INFO] skipping POST parameter 'FF_Conversion_Date__c'
[17:07:47] [INFO] testing if POST parameter 'Referrer_URL__c' is dynamic
[17:07:48] [INFO] POST parameter 'Referrer_URL__c' appears to be dynamic
[17:07:49] [WARNING] heuristic (basic) test shows that POST parameter 'Referrer_URL__c' might not be injectable
[17:07:50] [INFO] skipping POST parameter 'Referrer_URL__c'
[17:07:50] [INFO] testing if POST parameter 'firstName' is dynamic
[17:07:51] [INFO] POST parameter 'firstName' appears to be dynamic
[17:07:52] [WARNING] heuristic (basic) test shows that POST parameter 'firstName' might not be injectable
[17:07:52] [INFO] skipping POST parameter 'firstName'
[17:07:52] [INFO] testing if POST parameter 'lastName' is dynamic
[17:07:53] [INFO] POST parameter 'lastName' appears to be dynamic
[17:07:54] [WARNING] heuristic (basic) test shows that POST parameter 'lastName' might not be injectable
[17:07:55] [INFO] skipping POST parameter 'lastName'
[17:07:55] [INFO] testing if POST parameter 'email' is dynamic
[17:07:55] [INFO] POST parameter 'email' appears to be dynamic
[17:07:57] [WARNING] heuristic (basic) test shows that POST parameter 'email' might not be injectable
[17:07:57] [INFO] skipping POST parameter 'email'
[17:07:57] [INFO] testing if POST parameter 'website' is dynamic
[17:07:58] [INFO] POST parameter 'website' appears to be dynamic
[17:07:59] [WARNING] heuristic (basic) test shows that POST parameter 'website' might not be injectable
[17:08:00] [INFO] skipping POST parameter 'website'
[17:08:00] [INFO] testing if POST parameter 'company' is dynamic
[17:08:01] [INFO] POST parameter 'company' appears to be dynamic
[17:08:02] [WARNING] heuristic (basic) test shows that POST parameter 'company' might not be injectable
[17:08:03] [INFO] skipping POST parameter 'company'
[17:08:03] [INFO] testing if POST parameter 'Job_Level_Form__c' is dynamic
[17:08:04] [INFO] POST parameter 'Job_Level_Form__c' appears to be dynamic
[17:08:04] [WARNING] heuristic (basic) test shows that POST parameter 'Job_Level_Form__c' might not be injectable
[17:08:05] [INFO] skipping POST parameter 'Job_Level_Form__c'
[17:08:05] [INFO] testing if POST parameter 'Job_Function_Form__c' is dynamic
[17:08:06] [INFO] POST parameter 'Job_Function_Form__c' appears to be dynamic
[17:08:07] [WARNING] heuristic (basic) test shows that POST parameter 'Job_Function_Form__c' might not be injectable
[17:08:15] [INFO] skipping POST parameter 'Job_Function_Form__c'
[17:08:15] [INFO] testing if POST parameter 'Country__c' is dynamic
[17:08:15] [INFO] POST parameter 'Country__c' appears to be dynamic
[17:08:16] [WARNING] heuristic (basic) test shows that POST parameter 'Country__c' might not be injectable
[17:08:17] [INFO] skipping POST parameter 'Country__c'
[17:08:17] [INFO] testing if POST parameter 'marketingOptIn' is dynamic
[17:08:18] [INFO] POST parameter 'marketingOptIn' appears to be dynamic
[17:08:21] [WARNING] heuristic (basic) test shows that POST parameter 'marketingOptIn' might not be injectable
[17:08:22] [INFO] skipping POST parameter 'marketingOptIn'
[17:08:22] [ERROR] all tested parameters do not appear to be injectable. Try to increase values for '--level'/'--risk' options if you wish to perform more tests. If you suspect that there is some kind of protection mechanism involved (e.g. WAF) maybe you could try to use option '--tamper' (e.g. '--tamper=space2comment'), skipping to the next target
[17:08:22] [WARNING] HTTP error codes detected during run:
400 (Bad Request) - 22 times, 429 (Too Many Requests) - 64 times
[2/3] URL:
GET https://stripe.com/lp/vertical-saas-benchmark-2025?utm_medium=FUZZ
do you want to test this URL? [Y/n/q]
> Y
[17:08:22] [INFO] testing URL 'https://stripe.com/lp/vertical-saas-benchmark-2025?utm_medium=FUZZ'
you have not declared cookie(s), while server wants to set its own ('cid=395b5795-b0...12eec078c3'). Do you want to use those [Y/n] Y
[17:08:24] [INFO] checking if the target is protected by some kind of WAF/IPS
[17:08:25] [CRITICAL] heuristics detected that the target is protected by some kind of WAF/IPS
are you sure that you want to continue with further target testing? [Y/n] Y
[17:08:25] [WARNING] please consider usage of tamper scripts (option '--tamper')
[17:08:25] [INFO] testing if the target URL content is stable
[17:08:28] [WARNING] target URL content is not stable (i.e. content differs). sqlmap will base the page comparison on a sequence matcher. If no dynamic nor injectable parameters are detected, or in case of junk results, refer to user's manual paragraph 'Page comparison'
how do you want to proceed? [(C)ontinue/(s)tring/(r)egex/(q)uit] C
[17:08:29] [INFO] testing if GET parameter 'utm_medium' is dynamic
[17:08:32] [WARNING] GET parameter 'utm_medium' does not appear to be dynamic
[17:08:34] [WARNING] heuristic (basic) test shows that GET parameter 'utm_medium' might not be injectable
[17:08:35] [INFO] skipping GET parameter 'utm_medium'
[17:08:36] [ERROR] all tested parameters do not appear to be injectable. Try to increase values for '--level'/'--risk' options if you wish to perform more tests. If you suspect that there is some kind of protection mechanism involved (e.g. WAF) maybe you could try to use option '--tamper' (e.g. '--tamper=space2comment'), skipping to the next target
[17:08:36] [WARNING] HTTP error codes detected during run:
400 (Bad Request) - 1 times
[3/3] URL:
GET https://stripe.com/lp/vertical-saas-benchmark-2025?utm_medium=owned-surfaces&utm_source=33d6&utm_campaign=GLOBAL_4250&utm_content=819a&utm_term=a6a6d7b23e01
do you want to test this URL? [Y/n/q]
> Y
[17:08:36] [INFO] testing URL 'https://stripe.com/lp/vertical-saas-benchmark-2025?utm_medium=owned-surfaces&utm_source=33d6&utm_campaign=GLOBAL_4250&utm_content=819a&utm_term=a6a6d7b23e01'
you have not declared cookie(s), while server wants to set its own ('cid=ed6b3458-79...08779eabbe'). Do you want to use those [Y/n] Y
[17:08:37] [INFO] checking if the target is protected by some kind of WAF/IPS
[17:08:38] [CRITICAL] heuristics detected that the target is protected by some kind of WAF/IPS
are you sure that you want to continue with further target testing? [Y/n] Y
[17:08:38] [WARNING] please consider usage of tamper scripts (option '--tamper')
[17:08:38] [INFO] testing if the target URL content is stable
[17:08:40] [WARNING] target URL content is not stable (i.e. content differs). sqlmap will base the page comparison on a sequence matcher. If no dynamic nor injectable parameters are detected, or in case of junk results, refer to user's manual paragraph 'Page comparison'
how do you want to proceed? [(C)ontinue/(s)tring/(r)egex/(q)uit] C
[17:08:40] [INFO] skipping previously processed GET parameter 'utm_medium'
[17:08:40] [INFO] testing if GET parameter 'utm_source' is dynamic
[17:08:42] [WARNING] GET parameter 'utm_source' does not appear to be dynamic
[17:08:44] [WARNING] heuristic (basic) test shows that GET parameter 'utm_source' might not be injectable
[17:08:46] [INFO] skipping GET parameter 'utm_source'
[17:08:46] [INFO] testing if GET parameter 'utm_campaign' is dynamic
[17:08:47] [WARNING] GET parameter 'utm_campaign' does not appear to be dynamic
[17:08:49] [WARNING] heuristic (basic) test shows that GET parameter 'utm_campaign' might not be injectable
[17:08:51] [INFO] skipping GET parameter 'utm_campaign'
[17:08:51] [INFO] testing if GET parameter 'utm_content' is dynamic
[17:08:51] [WARNING] GET parameter 'utm_content' does not appear to be dynamic
[17:08:52] [WARNING] heuristic (basic) test shows that GET parameter 'utm_content' might not be injectable
[17:08:53] [INFO] skipping GET parameter 'utm_content'
[17:08:53] [INFO] testing if GET parameter 'utm_term' is dynamic
[17:08:54] [WARNING] GET parameter 'utm_term' does not appear to be dynamic
[17:08:55] [WARNING] heuristic (basic) test shows that GET parameter 'utm_term' might not be injectable
[17:08:56] [INFO] skipping GET parameter 'utm_term'
[17:08:56] [ERROR] all tested parameters do not appear to be injectable. Try to increase values for '--level'/'--risk' options if you wish to perform more tests. If you suspect that there is some kind of protection mechanism involved (e.g. WAF) maybe you could try to use option '--tamper' (e.g. '--tamper=space2comment'), skipping to the next target
[17:08:56] [WARNING] HTTP error codes detected during run:
400 (Bad Request) - 1 times
[17:08:56] [INFO] you can find results of scanning in multiple targets mode inside the CSV file '/home/awad/.local/share/sqlmap/output/results-03012026_0506pm.csv'
[17:08:56] [INFO] starting crawler for target URL 'https://stripe.com/lp/vertical-saas-benchmark-2025?utm_source=FUZZ' (2/5)
[17:08:56] [INFO] starting 2 threads
[17:08:58] [INFO] found a total of 3 targets
[1/3] Form:
POST https://stripe.com/-api/form
POST data: analytics_cid=&analytics_event_id=&formId=2082&cms_marketo_unique_id=page_url&mostRecentLanguage=en&FF_UTM_Campaign_First_Click__c=Undefined&FF_UTM_Campaign_Last_Click__c=Undefined&FF_UTM_Content_First_Click__c=Undefined&FF_UTM_Content_Last_Click__c=Undefined&FF_UTM_Medium_First_Click__c=Direct&FF_UTM_Medium_Last_Click__c=Direct&FF_UTM_Source_First_Click__c=direct&FF_UTM_Source_Last_Click__c=direct&FF_UTM_Term_First_Click__c=Undefined&FF_UTM_Term_Last_Click__c=Undefined&FF_Conversion_Page__c=Undefined&FF_Conversion_Date__c=null&Referrer_URL__c=Undefined&firstName=&lastName=&email=&website=&company=&Job_Level_Form__c=C-level&Job_Function_Form__c=Chief%20Executive%20Officer&Country__c=AF&marketingOptIn=1
do you want to test this form? [Y/n/q] 
> Y
Edit POST data [default: analytics_cid=&analytics_event_id=&formId=2082&cms_marketo_unique_id=page_url&mostRecentLanguage=en&FF_UTM_Campaign_First_Click__c=Undefined&FF_UTM_Campaign_Last_Click__c=Undefined&FF_UTM_Content_First_Click__c=Undefined&FF_UTM_Content_Last_Click__c=Undefined&FF_UTM_Medium_First_Click__c=Direct&FF_UTM_Medium_Last_Click__c=Direct&FF_UTM_Source_First_Click__c=direct&FF_UTM_Source_Last_Click__c=direct&FF_UTM_Term_First_Click__c=Undefined&FF_UTM_Term_Last_Click__c=Undefined&FF_Conversion_Page__c=Undefined&FF_Conversion_Date__c=null&Referrer_URL__c=Undefined&firstName=&lastName=&email=&website=&company=&Job_Level_Form__c=C-level&Job_Function_Form__c=Chief%20Executive%20Officer&Country__c=AF&marketingOptIn=1] (Warning: blank fields detected): analytics_cid=&analytics_event_id=&formId=2082&cms_marketo_unique_id=page_url&mostRecentLanguage=en&FF_UTM_Campaign_First_Click__c=Undefined&FF_UTM_Campaign_Last_Click__c=Undefined&FF_UTM_Content_First_Click__c=Undefined&FF_UTM_Content_Last_Click__c=Undefined&FF_UTM_Medium_First_Click__c=Direct&FF_UTM_Medium_Last_Click__c=Direct&FF_UTM_Source_First_Click__c=direct&FF_UTM_Source_Last_Click__c=direct&FF_UTM_Term_First_Click__c=Undefined&FF_UTM_Term_Last_Click__c=Undefined&FF_Conversion_Page__c=Undefined&FF_Conversion_Date__c=null&Referrer_URL__c=Undefined&firstName=&lastName=&email=&website=&company=&Job_Level_Form__c=C-level&Job_Function_Form__c=Chief Executive Officer&Country__c=AF&marketingOptIn=1
do you want to fill blank fields with random values? [Y/n] Y
[17:08:59] [WARNING] the web server responded with an HTTP error code (429) which could interfere with the results of the tests
[17:08:59] [INFO] checking if the target is protected by some kind of WAF/IPS
[17:08:59] [CRITICAL] heuristics detected that the target is protected by some kind of WAF/IPS
are you sure that you want to continue with further target testing? [Y/n] Y
[17:08:59] [WARNING] please consider usage of tamper scripts (option '--tamper')
[17:08:59] [INFO] testing if the target URL content is stable
[17:09:00] [INFO] target URL content is stable
[17:09:00] [INFO] skipping previously processed POST parameter 'analytics_cid'
[17:09:00] [INFO] skipping previously processed POST parameter 'analytics_event_id'
[17:09:00] [INFO] skipping previously processed POST parameter 'formId'
[17:09:00] [INFO] skipping previously processed POST parameter 'cms_marketo_unique_id'
[17:09:00] [INFO] skipping previously processed POST parameter 'mostRecentLanguage'
[17:09:00] [INFO] skipping previously processed POST parameter 'FF_UTM_Campaign_First_Click__c'
[17:09:00] [INFO] skipping previously processed POST parameter 'FF_UTM_Campaign_Last_Click__c'
[17:09:00] [INFO] skipping previously processed POST parameter 'FF_UTM_Content_First_Click__c'
[17:09:00] [INFO] skipping previously processed POST parameter 'FF_UTM_Content_Last_Click__c'
[17:09:00] [INFO] skipping previously processed POST parameter 'FF_UTM_Medium_First_Click__c'
[17:09:00] [INFO] skipping previously processed POST parameter 'FF_UTM_Medium_Last_Click__c'
[17:09:00] [INFO] skipping previously processed POST parameter 'FF_UTM_Source_First_Click__c'
[17:09:00] [INFO] skipping previously processed POST parameter 'FF_UTM_Source_Last_Click__c'
[17:09:00] [INFO] skipping previously processed POST parameter 'FF_UTM_Term_First_Click__c'
[17:09:00] [INFO] skipping previously processed POST parameter 'FF_UTM_Term_Last_Click__c'
[17:09:00] [INFO] skipping previously processed POST parameter 'FF_Conversion_Page__c'
[17:09:00] [INFO] skipping previously processed POST parameter 'FF_Conversion_Date__c'
[17:09:00] [INFO] skipping previously processed POST parameter 'Referrer_URL__c'
[17:09:00] [INFO] skipping previously processed POST parameter 'firstName'
[17:09:00] [INFO] skipping previously processed POST parameter 'lastName'
[17:09:00] [INFO] skipping previously processed POST parameter 'email'
[17:09:00] [INFO] skipping previously processed POST parameter 'website'
[17:09:00] [INFO] skipping previously processed POST parameter 'company'
[17:09:00] [INFO] skipping previously processed POST parameter 'Job_Level_Form__c'
[17:09:00] [INFO] skipping previously processed POST parameter 'Job_Function_Form__c'
[17:09:00] [INFO] skipping previously processed POST parameter 'Country__c'
[17:09:00] [INFO] skipping previously processed POST parameter 'marketingOptIn'
[17:09:00] [ERROR] all tested parameters do not appear to be injectable. Try to increase values for '--level'/'--risk' options if you wish to perform more tests. Please retry with the switch '--text-only' (along with --technique=BU) as this case looks like a perfect candidate (low textual content along with inability of comparison engine to detect at least one dynamic parameter). If you suspect that there is some kind of protection mechanism involved (e.g. WAF) maybe you could try to use option '--tamper' (e.g. '--tamper=space2comment'), skipping to the next target
[17:09:00] [WARNING] HTTP error codes detected during run:
429 (Too Many Requests) - 2 times, 400 (Bad Request) - 1 times
[17:09:00] [INFO] skipping 'https://stripe.com/lp/vertical-saas-benchmark-2025?utm_source=FUZZ'
[17:09:00] [INFO] skipping 'https://stripe.com/lp/vertical-saas-benchmark-2025?utm_medium=owned-surfaces&utm_source=33d6&utm_campaign=GLOBAL_4250&utm_content=819a&utm_term=a6a6d7b23e01'
[17:09:00] [INFO] you can find results of scanning in multiple targets mode inside the CSV file '/home/awad/.local/share/sqlmap/output/results-03012026_0506pm.csv'
[17:09:00] [INFO] starting crawler for target URL 'https://stripe.com/lp/vertical-saas-benchmark-2025?utm_campaign=FUZZ' (3/5)
[17:09:00] [INFO] starting 2 threads
[17:09:02] [INFO] found a total of 3 targets
[1/3] Form:
POST https://stripe.com/-api/form
POST data: analytics_cid=&analytics_event_id=&formId=2082&cms_marketo_unique_id=page_url&mostRecentLanguage=en&FF_UTM_Campaign_First_Click__c=Undefined&FF_UTM_Campaign_Last_Click__c=Undefined&FF_UTM_Content_First_Click__c=Undefined&FF_UTM_Content_Last_Click__c=Undefined&FF_UTM_Medium_First_Click__c=Direct&FF_UTM_Medium_Last_Click__c=Direct&FF_UTM_Source_First_Click__c=direct&FF_UTM_Source_Last_Click__c=direct&FF_UTM_Term_First_Click__c=Undefined&FF_UTM_Term_Last_Click__c=Undefined&FF_Conversion_Page__c=Undefined&FF_Conversion_Date__c=null&Referrer_URL__c=Undefined&firstName=&lastName=&email=&website=&company=&Job_Level_Form__c=C-level&Job_Function_Form__c=Chief%20Executive%20Officer&Country__c=AF&marketingOptIn=1
do you want to test this form? [Y/n/q] 
> Y
Edit POST data [default: analytics_cid=&analytics_event_id=&formId=2082&cms_marketo_unique_id=page_url&mostRecentLanguage=en&FF_UTM_Campaign_First_Click__c=Undefined&FF_UTM_Campaign_Last_Click__c=Undefined&FF_UTM_Content_First_Click__c=Undefined&FF_UTM_Content_Last_Click__c=Undefined&FF_UTM_Medium_First_Click__c=Direct&FF_UTM_Medium_Last_Click__c=Direct&FF_UTM_Source_First_Click__c=direct&FF_UTM_Source_Last_Click__c=direct&FF_UTM_Term_First_Click__c=Undefined&FF_UTM_Term_Last_Click__c=Undefined&FF_Conversion_Page__c=Undefined&FF_Conversion_Date__c=null&Referrer_URL__c=Undefined&firstName=&lastName=&email=&website=&company=&Job_Level_Form__c=C-level&Job_Function_Form__c=Chief%20Executive%20Officer&Country__c=AF&marketingOptIn=1] (Warning: blank fields detected): analytics_cid=&analytics_event_id=&formId=2082&cms_marketo_unique_id=page_url&mostRecentLanguage=en&FF_UTM_Campaign_First_Click__c=Undefined&FF_UTM_Campaign_Last_Click__c=Undefined&FF_UTM_Content_First_Click__c=Undefined&FF_UTM_Content_Last_Click__c=Undefined&FF_UTM_Medium_First_Click__c=Direct&FF_UTM_Medium_Last_Click__c=Direct&FF_UTM_Source_First_Click__c=direct&FF_UTM_Source_Last_Click__c=direct&FF_UTM_Term_First_Click__c=Undefined&FF_UTM_Term_Last_Click__c=Undefined&FF_Conversion_Page__c=Undefined&FF_Conversion_Date__c=null&Referrer_URL__c=Undefined&firstName=&lastName=&email=&website=&company=&Job_Level_Form__c=C-level&Job_Function_Form__c=Chief Executive Officer&Country__c=AF&marketingOptIn=1
do you want to fill blank fields with random values? [Y/n] Y
[17:09:03] [WARNING] the web server responded with an HTTP error code (429) which could interfere with the results of the tests
[17:09:03] [CRITICAL] previous heuristics detected that the target is protected by some kind of WAF/IPS
[17:09:03] [INFO] testing if the target URL content is stable
[17:09:11] [INFO] target URL content is stable
[17:09:11] [INFO] skipping previously processed POST parameter 'analytics_cid'
[17:09:11] [INFO] skipping previously processed POST parameter 'analytics_event_id'
[17:09:11] [INFO] skipping previously processed POST parameter 'formId'
[17:09:11] [INFO] skipping previously processed POST parameter 'cms_marketo_unique_id'
[17:09:11] [INFO] skipping previously processed POST parameter 'mostRecentLanguage'
[17:09:11] [INFO] skipping previously processed POST parameter 'FF_UTM_Campaign_First_Click__c'
[17:09:11] [INFO] skipping previously processed POST parameter 'FF_UTM_Campaign_Last_Click__c'
[17:09:11] [INFO] skipping previously processed POST parameter 'FF_UTM_Content_First_Click__c'
[17:09:11] [INFO] skipping previously processed POST parameter 'FF_UTM_Content_Last_Click__c'
[17:09:11] [INFO] skipping previously processed POST parameter 'FF_UTM_Medium_First_Click__c'
[17:09:11] [INFO] skipping previously processed POST parameter 'FF_UTM_Medium_Last_Click__c'
[17:09:11] [INFO] skipping previously processed POST parameter 'FF_UTM_Source_First_Click__c'
[17:09:11] [INFO] skipping previously processed POST parameter 'FF_UTM_Source_Last_Click__c'
[17:09:11] [INFO] skipping previously processed POST parameter 'FF_UTM_Term_First_Click__c'
[17:09:11] [INFO] skipping previously processed POST parameter 'FF_UTM_Term_Last_Click__c'
[17:09:11] [INFO] skipping previously processed POST parameter 'FF_Conversion_Page__c'
[17:09:11] [INFO] skipping previously processed POST parameter 'FF_Conversion_Date__c'
[17:09:11] [INFO] skipping previously processed POST parameter 'Referrer_URL__c'
[17:09:11] [INFO] skipping previously processed POST parameter 'firstName'
[17:09:11] [INFO] skipping previously processed POST parameter 'lastName'
[17:09:11] [INFO] skipping previously processed POST parameter 'email'
[17:09:11] [INFO] skipping previously processed POST parameter 'website'
[17:09:11] [INFO] skipping previously processed POST parameter 'company'
[17:09:11] [INFO] skipping previously processed POST parameter 'Job_Level_Form__c'
[17:09:11] [INFO] skipping previously processed POST parameter 'Job_Function_Form__c'
[17:09:11] [INFO] skipping previously processed POST parameter 'Country__c'
[17:09:11] [INFO] skipping previously processed POST parameter 'marketingOptIn'
[17:09:11] [ERROR] all tested parameters do not appear to be injectable. Try to increase values for '--level'/'--risk' options if you wish to perform more tests. Please retry with the switch '--text-only' (along with --technique=BU) as this case looks like a perfect candidate (low textual content along with inability of comparison engine to detect at least one dynamic parameter). If you suspect that there is some kind of protection mechanism involved (e.g. WAF) maybe you could try to use option '--tamper' (e.g. '--tamper=space2comment'), skipping to the next target
[17:09:11] [WARNING] HTTP error codes detected during run:
429 (Too Many Requests) - 2 times
[17:09:11] [INFO] skipping 'https://stripe.com/lp/vertical-saas-benchmark-2025?utm_campaign=FUZZ'
[17:09:11] [INFO] skipping 'https://stripe.com/lp/vertical-saas-benchmark-2025?utm_medium=owned-surfaces&utm_source=33d6&utm_campaign=GLOBAL_4250&utm_content=819a&utm_term=a6a6d7b23e01'
[17:09:11] [INFO] you can find results of scanning in multiple targets mode inside the CSV file '/home/awad/.local/share/sqlmap/output/results-03012026_0506pm.csv'
[17:09:11] [INFO] starting crawler for target URL 'https://stripe.com/lp/vertical-saas-benchmark-2025?utm_content=FUZZ' (4/5)
[17:09:11] [INFO] starting 2 threads
[17:09:26] [CRITICAL] connection timed out to the target URL. sqlmap is going to retry the request(s)
[17:09:26] [WARNING] if the problem persists please check that the provided target URL is reachable. In case that it is, you can try to rerun with proxy switches ('--proxy', '--proxy-file'...)
[17:09:31] [CRITICAL] connection timed out to the target URL. sqlmap is going to retry the request(s)
[17:09:39] [CRITICAL] connection timed out to the target URL
[17:09:48] [INFO] found a total of 2 targets
[1/2] Form:
POST https://stripe.com/-api/form
POST data: analytics_cid=&analytics_event_id=&formId=2082&cms_marketo_unique_id=page_url&mostRecentLanguage=en&FF_UTM_Campaign_First_Click__c=Undefined&FF_UTM_Campaign_Last_Click__c=Undefined&FF_UTM_Content_First_Click__c=Undefined&FF_UTM_Content_Last_Click__c=Undefined&FF_UTM_Medium_First_Click__c=Direct&FF_UTM_Medium_Last_Click__c=Direct&FF_UTM_Source_First_Click__c=direct&FF_UTM_Source_Last_Click__c=direct&FF_UTM_Term_First_Click__c=Undefined&FF_UTM_Term_Last_Click__c=Undefined&FF_Conversion_Page__c=Undefined&FF_Conversion_Date__c=null&Referrer_URL__c=Undefined&firstName=&lastName=&email=&website=&company=&Job_Level_Form__c=C-level&Job_Function_Form__c=Chief%20Executive%20Officer&Country__c=AF&marketingOptIn=1
do you want to test this form? [Y/n/q] 
> Y
Edit POST data [default: analytics_cid=&analytics_event_id=&formId=2082&cms_marketo_unique_id=page_url&mostRecentLanguage=en&FF_UTM_Campaign_First_Click__c=Undefined&FF_UTM_Campaign_Last_Click__c=Undefined&FF_UTM_Content_First_Click__c=Undefined&FF_UTM_Content_Last_Click__c=Undefined&FF_UTM_Medium_First_Click__c=Direct&FF_UTM_Medium_Last_Click__c=Direct&FF_UTM_Source_First_Click__c=direct&FF_UTM_Source_Last_Click__c=direct&FF_UTM_Term_First_Click__c=Undefined&FF_UTM_Term_Last_Click__c=Undefined&FF_Conversion_Page__c=Undefined&FF_Conversion_Date__c=null&Referrer_URL__c=Undefined&firstName=&lastName=&email=&website=&company=&Job_Level_Form__c=C-level&Job_Function_Form__c=Chief%20Executive%20Officer&Country__c=AF&marketingOptIn=1] (Warning: blank fields detected): analytics_cid=&analytics_event_id=&formId=2082&cms_marketo_unique_id=page_url&mostRecentLanguage=en&FF_UTM_Campaign_First_Click__c=Undefined&FF_UTM_Campaign_Last_Click__c=Undefined&FF_UTM_Content_First_Click__c=Undefined&FF_UTM_Content_Last_Click__c=Undefined&FF_UTM_Medium_First_Click__c=Direct&FF_UTM_Medium_Last_Click__c=Direct&FF_UTM_Source_First_Click__c=direct&FF_UTM_Source_Last_Click__c=direct&FF_UTM_Term_First_Click__c=Undefined&FF_UTM_Term_Last_Click__c=Undefined&FF_Conversion_Page__c=Undefined&FF_Conversion_Date__c=null&Referrer_URL__c=Undefined&firstName=&lastName=&email=&website=&company=&Job_Level_Form__c=C-level&Job_Function_Form__c=Chief Executive Officer&Country__c=AF&marketingOptIn=1
do you want to fill blank fields with random values? [Y/n] Y
[17:09:50] [WARNING] the web server responded with an HTTP error code (429) which could interfere with the results of the tests
[17:09:50] [CRITICAL] previous heuristics detected that the target is protected by some kind of WAF/IPS
[17:09:50] [INFO] testing if the target URL content is stable
[17:09:51] [INFO] target URL content is stable
[17:09:51] [INFO] skipping previously processed POST parameter 'analytics_cid'
[17:09:51] [INFO] skipping previously processed POST parameter 'analytics_event_id'
[17:09:51] [INFO] skipping previously processed POST parameter 'formId'
[17:09:51] [INFO] skipping previously processed POST parameter 'cms_marketo_unique_id'
[17:09:51] [INFO] skipping previously processed POST parameter 'mostRecentLanguage'
[17:09:51] [INFO] skipping previously processed POST parameter 'FF_UTM_Campaign_First_Click__c'
[17:09:51] [INFO] skipping previously processed POST parameter 'FF_UTM_Campaign_Last_Click__c'
[17:09:51] [INFO] skipping previously processed POST parameter 'FF_UTM_Content_First_Click__c'
[17:09:51] [INFO] skipping previously processed POST parameter 'FF_UTM_Content_Last_Click__c'
[17:09:51] [INFO] skipping previously processed POST parameter 'FF_UTM_Medium_First_Click__c'
[17:09:51] [INFO] skipping previously processed POST parameter 'FF_UTM_Medium_Last_Click__c'
[17:09:51] [INFO] skipping previously processed POST parameter 'FF_UTM_Source_First_Click__c'
[17:09:51] [INFO] skipping previously processed POST parameter 'FF_UTM_Source_Last_Click__c'
[17:09:51] [INFO] skipping previously processed POST parameter 'FF_UTM_Term_First_Click__c'
[17:09:51] [INFO] skipping previously processed POST parameter 'FF_UTM_Term_Last_Click__c'
[17:09:51] [INFO] skipping previously processed POST parameter 'FF_Conversion_Page__c'
[17:09:51] [INFO] skipping previously processed POST parameter 'FF_Conversion_Date__c'
[17:09:51] [INFO] skipping previously processed POST parameter 'Referrer_URL__c'
[17:09:51] [INFO] skipping previously processed POST parameter 'firstName'
[17:09:51] [INFO] skipping previously processed POST parameter 'lastName'
[17:09:51] [INFO] skipping previously processed POST parameter 'email'
[17:09:51] [INFO] skipping previously processed POST parameter 'website'
[17:09:51] [INFO] skipping previously processed POST parameter 'company'
[17:09:51] [INFO] skipping previously processed POST parameter 'Job_Level_Form__c'
[17:09:51] [INFO] skipping previously processed POST parameter 'Job_Function_Form__c'
[17:09:51] [INFO] skipping previously processed POST parameter 'Country__c'
[17:09:51] [INFO] skipping previously processed POST parameter 'marketingOptIn'
[17:09:51] [ERROR] all tested parameters do not appear to be injectable. Try to increase values for '--level'/'--risk' options if you wish to perform more tests. Please retry with the switch '--text-only' (along with --technique=BU) as this case looks like a perfect candidate (low textual content along with inability of comparison engine to detect at least one dynamic parameter). If you suspect that there is some kind of protection mechanism involved (e.g. WAF) maybe you could try to use option '--tamper' (e.g. '--tamper=space2comment'), skipping to the next target
[17:09:51] [WARNING] HTTP error codes detected during run:
429 (Too Many Requests) - 2 times
[17:09:51] [INFO] skipping 'https://stripe.com/lp/vertical-saas-benchmark-2025?utm_content=FUZZ'
[17:09:51] [INFO] you can find results of scanning in multiple targets mode inside the CSV file '/home/awad/.local/share/sqlmap/output/results-03012026_0506pm.csv'
[17:09:51] [INFO] starting crawler for target URL 'https://stripe.com/lp/vertical-saas-benchmark-2025?utm_term=FUZZ' (5/5)
[17:09:51] [INFO] starting 2 threads
[17:09:54] [INFO] found a total of 3 targets
[1/3] Form:
POST https://stripe.com/-api/form
POST data: analytics_cid=&analytics_event_id=&formId=2082&cms_marketo_unique_id=page_url&mostRecentLanguage=en&FF_UTM_Campaign_First_Click__c=Undefined&FF_UTM_Campaign_Last_Click__c=Undefined&FF_UTM_Content_First_Click__c=Undefined&FF_UTM_Content_Last_Click__c=Undefined&FF_UTM_Medium_First_Click__c=Direct&FF_UTM_Medium_Last_Click__c=Direct&FF_UTM_Source_First_Click__c=direct&FF_UTM_Source_Last_Click__c=direct&FF_UTM_Term_First_Click__c=Undefined&FF_UTM_Term_Last_Click__c=Undefined&FF_Conversion_Page__c=Undefined&FF_Conversion_Date__c=null&Referrer_URL__c=Undefined&firstName=&lastName=&email=&website=&company=&Job_Level_Form__c=C-level&Job_Function_Form__c=Chief%20Executive%20Officer&Country__c=AF&marketingOptIn=1
do you want to test this form? [Y/n/q] 
> Y
Edit POST data [default: analytics_cid=&analytics_event_id=&formId=2082&cms_marketo_unique_id=page_url&mostRecentLanguage=en&FF_UTM_Campaign_First_Click__c=Undefined&FF_UTM_Campaign_Last_Click__c=Undefined&FF_UTM_Content_First_Click__c=Undefined&FF_UTM_Content_Last_Click__c=Undefined&FF_UTM_Medium_First_Click__c=Direct&FF_UTM_Medium_Last_Click__c=Direct&FF_UTM_Source_First_Click__c=direct&FF_UTM_Source_Last_Click__c=direct&FF_UTM_Term_First_Click__c=Undefined&FF_UTM_Term_Last_Click__c=Undefined&FF_Conversion_Page__c=Undefined&FF_Conversion_Date__c=null&Referrer_URL__c=Undefined&firstName=&lastName=&email=&website=&company=&Job_Level_Form__c=C-level&Job_Function_Form__c=Chief%20Executive%20Officer&Country__c=AF&marketingOptIn=1] (Warning: blank fields detected): analytics_cid=&analytics_event_id=&formId=2082&cms_marketo_unique_id=page_url&mostRecentLanguage=en&FF_UTM_Campaign_First_Click__c=Undefined&FF_UTM_Campaign_Last_Click__c=Undefined&FF_UTM_Content_First_Click__c=Undefined&FF_UTM_Content_Last_Click__c=Undefined&FF_UTM_Medium_First_Click__c=Direct&FF_UTM_Medium_Last_Click__c=Direct&FF_UTM_Source_First_Click__c=direct&FF_UTM_Source_Last_Click__c=direct&FF_UTM_Term_First_Click__c=Undefined&FF_UTM_Term_Last_Click__c=Undefined&FF_Conversion_Page__c=Undefined&FF_Conversion_Date__c=null&Referrer_URL__c=Undefined&firstName=&lastName=&email=&website=&company=&Job_Level_Form__c=C-level&Job_Function_Form__c=Chief Executive Officer&Country__c=AF&marketingOptIn=1
do you want to fill blank fields with random values? [Y/n] Y
[17:09:55] [WARNING] the web server responded with an HTTP error code (429) which could interfere with the results of the tests
[17:09:55] [CRITICAL] previous heuristics detected that the target is protected by some kind of WAF/IPS
[17:09:55] [INFO] testing if the target URL content is stable
[17:09:56] [INFO] target URL content is stable
[17:09:56] [INFO] skipping previously processed POST parameter 'analytics_cid'
[17:09:56] [INFO] skipping previously processed POST parameter 'analytics_event_id'
[17:09:56] [INFO] skipping previously processed POST parameter 'formId'
[17:09:56] [INFO] skipping previously processed POST parameter 'cms_marketo_unique_id'
[17:09:56] [INFO] skipping previously processed POST parameter 'mostRecentLanguage'
[17:09:56] [INFO] skipping previously processed POST parameter 'FF_UTM_Campaign_First_Click__c'
[17:09:56] [INFO] skipping previously processed POST parameter 'FF_UTM_Campaign_Last_Click__c'
[17:09:56] [INFO] skipping previously processed POST parameter 'FF_UTM_Content_First_Click__c'
[17:09:56] [INFO] skipping previously processed POST parameter 'FF_UTM_Content_Last_Click__c'
[17:09:56] [INFO] skipping previously processed POST parameter 'FF_UTM_Medium_First_Click__c'
[17:09:56] [INFO] skipping previously processed POST parameter 'FF_UTM_Medium_Last_Click__c'
[17:09:56] [INFO] skipping previously processed POST parameter 'FF_UTM_Source_First_Click__c'
[17:09:56] [INFO] skipping previously processed POST parameter 'FF_UTM_Source_Last_Click__c'
[17:09:56] [INFO] skipping previously processed POST parameter 'FF_UTM_Term_First_Click__c'
[17:09:56] [INFO] skipping previously processed POST parameter 'FF_UTM_Term_Last_Click__c'
[17:09:56] [INFO] skipping previously processed POST parameter 'FF_Conversion_Page__c'
[17:09:56] [INFO] skipping previously processed POST parameter 'FF_Conversion_Date__c'
[17:09:56] [INFO] skipping previously processed POST parameter 'Referrer_URL__c'
[17:09:56] [INFO] skipping previously processed POST parameter 'firstName'
[17:09:56] [INFO] skipping previously processed POST parameter 'lastName'
[17:09:56] [INFO] skipping previously processed POST parameter 'email'
[17:09:56] [INFO] skipping previously processed POST parameter 'website'
[17:09:56] [INFO] skipping previously processed POST parameter 'company'
[17:09:56] [INFO] skipping previously processed POST parameter 'Job_Level_Form__c'
[17:09:56] [INFO] skipping previously processed POST parameter 'Job_Function_Form__c'
[17:09:56] [INFO] skipping previously processed POST parameter 'Country__c'
[17:09:56] [INFO] skipping previously processed POST parameter 'marketingOptIn'
[17:09:56] [ERROR] all tested parameters do not appear to be injectable. Try to increase values for '--level'/'--risk' options if you wish to perform more tests. Please retry with the switch '--text-only' (along with --technique=BU) as this case looks like a perfect candidate (low textual content along with inability of comparison engine to detect at least one dynamic parameter). If you suspect that there is some kind of protection mechanism involved (e.g. WAF) maybe you could try to use option '--tamper' (e.g. '--tamper=space2comment'), skipping to the next target
[17:09:56] [WARNING] HTTP error codes detected during run:
429 (Too Many Requests) - 2 times
[17:09:56] [INFO] skipping 'https://stripe.com/lp/vertical-saas-benchmark-2025?utm_term=FUZZ'
[17:09:56] [INFO] skipping 'https://stripe.com/lp/vertical-saas-benchmark-2025?utm_medium=owned-surfaces&utm_source=33d6&utm_campaign=GLOBAL_4250&utm_content=819a&utm_term=a6a6d7b23e01'
[17:09:56] [INFO] you can find results of scanning in multiple targets mode inside the CSV file '/home/awad/.local/share/sqlmap/output/results-03012026_0506pm.csv'

[*] ending @ 17:09:56 /2026-03-01/

