        ___
       __H__
 ___ ___[,]_____ ___ ___  {1.9.11#stable}
|_ -| . [']     | .'| . |
|___|_  [(]_|_|_|__,|  _|
      |_|V...       |_|   https://sqlmap.org

[!] legal disclaimer: Usage of sqlmap for attacking targets without prior mutual consent is illegal. It is the end user's responsibility to obey all applicable local, state and federal laws. Developers assume no liability and are not responsible for any misuse or damage caused by this program

[*] starting @ 22:51:13 /2026-02-27/

[22:51:13] [INFO] fetched random HTTP User-Agent header value 'Mozilla/5.0 (X11; Linux x86_64) AppleWebKit/537.36 (KHTML, like Gecko) SamsungBrowser/28.0 Chrome/130.0.0.0 Safari/537.36' from file '/usr/share/sqlmap/data/txt/user-agents.txt'
[22:51:13] [INFO] parsing multiple targets list from 'sqli_parameters.txt'
[22:51:13] [INFO] starting crawler for target URL 'https://www.coinhako.com/?id=FUZZ' (1/11)
do you want to check for the existence of site's sitemap(.xml) [y/N] N
[22:51:13] [INFO] starting 2 threads
[22:51:14] [CRITICAL] WAF/IPS identified as 'CloudFlare'
do you want to normalize crawling results [Y/n] Y
do you want to store crawling results to a temporary file for eventual further processing with other tools [y/N] N
[1/1] URL:
GET https://www.coinhako.com/?id=FUZZ
do you want to test this URL? [Y/n/q]
> Y
[22:51:14] [INFO] testing URL 'https://www.coinhako.com/?id=FUZZ'
[22:51:14] [INFO] using '/home/awad/.local/share/sqlmap/output/results-02272026_1051pm.csv' as the CSV results file in multiple targets mode
[22:51:14] [WARNING] the web server responded with an HTTP error code (429) which could interfere with the results of the tests
you have not declared cookie(s), while server wants to set its own ('__cf_bm=AchWbY.vzW8...f9tb3naHkm'). Do you want to use those [Y/n] Y
[22:51:14] [INFO] checking if the target is protected by some kind of WAF/IPS
[22:51:15] [WARNING] reflective value(s) found and filtering out
[22:51:15] [CRITICAL] heuristics detected that the target is protected by some kind of WAF/IPS
are you sure that you want to continue with further target testing? [Y/n] Y
[22:51:15] [WARNING] please consider usage of tamper scripts (option '--tamper')
[22:51:15] [INFO] testing if the target URL content is stable
[22:51:15] [INFO] target URL content is stable
[22:51:15] [INFO] testing if GET parameter 'id' is dynamic
[22:51:16] [WARNING] GET parameter 'id' does not appear to be dynamic
[22:51:17] [WARNING] heuristic (basic) test shows that GET parameter 'id' might not be injectable
[22:51:17] [INFO] skipping GET parameter 'id'
[22:51:17] [ERROR] all tested parameters do not appear to be injectable. Try to increase values for '--level'/'--risk' options if you wish to perform more tests. If you suspect that there is some kind of protection mechanism involved (e.g. WAF) maybe you could try to use option '--tamper' (e.g. '--tamper=space2comment'), skipping to the next target
[22:51:17] [WARNING] HTTP error codes detected during run:
429 (Too Many Requests) - 5 times, 403 (Forbidden) - 1 times
[22:51:17] [INFO] you can find results of scanning in multiple targets mode inside the CSV file '/home/awad/.local/share/sqlmap/output/results-02272026_1051pm.csv'
[22:51:17] [INFO] starting crawler for target URL 'https://www.coinhako.com/?search=FUZZ' (2/11)
[22:51:17] [INFO] starting 2 threads
[1/1] URL:
GET https://www.coinhako.com/?search=FUZZ
do you want to test this URL? [Y/n/q]
> Y
[22:51:18] [INFO] testing URL 'https://www.coinhako.com/?search=FUZZ'
[22:51:18] [WARNING] the web server responded with an HTTP error code (429) which could interfere with the results of the tests
[22:51:18] [CRITICAL] previous heuristics detected that the target is protected by some kind of WAF/IPS
[22:51:18] [INFO] testing if the target URL content is stable
[22:51:20] [INFO] target URL content is stable
[22:51:20] [INFO] testing if GET parameter 'search' is dynamic
[22:51:20] [WARNING] GET parameter 'search' does not appear to be dynamic
[22:51:21] [WARNING] heuristic (basic) test shows that GET parameter 'search' might not be injectable
[22:51:22] [INFO] skipping GET parameter 'search'
[22:51:22] [ERROR] all tested parameters do not appear to be injectable. Try to increase values for '--level'/'--risk' options if you wish to perform more tests. If you suspect that there is some kind of protection mechanism involved (e.g. WAF) maybe you could try to use option '--tamper' (e.g. '--tamper=space2comment'), skipping to the next target
[22:51:22] [WARNING] HTTP error codes detected during run:
429 (Too Many Requests) - 5 times
[22:51:22] [INFO] you can find results of scanning in multiple targets mode inside the CSV file '/home/awad/.local/share/sqlmap/output/results-02272026_1051pm.csv'
[22:51:22] [INFO] starting crawler for target URL 'https://www.coinhako.com/?q=FUZZ' (3/11)
[22:51:22] [INFO] starting 2 threads
[1/1] URL:
GET https://www.coinhako.com/?q=FUZZ
do you want to test this URL? [Y/n/q]
> Y
[22:51:23] [INFO] testing URL 'https://www.coinhako.com/?q=FUZZ'
[22:51:23] [WARNING] the web server responded with an HTTP error code (429) which could interfere with the results of the tests
[22:51:23] [CRITICAL] previous heuristics detected that the target is protected by some kind of WAF/IPS
[22:51:23] [INFO] testing if the target URL content is stable
[22:51:24] [INFO] target URL content is stable
[22:51:24] [INFO] testing if GET parameter 'q' is dynamic
[22:51:24] [WARNING] GET parameter 'q' does not appear to be dynamic
[22:51:25] [WARNING] heuristic (basic) test shows that GET parameter 'q' might not be injectable
[22:51:25] [INFO] skipping GET parameter 'q'
[22:51:25] [ERROR] all tested parameters do not appear to be injectable. Try to increase values for '--level'/'--risk' options if you wish to perform more tests. If you suspect that there is some kind of protection mechanism involved (e.g. WAF) maybe you could try to use option '--tamper' (e.g. '--tamper=space2comment'), skipping to the next target
[22:51:25] [WARNING] HTTP error codes detected during run:
429 (Too Many Requests) - 5 times
[22:51:25] [INFO] you can find results of scanning in multiple targets mode inside the CSV file '/home/awad/.local/share/sqlmap/output/results-02272026_1051pm.csv'
[22:51:25] [INFO] starting crawler for target URL 'https://www.coinhako.com/?query=FUZZ' (4/11)
[22:51:25] [INFO] starting 2 threads
[1/1] URL:
GET https://www.coinhako.com/?query=FUZZ
do you want to test this URL? [Y/n/q]
> Y
[22:51:26] [INFO] testing URL 'https://www.coinhako.com/?query=FUZZ'
[22:51:26] [WARNING] the web server responded with an HTTP error code (429) which could interfere with the results of the tests
[22:51:26] [CRITICAL] previous heuristics detected that the target is protected by some kind of WAF/IPS
[22:51:26] [INFO] testing if the target URL content is stable
[22:51:27] [INFO] target URL content is stable
[22:51:27] [INFO] testing if GET parameter 'query' is dynamic
[22:51:27] [WARNING] GET parameter 'query' does not appear to be dynamic
[22:51:27] [WARNING] heuristic (basic) test shows that GET parameter 'query' might not be injectable
[22:51:28] [INFO] skipping GET parameter 'query'
[22:51:28] [ERROR] all tested parameters do not appear to be injectable. Try to increase values for '--level'/'--risk' options if you wish to perform more tests. If you suspect that there is some kind of protection mechanism involved (e.g. WAF) maybe you could try to use option '--tamper' (e.g. '--tamper=space2comment'), skipping to the next target
[22:51:28] [WARNING] HTTP error codes detected during run:
429 (Too Many Requests) - 5 times
[22:51:28] [INFO] you can find results of scanning in multiple targets mode inside the CSV file '/home/awad/.local/share/sqlmap/output/results-02272026_1051pm.csv'
[22:51:28] [INFO] starting crawler for target URL 'https://www.coinhako.com/?page=FUZZ' (5/11)
[22:51:28] [INFO] starting 2 threads
[1/1] URL:
GET https://www.coinhako.com/?page=FUZZ
do you want to test this URL? [Y/n/q]
> Y
[22:51:28] [INFO] testing URL 'https://www.coinhako.com/?page=FUZZ'
[22:51:29] [WARNING] the web server responded with an HTTP error code (429) which could interfere with the results of the tests
[22:51:29] [CRITICAL] previous heuristics detected that the target is protected by some kind of WAF/IPS
[22:51:29] [INFO] testing if the target URL content is stable
[22:51:29] [INFO] target URL content is stable
[22:51:29] [INFO] testing if GET parameter 'page' is dynamic
[22:51:30] [WARNING] GET parameter 'page' does not appear to be dynamic
[22:51:30] [WARNING] heuristic (basic) test shows that GET parameter 'page' might not be injectable
[22:51:31] [INFO] skipping GET parameter 'page'
[22:51:31] [ERROR] all tested parameters do not appear to be injectable. Try to increase values for '--level'/'--risk' options if you wish to perform more tests. If you suspect that there is some kind of protection mechanism involved (e.g. WAF) maybe you could try to use option '--tamper' (e.g. '--tamper=space2comment'), skipping to the next target
[22:51:31] [WARNING] HTTP error codes detected during run:
429 (Too Many Requests) - 5 times
[22:51:31] [INFO] you can find results of scanning in multiple targets mode inside the CSV file '/home/awad/.local/share/sqlmap/output/results-02272026_1051pm.csv'
[22:51:31] [INFO] starting crawler for target URL 'https://www.coinhako.com/?user=FUZZ' (6/11)
[22:51:31] [INFO] starting 2 threads
[1/1] URL:
GET https://www.coinhako.com/?user=FUZZ
do you want to test this URL? [Y/n/q]
> Y
[22:51:31] [INFO] testing URL 'https://www.coinhako.com/?user=FUZZ'
[22:51:32] [WARNING] the web server responded with an HTTP error code (429) which could interfere with the results of the tests
[22:51:32] [CRITICAL] previous heuristics detected that the target is protected by some kind of WAF/IPS
[22:51:32] [INFO] testing if the target URL content is stable
[22:51:32] [INFO] target URL content is stable
[22:51:32] [INFO] testing if GET parameter 'user' is dynamic
[22:51:33] [WARNING] GET parameter 'user' does not appear to be dynamic
[22:51:33] [WARNING] heuristic (basic) test shows that GET parameter 'user' might not be injectable
[22:51:34] [INFO] skipping GET parameter 'user'
[22:51:34] [ERROR] all tested parameters do not appear to be injectable. Try to increase values for '--level'/'--risk' options if you wish to perform more tests. If you suspect that there is some kind of protection mechanism involved (e.g. WAF) maybe you could try to use option '--tamper' (e.g. '--tamper=space2comment'), skipping to the next target
[22:51:34] [WARNING] HTTP error codes detected during run:
429 (Too Many Requests) - 5 times
[22:51:34] [INFO] you can find results of scanning in multiple targets mode inside the CSV file '/home/awad/.local/share/sqlmap/output/results-02272026_1051pm.csv'
[22:51:34] [INFO] starting crawler for target URL 'https://www.coinhako.com/?name=FUZZ' (7/11)
[22:51:34] [INFO] starting 2 threads
[1/1] URL:
GET https://www.coinhako.com/?name=FUZZ
do you want to test this URL? [Y/n/q]
> Y
[22:51:34] [INFO] testing URL 'https://www.coinhako.com/?name=FUZZ'
[22:51:35] [WARNING] the web server responded with an HTTP error code (429) which could interfere with the results of the tests
[22:51:35] [CRITICAL] previous heuristics detected that the target is protected by some kind of WAF/IPS
[22:51:35] [INFO] testing if the target URL content is stable
[22:51:35] [INFO] target URL content is stable
[22:51:35] [INFO] testing if GET parameter 'name' is dynamic
[22:51:36] [WARNING] GET parameter 'name' does not appear to be dynamic
[22:51:36] [WARNING] heuristic (basic) test shows that GET parameter 'name' might not be injectable
[22:51:37] [INFO] skipping GET parameter 'name'
[22:51:37] [ERROR] all tested parameters do not appear to be injectable. Try to increase values for '--level'/'--risk' options if you wish to perform more tests. If you suspect that there is some kind of protection mechanism involved (e.g. WAF) maybe you could try to use option '--tamper' (e.g. '--tamper=space2comment'), skipping to the next target
[22:51:37] [WARNING] HTTP error codes detected during run:
429 (Too Many Requests) - 5 times
[22:51:37] [INFO] you can find results of scanning in multiple targets mode inside the CSV file '/home/awad/.local/share/sqlmap/output/results-02272026_1051pm.csv'
[22:51:37] [INFO] starting crawler for target URL 'https://www.coinhako.com/?cat=FUZZ' (8/11)
[22:51:37] [INFO] starting 2 threads
[1/1] URL:
GET https://www.coinhako.com/?cat=FUZZ
do you want to test this URL? [Y/n/q]
> Y
[22:51:39] [INFO] testing URL 'https://www.coinhako.com/?cat=FUZZ'
[22:51:39] [WARNING] the web server responded with an HTTP error code (429) which could interfere with the results of the tests
[22:51:39] [CRITICAL] previous heuristics detected that the target is protected by some kind of WAF/IPS
[22:51:39] [INFO] testing if the target URL content is stable
[22:51:40] [INFO] target URL content is stable
[22:51:40] [INFO] testing if GET parameter 'cat' is dynamic
[22:51:40] [WARNING] GET parameter 'cat' does not appear to be dynamic
[22:51:41] [WARNING] heuristic (basic) test shows that GET parameter 'cat' might not be injectable
[22:51:41] [INFO] skipping GET parameter 'cat'
[22:51:41] [ERROR] all tested parameters do not appear to be injectable. Try to increase values for '--level'/'--risk' options if you wish to perform more tests. If you suspect that there is some kind of protection mechanism involved (e.g. WAF) maybe you could try to use option '--tamper' (e.g. '--tamper=space2comment'), skipping to the next target
[22:51:41] [WARNING] HTTP error codes detected during run:
429 (Too Many Requests) - 5 times
[22:51:41] [INFO] you can find results of scanning in multiple targets mode inside the CSV file '/home/awad/.local/share/sqlmap/output/results-02272026_1051pm.csv'
[22:51:41] [INFO] starting crawler for target URL 'https://www.coinhako.com/?file=FUZZ' (9/11)
[22:51:41] [INFO] starting 2 threads
[1/1] URL:
GET https://www.coinhako.com/?file=FUZZ
do you want to test this URL? [Y/n/q]
> Y
[22:51:42] [INFO] testing URL 'https://www.coinhako.com/?file=FUZZ'
[22:51:42] [WARNING] the web server responded with an HTTP error code (429) which could interfere with the results of the tests
[22:51:42] [CRITICAL] previous heuristics detected that the target is protected by some kind of WAF/IPS
[22:51:42] [INFO] testing if the target URL content is stable
[22:51:43] [INFO] target URL content is stable
[22:51:43] [INFO] testing if GET parameter 'file' is dynamic
[22:51:44] [WARNING] GET parameter 'file' does not appear to be dynamic
[22:51:45] [WARNING] heuristic (basic) test shows that GET parameter 'file' might not be injectable
[22:51:45] [INFO] skipping GET parameter 'file'
[22:51:45] [ERROR] all tested parameters do not appear to be injectable. Try to increase values for '--level'/'--risk' options if you wish to perform more tests. If you suspect that there is some kind of protection mechanism involved (e.g. WAF) maybe you could try to use option '--tamper' (e.g. '--tamper=space2comment'), skipping to the next target
[22:51:45] [WARNING] HTTP error codes detected during run:
429 (Too Many Requests) - 5 times
[22:51:45] [INFO] you can find results of scanning in multiple targets mode inside the CSV file '/home/awad/.local/share/sqlmap/output/results-02272026_1051pm.csv'
[22:51:45] [INFO] starting crawler for target URL 'https://www.coinhako.com/?cmd=FUZZ' (10/11)
[22:51:45] [INFO] starting 2 threads
[1/1] URL:
GET https://www.coinhako.com/?cmd=FUZZ
do you want to test this URL? [Y/n/q]
> Y
[22:51:46] [INFO] testing URL 'https://www.coinhako.com/?cmd=FUZZ'
[22:51:47] [WARNING] the web server responded with an HTTP error code (429) which could interfere with the results of the tests
[22:51:47] [CRITICAL] previous heuristics detected that the target is protected by some kind of WAF/IPS
[22:51:47] [INFO] testing if the target URL content is stable
[22:51:47] [INFO] target URL content is stable
[22:51:47] [INFO] testing if GET parameter 'cmd' is dynamic
[22:51:48] [WARNING] GET parameter 'cmd' does not appear to be dynamic
[22:51:49] [WARNING] heuristic (basic) test shows that GET parameter 'cmd' might not be injectable
you provided a HTTP Cookie header value, while target URL provides its own cookies within HTTP Set-Cookie header which intersect with yours. Do you want to merge them in further requests? [Y/n] Y
[22:51:49] [INFO] skipping GET parameter 'cmd'
[22:51:49] [ERROR] all tested parameters do not appear to be injectable. Try to increase values for '--level'/'--risk' options if you wish to perform more tests. If you suspect that there is some kind of protection mechanism involved (e.g. WAF) maybe you could try to use option '--tamper' (e.g. '--tamper=space2comment'), skipping to the next target
[22:51:49] [WARNING] HTTP error codes detected during run:
429 (Too Many Requests) - 4 times, 403 (Forbidden) - 1 times
[22:51:49] [INFO] you can find results of scanning in multiple targets mode inside the CSV file '/home/awad/.local/share/sqlmap/output/results-02272026_1051pm.csv'
[22:51:49] [INFO] starting crawler for target URL 'https://www.coinhako.com/?action=FUZZ' (11/11)
[22:51:49] [INFO] starting 2 threads
[1/1] URL:
GET https://www.coinhako.com/?action=FUZZ
do you want to test this URL? [Y/n/q]
> Y
[22:51:50] [INFO] testing URL 'https://www.coinhako.com/?action=FUZZ'
[22:51:51] [WARNING] the web server responded with an HTTP error code (429) which could interfere with the results of the tests
[22:51:51] [CRITICAL] previous heuristics detected that the target is protected by some kind of WAF/IPS
[22:51:51] [INFO] testing if the target URL content is stable
[22:51:51] [INFO] target URL content is stable
[22:51:51] [INFO] testing if GET parameter 'action' is dynamic
[22:51:52] [WARNING] GET parameter 'action' does not appear to be dynamic
[22:51:52] [WARNING] heuristic (basic) test shows that GET parameter 'action' might not be injectable
[22:51:52] [INFO] skipping GET parameter 'action'
[22:51:52] [ERROR] all tested parameters do not appear to be injectable. Try to increase values for '--level'/'--risk' options if you wish to perform more tests. If you suspect that there is some kind of protection mechanism involved (e.g. WAF) maybe you could try to use option '--tamper' (e.g. '--tamper=space2comment'), skipping to the next target
[22:51:52] [WARNING] HTTP error codes detected during run:
429 (Too Many Requests) - 5 times
[22:51:52] [INFO] you can find results of scanning in multiple targets mode inside the CSV file '/home/awad/.local/share/sqlmap/output/results-02272026_1051pm.csv'

[*] ending @ 22:51:52 /2026-02-27/

