        ___
       __H__
 ___ ___[,]_____ ___ ___  {1.9.11#stable}
|_ -| . [.]     | .'| . |
|___|_  ["]_|_|_|__,|  _|
      |_|V...       |_|   https://sqlmap.org

[!] legal disclaimer: Usage of sqlmap for attacking targets without prior mutual consent is illegal. It is the end user's responsibility to obey all applicable local, state and federal laws. Developers assume no liability and are not responsible for any misuse or damage caused by this program

[*] starting @ 22:33:49 /2026-03-04/

[?1049h[22;0;0t[1;24r(B[m[4l[?7h[24;1H[?1049l[23;0;0t[?1l>[22:33:49] [INFO] fetched random HTTP User-Agent header value 'Mozilla/5.0 (Macintosh; Intel Mac OS X 10_15_7) AppleWebKit/605.1.15 (KHTML, like Gecko) Version/17.6 Safari/605.1.15' from file '/usr/share/sqlmap/data/txt/user-agents.txt'
[22:33:49] [INFO] using 'STDIN' for parsing targets list
[22:33:49] [INFO] parsing multiple targets list from 'sqli_parameters.txt'
[22:33:49] [INFO] starting crawler for target URL 'https://www.uber.com/?id=FUZZ' (1/11)
do you want to check for the existence of site's sitemap(.xml) [y/N] N
[22:33:49] [INFO] starting 2 threads
do you want to normalize crawling results [Y/n] Y
do you want to store crawling results to a temporary file for eventual further processing with other tools [y/N] N
[1/1] URL:
GET https://www.uber.com/?id=FUZZ
do you want to test this URL? [Y/n/q]
> Y
[22:33:50] [INFO] testing URL 'https://www.uber.com/?id=FUZZ'
[22:33:50] [INFO] using '/home/awad/.local/share/sqlmap/output/results-03042026_1033pm.csv' as the CSV results file in multiple targets mode
[22:33:51] [WARNING] the web server responded with an HTTP error code (429) which could interfere with the results of the tests
you have not declared cookie(s), while server wants to set its own ('__cf_bm=5U3TLBHliYv...rx7l1C1FfU'). Do you want to use those [Y/n] Y
[22:33:51] [INFO] checking if the target is protected by some kind of WAF/IPS
[22:33:51] [INFO] testing if the target URL content is stable
[22:33:52] [INFO] target URL content is stable
[22:33:52] [INFO] testing if GET parameter 'id' is dynamic
[22:33:53] [WARNING] GET parameter 'id' does not appear to be dynamic
[22:33:53] [WARNING] heuristic (basic) test shows that GET parameter 'id' might not be injectable
[22:33:54] [INFO] skipping GET parameter 'id'
[22:33:54] [ERROR] all tested parameters do not appear to be injectable. Try to increase values for '--level'/'--risk' options if you wish to perform more tests. If you suspect that there is some kind of protection mechanism involved (e.g. WAF) maybe you could try to use option '--tamper' (e.g. '--tamper=space2comment'), skipping to the next target
[22:33:54] [WARNING] HTTP error codes detected during run:
429 (Too Many Requests) - 5 times, 406 (Not Acceptable) - 1 times
[22:33:54] [INFO] you can find results of scanning in multiple targets mode inside the CSV file '/home/awad/.local/share/sqlmap/output/results-03042026_1033pm.csv'
[22:33:54] [INFO] starting crawler for target URL 'https://www.uber.com/?search=FUZZ' (2/11)
[22:33:54] [INFO] starting 2 threads
[1/1] URL:
GET https://www.uber.com/?search=FUZZ
do you want to test this URL? [Y/n/q]
> Y
[22:33:55] [INFO] testing URL 'https://www.uber.com/?search=FUZZ'
[22:33:55] [WARNING] the web server responded with an HTTP error code (429) which could interfere with the results of the tests
[22:33:55] [INFO] testing if the target URL content is stable
[22:33:56] [INFO] target URL content is stable
[22:33:56] [INFO] testing if GET parameter 'search' is dynamic
[22:33:56] [WARNING] GET parameter 'search' does not appear to be dynamic
[22:33:57] [WARNING] heuristic (basic) test shows that GET parameter 'search' might not be injectable
[22:33:57] [INFO] skipping GET parameter 'search'
[22:33:57] [ERROR] all tested parameters do not appear to be injectable. Try to increase values for '--level'/'--risk' options if you wish to perform more tests. If you suspect that there is some kind of protection mechanism involved (e.g. WAF) maybe you could try to use option '--tamper' (e.g. '--tamper=space2comment'), skipping to the next target
[22:33:57] [WARNING] HTTP error codes detected during run:
429 (Too Many Requests) - 5 times
[22:33:57] [INFO] you can find results of scanning in multiple targets mode inside the CSV file '/home/awad/.local/share/sqlmap/output/results-03042026_1033pm.csv'
[22:33:57] [INFO] starting crawler for target URL 'https://www.uber.com/?q=FUZZ' (3/11)
[22:33:57] [INFO] starting 2 threads
[1/1] URL:
GET https://www.uber.com/?q=FUZZ
do you want to test this URL? [Y/n/q]
> Y
[22:33:58] [INFO] testing URL 'https://www.uber.com/?q=FUZZ'
[22:33:59] [WARNING] the web server responded with an HTTP error code (429) which could interfere with the results of the tests
[22:33:59] [INFO] testing if the target URL content is stable
[22:33:59] [INFO] target URL content is stable
[22:33:59] [INFO] testing if GET parameter 'q' is dynamic
[22:34:00] [WARNING] GET parameter 'q' does not appear to be dynamic
[22:34:01] [WARNING] heuristic (basic) test shows that GET parameter 'q' might not be injectable
[22:34:01] [INFO] skipping GET parameter 'q'
[22:34:01] [ERROR] all tested parameters do not appear to be injectable. Try to increase values for '--level'/'--risk' options if you wish to perform more tests. If you suspect that there is some kind of protection mechanism involved (e.g. WAF) maybe you could try to use option '--tamper' (e.g. '--tamper=space2comment'), skipping to the next target
[22:34:01] [WARNING] HTTP error codes detected during run:
429 (Too Many Requests) - 4 times, 406 (Not Acceptable) - 1 times
[22:34:01] [INFO] you can find results of scanning in multiple targets mode inside the CSV file '/home/awad/.local/share/sqlmap/output/results-03042026_1033pm.csv'
[22:34:01] [INFO] starting crawler for target URL 'https://www.uber.com/?query=FUZZ' (4/11)
[22:34:01] [INFO] starting 2 threads
[1/1] URL:
GET https://www.uber.com/?query=FUZZ
do you want to test this URL? [Y/n/q]
> Y
[22:34:02] [INFO] testing URL 'https://www.uber.com/?query=FUZZ'
[22:34:03] [WARNING] the web server responded with an HTTP error code (429) which could interfere with the results of the tests
[22:34:03] [INFO] testing if the target URL content is stable
[22:34:03] [INFO] target URL content is stable
[22:34:03] [INFO] testing if GET parameter 'query' is dynamic
[22:34:04] [WARNING] GET parameter 'query' does not appear to be dynamic
[22:34:04] [WARNING] heuristic (basic) test shows that GET parameter 'query' might not be injectable
[22:34:05] [INFO] skipping GET parameter 'query'
[22:34:05] [ERROR] all tested parameters do not appear to be injectable. Try to increase values for '--level'/'--risk' options if you wish to perform more tests. If you suspect that there is some kind of protection mechanism involved (e.g. WAF) maybe you could try to use option '--tamper' (e.g. '--tamper=space2comment'), skipping to the next target
[22:34:05] [WARNING] HTTP error codes detected during run:
429 (Too Many Requests) - 4 times, 406 (Not Acceptable) - 1 times
[22:34:05] [INFO] you can find results of scanning in multiple targets mode inside the CSV file '/home/awad/.local/share/sqlmap/output/results-03042026_1033pm.csv'
[22:34:05] [INFO] starting crawler for target URL 'https://www.uber.com/?page=FUZZ' (5/11)
[22:34:05] [INFO] starting 2 threads
[1/1] URL:
GET https://www.uber.com/?page=FUZZ
do you want to test this URL? [Y/n/q]
> Y
[22:34:06] [INFO] testing URL 'https://www.uber.com/?page=FUZZ'
[22:34:07] [WARNING] the web server responded with an HTTP error code (406) which could interfere with the results of the tests
[22:34:07] [INFO] testing if the target URL content is stable
[22:34:07] [WARNING] target URL content is not stable (i.e. content differs). sqlmap will base the page comparison on a sequence matcher. If no dynamic nor injectable parameters are detected, or in case of junk results, refer to user's manual paragraph 'Page comparison'
how do you want to proceed? [(C)ontinue/(s)tring/(r)egex/(q)uit] C
[22:34:07] [INFO] searching for dynamic content
[22:34:08] [INFO] testing if GET parameter 'page' is dynamic
[22:34:09] [WARNING] GET parameter 'page' does not appear to be dynamic
[22:34:09] [WARNING] heuristic (basic) test shows that GET parameter 'page' might not be injectable
[22:34:10] [INFO] skipping GET parameter 'page'
[22:34:10] [ERROR] all tested parameters do not appear to be injectable. Try to increase values for '--level'/'--risk' options if you wish to perform more tests. If you suspect that there is some kind of protection mechanism involved (e.g. WAF) maybe you could try to use option '--tamper' (e.g. '--tamper=space2comment'), skipping to the next target
[22:34:10] [WARNING] HTTP error codes detected during run:
406 (Not Acceptable) - 3 times, 429 (Too Many Requests) - 3 times
[22:34:10] [INFO] you can find results of scanning in multiple targets mode inside the CSV file '/home/awad/.local/share/sqlmap/output/results-03042026_1033pm.csv'
[22:34:10] [INFO] starting crawler for target URL 'https://www.uber.com/?user=FUZZ' (6/11)
[22:34:10] [INFO] starting 2 threads
[1/1] URL:
GET https://www.uber.com/?user=FUZZ
do you want to test this URL? [Y/n/q]
> Y
[22:34:11] [INFO] testing URL 'https://www.uber.com/?user=FUZZ'
[22:34:11] [WARNING] the web server responded with an HTTP error code (429) which could interfere with the results of the tests
[22:34:11] [INFO] testing if the target URL content is stable
[22:34:12] [INFO] target URL content is stable
[22:34:12] [INFO] testing if GET parameter 'user' is dynamic
[22:34:12] [WARNING] GET parameter 'user' does not appear to be dynamic
[22:34:13] [WARNING] heuristic (basic) test shows that GET parameter 'user' might not be injectable
[22:34:14] [INFO] skipping GET parameter 'user'
[22:34:14] [ERROR] all tested parameters do not appear to be injectable. Try to increase values for '--level'/'--risk' options if you wish to perform more tests. If you suspect that there is some kind of protection mechanism involved (e.g. WAF) maybe you could try to use option '--tamper' (e.g. '--tamper=space2comment'), skipping to the next target
[22:34:14] [WARNING] HTTP error codes detected during run:
429 (Too Many Requests) - 3 times, 406 (Not Acceptable) - 2 times
[22:34:14] [INFO] you can find results of scanning in multiple targets mode inside the CSV file '/home/awad/.local/share/sqlmap/output/results-03042026_1033pm.csv'
[22:34:14] [INFO] starting crawler for target URL 'https://www.uber.com/?name=FUZZ' (7/11)
[22:34:14] [INFO] starting 2 threads
[1/1] URL:
GET https://www.uber.com/?name=FUZZ
do you want to test this URL? [Y/n/q]
> Y
[22:34:14] [INFO] testing URL 'https://www.uber.com/?name=FUZZ'
[22:34:15] [WARNING] the web server responded with an HTTP error code (406) which could interfere with the results of the tests
[22:34:15] [INFO] testing if the target URL content is stable
[22:34:16] [WARNING] target URL content is not stable (i.e. content differs). sqlmap will base the page comparison on a sequence matcher. If no dynamic nor injectable parameters are detected, or in case of junk results, refer to user's manual paragraph 'Page comparison'
how do you want to proceed? [(C)ontinue/(s)tring/(r)egex/(q)uit] C
[22:34:16] [INFO] searching for dynamic content
[22:34:16] [CRITICAL] target URL content appears to be heavily dynamic. sqlmap is going to retry the request(s)
[22:34:18] [INFO] testing if GET parameter 'name' is dynamic
[22:34:18] [WARNING] GET parameter 'name' does not appear to be dynamic
[22:34:19] [INFO] skipping GET parameter 'name'
[22:34:19] [ERROR] all tested parameters do not appear to be injectable. Try to increase values for '--level'/'--risk' options if you wish to perform more tests. If you suspect that there is some kind of protection mechanism involved (e.g. WAF) maybe you could try to use option '--tamper' (e.g. '--tamper=space2comment'), skipping to the next target
[22:34:19] [WARNING] HTTP error codes detected during run:
406 (Not Acceptable) - 5 times, 429 (Too Many Requests) - 2 times
[22:34:19] [INFO] you can find results of scanning in multiple targets mode inside the CSV file '/home/awad/.local/share/sqlmap/output/results-03042026_1033pm.csv'
[22:34:19] [INFO] starting crawler for target URL 'https://www.uber.com/?cat=FUZZ' (8/11)
[22:34:19] [INFO] starting 2 threads
[1/1] URL:
GET https://www.uber.com/?cat=FUZZ
do you want to test this URL? [Y/n/q]
> Y
[22:34:21] [INFO] testing URL 'https://www.uber.com/?cat=FUZZ'
[22:34:21] [WARNING] the web server responded with an HTTP error code (406) which could interfere with the results of the tests
[22:34:21] [INFO] testing if the target URL content is stable
[22:34:22] [INFO] target URL content is stable
[22:34:22] [INFO] testing if GET parameter 'cat' is dynamic
[22:34:23] [WARNING] GET parameter 'cat' does not appear to be dynamic
[22:34:23] [WARNING] heuristic (basic) test shows that GET parameter 'cat' might not be injectable
[22:34:24] [INFO] skipping GET parameter 'cat'
[22:34:24] [ERROR] all tested parameters do not appear to be injectable. Try to increase values for '--level'/'--risk' options if you wish to perform more tests. If you suspect that there is some kind of protection mechanism involved (e.g. WAF) maybe you could try to use option '--tamper' (e.g. '--tamper=space2comment'), skipping to the next target
[22:34:24] [WARNING] HTTP error codes detected during run:
406 (Not Acceptable) - 5 times
[22:34:24] [INFO] you can find results of scanning in multiple targets mode inside the CSV file '/home/awad/.local/share/sqlmap/output/results-03042026_1033pm.csv'
[22:34:24] [INFO] starting crawler for target URL 'https://www.uber.com/?file=FUZZ' (9/11)
[22:34:24] [INFO] starting 2 threads
[1/1] URL:
GET https://www.uber.com/?file=FUZZ
do you want to test this URL? [Y/n/q]
> Y
[22:34:25] [INFO] testing URL 'https://www.uber.com/?file=FUZZ'
[22:34:26] [WARNING] the web server responded with an HTTP error code (406) which could interfere with the results of the tests
[22:34:26] [INFO] testing if the target URL content is stable
[22:34:26] [INFO] target URL content is stable
[22:34:26] [INFO] testing if GET parameter 'file' is dynamic
[22:34:27] [WARNING] GET parameter 'file' does not appear to be dynamic
[22:34:28] [WARNING] heuristic (basic) test shows that GET parameter 'file' might not be injectable
[22:34:28] [INFO] skipping GET parameter 'file'
[22:34:28] [ERROR] all tested parameters do not appear to be injectable. Try to increase values for '--level'/'--risk' options if you wish to perform more tests. If you suspect that there is some kind of protection mechanism involved (e.g. WAF) maybe you could try to use option '--tamper' (e.g. '--tamper=space2comment'), skipping to the next target
[22:34:28] [WARNING] HTTP error codes detected during run:
406 (Not Acceptable) - 5 times
[22:34:28] [INFO] you can find results of scanning in multiple targets mode inside the CSV file '/home/awad/.local/share/sqlmap/output/results-03042026_1033pm.csv'
[22:34:28] [INFO] starting crawler for target URL 'https://www.uber.com/?cmd=FUZZ' (10/11)
[22:34:28] [INFO] starting 2 threads
[1/1] URL:
GET https://www.uber.com/?cmd=FUZZ
do you want to test this URL? [Y/n/q]
> Y
[22:34:29] [INFO] testing URL 'https://www.uber.com/?cmd=FUZZ'
[22:34:30] [WARNING] the web server responded with an HTTP error code (406) which could interfere with the results of the tests
[22:34:30] [INFO] testing if the target URL content is stable
[22:34:31] [INFO] target URL content is stable
[22:34:31] [INFO] testing if GET parameter 'cmd' is dynamic
[22:34:31] [WARNING] GET parameter 'cmd' does not appear to be dynamic
[22:34:33] [WARNING] heuristic (basic) test shows that GET parameter 'cmd' might not be injectable
[22:34:34] [INFO] skipping GET parameter 'cmd'
[22:34:34] [ERROR] all tested parameters do not appear to be injectable. Try to increase values for '--level'/'--risk' options if you wish to perform more tests. If you suspect that there is some kind of protection mechanism involved (e.g. WAF) maybe you could try to use option '--tamper' (e.g. '--tamper=space2comment'), skipping to the next target
[22:34:34] [WARNING] HTTP error codes detected during run:
406 (Not Acceptable) - 5 times
[22:34:34] [INFO] you can find results of scanning in multiple targets mode inside the CSV file '/home/awad/.local/share/sqlmap/output/results-03042026_1033pm.csv'
[22:34:34] [INFO] starting crawler for target URL 'https://www.uber.com/?action=FUZZ' (11/11)
[22:34:34] [INFO] starting 2 threads
[1/1] URL:
GET https://www.uber.com/?action=FUZZ
do you want to test this URL? [Y/n/q]
> Y
[22:34:34] [INFO] testing URL 'https://www.uber.com/?action=FUZZ'
[22:34:35] [WARNING] the web server responded with an HTTP error code (406) which could interfere with the results of the tests
[22:34:35] [INFO] testing if the target URL content is stable
[22:34:36] [INFO] target URL content is stable
[22:34:36] [INFO] testing if GET parameter 'action' is dynamic
[22:34:36] [WARNING] GET parameter 'action' does not appear to be dynamic
[22:34:37] [WARNING] heuristic (basic) test shows that GET parameter 'action' might not be injectable
[22:34:38] [INFO] skipping GET parameter 'action'
[22:34:38] [ERROR] all tested parameters do not appear to be injectable. Try to increase values for '--level'/'--risk' options if you wish to perform more tests. If you suspect that there is some kind of protection mechanism involved (e.g. WAF) maybe you could try to use option '--tamper' (e.g. '--tamper=space2comment'), skipping to the next target
[22:34:38] [WARNING] HTTP error codes detected during run:
406 (Not Acceptable) - 5 times
[22:34:38] [INFO] you can find results of scanning in multiple targets mode inside the CSV file '/home/awad/.local/share/sqlmap/output/results-03042026_1033pm.csv'

[*] ending @ 22:34:38 /2026-03-04/

