        ___
       __H__
 ___ ___[.]_____ ___ ___  {1.9.11#stable}
|_ -| . ["]     | .'| . |
|___|_  [)]_|_|_|__,|  _|
      |_|V...       |_|   https://sqlmap.org

[!] legal disclaimer: Usage of sqlmap for attacking targets without prior mutual consent is illegal. It is the end user's responsibility to obey all applicable local, state and federal laws. Developers assume no liability and are not responsible for any misuse or damage caused by this program

[*] starting @ 23:33:34 /2026-02-27/

[23:33:34] [INFO] fetched random HTTP User-Agent header value 'Mozilla/5.0 (X11; CrOS x86_64 14541.0.0) AppleWebKit/537.36 (KHTML, like Gecko) Chrome/132.0.0.0 Safari/537.36' from file '/usr/share/sqlmap/data/txt/user-agents.txt'
[23:33:34] [INFO] parsing multiple targets list from 'sqli_parameters.txt'
[23:33:34] [INFO] starting crawler for target URL 'https://superhuman.com/auth/signup?screen_hint=FUZZ' (1/1)
do you want to check for the existence of site's sitemap(.xml) [y/N] N
[23:33:34] [INFO] starting 2 threads
got a 302 redirect to 'https://superhuman.com/v1/mediator/initiate?screen_hint=signup'. Do you want to follow? [Y/n] Y
do you want to normalize crawling results [Y/n] Y
do you want to store crawling results to a temporary file for eventual further processing with other tools [y/N] N
[1/1] URL:
GET https://superhuman.com/auth/signup?screen_hint=FUZZ
do you want to test this URL? [Y/n/q]
> Y
[23:33:37] [INFO] testing URL 'https://superhuman.com/auth/signup?screen_hint=FUZZ'
[23:33:37] [INFO] using '/home/awad/.local/share/sqlmap/output/results-02272026_1133pm.csv' as the CSV results file in multiple targets mode
got a 302 redirect to 'https://superhuman.com/v1/mediator/initiate?screen_hint=signup'. Do you want to follow? [Y/n] Y
you have not declared cookie(s), while server wants to set its own ('gnar_containerId=rhqkcRpff6cf;gnar_websiteSessionId=9fdbdcf4-9d...d2cf0e8c5b;gr-wc-st=cDxHxCeWKqz...mascyjxhqX;gr-wc-cs=e30;correlation_id_eeccb5ed-a29c-4cc1-92b3-a431211204aa=eeccb5ed-a2...31211204aa;tdi=28bc396e-64...bb31f5b058'). Do you want to use those [Y/n] Y
[23:33:40] [INFO] checking if the target is protected by some kind of WAF/IPS
[23:33:43] [INFO] testing if the target URL content is stable
[23:33:45] [WARNING] GET parameter 'screen_hint' does not appear to be dynamic
[23:33:48] [WARNING] heuristic (basic) test shows that GET parameter 'screen_hint' might not be injectable
[23:33:50] [INFO] skipping GET parameter 'screen_hint'
[23:33:50] [ERROR] all tested parameters do not appear to be injectable. Try to increase values for '--level'/'--risk' options if you wish to perform more tests. If you suspect that there is some kind of protection mechanism involved (e.g. WAF) maybe you could try to use option '--tamper' (e.g. '--tamper=space2comment'), skipping to the next target
[23:33:50] [INFO] you can find results of scanning in multiple targets mode inside the CSV file '/home/awad/.local/share/sqlmap/output/results-02272026_1133pm.csv'

[*] ending @ 23:33:50 /2026-02-27/

