        ___
       __H__
 ___ ___[.]_____ ___ ___  {1.10.2#pip}
|_ -| . ["]     | .'| . |
|___|_  [)]_|_|_|__,|  _|
      |_|V...       |_|   https://sqlmap.org

[!] legal disclaimer: Usage of sqlmap for attacking targets without prior mutual consent is illegal. It is the end user's responsibility to obey all applicable local, state and federal laws. Developers assume no liability and are not responsible for any misuse or damage caused by this program

[*] starting @ 02:04:41 /2026-02-26/

[02:04:41] [WARNING] using '/mnt/c/Users/awad/Downloads/pyarmor/auto_PenTest/web_recon_dataset/sqlmap_scan_20260226_020436' as the output directory
[02:04:41] [INFO] fetched random HTTP User-Agent header value 'Mozilla/5.0 (X11; CrOS x86_64 14541.0.0) AppleWebKit/537.36 (KHTML, like Gecko) Chrome/132.0.0.0 Safari/537.36' from file '/mnt/c/Users/awad/Downloads/pyarmor/auto_PenTest/autoPenTest/lib/python3.13/site-packages/sqlmap/data/txt/user-agents.txt'
do you want to check for the existence of site's sitemap(.xml) [y/N] N
[02:04:41] [INFO] starting crawler for target URL 'https://filesos.stc.com.sa/?query=FUZZ'
[02:04:41] [INFO] searching for links with depth 1
[02:04:41] [INFO] starting 2 threads
got a 302 redirect to 'https://filesos.stc.com.sa/op/generate.aspx'. Do you want to follow? [Y/n] Y
[02:04:42] [INFO] searching for links with depth 2
[02:04:42] [INFO] starting 3 threads
do you want to normalize crawling results [Y/n] Y
do you want to store crawling results to a temporary file for eventual further processing with other tools [y/N] N
[02:04:42] [INFO] found a total of 2 targets
[1/2] URL:
GET https://filesos.stc.com.sa/?query=FUZZ
do you want to test this URL? [Y/n/q]
> Y
[02:04:42] [INFO] testing URL 'https://filesos.stc.com.sa/?query=FUZZ'
[02:04:42] [INFO] using '/mnt/c/Users/awad/Downloads/pyarmor/auto_PenTest/web_recon_dataset/sqlmap_scan_20260226_020436/results-02262026_0204am.csv' as the CSV results file in multiple targets mode
got a 302 redirect to 'https://filesos.stc.com.sa/op/generate.aspx'. Do you want to follow? [Y/n] Y
you have not declared cookie(s), while server wants to set its own ('cookiesession1=678B76ADEEC...7503E71F48'). Do you want to use those [Y/n] Y
[02:04:43] [INFO] checking if the target is protected by some kind of WAF/IPS
[02:04:44] [CRITICAL] heuristics detected that the target is protected by some kind of WAF/IPS
are you sure that you want to continue with further target testing? [Y/n] Y
[02:04:44] [WARNING] please consider usage of tamper scripts (option '--tamper')
[02:04:44] [INFO] testing if the target URL content is stable
[02:04:44] [WARNING] GET parameter 'query' does not appear to be dynamic
[02:04:45] [WARNING] heuristic (basic) test shows that GET parameter 'query' might not be injectable
[02:04:45] [INFO] testing for SQL injection on GET parameter 'query'
[02:04:45] [INFO] testing 'AND boolean-based blind - WHERE or HAVING clause'
[02:04:53] [INFO] testing 'AND boolean-based blind - WHERE or HAVING clause (subquery - comment)'
[02:04:59] [INFO] testing 'AND boolean-based blind - WHERE or HAVING clause (comment)'
[02:05:04] [INFO] testing 'MySQL RLIKE boolean-based blind - WHERE, HAVING, ORDER BY or GROUP BY clause'
[02:05:12] [INFO] testing 'PostgreSQL AND boolean-based blind - WHERE or HAVING clause (CAST)'
