        ___
       __H__
 ___ ___["]_____ ___ ___  {1.9.11#stable}
|_ -| . ["]     | .'| . |
|___|_  [.]_|_|_|__,|  _|
      |_|V...       |_|   https://sqlmap.org

[!] legal disclaimer: Usage of sqlmap for attacking targets without prior mutual consent is illegal. It is the end user's responsibility to obey all applicable local, state and federal laws. Developers assume no liability and are not responsible for any misuse or damage caused by this program

[*] starting @ 01:15:31 /2026-02-28/

[01:15:31] [INFO] fetched random HTTP User-Agent header value 'Mozilla/5.0 (Windows NT 10.0; Win64; x64) AppleWebKit/537.36 (KHTML, like Gecko) Chrome/132.0.0.0 Safari/537.36' from file '/usr/share/sqlmap/data/txt/user-agents.txt'
[01:15:31] [INFO] parsing multiple targets list from 'sqli_parameters.txt'
[01:15:31] [INFO] starting crawler for target URL 'https://crypto.com/exchange/trading-bots?type=FUZZ' (1/1)
do you want to check for the existence of site's sitemap(.xml) [y/N] N
[01:15:31] [INFO] starting 2 threads
got a 302 redirect to 'https://crypto.com/en'. Do you want to follow? [Y/n] Y
do you want to normalize crawling results [Y/n] Y
do you want to store crawling results to a temporary file for eventual further processing with other tools [y/N] N
[1/1] URL:
GET https://crypto.com/exchange/trading-bots?type=FUZZ
do you want to test this URL? [Y/n/q]
> Y
[01:15:33] [INFO] testing URL 'https://crypto.com/exchange/trading-bots?type=FUZZ'
[01:15:33] [INFO] using '/home/awad/.local/share/sqlmap/output/results-02282026_0115am.csv' as the CSV results file in multiple targets mode
you have not declared cookie(s), while server wants to set its own ('__cf_bm=VNcblaeoM1A...y7HLdNiN4w;_cfuvid=faghH7XGwmP...-604800000'). Do you want to use those [Y/n] Y
[01:15:34] [INFO] checking if the target is protected by some kind of WAF/IPS
[01:15:34] [CRITICAL] WAF/IPS identified as 'CloudFlare'
are you sure that you want to continue with further target testing? [Y/n] Y
[01:15:34] [WARNING] please consider usage of tamper scripts (option '--tamper')
[01:15:34] [INFO] testing if the target URL content is stable
[01:15:35] [WARNING] target URL content is not stable (i.e. content differs). sqlmap will base the page comparison on a sequence matcher. If no dynamic nor injectable parameters are detected, or in case of junk results, refer to user's manual paragraph 'Page comparison'
how do you want to proceed? [(C)ontinue/(s)tring/(r)egex/(q)uit] C
[01:15:35] [INFO] testing if GET parameter 'type' is dynamic
[01:15:37] [WARNING] GET parameter 'type' does not appear to be dynamic
[01:15:39] [WARNING] heuristic (basic) test shows that GET parameter 'type' might not be injectable
[01:15:42] [INFO] skipping GET parameter 'type'
[01:15:42] [ERROR] all tested parameters do not appear to be injectable. Try to increase values for '--level'/'--risk' options if you wish to perform more tests. If you suspect that there is some kind of protection mechanism involved (e.g. WAF) maybe you could try to use option '--tamper' (e.g. '--tamper=space2comment'), skipping to the next target
[01:15:42] [WARNING] HTTP error codes detected during run:
403 (Forbidden) - 1 times
[01:15:42] [INFO] you can find results of scanning in multiple targets mode inside the CSV file '/home/awad/.local/share/sqlmap/output/results-02282026_0115am.csv'

[*] ending @ 01:15:42 /2026-02-28/

