Running: dalfox url "https://0a4f00420432b3a58070219e0053002a.web-security-academy.net/post/comment" --batch --random-agent --silence --timeout 60 -d csrf=Hi5tE03Q6vzCZMM6YchTcDxJi78XD6Yp&postId=1&comment=test&name=test&email=FUZZ&website=test
Running: dalfox url "https://0a4f00420432b3a58070219e0053002a.web-security-academy.net/post/comment" --batch --random-agent --silence --timeout 60 -d csrf=Hi5tE03Q6vzCZMM6YchTcDxJi78XD6Yp&postId=5&comment=FUZZ&name=test&email=test&website=test
Running: dalfox url "https://0a4f00420432b3a58070219e0053002a.web-security-academy.net/post/comment" --batch --random-agent --silence --timeout 60 -d csrf=FUZZ&postId=8&comment=test&name=test&email=test&website=test
Running: dalfox url "https://0a4f00420432b3a58070219e0053002a.web-security-academy.net/post/comment" --batch --random-agent --silence --timeout 60 -d csrf=FUZZ&postId=2&comment=test&name=test&email=test&website=test
Running: dalfox url "https://0a4f00420432b3a58070219e0053002a.web-security-academy.net/post/comment" --batch --random-agent --silence --timeout 60 -d csrf=FUZZ&postId=3&comment=test&name=test&email=test&website=test
Running: dalfox url "https://0a4f00420432b3a58070219e0053002a.web-security-academy.net/post/comment" --batch --random-agent --silence --timeout 60 -d csrf=Hi5tE03Q6vzCZMM6YchTcDxJi78XD6Yp&postId=3&comment=test&name=FUZZ&email=test&website=test
Running: dalfox url "https://0a4f00420432b3a58070219e0053002a.web-security-academy.net/post/comment" --batch --random-agent --silence --timeout 60 -d csrf=Hi5tE03Q6vzCZMM6YchTcDxJi78XD6Yp&postId=1&comment=FUZZ&name=test&email=test&website=test
Running: dalfox url "https://0a4f00420432b3a58070219e0053002a.web-security-academy.net/post/comment" --batch --random-agent --silence --timeout 60 -d csrf=Hi5tE03Q6vzCZMM6YchTcDxJi78XD6Yp&postId=8&comment=test&name=test&email=FUZZ&website=test
Running: dalfox url "https://0a4f00420432b3a58070219e0053002a.web-security-academy.net/post/comment" --batch --random-agent --silence --timeout 60 -d csrf=FUZZ&postId=6&comment=test&name=test&email=test&website=test
Running: dalfox url "https://0a4f00420432b3a58070219e0053002a.web-security-academy.net/post/comment" --batch --random-agent --silence --timeout 60 -d csrf=Hi5tE03Q6vzCZMM6YchTcDxJi78XD6Yp&postId=2&comment=test&name=FUZZ&email=test&website=test
Running: dalfox url "https://0a4f00420432b3a58070219e0053002a.web-security-academy.net/post/comment" --batch --random-agent --silence --timeout 60 -d csrf=Hi5tE03Q6vzCZMM6YchTcDxJi78XD6Yp&postId=9&comment=FUZZ&name=test&email=test&website=test
Running: dalfox url "https://0a4f00420432b3a58070219e0053002a.web-security-academy.net/post?postId=FUZZ" --batch --random-agent --silence --timeout 60
Running: dalfox url "https://0a4f00420432b3a58070219e0053002a.web-security-academy.net/post/comment" --batch --random-agent --silence --timeout 60 -d csrf=Hi5tE03Q6vzCZMM6YchTcDxJi78XD6Yp&postId=3&comment=test&name=test&email=FUZZ&website=test
Running: dalfox url "https://0a4f00420432b3a58070219e0053002a.web-security-academy.net/post/comment" --batch --random-agent --silence --timeout 60 -d csrf=Hi5tE03Q6vzCZMM6YchTcDxJi78XD6Yp&postId=6&comment=FUZZ&name=test&email=test&website=test
Running: dalfox url "https://0a4f00420432b3a58070219e0053002a.web-security-academy.net/post/comment" --batch --random-agent --silence --timeout 60 -d csrf=Hi5tE03Q6vzCZMM6YchTcDxJi78XD6Yp&postId=6&comment=test&name=test&email=test&website=FUZZ
Running: dalfox url "https://0a4f00420432b3a58070219e0053002a.web-security-academy.net/post/comment" --batch --random-agent --silence --timeout 60 -d csrf=Hi5tE03Q6vzCZMM6YchTcDxJi78XD6Yp&postId=7&comment=test&name=FUZZ&email=test&website=test
Running: dalfox url "https://0a4f00420432b3a58070219e0053002a.web-security-academy.net/post/comment" --batch --random-agent --silence --timeout 60 -d csrf=FUZZ&postId=7&comment=test&name=test&email=test&website=test
Running: dalfox url "https://0a4f00420432b3a58070219e0053002a.web-security-academy.net/post/comment" --batch --random-agent --silence --timeout 60 -d csrf=Hi5tE03Q6vzCZMM6YchTcDxJi78XD6Yp&postId=4&comment=test&name=FUZZ&email=test&website=test
Running: dalfox url "https://0a4f00420432b3a58070219e0053002a.web-security-academy.net/post/comment" --batch --random-agent --silence --timeout 60 -d csrf=Hi5tE03Q6vzCZMM6YchTcDxJi78XD6Yp&postId=4&comment=test&name=test&email=FUZZ&website=test
Running: dalfox url "https://0a4f00420432b3a58070219e0053002a.web-security-academy.net/post/comment" --batch --random-agent --silence --timeout 60 -d csrf=Hi5tE03Q6vzCZMM6YchTcDxJi78XD6Yp&postId=4&comment=test&name=test&email=test&website=FUZZ
Running: dalfox url "https://0a4f00420432b3a58070219e0053002a.web-security-academy.net/post/comment" --batch --random-agent --silence --timeout 60 -d csrf=Hi5tE03Q6vzCZMM6YchTcDxJi78XD6Yp&postId=1&comment=test&name=test&email=test&website=FUZZ
Running: dalfox url "https://0a4f00420432b3a58070219e0053002a.web-security-academy.net/post/comment" --batch --random-agent --silence --timeout 60 -d csrf=Hi5tE03Q6vzCZMM6YchTcDxJi78XD6Yp&postId=6&comment=test&name=test&email=FUZZ&website=test
Running: dalfox url "https://0a4f00420432b3a58070219e0053002a.web-security-academy.net/post/comment" --batch --random-agent --silence --timeout 60 -d csrf=Hi5tE03Q6vzCZMM6YchTcDxJi78XD6Yp&postId=5&comment=test&name=test&email=FUZZ&website=test
Running: dalfox url "https://0a4f00420432b3a58070219e0053002a.web-security-academy.net/post/comment" --batch --random-agent --silence --timeout 60 -d csrf=Hi5tE03Q6vzCZMM6YchTcDxJi78XD6Yp&postId=FUZZ&comment=test&name=test&email=test&website=test
Running: dalfox url "https://0a4f00420432b3a58070219e0053002a.web-security-academy.net/post/comment" --batch --random-agent --silence --timeout 60 -d csrf=Hi5tE03Q6vzCZMM6YchTcDxJi78XD6Yp&postId=2&comment=FUZZ&name=test&email=test&website=test
Running: dalfox url "https://0a4f00420432b3a58070219e0053002a.web-security-academy.net/post/comment" --batch --random-agent --silence --timeout 60 -d csrf=FUZZ&postId=9&comment=test&name=test&email=test&website=test
Running: dalfox url "https://0a4f00420432b3a58070219e0053002a.web-security-academy.net/post/comment" --batch --random-agent --silence --timeout 60 -d csrf=Hi5tE03Q6vzCZMM6YchTcDxJi78XD6Yp&postId=9&comment=test&name=test&email=test&website=FUZZ
Running: dalfox url "https://0a4f00420432b3a58070219e0053002a.web-security-academy.net/post/comment" --batch --random-agent --silence --timeout 60 -d csrf=Hi5tE03Q6vzCZMM6YchTcDxJi78XD6Yp&postId=10&comment=FUZZ&name=test&email=test&website=test
Running: dalfox url "https://0a4f00420432b3a58070219e0053002a.web-security-academy.net/post/comment" --batch --random-agent --silence --timeout 60 -d csrf=FUZZ&postId=4&comment=test&name=test&email=test&website=test
Running: dalfox url "https://0a4f00420432b3a58070219e0053002a.web-security-academy.net/post/comment" --batch --random-agent --silence --timeout 60 -d csrf=Hi5tE03Q6vzCZMM6YchTcDxJi78XD6Yp&postId=2&comment=test&name=test&email=test&website=FUZZ
Running: dalfox url "https://0a4f00420432b3a58070219e0053002a.web-security-academy.net/post/comment" --batch --random-agent --silence --timeout 60 -d csrf=Hi5tE03Q6vzCZMM6YchTcDxJi78XD6Yp&postId=7&comment=FUZZ&name=test&email=test&website=test
Running: dalfox url "https://0a4f00420432b3a58070219e0053002a.web-security-academy.net/post/comment" --batch --random-agent --silence --timeout 60 -d csrf=Hi5tE03Q6vzCZMM6YchTcDxJi78XD6Yp&postId=8&comment=test&name=test&email=test&website=FUZZ
Running: dalfox url "https://0a4f00420432b3a58070219e0053002a.web-security-academy.net/post/comment" --batch --random-agent --silence --timeout 60 -d csrf=FUZZ&postId=5&comment=test&name=test&email=test&website=test
Running: dalfox url "https://0a4f00420432b3a58070219e0053002a.web-security-academy.net/post/comment" --batch --random-agent --silence --timeout 60 -d csrf=Hi5tE03Q6vzCZMM6YchTcDxJi78XD6Yp&postId=8&comment=test&name=FUZZ&email=test&website=test
Running: dalfox url "https://0a4f00420432b3a58070219e0053002a.web-security-academy.net/post/comment" --batch --random-agent --silence --timeout 60 -d csrf=Hi5tE03Q6vzCZMM6YchTcDxJi78XD6Yp&postId=3&comment=FUZZ&name=test&email=test&website=test
Running: dalfox url "https://0a4f00420432b3a58070219e0053002a.web-security-academy.net/post/comment" --batch --random-agent --silence --timeout 60 -d csrf=Hi5tE03Q6vzCZMM6YchTcDxJi78XD6Yp&postId=7&comment=test&name=test&email=FUZZ&website=test
Running: dalfox url "https://0a4f00420432b3a58070219e0053002a.web-security-academy.net/post/comment" --batch --random-agent --silence --timeout 60 -d csrf=Hi5tE03Q6vzCZMM6YchTcDxJi78XD6Yp&postId=2&comment=test&name=test&email=FUZZ&website=test
Running: dalfox url "https://0a4f00420432b3a58070219e0053002a.web-security-academy.net/post/comment" --batch --random-agent --silence --timeout 60 -d csrf=Hi5tE03Q6vzCZMM6YchTcDxJi78XD6Yp&postId=5&comment=test&name=test&email=test&website=FUZZ
Running: dalfox url "https://0a4f00420432b3a58070219e0053002a.web-security-academy.net/post/comment" --batch --random-agent --silence --timeout 60 -d csrf=Hi5tE03Q6vzCZMM6YchTcDxJi78XD6Yp&postId=9&comment=test&name=FUZZ&email=test&website=test
Running: dalfox url "https://0a4f00420432b3a58070219e0053002a.web-security-academy.net/post/comment" --batch --random-agent --silence --timeout 60 -d csrf=Hi5tE03Q6vzCZMM6YchTcDxJi78XD6Yp&postId=8&comment=FUZZ&name=test&email=test&website=test
Running: dalfox url "https://0a4f00420432b3a58070219e0053002a.web-security-academy.net/post/comment" --batch --random-agent --silence --timeout 60 -d csrf=Hi5tE03Q6vzCZMM6YchTcDxJi78XD6Yp&postId=10&comment=test&name=test&email=FUZZ&website=test
Running: dalfox url "https://0a4f00420432b3a58070219e0053002a.web-security-academy.net/post/comment" --batch --random-agent --silence --timeout 60 -d csrf=Hi5tE03Q6vzCZMM6YchTcDxJi78XD6Yp&postId=3&comment=test&name=test&email=test&website=FUZZ
Running: dalfox url "https://0a4f00420432b3a58070219e0053002a.web-security-academy.net/post/comment" --batch --random-agent --silence --timeout 60 -d csrf=Hi5tE03Q6vzCZMM6YchTcDxJi78XD6Yp&postId=7&comment=test&name=test&email=test&website=FUZZ
Running: dalfox url "https://0a4f00420432b3a58070219e0053002a.web-security-academy.net/post/comment" --batch --random-agent --silence --timeout 60 -d csrf=FUZZ&postId=10&comment=test&name=test&email=test&website=test
Running: dalfox url "https://0a4f00420432b3a58070219e0053002a.web-security-academy.net/post/comment" --batch --random-agent --silence --timeout 60 -d csrf=Hi5tE03Q6vzCZMM6YchTcDxJi78XD6Yp&postId=6&comment=test&name=FUZZ&email=test&website=test
Running: dalfox url "https://0a4f00420432b3a58070219e0053002a.web-security-academy.net/post/comment" --batch --random-agent --silence --timeout 60 -d csrf=Hi5tE03Q6vzCZMM6YchTcDxJi78XD6Yp&postId=1&comment=test&name=FUZZ&email=test&website=test
Running: dalfox url "https://0a4f00420432b3a58070219e0053002a.web-security-academy.net/post/comment" --batch --random-agent --silence --timeout 60 -d csrf=Hi5tE03Q6vzCZMM6YchTcDxJi78XD6Yp&postId=10&comment=test&name=test&email=test&website=FUZZ
Running: dalfox url "https://0a4f00420432b3a58070219e0053002a.web-security-academy.net/post/comment" --batch --random-agent --silence --timeout 60 -d csrf=Hi5tE03Q6vzCZMM6YchTcDxJi78XD6Yp&postId=10&comment=test&name=FUZZ&email=test&website=test
Running: dalfox url "https://0a4f00420432b3a58070219e0053002a.web-security-academy.net/post/comment" --batch --random-agent --silence --timeout 60 -d csrf=Hi5tE03Q6vzCZMM6YchTcDxJi78XD6Yp&postId=5&comment=test&name=FUZZ&email=test&website=test
Running: dalfox url "https://0a4f00420432b3a58070219e0053002a.web-security-academy.net/post/comment" --batch --random-agent --silence --timeout 60 -d csrf=FUZZ&postId=1&comment=test&name=test&email=test&website=test
Running: dalfox url "https://0a4f00420432b3a58070219e0053002a.web-security-academy.net/post/comment" --batch --random-agent --silence --timeout 60 -d csrf=Hi5tE03Q6vzCZMM6YchTcDxJi78XD6Yp&postId=4&comment=FUZZ&name=test&email=test&website=test
Running: dalfox url "https://0a4f00420432b3a58070219e0053002a.web-security-academy.net/post/comment" --batch --random-agent --silence --timeout 60 -d csrf=Hi5tE03Q6vzCZMM6YchTcDxJi78XD6Yp&postId=9&comment=test&name=test&email=FUZZ&website=test
